<?xml version="1.0" encoding="UTF-8"?>
<testsuite name="org.aklimov.fall_analytics.lib.MoexISSHistoryLoaderTest" tests="1" skipped="0" failures="0" errors="0" timestamp="2020-10-27T17:31:56" hostname="DESKTOP-SKGUED8" time="75.917">
  <properties/>
  <testcase name="test()" classname="org.aklimov.fall_analytics.lib.MoexISSHistoryLoaderTest" time="75.917"/>
  <system-out><![CDATA[20:31:53.175 [Test worker] DEBUG org.springframework.test.context.BootstrapUtils - Instantiating CacheAwareContextLoaderDelegate from class [org.springframework.test.context.cache.DefaultCacheAwareContextLoaderDelegate]
20:31:53.196 [Test worker] DEBUG org.springframework.test.context.BootstrapUtils - Instantiating BootstrapContext using constructor [public org.springframework.test.context.support.DefaultBootstrapContext(java.lang.Class,org.springframework.test.context.CacheAwareContextLoaderDelegate)]
20:31:53.235 [Test worker] DEBUG org.springframework.test.context.BootstrapUtils - Instantiating TestContextBootstrapper for test class [org.aklimov.fall_analytics.lib.MoexISSHistoryLoaderTest] from class [org.springframework.boot.test.context.SpringBootTestContextBootstrapper]
20:31:53.257 [Test worker] INFO org.springframework.boot.test.context.SpringBootTestContextBootstrapper - Neither @ContextConfiguration nor @ContextHierarchy found for test class [org.aklimov.fall_analytics.lib.MoexISSHistoryLoaderTest], using SpringBootContextLoader
20:31:53.262 [Test worker] DEBUG org.springframework.test.context.support.AbstractContextLoader - Did not detect default resource location for test class [org.aklimov.fall_analytics.lib.MoexISSHistoryLoaderTest]: class path resource [org/aklimov/fall_analytics/lib/MoexISSHistoryLoaderTest-context.xml] does not exist
20:31:53.263 [Test worker] DEBUG org.springframework.test.context.support.AbstractContextLoader - Did not detect default resource location for test class [org.aklimov.fall_analytics.lib.MoexISSHistoryLoaderTest]: class path resource [org/aklimov/fall_analytics/lib/MoexISSHistoryLoaderTestContext.groovy] does not exist
20:31:53.263 [Test worker] INFO org.springframework.test.context.support.AbstractContextLoader - Could not detect default resource locations for test class [org.aklimov.fall_analytics.lib.MoexISSHistoryLoaderTest]: no resource found for suffixes {-context.xml, Context.groovy}.
20:31:53.311 [Test worker] DEBUG org.springframework.test.context.support.ActiveProfilesUtils - Could not find an 'annotation declaring class' for annotation type [org.springframework.test.context.ActiveProfiles] and class [org.aklimov.fall_analytics.lib.MoexISSHistoryLoaderTest]
20:31:53.505 [Test worker] DEBUG org.springframework.boot.test.context.SpringBootTestContextBootstrapper - @TestExecutionListeners is not present for class [org.aklimov.fall_analytics.lib.MoexISSHistoryLoaderTest]: using defaults.
20:31:53.506 [Test worker] INFO org.springframework.boot.test.context.SpringBootTestContextBootstrapper - Loaded default TestExecutionListener class names from location [META-INF/spring.factories]: [org.springframework.boot.test.autoconfigure.restdocs.RestDocsTestExecutionListener, org.springframework.boot.test.autoconfigure.web.client.MockRestServiceServerResetTestExecutionListener, org.springframework.boot.test.autoconfigure.web.servlet.MockMvcPrintOnlyOnFailureTestExecutionListener, org.springframework.boot.test.autoconfigure.web.servlet.WebDriverTestExecutionListener, org.springframework.boot.test.autoconfigure.webservices.client.MockWebServiceServerTestExecutionListener, org.springframework.boot.test.mock.mockito.MockitoTestExecutionListener, org.springframework.boot.test.mock.mockito.ResetMocksTestExecutionListener, org.springframework.test.context.web.ServletTestExecutionListener, org.springframework.test.context.support.DirtiesContextBeforeModesTestExecutionListener, org.springframework.test.context.support.DependencyInjectionTestExecutionListener, org.springframework.test.context.support.DirtiesContextTestExecutionListener, org.springframework.test.context.transaction.TransactionalTestExecutionListener, org.springframework.test.context.jdbc.SqlScriptsTestExecutionListener, org.springframework.test.context.event.EventPublishingTestExecutionListener]
20:31:53.519 [Test worker] DEBUG org.springframework.boot.test.context.SpringBootTestContextBootstrapper - Skipping candidate TestExecutionListener [org.springframework.test.context.web.ServletTestExecutionListener] due to a missing dependency. Specify custom listener classes or make the default listener classes and their required dependencies available. Offending class: [javax/servlet/ServletContext]
20:31:53.529 [Test worker] INFO org.springframework.boot.test.context.SpringBootTestContextBootstrapper - Using TestExecutionListeners: [org.springframework.test.context.support.DirtiesContextBeforeModesTestExecutionListener@64cdadb3, org.springframework.boot.test.mock.mockito.MockitoTestExecutionListener@34188852, org.springframework.boot.test.autoconfigure.SpringBootDependencyInjectionTestExecutionListener@2d85cd7d, org.springframework.test.context.support.DirtiesContextTestExecutionListener@798f9f0c, org.springframework.test.context.transaction.TransactionalTestExecutionListener@702615bb, org.springframework.test.context.jdbc.SqlScriptsTestExecutionListener@c49f5, org.springframework.test.context.event.EventPublishingTestExecutionListener@36192ac, org.springframework.boot.test.autoconfigure.restdocs.RestDocsTestExecutionListener@6931a33, org.springframework.boot.test.autoconfigure.web.client.MockRestServiceServerResetTestExecutionListener@46d84c97, org.springframework.boot.test.autoconfigure.web.servlet.MockMvcPrintOnlyOnFailureTestExecutionListener@2479e658, org.springframework.boot.test.autoconfigure.web.servlet.WebDriverTestExecutionListener@2b82f489, org.springframework.boot.test.autoconfigure.webservices.client.MockWebServiceServerTestExecutionListener@35de2148, org.springframework.boot.test.mock.mockito.ResetMocksTestExecutionListener@31e67f90]
20:31:53.535 [Test worker] DEBUG org.springframework.test.context.support.AbstractDirtiesContextTestExecutionListener - Before test class: context [DefaultTestContext@44176e55 testClass = MoexISSHistoryLoaderTest, testInstance = [null], testMethod = [null], testException = [null], mergedContextConfiguration = [MergedContextConfiguration@51b381d7 testClass = MoexISSHistoryLoaderTest, locations = '{}', classes = '{class org.aklimov.fall_analytics.lib.TestConfiguration, class org.aklimov.fall_analytics.lib.TestConfiguration}', contextInitializerClasses = '[]', activeProfiles = '{}', propertySourceLocations = '{}', propertySourceProperties = '{org.springframework.boot.test.context.SpringBootTestContextBootstrapper=true}', contextCustomizers = set[org.springframework.boot.test.autoconfigure.properties.PropertyMappingContextCustomizer@0, org.springframework.boot.test.autoconfigure.web.servlet.WebDriverContextCustomizerFactory$Customizer@63c076b7, [ImportsContextCustomizer@70d0ec03 key = [@org.springframework.test.context.BootstrapWith(org.springframework.boot.test.context.SpringBootTestContextBootstrapper.class), @org.springframework.boot.test.context.SpringBootTest(args={"--spring.datasource.url=jdbc:postgresql://localhost/fall_analytics?user=postgres&password=q1", "--spring.datasource.driver-class-name=org.postgresql.Driver", "--spring.main.web-application-type=none"}, webEnvironment=MOCK, value={}, properties={}, classes={org.aklimov.fall_analytics.lib.TestConfiguration.class}), @org.springframework.boot.autoconfigure.EnableAutoConfiguration(exclude={}, excludeName={}), @org.apiguardian.api.API(consumers={"*"}, since="5.0", status=STABLE), @org.springframework.context.annotation.Import({org.springframework.boot.autoconfigure.AutoConfigurationImportSelector.class}), @org.junit.jupiter.api.extension.ExtendWith({org.springframework.test.context.junit.jupiter.SpringExtension.class}), @org.springframework.context.annotation.Import({org.springframework.boot.autoconfigure.AutoConfigurationPackages$Registrar.class}), @org.springframework.boot.autoconfigure.AutoConfigurationPackage(basePackages={}, basePackageClasses={})]], org.springframework.boot.test.context.filter.ExcludeFilterContextCustomizer@8cbe70b, org.springframework.boot.test.json.DuplicateJsonObjectContextCustomizerFactory$DuplicateJsonObjectContextCustomizer@2a1922ef, org.springframework.boot.test.mock.mockito.MockitoContextCustomizer@0, org.springframework.boot.test.web.client.TestRestTemplateContextCustomizer@1e6e337b, org.springframework.boot.test.context.SpringBootTestArgs@c1ce4fb], contextLoader = 'org.springframework.boot.test.context.SpringBootContextLoader', parent = [null]], attributes = map[[empty]]], class annotated with @DirtiesContext [false] with mode [null].
20:31:53.942 [Test worker] DEBUG org.springframework.test.context.support.DependencyInjectionTestExecutionListener - Performing dependency injection for test context [[DefaultTestContext@44176e55 testClass = MoexISSHistoryLoaderTest, testInstance = org.aklimov.fall_analytics.lib.MoexISSHistoryLoaderTest@1ca93b59, testMethod = [null], testException = [null], mergedContextConfiguration = [MergedContextConfiguration@51b381d7 testClass = MoexISSHistoryLoaderTest, locations = '{}', classes = '{class org.aklimov.fall_analytics.lib.TestConfiguration, class org.aklimov.fall_analytics.lib.TestConfiguration}', contextInitializerClasses = '[]', activeProfiles = '{}', propertySourceLocations = '{}', propertySourceProperties = '{org.springframework.boot.test.context.SpringBootTestContextBootstrapper=true}', contextCustomizers = set[org.springframework.boot.test.autoconfigure.properties.PropertyMappingContextCustomizer@0, org.springframework.boot.test.autoconfigure.web.servlet.WebDriverContextCustomizerFactory$Customizer@63c076b7, [ImportsContextCustomizer@70d0ec03 key = [@org.springframework.test.context.BootstrapWith(org.springframework.boot.test.context.SpringBootTestContextBootstrapper.class), @org.springframework.boot.test.context.SpringBootTest(args={"--spring.datasource.url=jdbc:postgresql://localhost/fall_analytics?user=postgres&password=q1", "--spring.datasource.driver-class-name=org.postgresql.Driver", "--spring.main.web-application-type=none"}, webEnvironment=MOCK, value={}, properties={}, classes={org.aklimov.fall_analytics.lib.TestConfiguration.class}), @org.springframework.boot.autoconfigure.EnableAutoConfiguration(exclude={}, excludeName={}), @org.apiguardian.api.API(consumers={"*"}, since="5.0", status=STABLE), @org.springframework.context.annotation.Import({org.springframework.boot.autoconfigure.AutoConfigurationImportSelector.class}), @org.junit.jupiter.api.extension.ExtendWith({org.springframework.test.context.junit.jupiter.SpringExtension.class}), @org.springframework.context.annotation.Import({org.springframework.boot.autoconfigure.AutoConfigurationPackages$Registrar.class}), @org.springframework.boot.autoconfigure.AutoConfigurationPackage(basePackages={}, basePackageClasses={})]], org.springframework.boot.test.context.filter.ExcludeFilterContextCustomizer@8cbe70b, org.springframework.boot.test.json.DuplicateJsonObjectContextCustomizerFactory$DuplicateJsonObjectContextCustomizer@2a1922ef, org.springframework.boot.test.mock.mockito.MockitoContextCustomizer@0, org.springframework.boot.test.web.client.TestRestTemplateContextCustomizer@1e6e337b, org.springframework.boot.test.context.SpringBootTestArgs@c1ce4fb], contextLoader = 'org.springframework.boot.test.context.SpringBootContextLoader', parent = [null]], attributes = map[[empty]]]].
20:31:53.971 [Test worker] DEBUG org.springframework.test.context.support.TestPropertySourceUtils - Adding inlined properties to environment: {spring.jmx.enabled=false, org.springframework.boot.test.context.SpringBootTestContextBootstrapper=true}

  .   ____          _            __ _ _
 /\\ / ___'_ __ _ _(_)_ __  __ _ \ \ \ \
( ( )\___ | '_ | '_| | '_ \/ _` | \ \ \ \
 \\/  ___)| |_)| | | | | || (_| |  ) ) ) )
  '  |____| .__|_| |_|_| |_\__, | / / / /
 =========|_|==============|___/=/_/_/_/
 :: Spring Boot ::        (v2.3.4.RELEASE)

2020-10-27 20:31:54.369  INFO 11744 --- [    Test worker] o.a.f.lib.MoexISSHistoryLoaderTest       : Starting MoexISSHistoryLoaderTest on DESKTOP-SKGUED8 with PID 11744 (started by Dell in D:\projects\fall-analytics\lib)
2020-10-27 20:31:54.371  INFO 11744 --- [    Test worker] o.a.f.lib.MoexISSHistoryLoaderTest       : No active profile set, falling back to default profiles: default
2020-10-27 20:31:55.974  INFO 11744 --- [    Test worker] o.a.f.lib.MoexISSHistoryLoaderTest       : Started MoexISSHistoryLoaderTest in 1.999 seconds (JVM running for 4.422)
2020-10-27 20:31:56.649  INFO 11744 --- [er @coroutine#1] o.a.f.lib.MoexISSInfoProvider            : Start Loading TQBR Shares...

##### ABRD #####
2020-10-27 20:31:57.078  INFO 11744 --- [er @coroutine#1] o.a.f.lib.MoexISSHistorySaverImpl        : Start Actualize Ticker [abrd] 
2020-10-27 20:31:57.632  INFO 11744 --- [er @coroutine#1] o.a.f.lib.MoexISSHistorySaverImpl        : abrd table exists
2020-10-27 20:31:57.641  INFO 11744 --- [er @coroutine#1] com.zaxxer.hikari.HikariDataSource       : HikariPool-1 - Starting...
2020-10-27 20:31:57.772  INFO 11744 --- [er @coroutine#1] com.zaxxer.hikari.HikariDataSource       : HikariPool-1 - Start completed.
2020-10-27 20:31:57.875  INFO 11744 --- [er @coroutine#1] o.a.f.lib.MoexISSHistorySaverImpl        : Already loaded info: AlreadyLoadedInfo(tradeDate=2020-10-26, lastRowNum=1608)
2020-10-27 20:31:57.876  INFO 11744 --- [er @coroutine#1] o.a.f.lib.MoexISSHistoryLoader           : #reqDataForCheckLoaded: ticker=Ticker(value='abrd') | alreadyLoadedInfo=AlreadyLoadedInfo(tradeDate=2020-10-26, lastRowNum=1608)
2020-10-27 20:31:57.878  INFO 11744 --- [er @coroutine#1] o.a.f.lib.MoexISSHistoryLoader           : #loadRecords: ticker=Ticker(value='abrd') | recIdx=1607
2020-10-27 20:31:57.971  INFO 11744 --- [er @coroutine#1] o.a.f.lib.MoexISSHistoryLoader           :                 Start Load Pages
                ticker=Ticker(value='abrd')
                start=1608
                limit=100
2020-10-27 20:31:57.972  INFO 11744 --- [er @coroutine#1] o.a.f.lib.MoexISSHistoryLoader           : #loadPages: offset=1608

##### AFKS #####
2020-10-27 20:31:58.036  INFO 11744 --- [er @coroutine#1] o.a.f.lib.MoexISSHistorySaverImpl        : Start Actualize Ticker [afks] 
2020-10-27 20:31:58.162  INFO 11744 --- [er @coroutine#1] o.a.f.lib.MoexISSHistorySaverImpl        : afks table exists
2020-10-27 20:31:58.177  INFO 11744 --- [er @coroutine#1] o.a.f.lib.MoexISSHistorySaverImpl        : Already loaded info: AlreadyLoadedInfo(tradeDate=2020-10-26, lastRowNum=1608)
2020-10-27 20:31:58.178  INFO 11744 --- [er @coroutine#1] o.a.f.lib.MoexISSHistoryLoader           : #reqDataForCheckLoaded: ticker=Ticker(value='afks') | alreadyLoadedInfo=AlreadyLoadedInfo(tradeDate=2020-10-26, lastRowNum=1608)
2020-10-27 20:31:58.178  INFO 11744 --- [er @coroutine#1] o.a.f.lib.MoexISSHistoryLoader           : #loadRecords: ticker=Ticker(value='afks') | recIdx=1607
2020-10-27 20:31:58.227  INFO 11744 --- [er @coroutine#1] o.a.f.lib.MoexISSHistoryLoader           :                 Start Load Pages
                ticker=Ticker(value='afks')
                start=1608
                limit=100
2020-10-27 20:31:58.228  INFO 11744 --- [er @coroutine#1] o.a.f.lib.MoexISSHistoryLoader           : #loadPages: offset=1608

##### AFLT #####
2020-10-27 20:31:58.282  INFO 11744 --- [er @coroutine#1] o.a.f.lib.MoexISSHistorySaverImpl        : Start Actualize Ticker [aflt] 
2020-10-27 20:31:58.434  INFO 11744 --- [er @coroutine#1] o.a.f.lib.MoexISSHistorySaverImpl        : aflt table exists
2020-10-27 20:31:58.449  INFO 11744 --- [er @coroutine#1] o.a.f.lib.MoexISSHistorySaverImpl        : Already loaded info: AlreadyLoadedInfo(tradeDate=2020-10-26, lastRowNum=1756)
2020-10-27 20:31:58.449  INFO 11744 --- [er @coroutine#1] o.a.f.lib.MoexISSHistoryLoader           : #reqDataForCheckLoaded: ticker=Ticker(value='aflt') | alreadyLoadedInfo=AlreadyLoadedInfo(tradeDate=2020-10-26, lastRowNum=1756)
2020-10-27 20:31:58.450  INFO 11744 --- [er @coroutine#1] o.a.f.lib.MoexISSHistoryLoader           : #loadRecords: ticker=Ticker(value='aflt') | recIdx=1755
2020-10-27 20:31:58.520  INFO 11744 --- [er @coroutine#1] o.a.f.lib.MoexISSHistoryLoader           :                 Start Load Pages
                ticker=Ticker(value='aflt')
                start=1756
                limit=100
2020-10-27 20:31:58.520  INFO 11744 --- [er @coroutine#1] o.a.f.lib.MoexISSHistoryLoader           : #loadPages: offset=1756

##### AGRO #####
2020-10-27 20:31:58.584  INFO 11744 --- [er @coroutine#1] o.a.f.lib.MoexISSHistorySaverImpl        : Start Actualize Ticker [agro] 
2020-10-27 20:31:59.096  INFO 11744 --- [er @coroutine#1] o.a.f.lib.MoexISSHistorySaverImpl        : agro table exists
2020-10-27 20:31:59.116  INFO 11744 --- [er @coroutine#1] o.a.f.lib.MoexISSHistorySaverImpl        : Already loaded info: AlreadyLoadedInfo(tradeDate=2020-10-26, lastRowNum=1486)
2020-10-27 20:31:59.117  INFO 11744 --- [er @coroutine#1] o.a.f.lib.MoexISSHistoryLoader           : #reqDataForCheckLoaded: ticker=Ticker(value='agro') | alreadyLoadedInfo=AlreadyLoadedInfo(tradeDate=2020-10-26, lastRowNum=1486)
2020-10-27 20:31:59.117  INFO 11744 --- [er @coroutine#1] o.a.f.lib.MoexISSHistoryLoader           : #loadRecords: ticker=Ticker(value='agro') | recIdx=1485
2020-10-27 20:31:59.178  INFO 11744 --- [er @coroutine#1] o.a.f.lib.MoexISSHistoryLoader           :                 Start Load Pages
                ticker=Ticker(value='agro')
                start=1486
                limit=100
2020-10-27 20:31:59.179  INFO 11744 --- [er @coroutine#1] o.a.f.lib.MoexISSHistoryLoader           : #loadPages: offset=1486

##### AKRN #####
2020-10-27 20:31:59.233  INFO 11744 --- [er @coroutine#1] o.a.f.lib.MoexISSHistorySaverImpl        : Start Actualize Ticker [akrn] 
2020-10-27 20:31:59.539  INFO 11744 --- [er @coroutine#1] o.a.f.lib.MoexISSHistorySaverImpl        : akrn table exists
2020-10-27 20:31:59.589  INFO 11744 --- [er @coroutine#1] o.a.f.lib.MoexISSHistorySaverImpl        : Already loaded info: AlreadyLoadedInfo(tradeDate=2020-10-26, lastRowNum=1608)
2020-10-27 20:31:59.590  INFO 11744 --- [er @coroutine#1] o.a.f.lib.MoexISSHistoryLoader           : #reqDataForCheckLoaded: ticker=Ticker(value='akrn') | alreadyLoadedInfo=AlreadyLoadedInfo(tradeDate=2020-10-26, lastRowNum=1608)
2020-10-27 20:31:59.590  INFO 11744 --- [er @coroutine#1] o.a.f.lib.MoexISSHistoryLoader           : #loadRecords: ticker=Ticker(value='akrn') | recIdx=1607
2020-10-27 20:31:59.653  INFO 11744 --- [er @coroutine#1] o.a.f.lib.MoexISSHistoryLoader           :                 Start Load Pages
                ticker=Ticker(value='akrn')
                start=1608
                limit=100
2020-10-27 20:31:59.654  INFO 11744 --- [er @coroutine#1] o.a.f.lib.MoexISSHistoryLoader           : #loadPages: offset=1608

##### ALBK #####
2020-10-27 20:31:59.716  INFO 11744 --- [er @coroutine#1] o.a.f.lib.MoexISSHistorySaverImpl        : Start Actualize Ticker [albk] 
2020-10-27 20:31:59.876  INFO 11744 --- [er @coroutine#1] o.a.f.lib.MoexISSHistorySaverImpl        : albk table exists
2020-10-27 20:31:59.897  INFO 11744 --- [er @coroutine#1] o.a.f.lib.MoexISSHistorySaverImpl        : Already loaded info: AlreadyLoadedInfo(tradeDate=2020-10-26, lastRowNum=1608)
2020-10-27 20:31:59.898  INFO 11744 --- [er @coroutine#1] o.a.f.lib.MoexISSHistoryLoader           : #reqDataForCheckLoaded: ticker=Ticker(value='albk') | alreadyLoadedInfo=AlreadyLoadedInfo(tradeDate=2020-10-26, lastRowNum=1608)
2020-10-27 20:31:59.898  INFO 11744 --- [er @coroutine#1] o.a.f.lib.MoexISSHistoryLoader           : #loadRecords: ticker=Ticker(value='albk') | recIdx=1607
2020-10-27 20:31:59.959  INFO 11744 --- [er @coroutine#1] o.a.f.lib.MoexISSHistoryLoader           :                 Start Load Pages
                ticker=Ticker(value='albk')
                start=1608
                limit=100
2020-10-27 20:31:59.959  INFO 11744 --- [er @coroutine#1] o.a.f.lib.MoexISSHistoryLoader           : #loadPages: offset=1608

##### ALNU #####
2020-10-27 20:32:00.020  INFO 11744 --- [er @coroutine#1] o.a.f.lib.MoexISSHistorySaverImpl        : Start Actualize Ticker [alnu] 
2020-10-27 20:32:00.196  INFO 11744 --- [er @coroutine#1] o.a.f.lib.MoexISSHistorySaverImpl        : alnu table exists
2020-10-27 20:32:00.209  INFO 11744 --- [er @coroutine#1] o.a.f.lib.MoexISSHistorySaverImpl        : Already loaded info: AlreadyLoadedInfo(tradeDate=2020-10-26, lastRowNum=1608)
2020-10-27 20:32:00.209  INFO 11744 --- [er @coroutine#1] o.a.f.lib.MoexISSHistoryLoader           : #reqDataForCheckLoaded: ticker=Ticker(value='alnu') | alreadyLoadedInfo=AlreadyLoadedInfo(tradeDate=2020-10-26, lastRowNum=1608)
2020-10-27 20:32:00.209  INFO 11744 --- [er @coroutine#1] o.a.f.lib.MoexISSHistoryLoader           : #loadRecords: ticker=Ticker(value='alnu') | recIdx=1607
2020-10-27 20:32:00.262  INFO 11744 --- [er @coroutine#1] o.a.f.lib.MoexISSHistoryLoader           :                 Start Load Pages
                ticker=Ticker(value='alnu')
                start=1608
                limit=100
2020-10-27 20:32:00.263  INFO 11744 --- [er @coroutine#1] o.a.f.lib.MoexISSHistoryLoader           : #loadPages: offset=1608

##### ALRS #####
2020-10-27 20:32:00.310  INFO 11744 --- [er @coroutine#1] o.a.f.lib.MoexISSHistorySaverImpl        : Start Actualize Ticker [alrs] 
2020-10-27 20:32:00.439  INFO 11744 --- [er @coroutine#1] o.a.f.lib.MoexISSHistorySaverImpl        : alrs table exists
2020-10-27 20:32:00.451  INFO 11744 --- [er @coroutine#1] o.a.f.lib.MoexISSHistorySaverImpl        : Already loaded info: AlreadyLoadedInfo(tradeDate=2020-10-26, lastRowNum=1839)
2020-10-27 20:32:00.451  INFO 11744 --- [er @coroutine#1] o.a.f.lib.MoexISSHistoryLoader           : #reqDataForCheckLoaded: ticker=Ticker(value='alrs') | alreadyLoadedInfo=AlreadyLoadedInfo(tradeDate=2020-10-26, lastRowNum=1839)
2020-10-27 20:32:00.451  INFO 11744 --- [er @coroutine#1] o.a.f.lib.MoexISSHistoryLoader           : #loadRecords: ticker=Ticker(value='alrs') | recIdx=1838
2020-10-27 20:32:00.507  INFO 11744 --- [er @coroutine#1] o.a.f.lib.MoexISSHistoryLoader           :                 Start Load Pages
                ticker=Ticker(value='alrs')
                start=1839
                limit=100
2020-10-27 20:32:00.508  INFO 11744 --- [er @coroutine#1] o.a.f.lib.MoexISSHistoryLoader           : #loadPages: offset=1839

##### AMEZ #####
2020-10-27 20:32:00.582  INFO 11744 --- [er @coroutine#1] o.a.f.lib.MoexISSHistorySaverImpl        : Start Actualize Ticker [amez] 
2020-10-27 20:32:00.683  INFO 11744 --- [er @coroutine#1] o.a.f.lib.MoexISSHistorySaverImpl        : amez table exists
2020-10-27 20:32:00.693  INFO 11744 --- [er @coroutine#1] o.a.f.lib.MoexISSHistorySaverImpl        : Already loaded info: AlreadyLoadedInfo(tradeDate=2020-10-26, lastRowNum=1608)
2020-10-27 20:32:00.694  INFO 11744 --- [er @coroutine#1] o.a.f.lib.MoexISSHistoryLoader           : #reqDataForCheckLoaded: ticker=Ticker(value='amez') | alreadyLoadedInfo=AlreadyLoadedInfo(tradeDate=2020-10-26, lastRowNum=1608)
2020-10-27 20:32:00.694  INFO 11744 --- [er @coroutine#1] o.a.f.lib.MoexISSHistoryLoader           : #loadRecords: ticker=Ticker(value='amez') | recIdx=1607
2020-10-27 20:32:00.747  INFO 11744 --- [er @coroutine#1] o.a.f.lib.MoexISSHistoryLoader           :                 Start Load Pages
                ticker=Ticker(value='amez')
                start=1608
                limit=100
2020-10-27 20:32:00.747  INFO 11744 --- [er @coroutine#1] o.a.f.lib.MoexISSHistoryLoader           : #loadPages: offset=1608

##### APTK #####
2020-10-27 20:32:00.792  INFO 11744 --- [er @coroutine#1] o.a.f.lib.MoexISSHistorySaverImpl        : Start Actualize Ticker [aptk] 
2020-10-27 20:32:00.907  INFO 11744 --- [er @coroutine#1] o.a.f.lib.MoexISSHistorySaverImpl        : aptk table exists
2020-10-27 20:32:00.919  INFO 11744 --- [er @coroutine#1] o.a.f.lib.MoexISSHistorySaverImpl        : Already loaded info: AlreadyLoadedInfo(tradeDate=2020-10-26, lastRowNum=1608)
2020-10-27 20:32:00.919  INFO 11744 --- [er @coroutine#1] o.a.f.lib.MoexISSHistoryLoader           : #reqDataForCheckLoaded: ticker=Ticker(value='aptk') | alreadyLoadedInfo=AlreadyLoadedInfo(tradeDate=2020-10-26, lastRowNum=1608)
2020-10-27 20:32:00.919  INFO 11744 --- [er @coroutine#1] o.a.f.lib.MoexISSHistoryLoader           : #loadRecords: ticker=Ticker(value='aptk') | recIdx=1607
2020-10-27 20:32:00.983  INFO 11744 --- [er @coroutine#1] o.a.f.lib.MoexISSHistoryLoader           :                 Start Load Pages
                ticker=Ticker(value='aptk')
                start=1608
                limit=100
2020-10-27 20:32:00.984  INFO 11744 --- [er @coroutine#1] o.a.f.lib.MoexISSHistoryLoader           : #loadPages: offset=1608

##### AQUA #####
2020-10-27 20:32:01.047  INFO 11744 --- [er @coroutine#1] o.a.f.lib.MoexISSHistorySaverImpl        : Start Actualize Ticker [aqua] 
2020-10-27 20:32:01.292  INFO 11744 --- [er @coroutine#1] o.a.f.lib.MoexISSHistorySaverImpl        : aqua table exists
2020-10-27 20:32:01.304  INFO 11744 --- [er @coroutine#1] o.a.f.lib.MoexISSHistorySaverImpl        : Already loaded info: AlreadyLoadedInfo(tradeDate=2020-10-26, lastRowNum=1358)
2020-10-27 20:32:01.304  INFO 11744 --- [er @coroutine#1] o.a.f.lib.MoexISSHistoryLoader           : #reqDataForCheckLoaded: ticker=Ticker(value='aqua') | alreadyLoadedInfo=AlreadyLoadedInfo(tradeDate=2020-10-26, lastRowNum=1358)
2020-10-27 20:32:01.304  INFO 11744 --- [er @coroutine#1] o.a.f.lib.MoexISSHistoryLoader           : #loadRecords: ticker=Ticker(value='aqua') | recIdx=1357
2020-10-27 20:32:01.354  INFO 11744 --- [er @coroutine#1] o.a.f.lib.MoexISSHistoryLoader           :                 Start Load Pages
                ticker=Ticker(value='aqua')
                start=1358
                limit=100
2020-10-27 20:32:01.355  INFO 11744 --- [er @coroutine#1] o.a.f.lib.MoexISSHistoryLoader           : #loadPages: offset=1358

##### ARSA #####
2020-10-27 20:32:01.403  INFO 11744 --- [er @coroutine#1] o.a.f.lib.MoexISSHistorySaverImpl        : Start Actualize Ticker [arsa] 
2020-10-27 20:32:01.519  INFO 11744 --- [er @coroutine#1] o.a.f.lib.MoexISSHistorySaverImpl        : arsa table exists
2020-10-27 20:32:01.529  INFO 11744 --- [er @coroutine#1] o.a.f.lib.MoexISSHistorySaverImpl        : Already loaded info: AlreadyLoadedInfo(tradeDate=2020-10-26, lastRowNum=1608)
2020-10-27 20:32:01.529  INFO 11744 --- [er @coroutine#1] o.a.f.lib.MoexISSHistoryLoader           : #reqDataForCheckLoaded: ticker=Ticker(value='arsa') | alreadyLoadedInfo=AlreadyLoadedInfo(tradeDate=2020-10-26, lastRowNum=1608)
2020-10-27 20:32:01.529  INFO 11744 --- [er @coroutine#1] o.a.f.lib.MoexISSHistoryLoader           : #loadRecords: ticker=Ticker(value='arsa') | recIdx=1607
2020-10-27 20:32:01.580  INFO 11744 --- [er @coroutine#1] o.a.f.lib.MoexISSHistoryLoader           :                 Start Load Pages
                ticker=Ticker(value='arsa')
                start=1608
                limit=100
2020-10-27 20:32:01.580  INFO 11744 --- [er @coroutine#1] o.a.f.lib.MoexISSHistoryLoader           : #loadPages: offset=1608

##### ASSB #####
2020-10-27 20:32:01.628  INFO 11744 --- [er @coroutine#1] o.a.f.lib.MoexISSHistorySaverImpl        : Start Actualize Ticker [assb] 
2020-10-27 20:32:01.733  INFO 11744 --- [er @coroutine#1] o.a.f.lib.MoexISSHistorySaverImpl        : assb table exists
2020-10-27 20:32:01.748  INFO 11744 --- [er @coroutine#1] o.a.f.lib.MoexISSHistorySaverImpl        : Already loaded info: AlreadyLoadedInfo(tradeDate=2020-10-26, lastRowNum=1608)
2020-10-27 20:32:01.749  INFO 11744 --- [er @coroutine#1] o.a.f.lib.MoexISSHistoryLoader           : #reqDataForCheckLoaded: ticker=Ticker(value='assb') | alreadyLoadedInfo=AlreadyLoadedInfo(tradeDate=2020-10-26, lastRowNum=1608)
2020-10-27 20:32:01.749  INFO 11744 --- [er @coroutine#1] o.a.f.lib.MoexISSHistoryLoader           : #loadRecords: ticker=Ticker(value='assb') | recIdx=1607
2020-10-27 20:32:01.795  INFO 11744 --- [er @coroutine#1] o.a.f.lib.MoexISSHistoryLoader           :                 Start Load Pages
                ticker=Ticker(value='assb')
                start=1608
                limit=100
2020-10-27 20:32:01.795  INFO 11744 --- [er @coroutine#1] o.a.f.lib.MoexISSHistoryLoader           : #loadPages: offset=1608

##### AVAN #####
2020-10-27 20:32:01.843  INFO 11744 --- [er @coroutine#1] o.a.f.lib.MoexISSHistorySaverImpl        : Start Actualize Ticker [avan] 
2020-10-27 20:32:01.957  INFO 11744 --- [er @coroutine#1] o.a.f.lib.MoexISSHistorySaverImpl        : avan table exists
2020-10-27 20:32:01.969  INFO 11744 --- [er @coroutine#1] o.a.f.lib.MoexISSHistorySaverImpl        : Already loaded info: AlreadyLoadedInfo(tradeDate=2020-10-26, lastRowNum=1608)
2020-10-27 20:32:01.969  INFO 11744 --- [er @coroutine#1] o.a.f.lib.MoexISSHistoryLoader           : #reqDataForCheckLoaded: ticker=Ticker(value='avan') | alreadyLoadedInfo=AlreadyLoadedInfo(tradeDate=2020-10-26, lastRowNum=1608)
2020-10-27 20:32:01.969  INFO 11744 --- [er @coroutine#1] o.a.f.lib.MoexISSHistoryLoader           : #loadRecords: ticker=Ticker(value='avan') | recIdx=1607
2020-10-27 20:32:02.017  INFO 11744 --- [er @coroutine#1] o.a.f.lib.MoexISSHistoryLoader           :                 Start Load Pages
                ticker=Ticker(value='avan')
                start=1608
                limit=100
2020-10-27 20:32:02.017  INFO 11744 --- [er @coroutine#1] o.a.f.lib.MoexISSHistoryLoader           : #loadPages: offset=1608

##### BANE #####
2020-10-27 20:32:02.066  INFO 11744 --- [er @coroutine#1] o.a.f.lib.MoexISSHistorySaverImpl        : Start Actualize Ticker [bane] 
2020-10-27 20:32:02.289  INFO 11744 --- [er @coroutine#1] o.a.f.lib.MoexISSHistorySaverImpl        : bane table exists
2020-10-27 20:32:02.302  INFO 11744 --- [er @coroutine#1] o.a.f.lib.MoexISSHistorySaverImpl        : Already loaded info: AlreadyLoadedInfo(tradeDate=2020-10-26, lastRowNum=1608)
2020-10-27 20:32:02.302  INFO 11744 --- [er @coroutine#1] o.a.f.lib.MoexISSHistoryLoader           : #reqDataForCheckLoaded: ticker=Ticker(value='bane') | alreadyLoadedInfo=AlreadyLoadedInfo(tradeDate=2020-10-26, lastRowNum=1608)
2020-10-27 20:32:02.302  INFO 11744 --- [er @coroutine#1] o.a.f.lib.MoexISSHistoryLoader           : #loadRecords: ticker=Ticker(value='bane') | recIdx=1607
2020-10-27 20:32:02.356  INFO 11744 --- [er @coroutine#1] o.a.f.lib.MoexISSHistoryLoader           :                 Start Load Pages
                ticker=Ticker(value='bane')
                start=1608
                limit=100
2020-10-27 20:32:02.357  INFO 11744 --- [er @coroutine#1] o.a.f.lib.MoexISSHistoryLoader           : #loadPages: offset=1608

##### BANEP #####
2020-10-27 20:32:02.411  INFO 11744 --- [er @coroutine#1] o.a.f.lib.MoexISSHistorySaverImpl        : Start Actualize Ticker [banep] 
2020-10-27 20:32:02.525  INFO 11744 --- [er @coroutine#1] o.a.f.lib.MoexISSHistorySaverImpl        : banep table exists
2020-10-27 20:32:02.538  INFO 11744 --- [er @coroutine#1] o.a.f.lib.MoexISSHistorySaverImpl        : Already loaded info: AlreadyLoadedInfo(tradeDate=2020-10-26, lastRowNum=1608)
2020-10-27 20:32:02.539  INFO 11744 --- [er @coroutine#1] o.a.f.lib.MoexISSHistoryLoader           : #reqDataForCheckLoaded: ticker=Ticker(value='banep') | alreadyLoadedInfo=AlreadyLoadedInfo(tradeDate=2020-10-26, lastRowNum=1608)
2020-10-27 20:32:02.539  INFO 11744 --- [er @coroutine#1] o.a.f.lib.MoexISSHistoryLoader           : #loadRecords: ticker=Ticker(value='banep') | recIdx=1607
2020-10-27 20:32:02.593  INFO 11744 --- [er @coroutine#1] o.a.f.lib.MoexISSHistoryLoader           :                 Start Load Pages
                ticker=Ticker(value='banep')
                start=1608
                limit=100
2020-10-27 20:32:02.593  INFO 11744 --- [er @coroutine#1] o.a.f.lib.MoexISSHistoryLoader           : #loadPages: offset=1608

##### BELU #####
2020-10-27 20:32:02.641  INFO 11744 --- [er @coroutine#1] o.a.f.lib.MoexISSHistorySaverImpl        : Start Actualize Ticker [belu] 
2020-10-27 20:32:02.742  INFO 11744 --- [er @coroutine#1] o.a.f.lib.MoexISSHistorySaverImpl        : belu table exists
2020-10-27 20:32:02.755  INFO 11744 --- [er @coroutine#1] o.a.f.lib.MoexISSHistorySaverImpl        : Already loaded info: AlreadyLoadedInfo(tradeDate=2020-10-26, lastRowNum=818)
2020-10-27 20:32:02.755  INFO 11744 --- [er @coroutine#1] o.a.f.lib.MoexISSHistoryLoader           : #reqDataForCheckLoaded: ticker=Ticker(value='belu') | alreadyLoadedInfo=AlreadyLoadedInfo(tradeDate=2020-10-26, lastRowNum=818)
2020-10-27 20:32:02.755  INFO 11744 --- [er @coroutine#1] o.a.f.lib.MoexISSHistoryLoader           : #loadRecords: ticker=Ticker(value='belu') | recIdx=817
2020-10-27 20:32:02.799  INFO 11744 --- [er @coroutine#1] o.a.f.lib.MoexISSHistoryLoader           :                 Start Load Pages
                ticker=Ticker(value='belu')
                start=818
                limit=100
2020-10-27 20:32:02.799  INFO 11744 --- [er @coroutine#1] o.a.f.lib.MoexISSHistoryLoader           : #loadPages: offset=818

##### BISV #####
2020-10-27 20:32:02.844  INFO 11744 --- [er @coroutine#1] o.a.f.lib.MoexISSHistorySaverImpl        : Start Actualize Ticker [bisv] 
2020-10-27 20:32:02.958  INFO 11744 --- [er @coroutine#1] o.a.f.lib.MoexISSHistorySaverImpl        : bisv table exists
2020-10-27 20:32:02.970  INFO 11744 --- [er @coroutine#1] o.a.f.lib.MoexISSHistorySaverImpl        : Already loaded info: AlreadyLoadedInfo(tradeDate=2020-10-26, lastRowNum=1608)
2020-10-27 20:32:02.970  INFO 11744 --- [er @coroutine#1] o.a.f.lib.MoexISSHistoryLoader           : #reqDataForCheckLoaded: ticker=Ticker(value='bisv') | alreadyLoadedInfo=AlreadyLoadedInfo(tradeDate=2020-10-26, lastRowNum=1608)
2020-10-27 20:32:02.970  INFO 11744 --- [er @coroutine#1] o.a.f.lib.MoexISSHistoryLoader           : #loadRecords: ticker=Ticker(value='bisv') | recIdx=1607
2020-10-27 20:32:03.033  INFO 11744 --- [er @coroutine#1] o.a.f.lib.MoexISSHistoryLoader           :                 Start Load Pages
                ticker=Ticker(value='bisv')
                start=1608
                limit=100
2020-10-27 20:32:03.033  INFO 11744 --- [er @coroutine#1] o.a.f.lib.MoexISSHistoryLoader           : #loadPages: offset=1608

##### BISVP #####
2020-10-27 20:32:03.084  INFO 11744 --- [er @coroutine#1] o.a.f.lib.MoexISSHistorySaverImpl        : Start Actualize Ticker [bisvp] 
2020-10-27 20:32:03.199  INFO 11744 --- [er @coroutine#1] o.a.f.lib.MoexISSHistorySaverImpl        : bisvp table exists
2020-10-27 20:32:03.213  INFO 11744 --- [er @coroutine#1] o.a.f.lib.MoexISSHistorySaverImpl        : Already loaded info: AlreadyLoadedInfo(tradeDate=2020-10-26, lastRowNum=1608)
2020-10-27 20:32:03.214  INFO 11744 --- [er @coroutine#1] o.a.f.lib.MoexISSHistoryLoader           : #reqDataForCheckLoaded: ticker=Ticker(value='bisvp') | alreadyLoadedInfo=AlreadyLoadedInfo(tradeDate=2020-10-26, lastRowNum=1608)
2020-10-27 20:32:03.214  INFO 11744 --- [er @coroutine#1] o.a.f.lib.MoexISSHistoryLoader           : #loadRecords: ticker=Ticker(value='bisvp') | recIdx=1607
2020-10-27 20:32:03.267  INFO 11744 --- [er @coroutine#1] o.a.f.lib.MoexISSHistoryLoader           :                 Start Load Pages
                ticker=Ticker(value='bisvp')
                start=1608
                limit=100
2020-10-27 20:32:03.267  INFO 11744 --- [er @coroutine#1] o.a.f.lib.MoexISSHistoryLoader           : #loadPages: offset=1608

##### BLNG #####
2020-10-27 20:32:03.324  INFO 11744 --- [er @coroutine#1] o.a.f.lib.MoexISSHistorySaverImpl        : Start Actualize Ticker [blng] 
2020-10-27 20:32:03.445  INFO 11744 --- [er @coroutine#1] o.a.f.lib.MoexISSHistorySaverImpl        : blng table exists
2020-10-27 20:32:03.458  INFO 11744 --- [er @coroutine#1] o.a.f.lib.MoexISSHistorySaverImpl        : Already loaded info: AlreadyLoadedInfo(tradeDate=2020-10-26, lastRowNum=1608)
2020-10-27 20:32:03.458  INFO 11744 --- [er @coroutine#1] o.a.f.lib.MoexISSHistoryLoader           : #reqDataForCheckLoaded: ticker=Ticker(value='blng') | alreadyLoadedInfo=AlreadyLoadedInfo(tradeDate=2020-10-26, lastRowNum=1608)
2020-10-27 20:32:03.458  INFO 11744 --- [er @coroutine#1] o.a.f.lib.MoexISSHistoryLoader           : #loadRecords: ticker=Ticker(value='blng') | recIdx=1607
2020-10-27 20:32:03.506  INFO 11744 --- [er @coroutine#1] o.a.f.lib.MoexISSHistoryLoader           :                 Start Load Pages
                ticker=Ticker(value='blng')
                start=1608
                limit=100
2020-10-27 20:32:03.506  INFO 11744 --- [er @coroutine#1] o.a.f.lib.MoexISSHistoryLoader           : #loadPages: offset=1608

##### BRZL #####
2020-10-27 20:32:04.109  INFO 11744 --- [er @coroutine#1] o.a.f.lib.MoexISSHistorySaverImpl        : Start Actualize Ticker [brzl] 
2020-10-27 20:32:04.218  INFO 11744 --- [er @coroutine#1] o.a.f.lib.MoexISSHistorySaverImpl        : brzl table exists
2020-10-27 20:32:04.232  INFO 11744 --- [er @coroutine#1] o.a.f.lib.MoexISSHistorySaverImpl        : Already loaded info: AlreadyLoadedInfo(tradeDate=2020-10-26, lastRowNum=1608)
2020-10-27 20:32:04.233  INFO 11744 --- [er @coroutine#1] o.a.f.lib.MoexISSHistoryLoader           : #reqDataForCheckLoaded: ticker=Ticker(value='brzl') | alreadyLoadedInfo=AlreadyLoadedInfo(tradeDate=2020-10-26, lastRowNum=1608)
2020-10-27 20:32:04.233  INFO 11744 --- [er @coroutine#1] o.a.f.lib.MoexISSHistoryLoader           : #loadRecords: ticker=Ticker(value='brzl') | recIdx=1607
2020-10-27 20:32:04.285  INFO 11744 --- [er @coroutine#1] o.a.f.lib.MoexISSHistoryLoader           :                 Start Load Pages
                ticker=Ticker(value='brzl')
                start=1608
                limit=100
2020-10-27 20:32:04.285  INFO 11744 --- [er @coroutine#1] o.a.f.lib.MoexISSHistoryLoader           : #loadPages: offset=1608

##### BSPB #####
2020-10-27 20:32:04.335  INFO 11744 --- [er @coroutine#1] o.a.f.lib.MoexISSHistorySaverImpl        : Start Actualize Ticker [bspb] 
2020-10-27 20:32:04.549  INFO 11744 --- [er @coroutine#1] o.a.f.lib.MoexISSHistorySaverImpl        : bspb table exists
2020-10-27 20:32:04.563  INFO 11744 --- [er @coroutine#1] o.a.f.lib.MoexISSHistorySaverImpl        : Already loaded info: AlreadyLoadedInfo(tradeDate=2020-10-26, lastRowNum=1608)
2020-10-27 20:32:04.563  INFO 11744 --- [er @coroutine#1] o.a.f.lib.MoexISSHistoryLoader           : #reqDataForCheckLoaded: ticker=Ticker(value='bspb') | alreadyLoadedInfo=AlreadyLoadedInfo(tradeDate=2020-10-26, lastRowNum=1608)
2020-10-27 20:32:04.563  INFO 11744 --- [er @coroutine#1] o.a.f.lib.MoexISSHistoryLoader           : #loadRecords: ticker=Ticker(value='bspb') | recIdx=1607
2020-10-27 20:32:04.609  INFO 11744 --- [er @coroutine#1] o.a.f.lib.MoexISSHistoryLoader           :                 Start Load Pages
                ticker=Ticker(value='bspb')
                start=1608
                limit=100
2020-10-27 20:32:04.609  INFO 11744 --- [er @coroutine#1] o.a.f.lib.MoexISSHistoryLoader           : #loadPages: offset=1608

##### CBOM #####
2020-10-27 20:32:04.658  INFO 11744 --- [er @coroutine#1] o.a.f.lib.MoexISSHistorySaverImpl        : Start Actualize Ticker [cbom] 
2020-10-27 20:32:04.770  INFO 11744 --- [er @coroutine#1] o.a.f.lib.MoexISSHistorySaverImpl        : cbom table exists
2020-10-27 20:32:04.782  INFO 11744 --- [er @coroutine#1] o.a.f.lib.MoexISSHistorySaverImpl        : Already loaded info: AlreadyLoadedInfo(tradeDate=2020-10-26, lastRowNum=1351)
2020-10-27 20:32:04.783  INFO 11744 --- [er @coroutine#1] o.a.f.lib.MoexISSHistoryLoader           : #reqDataForCheckLoaded: ticker=Ticker(value='cbom') | alreadyLoadedInfo=AlreadyLoadedInfo(tradeDate=2020-10-26, lastRowNum=1351)
2020-10-27 20:32:04.783  INFO 11744 --- [er @coroutine#1] o.a.f.lib.MoexISSHistoryLoader           : #loadRecords: ticker=Ticker(value='cbom') | recIdx=1350
2020-10-27 20:32:04.828  INFO 11744 --- [er @coroutine#1] o.a.f.lib.MoexISSHistoryLoader           :                 Start Load Pages
                ticker=Ticker(value='cbom')
                start=1351
                limit=100
2020-10-27 20:32:04.828  INFO 11744 --- [er @coroutine#1] o.a.f.lib.MoexISSHistoryLoader           : #loadPages: offset=1351

##### CHEP #####
2020-10-27 20:32:04.872  INFO 11744 --- [er @coroutine#1] o.a.f.lib.MoexISSHistorySaverImpl        : Start Actualize Ticker [chep] 
2020-10-27 20:32:04.984  INFO 11744 --- [er @coroutine#1] o.a.f.lib.MoexISSHistorySaverImpl        : chep table exists
2020-10-27 20:32:04.997  INFO 11744 --- [er @coroutine#1] o.a.f.lib.MoexISSHistorySaverImpl        : Already loaded info: AlreadyLoadedInfo(tradeDate=2020-10-26, lastRowNum=1608)
2020-10-27 20:32:04.998  INFO 11744 --- [er @coroutine#1] o.a.f.lib.MoexISSHistoryLoader           : #reqDataForCheckLoaded: ticker=Ticker(value='chep') | alreadyLoadedInfo=AlreadyLoadedInfo(tradeDate=2020-10-26, lastRowNum=1608)
2020-10-27 20:32:04.998  INFO 11744 --- [er @coroutine#1] o.a.f.lib.MoexISSHistoryLoader           : #loadRecords: ticker=Ticker(value='chep') | recIdx=1607
2020-10-27 20:32:05.044  INFO 11744 --- [er @coroutine#1] o.a.f.lib.MoexISSHistoryLoader           :                 Start Load Pages
                ticker=Ticker(value='chep')
                start=1608
                limit=100
2020-10-27 20:32:05.044  INFO 11744 --- [er @coroutine#1] o.a.f.lib.MoexISSHistoryLoader           : #loadPages: offset=1608

##### CHGZ #####
2020-10-27 20:32:05.094  INFO 11744 --- [er @coroutine#1] o.a.f.lib.MoexISSHistorySaverImpl        : Start Actualize Ticker [chgz] 
2020-10-27 20:32:05.305  INFO 11744 --- [er @coroutine#1] o.a.f.lib.MoexISSHistorySaverImpl        : chgz table exists
2020-10-27 20:32:05.320  INFO 11744 --- [er @coroutine#1] o.a.f.lib.MoexISSHistorySaverImpl        : Already loaded info: AlreadyLoadedInfo(tradeDate=2020-10-26, lastRowNum=1608)
2020-10-27 20:32:05.320  INFO 11744 --- [er @coroutine#1] o.a.f.lib.MoexISSHistoryLoader           : #reqDataForCheckLoaded: ticker=Ticker(value='chgz') | alreadyLoadedInfo=AlreadyLoadedInfo(tradeDate=2020-10-26, lastRowNum=1608)
2020-10-27 20:32:05.320  INFO 11744 --- [er @coroutine#1] o.a.f.lib.MoexISSHistoryLoader           : #loadRecords: ticker=Ticker(value='chgz') | recIdx=1607
2020-10-27 20:32:05.368  INFO 11744 --- [er @coroutine#1] o.a.f.lib.MoexISSHistoryLoader           :                 Start Load Pages
                ticker=Ticker(value='chgz')
                start=1608
                limit=100
2020-10-27 20:32:05.368  INFO 11744 --- [er @coroutine#1] o.a.f.lib.MoexISSHistoryLoader           : #loadPages: offset=1608

##### CHKZ #####
2020-10-27 20:32:05.423  INFO 11744 --- [er @coroutine#1] o.a.f.lib.MoexISSHistorySaverImpl        : Start Actualize Ticker [chkz] 
2020-10-27 20:32:05.537  INFO 11744 --- [er @coroutine#1] o.a.f.lib.MoexISSHistorySaverImpl        : chkz table exists
2020-10-27 20:32:05.549  INFO 11744 --- [er @coroutine#1] o.a.f.lib.MoexISSHistorySaverImpl        : Already loaded info: AlreadyLoadedInfo(tradeDate=2020-10-26, lastRowNum=1608)
2020-10-27 20:32:05.549  INFO 11744 --- [er @coroutine#1] o.a.f.lib.MoexISSHistoryLoader           : #reqDataForCheckLoaded: ticker=Ticker(value='chkz') | alreadyLoadedInfo=AlreadyLoadedInfo(tradeDate=2020-10-26, lastRowNum=1608)
2020-10-27 20:32:05.549  INFO 11744 --- [er @coroutine#1] o.a.f.lib.MoexISSHistoryLoader           : #loadRecords: ticker=Ticker(value='chkz') | recIdx=1607
2020-10-27 20:32:05.599  INFO 11744 --- [er @coroutine#1] o.a.f.lib.MoexISSHistoryLoader           :                 Start Load Pages
                ticker=Ticker(value='chkz')
                start=1608
                limit=100
2020-10-27 20:32:05.599  INFO 11744 --- [er @coroutine#1] o.a.f.lib.MoexISSHistoryLoader           : #loadPages: offset=1608

##### CHMF #####
2020-10-27 20:32:05.654  INFO 11744 --- [er @coroutine#1] o.a.f.lib.MoexISSHistorySaverImpl        : Start Actualize Ticker [chmf] 
2020-10-27 20:32:05.761  INFO 11744 --- [er @coroutine#1] o.a.f.lib.MoexISSHistorySaverImpl        : chmf table exists
2020-10-27 20:32:05.774  INFO 11744 --- [er @coroutine#1] o.a.f.lib.MoexISSHistorySaverImpl        : Already loaded info: AlreadyLoadedInfo(tradeDate=2020-10-26, lastRowNum=1608)
2020-10-27 20:32:05.775  INFO 11744 --- [er @coroutine#1] o.a.f.lib.MoexISSHistoryLoader           : #reqDataForCheckLoaded: ticker=Ticker(value='chmf') | alreadyLoadedInfo=AlreadyLoadedInfo(tradeDate=2020-10-26, lastRowNum=1608)
2020-10-27 20:32:05.775  INFO 11744 --- [er @coroutine#1] o.a.f.lib.MoexISSHistoryLoader           : #loadRecords: ticker=Ticker(value='chmf') | recIdx=1607
2020-10-27 20:32:05.864  INFO 11744 --- [er @coroutine#1] o.a.f.lib.MoexISSHistoryLoader           :                 Start Load Pages
                ticker=Ticker(value='chmf')
                start=1608
                limit=100
2020-10-27 20:32:05.864  INFO 11744 --- [er @coroutine#1] o.a.f.lib.MoexISSHistoryLoader           : #loadPages: offset=1608

##### CHMK #####
2020-10-27 20:32:05.916  INFO 11744 --- [er @coroutine#1] o.a.f.lib.MoexISSHistorySaverImpl        : Start Actualize Ticker [chmk] 
2020-10-27 20:32:06.022  INFO 11744 --- [er @coroutine#1] o.a.f.lib.MoexISSHistorySaverImpl        : chmk table exists
2020-10-27 20:32:06.037  INFO 11744 --- [er @coroutine#1] o.a.f.lib.MoexISSHistorySaverImpl        : Already loaded info: AlreadyLoadedInfo(tradeDate=2020-10-26, lastRowNum=1608)
2020-10-27 20:32:06.037  INFO 11744 --- [er @coroutine#1] o.a.f.lib.MoexISSHistoryLoader           : #reqDataForCheckLoaded: ticker=Ticker(value='chmk') | alreadyLoadedInfo=AlreadyLoadedInfo(tradeDate=2020-10-26, lastRowNum=1608)
2020-10-27 20:32:06.037  INFO 11744 --- [er @coroutine#1] o.a.f.lib.MoexISSHistoryLoader           : #loadRecords: ticker=Ticker(value='chmk') | recIdx=1607
2020-10-27 20:32:06.089  INFO 11744 --- [er @coroutine#1] o.a.f.lib.MoexISSHistoryLoader           :                 Start Load Pages
                ticker=Ticker(value='chmk')
                start=1608
                limit=100
2020-10-27 20:32:06.089  INFO 11744 --- [er @coroutine#1] o.a.f.lib.MoexISSHistoryLoader           : #loadPages: offset=1608

##### CNTL #####
2020-10-27 20:32:06.140  INFO 11744 --- [er @coroutine#1] o.a.f.lib.MoexISSHistorySaverImpl        : Start Actualize Ticker [cntl] 
2020-10-27 20:32:06.248  INFO 11744 --- [er @coroutine#1] o.a.f.lib.MoexISSHistorySaverImpl        : cntl table exists
2020-10-27 20:32:06.261  INFO 11744 --- [er @coroutine#1] o.a.f.lib.MoexISSHistorySaverImpl        : Already loaded info: AlreadyLoadedInfo(tradeDate=2020-10-26, lastRowNum=1608)
2020-10-27 20:32:06.261  INFO 11744 --- [er @coroutine#1] o.a.f.lib.MoexISSHistoryLoader           : #reqDataForCheckLoaded: ticker=Ticker(value='cntl') | alreadyLoadedInfo=AlreadyLoadedInfo(tradeDate=2020-10-26, lastRowNum=1608)
2020-10-27 20:32:06.261  INFO 11744 --- [er @coroutine#1] o.a.f.lib.MoexISSHistoryLoader           : #loadRecords: ticker=Ticker(value='cntl') | recIdx=1607
2020-10-27 20:32:06.307  INFO 11744 --- [er @coroutine#1] o.a.f.lib.MoexISSHistoryLoader           :                 Start Load Pages
                ticker=Ticker(value='cntl')
                start=1608
                limit=100
2020-10-27 20:32:06.307  INFO 11744 --- [er @coroutine#1] o.a.f.lib.MoexISSHistoryLoader           : #loadPages: offset=1608

##### CNTLP #####
2020-10-27 20:32:06.357  INFO 11744 --- [er @coroutine#1] o.a.f.lib.MoexISSHistorySaverImpl        : Start Actualize Ticker [cntlp] 
2020-10-27 20:32:06.479  INFO 11744 --- [er @coroutine#1] o.a.f.lib.MoexISSHistorySaverImpl        : cntlp table exists
2020-10-27 20:32:06.490  INFO 11744 --- [er @coroutine#1] o.a.f.lib.MoexISSHistorySaverImpl        : Already loaded info: AlreadyLoadedInfo(tradeDate=2020-10-26, lastRowNum=1608)
2020-10-27 20:32:06.490  INFO 11744 --- [er @coroutine#1] o.a.f.lib.MoexISSHistoryLoader           : #reqDataForCheckLoaded: ticker=Ticker(value='cntlp') | alreadyLoadedInfo=AlreadyLoadedInfo(tradeDate=2020-10-26, lastRowNum=1608)
2020-10-27 20:32:06.490  INFO 11744 --- [er @coroutine#1] o.a.f.lib.MoexISSHistoryLoader           : #loadRecords: ticker=Ticker(value='cntlp') | recIdx=1607
2020-10-27 20:32:06.540  INFO 11744 --- [er @coroutine#1] o.a.f.lib.MoexISSHistoryLoader           :                 Start Load Pages
                ticker=Ticker(value='cntlp')
                start=1608
                limit=100
2020-10-27 20:32:06.541  INFO 11744 --- [er @coroutine#1] o.a.f.lib.MoexISSHistoryLoader           : #loadPages: offset=1608

##### DERZP #####
2020-10-27 20:32:06.601  INFO 11744 --- [er @coroutine#1] o.a.f.lib.MoexISSHistorySaverImpl        : Start Actualize Ticker [derzp] 
2020-10-27 20:32:06.711  INFO 11744 --- [er @coroutine#1] o.a.f.lib.MoexISSHistorySaverImpl        : derzp table exists
2020-10-27 20:32:06.725  INFO 11744 --- [er @coroutine#1] o.a.f.lib.MoexISSHistorySaverImpl        : Already loaded info: AlreadyLoadedInfo(tradeDate=2020-10-26, lastRowNum=12)
2020-10-27 20:32:06.725  INFO 11744 --- [er @coroutine#1] o.a.f.lib.MoexISSHistoryLoader           : #reqDataForCheckLoaded: ticker=Ticker(value='derzp') | alreadyLoadedInfo=AlreadyLoadedInfo(tradeDate=2020-10-26, lastRowNum=12)
2020-10-27 20:32:06.725  INFO 11744 --- [er @coroutine#1] o.a.f.lib.MoexISSHistoryLoader           : #loadRecords: ticker=Ticker(value='derzp') | recIdx=11
2020-10-27 20:32:06.758  INFO 11744 --- [er @coroutine#1] o.a.f.lib.MoexISSHistoryLoader           :                 Start Load Pages
                ticker=Ticker(value='derzp')
                start=12
                limit=100
2020-10-27 20:32:06.758  INFO 11744 --- [er @coroutine#1] o.a.f.lib.MoexISSHistoryLoader           : #loadPages: offset=12

##### DIOD #####
2020-10-27 20:32:06.789  INFO 11744 --- [er @coroutine#1] o.a.f.lib.MoexISSHistorySaverImpl        : Start Actualize Ticker [diod] 
2020-10-27 20:32:06.894  INFO 11744 --- [er @coroutine#1] o.a.f.lib.MoexISSHistorySaverImpl        : diod table exists
2020-10-27 20:32:06.906  INFO 11744 --- [er @coroutine#1] o.a.f.lib.MoexISSHistorySaverImpl        : Already loaded info: AlreadyLoadedInfo(tradeDate=2020-10-26, lastRowNum=1608)
2020-10-27 20:32:06.906  INFO 11744 --- [er @coroutine#1] o.a.f.lib.MoexISSHistoryLoader           : #reqDataForCheckLoaded: ticker=Ticker(value='diod') | alreadyLoadedInfo=AlreadyLoadedInfo(tradeDate=2020-10-26, lastRowNum=1608)
2020-10-27 20:32:06.906  INFO 11744 --- [er @coroutine#1] o.a.f.lib.MoexISSHistoryLoader           : #loadRecords: ticker=Ticker(value='diod') | recIdx=1607
2020-10-27 20:32:06.957  INFO 11744 --- [er @coroutine#1] o.a.f.lib.MoexISSHistoryLoader           :                 Start Load Pages
                ticker=Ticker(value='diod')
                start=1608
                limit=100
2020-10-27 20:32:06.957  INFO 11744 --- [er @coroutine#1] o.a.f.lib.MoexISSHistoryLoader           : #loadPages: offset=1608

##### DSKY #####
2020-10-27 20:32:06.999  INFO 11744 --- [er @coroutine#1] o.a.f.lib.MoexISSHistorySaverImpl        : Start Actualize Ticker [dsky] 
2020-10-27 20:32:07.115  INFO 11744 --- [er @coroutine#1] o.a.f.lib.MoexISSHistorySaverImpl        : dsky table exists
2020-10-27 20:32:07.128  INFO 11744 --- [er @coroutine#1] o.a.f.lib.MoexISSHistorySaverImpl        : Already loaded info: AlreadyLoadedInfo(tradeDate=2020-10-26, lastRowNum=934)
2020-10-27 20:32:07.128  INFO 11744 --- [er @coroutine#1] o.a.f.lib.MoexISSHistoryLoader           : #reqDataForCheckLoaded: ticker=Ticker(value='dsky') | alreadyLoadedInfo=AlreadyLoadedInfo(tradeDate=2020-10-26, lastRowNum=934)
2020-10-27 20:32:07.129  INFO 11744 --- [er @coroutine#1] o.a.f.lib.MoexISSHistoryLoader           : #loadRecords: ticker=Ticker(value='dsky') | recIdx=933
2020-10-27 20:32:07.171  INFO 11744 --- [er @coroutine#1] o.a.f.lib.MoexISSHistoryLoader           :                 Start Load Pages
                ticker=Ticker(value='dsky')
                start=934
                limit=100
2020-10-27 20:32:07.171  INFO 11744 --- [er @coroutine#1] o.a.f.lib.MoexISSHistoryLoader           : #loadPages: offset=934

##### DVEC #####
2020-10-27 20:32:07.209  INFO 11744 --- [er @coroutine#1] o.a.f.lib.MoexISSHistorySaverImpl        : Start Actualize Ticker [dvec] 
2020-10-27 20:32:07.318  INFO 11744 --- [er @coroutine#1] o.a.f.lib.MoexISSHistorySaverImpl        : dvec table exists
2020-10-27 20:32:07.329  INFO 11744 --- [er @coroutine#1] o.a.f.lib.MoexISSHistorySaverImpl        : Already loaded info: AlreadyLoadedInfo(tradeDate=2020-10-26, lastRowNum=1608)
2020-10-27 20:32:07.329  INFO 11744 --- [er @coroutine#1] o.a.f.lib.MoexISSHistoryLoader           : #reqDataForCheckLoaded: ticker=Ticker(value='dvec') | alreadyLoadedInfo=AlreadyLoadedInfo(tradeDate=2020-10-26, lastRowNum=1608)
2020-10-27 20:32:07.329  INFO 11744 --- [er @coroutine#1] o.a.f.lib.MoexISSHistoryLoader           : #loadRecords: ticker=Ticker(value='dvec') | recIdx=1607
2020-10-27 20:32:07.375  INFO 11744 --- [er @coroutine#1] o.a.f.lib.MoexISSHistoryLoader           :                 Start Load Pages
                ticker=Ticker(value='dvec')
                start=1608
                limit=100
2020-10-27 20:32:07.375  INFO 11744 --- [er @coroutine#1] o.a.f.lib.MoexISSHistoryLoader           : #loadPages: offset=1608

##### DZRD #####
2020-10-27 20:32:07.424  INFO 11744 --- [er @coroutine#1] o.a.f.lib.MoexISSHistorySaverImpl        : Start Actualize Ticker [dzrd] 
2020-10-27 20:32:07.538  INFO 11744 --- [er @coroutine#1] o.a.f.lib.MoexISSHistorySaverImpl        : dzrd table exists
2020-10-27 20:32:07.552  INFO 11744 --- [er @coroutine#1] o.a.f.lib.MoexISSHistorySaverImpl        : Already loaded info: AlreadyLoadedInfo(tradeDate=2020-10-26, lastRowNum=1608)
2020-10-27 20:32:07.552  INFO 11744 --- [er @coroutine#1] o.a.f.lib.MoexISSHistoryLoader           : #reqDataForCheckLoaded: ticker=Ticker(value='dzrd') | alreadyLoadedInfo=AlreadyLoadedInfo(tradeDate=2020-10-26, lastRowNum=1608)
2020-10-27 20:32:07.552  INFO 11744 --- [er @coroutine#1] o.a.f.lib.MoexISSHistoryLoader           : #loadRecords: ticker=Ticker(value='dzrd') | recIdx=1607
2020-10-27 20:32:07.596  INFO 11744 --- [er @coroutine#1] o.a.f.lib.MoexISSHistoryLoader           :                 Start Load Pages
                ticker=Ticker(value='dzrd')
                start=1608
                limit=100
2020-10-27 20:32:07.596  INFO 11744 --- [er @coroutine#1] o.a.f.lib.MoexISSHistoryLoader           : #loadPages: offset=1608

##### DZRDP #####
2020-10-27 20:32:07.647  INFO 11744 --- [er @coroutine#1] o.a.f.lib.MoexISSHistorySaverImpl        : Start Actualize Ticker [dzrdp] 
2020-10-27 20:32:07.862  INFO 11744 --- [er @coroutine#1] o.a.f.lib.MoexISSHistorySaverImpl        : dzrdp table exists
2020-10-27 20:32:07.875  INFO 11744 --- [er @coroutine#1] o.a.f.lib.MoexISSHistorySaverImpl        : Already loaded info: AlreadyLoadedInfo(tradeDate=2020-10-26, lastRowNum=1608)
2020-10-27 20:32:07.876  INFO 11744 --- [er @coroutine#1] o.a.f.lib.MoexISSHistoryLoader           : #reqDataForCheckLoaded: ticker=Ticker(value='dzrdp') | alreadyLoadedInfo=AlreadyLoadedInfo(tradeDate=2020-10-26, lastRowNum=1608)
2020-10-27 20:32:07.876  INFO 11744 --- [er @coroutine#1] o.a.f.lib.MoexISSHistoryLoader           : #loadRecords: ticker=Ticker(value='dzrdp') | recIdx=1607
2020-10-27 20:32:07.923  INFO 11744 --- [er @coroutine#1] o.a.f.lib.MoexISSHistoryLoader           :                 Start Load Pages
                ticker=Ticker(value='dzrdp')
                start=1608
                limit=100
2020-10-27 20:32:07.923  INFO 11744 --- [er @coroutine#1] o.a.f.lib.MoexISSHistoryLoader           : #loadPages: offset=1608

##### EELT #####
2020-10-27 20:32:07.971  INFO 11744 --- [er @coroutine#1] o.a.f.lib.MoexISSHistorySaverImpl        : Start Actualize Ticker [eelt] 
2020-10-27 20:32:08.081  INFO 11744 --- [er @coroutine#1] o.a.f.lib.MoexISSHistorySaverImpl        : eelt table exists
2020-10-27 20:32:08.093  INFO 11744 --- [er @coroutine#1] o.a.f.lib.MoexISSHistorySaverImpl        : Already loaded info: AlreadyLoadedInfo(tradeDate=2020-10-26, lastRowNum=218)
2020-10-27 20:32:08.093  INFO 11744 --- [er @coroutine#1] o.a.f.lib.MoexISSHistoryLoader           : #reqDataForCheckLoaded: ticker=Ticker(value='eelt') | alreadyLoadedInfo=AlreadyLoadedInfo(tradeDate=2020-10-26, lastRowNum=218)
2020-10-27 20:32:08.093  INFO 11744 --- [er @coroutine#1] o.a.f.lib.MoexISSHistoryLoader           : #loadRecords: ticker=Ticker(value='eelt') | recIdx=217
2020-10-27 20:32:08.126  INFO 11744 --- [er @coroutine#1] o.a.f.lib.MoexISSHistoryLoader           :                 Start Load Pages
                ticker=Ticker(value='eelt')
                start=218
                limit=100
2020-10-27 20:32:08.127  INFO 11744 --- [er @coroutine#1] o.a.f.lib.MoexISSHistoryLoader           : #loadPages: offset=218

##### ELTZ #####
2020-10-27 20:32:08.162  INFO 11744 --- [er @coroutine#1] o.a.f.lib.MoexISSHistorySaverImpl        : Start Actualize Ticker [eltz] 
2020-10-27 20:32:08.276  INFO 11744 --- [er @coroutine#1] o.a.f.lib.MoexISSHistorySaverImpl        : eltz table exists
2020-10-27 20:32:08.289  INFO 11744 --- [er @coroutine#1] o.a.f.lib.MoexISSHistorySaverImpl        : Already loaded info: AlreadyLoadedInfo(tradeDate=2020-10-26, lastRowNum=1608)
2020-10-27 20:32:08.289  INFO 11744 --- [er @coroutine#1] o.a.f.lib.MoexISSHistoryLoader           : #reqDataForCheckLoaded: ticker=Ticker(value='eltz') | alreadyLoadedInfo=AlreadyLoadedInfo(tradeDate=2020-10-26, lastRowNum=1608)
2020-10-27 20:32:08.289  INFO 11744 --- [er @coroutine#1] o.a.f.lib.MoexISSHistoryLoader           : #loadRecords: ticker=Ticker(value='eltz') | recIdx=1607
2020-10-27 20:32:08.340  INFO 11744 --- [er @coroutine#1] o.a.f.lib.MoexISSHistoryLoader           :                 Start Load Pages
                ticker=Ticker(value='eltz')
                start=1608
                limit=100
2020-10-27 20:32:08.340  INFO 11744 --- [er @coroutine#1] o.a.f.lib.MoexISSHistoryLoader           : #loadPages: offset=1608

##### ENPG #####
2020-10-27 20:32:08.388  INFO 11744 --- [er @coroutine#1] o.a.f.lib.MoexISSHistorySaverImpl        : Start Actualize Ticker [enpg] 
2020-10-27 20:32:08.515  INFO 11744 --- [er @coroutine#1] o.a.f.lib.MoexISSHistorySaverImpl        : enpg table exists
2020-10-27 20:32:08.524  INFO 11744 --- [er @coroutine#1] o.a.f.lib.MoexISSHistorySaverImpl        : Already loaded info: AlreadyLoadedInfo(tradeDate=2020-10-26, lastRowNum=173)
2020-10-27 20:32:08.524  INFO 11744 --- [er @coroutine#1] o.a.f.lib.MoexISSHistoryLoader           : #reqDataForCheckLoaded: ticker=Ticker(value='enpg') | alreadyLoadedInfo=AlreadyLoadedInfo(tradeDate=2020-10-26, lastRowNum=173)
2020-10-27 20:32:08.524  INFO 11744 --- [er @coroutine#1] o.a.f.lib.MoexISSHistoryLoader           : #loadRecords: ticker=Ticker(value='enpg') | recIdx=172
2020-10-27 20:32:08.556  INFO 11744 --- [er @coroutine#1] o.a.f.lib.MoexISSHistoryLoader           :                 Start Load Pages
                ticker=Ticker(value='enpg')
                start=173
                limit=100
2020-10-27 20:32:08.556  INFO 11744 --- [er @coroutine#1] o.a.f.lib.MoexISSHistoryLoader           : #loadPages: offset=173

##### ENRU #####
2020-10-27 20:32:08.594  INFO 11744 --- [er @coroutine#1] o.a.f.lib.MoexISSHistorySaverImpl        : Start Actualize Ticker [enru] 
2020-10-27 20:32:08.712  INFO 11744 --- [er @coroutine#1] o.a.f.lib.MoexISSHistorySaverImpl        : enru table exists
2020-10-27 20:32:08.723  INFO 11744 --- [er @coroutine#1] o.a.f.lib.MoexISSHistorySaverImpl        : Already loaded info: AlreadyLoadedInfo(tradeDate=2020-10-26, lastRowNum=1486)
2020-10-27 20:32:08.723  INFO 11744 --- [er @coroutine#1] o.a.f.lib.MoexISSHistoryLoader           : #reqDataForCheckLoaded: ticker=Ticker(value='enru') | alreadyLoadedInfo=AlreadyLoadedInfo(tradeDate=2020-10-26, lastRowNum=1486)
2020-10-27 20:32:08.723  INFO 11744 --- [er @coroutine#1] o.a.f.lib.MoexISSHistoryLoader           : #loadRecords: ticker=Ticker(value='enru') | recIdx=1485
2020-10-27 20:32:08.768  INFO 11744 --- [er @coroutine#1] o.a.f.lib.MoexISSHistoryLoader           :                 Start Load Pages
                ticker=Ticker(value='enru')
                start=1486
                limit=100
2020-10-27 20:32:08.768  INFO 11744 --- [er @coroutine#1] o.a.f.lib.MoexISSHistoryLoader           : #loadPages: offset=1486

##### ETLN #####
2020-10-27 20:32:08.821  INFO 11744 --- [er @coroutine#1] o.a.f.lib.MoexISSHistorySaverImpl        : Start Actualize Ticker [etln] 
2020-10-27 20:32:08.935  INFO 11744 --- [er @coroutine#1] o.a.f.lib.MoexISSHistorySaverImpl        : etln table exists
2020-10-27 20:32:08.946  INFO 11744 --- [er @coroutine#1] o.a.f.lib.MoexISSHistorySaverImpl        : Already loaded info: AlreadyLoadedInfo(tradeDate=2020-10-26, lastRowNum=184)
2020-10-27 20:32:08.946  INFO 11744 --- [er @coroutine#1] o.a.f.lib.MoexISSHistoryLoader           : #reqDataForCheckLoaded: ticker=Ticker(value='etln') | alreadyLoadedInfo=AlreadyLoadedInfo(tradeDate=2020-10-26, lastRowNum=184)
2020-10-27 20:32:08.946  INFO 11744 --- [er @coroutine#1] o.a.f.lib.MoexISSHistoryLoader           : #loadRecords: ticker=Ticker(value='etln') | recIdx=183
2020-10-27 20:32:08.984  INFO 11744 --- [er @coroutine#1] o.a.f.lib.MoexISSHistoryLoader           :                 Start Load Pages
                ticker=Ticker(value='etln')
                start=184
                limit=100
2020-10-27 20:32:08.985  INFO 11744 --- [er @coroutine#1] o.a.f.lib.MoexISSHistoryLoader           : #loadPages: offset=184

##### FEES #####
2020-10-27 20:32:09.020  INFO 11744 --- [er @coroutine#1] o.a.f.lib.MoexISSHistorySaverImpl        : Start Actualize Ticker [fees] 
2020-10-27 20:32:09.135  INFO 11744 --- [er @coroutine#1] o.a.f.lib.MoexISSHistorySaverImpl        : fees table exists
2020-10-27 20:32:09.147  INFO 11744 --- [er @coroutine#1] o.a.f.lib.MoexISSHistorySaverImpl        : Already loaded info: AlreadyLoadedInfo(tradeDate=2020-10-26, lastRowNum=1608)
2020-10-27 20:32:09.147  INFO 11744 --- [er @coroutine#1] o.a.f.lib.MoexISSHistoryLoader           : #reqDataForCheckLoaded: ticker=Ticker(value='fees') | alreadyLoadedInfo=AlreadyLoadedInfo(tradeDate=2020-10-26, lastRowNum=1608)
2020-10-27 20:32:09.147  INFO 11744 --- [er @coroutine#1] o.a.f.lib.MoexISSHistoryLoader           : #loadRecords: ticker=Ticker(value='fees') | recIdx=1607
2020-10-27 20:32:09.195  INFO 11744 --- [er @coroutine#1] o.a.f.lib.MoexISSHistoryLoader           :                 Start Load Pages
                ticker=Ticker(value='fees')
                start=1608
                limit=100
2020-10-27 20:32:09.195  INFO 11744 --- [er @coroutine#1] o.a.f.lib.MoexISSHistoryLoader           : #loadPages: offset=1608

##### FESH #####
2020-10-27 20:32:09.246  INFO 11744 --- [er @coroutine#1] o.a.f.lib.MoexISSHistorySaverImpl        : Start Actualize Ticker [fesh] 
2020-10-27 20:32:09.357  INFO 11744 --- [er @coroutine#1] o.a.f.lib.MoexISSHistorySaverImpl        : fesh table exists
2020-10-27 20:32:09.371  INFO 11744 --- [er @coroutine#1] o.a.f.lib.MoexISSHistorySaverImpl        : Already loaded info: AlreadyLoadedInfo(tradeDate=2020-10-26, lastRowNum=1608)
2020-10-27 20:32:09.371  INFO 11744 --- [er @coroutine#1] o.a.f.lib.MoexISSHistoryLoader           : #reqDataForCheckLoaded: ticker=Ticker(value='fesh') | alreadyLoadedInfo=AlreadyLoadedInfo(tradeDate=2020-10-26, lastRowNum=1608)
2020-10-27 20:32:09.371  INFO 11744 --- [er @coroutine#1] o.a.f.lib.MoexISSHistoryLoader           : #loadRecords: ticker=Ticker(value='fesh') | recIdx=1607
2020-10-27 20:32:09.422  INFO 11744 --- [er @coroutine#1] o.a.f.lib.MoexISSHistoryLoader           :                 Start Load Pages
                ticker=Ticker(value='fesh')
                start=1608
                limit=100
2020-10-27 20:32:09.422  INFO 11744 --- [er @coroutine#1] o.a.f.lib.MoexISSHistoryLoader           : #loadPages: offset=1608

##### FIVE #####
2020-10-27 20:32:09.472  INFO 11744 --- [er @coroutine#1] o.a.f.lib.MoexISSHistorySaverImpl        : Start Actualize Ticker [five] 
2020-10-27 20:32:09.574  INFO 11744 --- [er @coroutine#1] o.a.f.lib.MoexISSHistorySaverImpl        : five table exists
2020-10-27 20:32:09.585  INFO 11744 --- [er @coroutine#1] o.a.f.lib.MoexISSHistorySaverImpl        : Already loaded info: AlreadyLoadedInfo(tradeDate=2020-10-26, lastRowNum=690)
2020-10-27 20:32:09.585  INFO 11744 --- [er @coroutine#1] o.a.f.lib.MoexISSHistoryLoader           : #reqDataForCheckLoaded: ticker=Ticker(value='five') | alreadyLoadedInfo=AlreadyLoadedInfo(tradeDate=2020-10-26, lastRowNum=690)
2020-10-27 20:32:09.585  INFO 11744 --- [er @coroutine#1] o.a.f.lib.MoexISSHistoryLoader           : #loadRecords: ticker=Ticker(value='five') | recIdx=689
2020-10-27 20:32:09.630  INFO 11744 --- [er @coroutine#1] o.a.f.lib.MoexISSHistoryLoader           :                 Start Load Pages
                ticker=Ticker(value='five')
                start=690
                limit=100
2020-10-27 20:32:09.630  INFO 11744 --- [er @coroutine#1] o.a.f.lib.MoexISSHistoryLoader           : #loadPages: offset=690

##### FLOT #####
2020-10-27 20:32:09.673  INFO 11744 --- [er @coroutine#1] o.a.f.lib.MoexISSHistorySaverImpl        : Start Actualize Ticker [flot] 
2020-10-27 20:32:09.780  INFO 11744 --- [er @coroutine#1] o.a.f.lib.MoexISSHistorySaverImpl        : flot table exists
2020-10-27 20:32:09.794  INFO 11744 --- [er @coroutine#1] o.a.f.lib.MoexISSHistorySaverImpl        : Already loaded info: AlreadyLoadedInfo(tradeDate=2020-10-26, lastRowNum=14)
2020-10-27 20:32:09.794  INFO 11744 --- [er @coroutine#1] o.a.f.lib.MoexISSHistoryLoader           : #reqDataForCheckLoaded: ticker=Ticker(value='flot') | alreadyLoadedInfo=AlreadyLoadedInfo(tradeDate=2020-10-26, lastRowNum=14)
2020-10-27 20:32:09.794  INFO 11744 --- [er @coroutine#1] o.a.f.lib.MoexISSHistoryLoader           : #loadRecords: ticker=Ticker(value='flot') | recIdx=13
2020-10-27 20:32:09.826  INFO 11744 --- [er @coroutine#1] o.a.f.lib.MoexISSHistoryLoader           :                 Start Load Pages
                ticker=Ticker(value='flot')
                start=14
                limit=100
2020-10-27 20:32:09.826  INFO 11744 --- [er @coroutine#1] o.a.f.lib.MoexISSHistoryLoader           : #loadPages: offset=14

##### GAZA #####
2020-10-27 20:32:09.866  INFO 11744 --- [er @coroutine#1] o.a.f.lib.MoexISSHistorySaverImpl        : Start Actualize Ticker [gaza] 
2020-10-27 20:32:09.988  INFO 11744 --- [er @coroutine#1] o.a.f.lib.MoexISSHistorySaverImpl        : gaza table exists
2020-10-27 20:32:10.000  INFO 11744 --- [er @coroutine#1] o.a.f.lib.MoexISSHistorySaverImpl        : Already loaded info: AlreadyLoadedInfo(tradeDate=2020-10-26, lastRowNum=1608)
2020-10-27 20:32:10.000  INFO 11744 --- [er @coroutine#1] o.a.f.lib.MoexISSHistoryLoader           : #reqDataForCheckLoaded: ticker=Ticker(value='gaza') | alreadyLoadedInfo=AlreadyLoadedInfo(tradeDate=2020-10-26, lastRowNum=1608)
2020-10-27 20:32:10.000  INFO 11744 --- [er @coroutine#1] o.a.f.lib.MoexISSHistoryLoader           : #loadRecords: ticker=Ticker(value='gaza') | recIdx=1607
2020-10-27 20:32:10.045  INFO 11744 --- [er @coroutine#1] o.a.f.lib.MoexISSHistoryLoader           :                 Start Load Pages
                ticker=Ticker(value='gaza')
                start=1608
                limit=100
2020-10-27 20:32:10.045  INFO 11744 --- [er @coroutine#1] o.a.f.lib.MoexISSHistoryLoader           : #loadPages: offset=1608

##### GAZAP #####
2020-10-27 20:32:10.103  INFO 11744 --- [er @coroutine#1] o.a.f.lib.MoexISSHistorySaverImpl        : Start Actualize Ticker [gazap] 
2020-10-27 20:32:10.231  INFO 11744 --- [er @coroutine#1] o.a.f.lib.MoexISSHistorySaverImpl        : gazap table exists
2020-10-27 20:32:10.241  INFO 11744 --- [er @coroutine#1] o.a.f.lib.MoexISSHistorySaverImpl        : Already loaded info: AlreadyLoadedInfo(tradeDate=2020-10-26, lastRowNum=1532)
2020-10-27 20:32:10.242  INFO 11744 --- [er @coroutine#1] o.a.f.lib.MoexISSHistoryLoader           : #reqDataForCheckLoaded: ticker=Ticker(value='gazap') | alreadyLoadedInfo=AlreadyLoadedInfo(tradeDate=2020-10-26, lastRowNum=1532)
2020-10-27 20:32:10.242  INFO 11744 --- [er @coroutine#1] o.a.f.lib.MoexISSHistoryLoader           : #loadRecords: ticker=Ticker(value='gazap') | recIdx=1531
2020-10-27 20:32:10.618  INFO 11744 --- [er @coroutine#1] o.a.f.lib.MoexISSHistoryLoader           :                 Start Load Pages
                ticker=Ticker(value='gazap')
                start=1532
                limit=100
2020-10-27 20:32:10.618  INFO 11744 --- [er @coroutine#1] o.a.f.lib.MoexISSHistoryLoader           : #loadPages: offset=1532

##### GAZC #####
2020-10-27 20:32:10.671  INFO 11744 --- [er @coroutine#1] o.a.f.lib.MoexISSHistorySaverImpl        : Start Actualize Ticker [gazc] 
2020-10-27 20:32:10.999  INFO 11744 --- [er @coroutine#1] o.a.f.lib.MoexISSHistorySaverImpl        : gazc table exists
2020-10-27 20:32:11.013  INFO 11744 --- [er @coroutine#1] o.a.f.lib.MoexISSHistorySaverImpl        : Already loaded info: AlreadyLoadedInfo(tradeDate=2020-10-26, lastRowNum=1608)
2020-10-27 20:32:11.013  INFO 11744 --- [er @coroutine#1] o.a.f.lib.MoexISSHistoryLoader           : #reqDataForCheckLoaded: ticker=Ticker(value='gazc') | alreadyLoadedInfo=AlreadyLoadedInfo(tradeDate=2020-10-26, lastRowNum=1608)
2020-10-27 20:32:11.013  INFO 11744 --- [er @coroutine#1] o.a.f.lib.MoexISSHistoryLoader           : #loadRecords: ticker=Ticker(value='gazc') | recIdx=1607
2020-10-27 20:32:11.060  INFO 11744 --- [er @coroutine#1] o.a.f.lib.MoexISSHistoryLoader           :                 Start Load Pages
                ticker=Ticker(value='gazc')
                start=1608
                limit=100
2020-10-27 20:32:11.060  INFO 11744 --- [er @coroutine#1] o.a.f.lib.MoexISSHistoryLoader           : #loadPages: offset=1608

##### GAZP #####
2020-10-27 20:32:11.112  INFO 11744 --- [er @coroutine#1] o.a.f.lib.MoexISSHistorySaverImpl        : Start Actualize Ticker [gazp] 
2020-10-27 20:32:11.334  INFO 11744 --- [er @coroutine#1] o.a.f.lib.MoexISSHistorySaverImpl        : gazp table exists
2020-10-27 20:32:18.486  INFO 11744 --- [er @coroutine#1] o.a.f.lib.MoexISSHistorySaverImpl        : Already loaded info: AlreadyLoadedInfo(tradeDate=2020-10-12, lastRowNum=1598)
2020-10-27 20:32:18.486  INFO 11744 --- [er @coroutine#1] o.a.f.lib.MoexISSHistoryLoader           : #reqDataForCheckLoaded: ticker=Ticker(value='gazp') | alreadyLoadedInfo=AlreadyLoadedInfo(tradeDate=2020-10-12, lastRowNum=1598)
2020-10-27 20:32:18.486  INFO 11744 --- [er @coroutine#1] o.a.f.lib.MoexISSHistoryLoader           : #loadRecords: ticker=Ticker(value='gazp') | recIdx=1597
2020-10-27 20:32:18.538  INFO 11744 --- [er @coroutine#1] o.a.f.lib.MoexISSHistoryLoader           :                 Start Load Pages
                ticker=Ticker(value='gazp')
                start=1598
                limit=100
2020-10-27 20:32:18.539  INFO 11744 --- [er @coroutine#1] o.a.f.lib.MoexISSHistoryLoader           : #loadPages: offset=1598
2020-10-27 20:32:18.629  INFO 11744 --- [er @coroutine#1] o.a.f.lib.MoexISSHistoryLoader           : #loadPages: offset=1698

##### GAZS #####
2020-10-27 20:32:18.680  INFO 11744 --- [er @coroutine#1] o.a.f.lib.MoexISSHistorySaverImpl        : Start Actualize Ticker [gazs] 
2020-10-27 20:32:18.788  INFO 11744 --- [er @coroutine#1] o.a.f.lib.MoexISSHistorySaverImpl        : gazs table exists
2020-10-27 20:32:18.799  INFO 11744 --- [er @coroutine#1] o.a.f.lib.MoexISSHistorySaverImpl        : Already loaded info: AlreadyLoadedInfo(tradeDate=2020-10-26, lastRowNum=1608)
2020-10-27 20:32:18.800  INFO 11744 --- [er @coroutine#1] o.a.f.lib.MoexISSHistoryLoader           : #reqDataForCheckLoaded: ticker=Ticker(value='gazs') | alreadyLoadedInfo=AlreadyLoadedInfo(tradeDate=2020-10-26, lastRowNum=1608)
2020-10-27 20:32:18.800  INFO 11744 --- [er @coroutine#1] o.a.f.lib.MoexISSHistoryLoader           : #loadRecords: ticker=Ticker(value='gazs') | recIdx=1607
2020-10-27 20:32:18.878  INFO 11744 --- [er @coroutine#1] o.a.f.lib.MoexISSHistoryLoader           :                 Start Load Pages
                ticker=Ticker(value='gazs')
                start=1608
                limit=100
2020-10-27 20:32:18.879  INFO 11744 --- [er @coroutine#1] o.a.f.lib.MoexISSHistoryLoader           : #loadPages: offset=1608

##### GAZT #####
2020-10-27 20:32:18.934  INFO 11744 --- [er @coroutine#1] o.a.f.lib.MoexISSHistorySaverImpl        : Start Actualize Ticker [gazt] 
2020-10-27 20:32:19.039  INFO 11744 --- [er @coroutine#1] o.a.f.lib.MoexISSHistorySaverImpl        : gazt table exists
2020-10-27 20:32:19.052  INFO 11744 --- [er @coroutine#1] o.a.f.lib.MoexISSHistorySaverImpl        : Already loaded info: AlreadyLoadedInfo(tradeDate=2020-10-26, lastRowNum=1608)
2020-10-27 20:32:19.052  INFO 11744 --- [er @coroutine#1] o.a.f.lib.MoexISSHistoryLoader           : #reqDataForCheckLoaded: ticker=Ticker(value='gazt') | alreadyLoadedInfo=AlreadyLoadedInfo(tradeDate=2020-10-26, lastRowNum=1608)
2020-10-27 20:32:19.052  INFO 11744 --- [er @coroutine#1] o.a.f.lib.MoexISSHistoryLoader           : #loadRecords: ticker=Ticker(value='gazt') | recIdx=1607
2020-10-27 20:32:19.103  INFO 11744 --- [er @coroutine#1] o.a.f.lib.MoexISSHistoryLoader           :                 Start Load Pages
                ticker=Ticker(value='gazt')
                start=1608
                limit=100
2020-10-27 20:32:19.103  INFO 11744 --- [er @coroutine#1] o.a.f.lib.MoexISSHistoryLoader           : #loadPages: offset=1608

##### GCHE #####
2020-10-27 20:32:19.161  INFO 11744 --- [er @coroutine#1] o.a.f.lib.MoexISSHistorySaverImpl        : Start Actualize Ticker [gche] 
2020-10-27 20:32:19.271  INFO 11744 --- [er @coroutine#1] o.a.f.lib.MoexISSHistorySaverImpl        : gche table exists
2020-10-27 20:32:19.283  INFO 11744 --- [er @coroutine#1] o.a.f.lib.MoexISSHistorySaverImpl        : Already loaded info: AlreadyLoadedInfo(tradeDate=2020-10-26, lastRowNum=1799)
2020-10-27 20:32:19.284  INFO 11744 --- [er @coroutine#1] o.a.f.lib.MoexISSHistoryLoader           : #reqDataForCheckLoaded: ticker=Ticker(value='gche') | alreadyLoadedInfo=AlreadyLoadedInfo(tradeDate=2020-10-26, lastRowNum=1799)
2020-10-27 20:32:19.284  INFO 11744 --- [er @coroutine#1] o.a.f.lib.MoexISSHistoryLoader           : #loadRecords: ticker=Ticker(value='gche') | recIdx=1798
2020-10-27 20:32:19.342  INFO 11744 --- [er @coroutine#1] o.a.f.lib.MoexISSHistoryLoader           :                 Start Load Pages
                ticker=Ticker(value='gche')
                start=1799
                limit=100
2020-10-27 20:32:19.342  INFO 11744 --- [er @coroutine#1] o.a.f.lib.MoexISSHistoryLoader           : #loadPages: offset=1799

##### GEMA #####
2020-10-27 20:32:19.396  INFO 11744 --- [er @coroutine#1] o.a.f.lib.MoexISSHistorySaverImpl        : Start Actualize Ticker [gema] 
2020-10-27 20:32:19.505  INFO 11744 --- [er @coroutine#1] o.a.f.lib.MoexISSHistorySaverImpl        : gema table exists
2020-10-27 20:32:19.516  INFO 11744 --- [er @coroutine#1] o.a.f.lib.MoexISSHistorySaverImpl        : Already loaded info: AlreadyLoadedInfo(tradeDate=2020-10-26, lastRowNum=316)
2020-10-27 20:32:19.516  INFO 11744 --- [er @coroutine#1] o.a.f.lib.MoexISSHistoryLoader           : #reqDataForCheckLoaded: ticker=Ticker(value='gema') | alreadyLoadedInfo=AlreadyLoadedInfo(tradeDate=2020-10-26, lastRowNum=316)
2020-10-27 20:32:19.516  INFO 11744 --- [er @coroutine#1] o.a.f.lib.MoexISSHistoryLoader           : #loadRecords: ticker=Ticker(value='gema') | recIdx=315
2020-10-27 20:32:19.556  INFO 11744 --- [er @coroutine#1] o.a.f.lib.MoexISSHistoryLoader           :                 Start Load Pages
                ticker=Ticker(value='gema')
                start=316
                limit=100
2020-10-27 20:32:19.557  INFO 11744 --- [er @coroutine#1] o.a.f.lib.MoexISSHistoryLoader           : #loadPages: offset=316

##### GMKN #####
2020-10-27 20:32:19.601  INFO 11744 --- [er @coroutine#1] o.a.f.lib.MoexISSHistorySaverImpl        : Start Actualize Ticker [gmkn] 
2020-10-27 20:32:19.817  INFO 11744 --- [er @coroutine#1] o.a.f.lib.MoexISSHistorySaverImpl        : gmkn table exists
2020-10-27 20:32:19.831  INFO 11744 --- [er @coroutine#1] o.a.f.lib.MoexISSHistorySaverImpl        : Already loaded info: AlreadyLoadedInfo(tradeDate=2020-10-26, lastRowNum=1608)
2020-10-27 20:32:19.831  INFO 11744 --- [er @coroutine#1] o.a.f.lib.MoexISSHistoryLoader           : #reqDataForCheckLoaded: ticker=Ticker(value='gmkn') | alreadyLoadedInfo=AlreadyLoadedInfo(tradeDate=2020-10-26, lastRowNum=1608)
2020-10-27 20:32:19.831  INFO 11744 --- [er @coroutine#1] o.a.f.lib.MoexISSHistoryLoader           : #loadRecords: ticker=Ticker(value='gmkn') | recIdx=1607
2020-10-27 20:32:19.883  INFO 11744 --- [er @coroutine#1] o.a.f.lib.MoexISSHistoryLoader           :                 Start Load Pages
                ticker=Ticker(value='gmkn')
                start=1608
                limit=100
2020-10-27 20:32:19.883  INFO 11744 --- [er @coroutine#1] o.a.f.lib.MoexISSHistoryLoader           : #loadPages: offset=1608

##### GTRK #####
2020-10-27 20:32:19.938  INFO 11744 --- [er @coroutine#1] o.a.f.lib.MoexISSHistorySaverImpl        : Start Actualize Ticker [gtrk] 
2020-10-27 20:32:20.049  INFO 11744 --- [er @coroutine#1] o.a.f.lib.MoexISSHistorySaverImpl        : gtrk table exists
2020-10-27 20:32:20.064  INFO 11744 --- [er @coroutine#1] o.a.f.lib.MoexISSHistorySaverImpl        : Already loaded info: AlreadyLoadedInfo(tradeDate=2020-10-26, lastRowNum=759)
2020-10-27 20:32:20.064  INFO 11744 --- [er @coroutine#1] o.a.f.lib.MoexISSHistoryLoader           : #reqDataForCheckLoaded: ticker=Ticker(value='gtrk') | alreadyLoadedInfo=AlreadyLoadedInfo(tradeDate=2020-10-26, lastRowNum=759)
2020-10-27 20:32:20.064  INFO 11744 --- [er @coroutine#1] o.a.f.lib.MoexISSHistoryLoader           : #loadRecords: ticker=Ticker(value='gtrk') | recIdx=758
2020-10-27 20:32:20.106  INFO 11744 --- [er @coroutine#1] o.a.f.lib.MoexISSHistoryLoader           :                 Start Load Pages
                ticker=Ticker(value='gtrk')
                start=759
                limit=100
2020-10-27 20:32:20.106  INFO 11744 --- [er @coroutine#1] o.a.f.lib.MoexISSHistoryLoader           : #loadPages: offset=759

##### GTSS #####
2020-10-27 20:32:20.151  INFO 11744 --- [er @coroutine#1] o.a.f.lib.MoexISSHistorySaverImpl        : Start Actualize Ticker [gtss] 
2020-10-27 20:32:20.269  INFO 11744 --- [er @coroutine#1] o.a.f.lib.MoexISSHistorySaverImpl        : gtss table exists
2020-10-27 20:32:20.282  INFO 11744 --- [er @coroutine#1] o.a.f.lib.MoexISSHistorySaverImpl        : Already loaded info: AlreadyLoadedInfo(tradeDate=2020-10-26, lastRowNum=1317)
2020-10-27 20:32:20.283  INFO 11744 --- [er @coroutine#1] o.a.f.lib.MoexISSHistoryLoader           : #reqDataForCheckLoaded: ticker=Ticker(value='gtss') | alreadyLoadedInfo=AlreadyLoadedInfo(tradeDate=2020-10-26, lastRowNum=1317)
2020-10-27 20:32:20.283  INFO 11744 --- [er @coroutine#1] o.a.f.lib.MoexISSHistoryLoader           : #loadRecords: ticker=Ticker(value='gtss') | recIdx=1316
2020-10-27 20:32:20.327  INFO 11744 --- [er @coroutine#1] o.a.f.lib.MoexISSHistoryLoader           :                 Start Load Pages
                ticker=Ticker(value='gtss')
                start=1317
                limit=100
2020-10-27 20:32:20.327  INFO 11744 --- [er @coroutine#1] o.a.f.lib.MoexISSHistoryLoader           : #loadPages: offset=1317

##### HALS #####
2020-10-27 20:32:20.367  INFO 11744 --- [er @coroutine#1] o.a.f.lib.MoexISSHistorySaverImpl        : Start Actualize Ticker [hals] 
2020-10-27 20:32:20.486  INFO 11744 --- [er @coroutine#1] o.a.f.lib.MoexISSHistorySaverImpl        : hals table exists
2020-10-27 20:32:20.497  INFO 11744 --- [er @coroutine#1] o.a.f.lib.MoexISSHistorySaverImpl        : Already loaded info: AlreadyLoadedInfo(tradeDate=2020-10-26, lastRowNum=1608)
2020-10-27 20:32:20.497  INFO 11744 --- [er @coroutine#1] o.a.f.lib.MoexISSHistoryLoader           : #reqDataForCheckLoaded: ticker=Ticker(value='hals') | alreadyLoadedInfo=AlreadyLoadedInfo(tradeDate=2020-10-26, lastRowNum=1608)
2020-10-27 20:32:20.497  INFO 11744 --- [er @coroutine#1] o.a.f.lib.MoexISSHistoryLoader           : #loadRecords: ticker=Ticker(value='hals') | recIdx=1607
2020-10-27 20:32:20.545  INFO 11744 --- [er @coroutine#1] o.a.f.lib.MoexISSHistoryLoader           :                 Start Load Pages
                ticker=Ticker(value='hals')
                start=1608
                limit=100
2020-10-27 20:32:20.545  INFO 11744 --- [er @coroutine#1] o.a.f.lib.MoexISSHistoryLoader           : #loadPages: offset=1608

##### HHRU #####
2020-10-27 20:32:20.595  INFO 11744 --- [er @coroutine#1] o.a.f.lib.MoexISSHistorySaverImpl        : Start Actualize Ticker [hhru] 
2020-10-27 20:32:20.706  INFO 11744 --- [er @coroutine#1] o.a.f.lib.MoexISSHistorySaverImpl        : hhru table exists
2020-10-27 20:32:20.720  INFO 11744 --- [er @coroutine#1] o.a.f.lib.MoexISSHistorySaverImpl        : Already loaded info: AlreadyLoadedInfo(tradeDate=2020-10-26, lastRowNum=22)
2020-10-27 20:32:20.720  INFO 11744 --- [er @coroutine#1] o.a.f.lib.MoexISSHistoryLoader           : #reqDataForCheckLoaded: ticker=Ticker(value='hhru') | alreadyLoadedInfo=AlreadyLoadedInfo(tradeDate=2020-10-26, lastRowNum=22)
2020-10-27 20:32:20.720  INFO 11744 --- [er @coroutine#1] o.a.f.lib.MoexISSHistoryLoader           : #loadRecords: ticker=Ticker(value='hhru') | recIdx=21
2020-10-27 20:32:20.755  INFO 11744 --- [er @coroutine#1] o.a.f.lib.MoexISSHistoryLoader           :                 Start Load Pages
                ticker=Ticker(value='hhru')
                start=22
                limit=100
2020-10-27 20:32:20.756  INFO 11744 --- [er @coroutine#1] o.a.f.lib.MoexISSHistoryLoader           : #loadPages: offset=22

##### HIMC #####
2020-10-27 20:32:20.799  INFO 11744 --- [er @coroutine#1] o.a.f.lib.MoexISSHistorySaverImpl        : Start Actualize Ticker [himc] 
2020-10-27 20:32:20.921  INFO 11744 --- [er @coroutine#1] o.a.f.lib.MoexISSHistorySaverImpl        : himc table exists
2020-10-27 20:32:20.933  INFO 11744 --- [er @coroutine#1] o.a.f.lib.MoexISSHistorySaverImpl        : Already loaded info: AlreadyLoadedInfo(tradeDate=2020-10-26, lastRowNum=1608)
2020-10-27 20:32:20.933  INFO 11744 --- [er @coroutine#1] o.a.f.lib.MoexISSHistoryLoader           : #reqDataForCheckLoaded: ticker=Ticker(value='himc') | alreadyLoadedInfo=AlreadyLoadedInfo(tradeDate=2020-10-26, lastRowNum=1608)
2020-10-27 20:32:20.933  INFO 11744 --- [er @coroutine#1] o.a.f.lib.MoexISSHistoryLoader           : #loadRecords: ticker=Ticker(value='himc') | recIdx=1607
2020-10-27 20:32:20.984  INFO 11744 --- [er @coroutine#1] o.a.f.lib.MoexISSHistoryLoader           :                 Start Load Pages
                ticker=Ticker(value='himc')
                start=1608
                limit=100
2020-10-27 20:32:20.984  INFO 11744 --- [er @coroutine#1] o.a.f.lib.MoexISSHistoryLoader           : #loadPages: offset=1608

##### HIMCP #####
2020-10-27 20:32:21.033  INFO 11744 --- [er @coroutine#1] o.a.f.lib.MoexISSHistorySaverImpl        : Start Actualize Ticker [himcp] 
2020-10-27 20:32:21.165  INFO 11744 --- [er @coroutine#1] o.a.f.lib.MoexISSHistorySaverImpl        : himcp table exists
2020-10-27 20:32:21.179  INFO 11744 --- [er @coroutine#1] o.a.f.lib.MoexISSHistorySaverImpl        : Already loaded info: AlreadyLoadedInfo(tradeDate=2020-10-26, lastRowNum=1608)
2020-10-27 20:32:21.179  INFO 11744 --- [er @coroutine#1] o.a.f.lib.MoexISSHistoryLoader           : #reqDataForCheckLoaded: ticker=Ticker(value='himcp') | alreadyLoadedInfo=AlreadyLoadedInfo(tradeDate=2020-10-26, lastRowNum=1608)
2020-10-27 20:32:21.179  INFO 11744 --- [er @coroutine#1] o.a.f.lib.MoexISSHistoryLoader           : #loadRecords: ticker=Ticker(value='himcp') | recIdx=1607
2020-10-27 20:32:21.229  INFO 11744 --- [er @coroutine#1] o.a.f.lib.MoexISSHistoryLoader           :                 Start Load Pages
                ticker=Ticker(value='himcp')
                start=1608
                limit=100
2020-10-27 20:32:21.229  INFO 11744 --- [er @coroutine#1] o.a.f.lib.MoexISSHistoryLoader           : #loadPages: offset=1608

##### HYDR #####
2020-10-27 20:32:21.275  INFO 11744 --- [er @coroutine#1] o.a.f.lib.MoexISSHistorySaverImpl        : Start Actualize Ticker [hydr] 
2020-10-27 20:32:21.391  INFO 11744 --- [er @coroutine#1] o.a.f.lib.MoexISSHistorySaverImpl        : hydr table exists
2020-10-27 20:32:21.410  INFO 11744 --- [er @coroutine#1] o.a.f.lib.MoexISSHistorySaverImpl        : Already loaded info: AlreadyLoadedInfo(tradeDate=2020-10-26, lastRowNum=1911)
2020-10-27 20:32:21.410  INFO 11744 --- [er @coroutine#1] o.a.f.lib.MoexISSHistoryLoader           : #reqDataForCheckLoaded: ticker=Ticker(value='hydr') | alreadyLoadedInfo=AlreadyLoadedInfo(tradeDate=2020-10-26, lastRowNum=1911)
2020-10-27 20:32:21.410  INFO 11744 --- [er @coroutine#1] o.a.f.lib.MoexISSHistoryLoader           : #loadRecords: ticker=Ticker(value='hydr') | recIdx=1910
2020-10-27 20:32:21.460  INFO 11744 --- [er @coroutine#1] o.a.f.lib.MoexISSHistoryLoader           :                 Start Load Pages
                ticker=Ticker(value='hydr')
                start=1911
                limit=100
2020-10-27 20:32:21.460  INFO 11744 --- [er @coroutine#1] o.a.f.lib.MoexISSHistoryLoader           : #loadPages: offset=1911

##### IGST #####
2020-10-27 20:32:21.516  INFO 11744 --- [er @coroutine#1] o.a.f.lib.MoexISSHistorySaverImpl        : Start Actualize Ticker [igst] 
2020-10-27 20:32:21.734  INFO 11744 --- [er @coroutine#1] o.a.f.lib.MoexISSHistorySaverImpl        : igst table exists
2020-10-27 20:32:21.746  INFO 11744 --- [er @coroutine#1] o.a.f.lib.MoexISSHistorySaverImpl        : Already loaded info: AlreadyLoadedInfo(tradeDate=2020-10-26, lastRowNum=1608)
2020-10-27 20:32:21.746  INFO 11744 --- [er @coroutine#1] o.a.f.lib.MoexISSHistoryLoader           : #reqDataForCheckLoaded: ticker=Ticker(value='igst') | alreadyLoadedInfo=AlreadyLoadedInfo(tradeDate=2020-10-26, lastRowNum=1608)
2020-10-27 20:32:21.746  INFO 11744 --- [er @coroutine#1] o.a.f.lib.MoexISSHistoryLoader           : #loadRecords: ticker=Ticker(value='igst') | recIdx=1607
2020-10-27 20:32:21.795  INFO 11744 --- [er @coroutine#1] o.a.f.lib.MoexISSHistoryLoader           :                 Start Load Pages
                ticker=Ticker(value='igst')
                start=1608
                limit=100
2020-10-27 20:32:21.795  INFO 11744 --- [er @coroutine#1] o.a.f.lib.MoexISSHistoryLoader           : #loadPages: offset=1608

##### IGSTP #####
2020-10-27 20:32:21.844  INFO 11744 --- [er @coroutine#1] o.a.f.lib.MoexISSHistorySaverImpl        : Start Actualize Ticker [igstp] 
2020-10-27 20:32:21.950  INFO 11744 --- [er @coroutine#1] o.a.f.lib.MoexISSHistorySaverImpl        : igstp table exists
2020-10-27 20:32:21.963  INFO 11744 --- [er @coroutine#1] o.a.f.lib.MoexISSHistorySaverImpl        : Already loaded info: AlreadyLoadedInfo(tradeDate=2020-10-26, lastRowNum=1608)
2020-10-27 20:32:21.963  INFO 11744 --- [er @coroutine#1] o.a.f.lib.MoexISSHistoryLoader           : #reqDataForCheckLoaded: ticker=Ticker(value='igstp') | alreadyLoadedInfo=AlreadyLoadedInfo(tradeDate=2020-10-26, lastRowNum=1608)
2020-10-27 20:32:21.963  INFO 11744 --- [er @coroutine#1] o.a.f.lib.MoexISSHistoryLoader           : #loadRecords: ticker=Ticker(value='igstp') | recIdx=1607
2020-10-27 20:32:22.011  INFO 11744 --- [er @coroutine#1] o.a.f.lib.MoexISSHistoryLoader           :                 Start Load Pages
                ticker=Ticker(value='igstp')
                start=1608
                limit=100
2020-10-27 20:32:22.011  INFO 11744 --- [er @coroutine#1] o.a.f.lib.MoexISSHistoryLoader           : #loadPages: offset=1608

##### INGR #####
2020-10-27 20:32:22.064  INFO 11744 --- [er @coroutine#1] o.a.f.lib.MoexISSHistorySaverImpl        : Start Actualize Ticker [ingr] 
2020-10-27 20:32:22.182  INFO 11744 --- [er @coroutine#1] o.a.f.lib.MoexISSHistorySaverImpl        : ingr table exists
2020-10-27 20:32:22.193  INFO 11744 --- [er @coroutine#1] o.a.f.lib.MoexISSHistorySaverImpl        : Already loaded info: AlreadyLoadedInfo(tradeDate=2020-10-26, lastRowNum=146)
2020-10-27 20:32:22.194  INFO 11744 --- [er @coroutine#1] o.a.f.lib.MoexISSHistoryLoader           : #reqDataForCheckLoaded: ticker=Ticker(value='ingr') | alreadyLoadedInfo=AlreadyLoadedInfo(tradeDate=2020-10-26, lastRowNum=146)
2020-10-27 20:32:22.194  INFO 11744 --- [er @coroutine#1] o.a.f.lib.MoexISSHistoryLoader           : #loadRecords: ticker=Ticker(value='ingr') | recIdx=145
2020-10-27 20:32:22.227  INFO 11744 --- [er @coroutine#1] o.a.f.lib.MoexISSHistoryLoader           :                 Start Load Pages
                ticker=Ticker(value='ingr')
                start=146
                limit=100
2020-10-27 20:32:22.227  INFO 11744 --- [er @coroutine#1] o.a.f.lib.MoexISSHistoryLoader           : #loadPages: offset=146

##### IRAO #####
2020-10-27 20:32:22.258  INFO 11744 --- [er @coroutine#1] o.a.f.lib.MoexISSHistorySaverImpl        : Start Actualize Ticker [irao] 
2020-10-27 20:32:22.497  INFO 11744 --- [er @coroutine#1] o.a.f.lib.MoexISSHistorySaverImpl        : irao table exists
2020-10-27 20:32:22.508  INFO 11744 --- [er @coroutine#1] o.a.f.lib.MoexISSHistorySaverImpl        : Already loaded info: AlreadyLoadedInfo(tradeDate=2020-10-26, lastRowNum=1829)
2020-10-27 20:32:22.508  INFO 11744 --- [er @coroutine#1] o.a.f.lib.MoexISSHistoryLoader           : #reqDataForCheckLoaded: ticker=Ticker(value='irao') | alreadyLoadedInfo=AlreadyLoadedInfo(tradeDate=2020-10-26, lastRowNum=1829)
2020-10-27 20:32:22.508  INFO 11744 --- [er @coroutine#1] o.a.f.lib.MoexISSHistoryLoader           : #loadRecords: ticker=Ticker(value='irao') | recIdx=1828
2020-10-27 20:32:22.550  INFO 11744 --- [er @coroutine#1] o.a.f.lib.MoexISSHistoryLoader           :                 Start Load Pages
                ticker=Ticker(value='irao')
                start=1829
                limit=100
2020-10-27 20:32:22.550  INFO 11744 --- [er @coroutine#1] o.a.f.lib.MoexISSHistoryLoader           : #loadPages: offset=1829

##### IRGZ #####
2020-10-27 20:32:22.610  INFO 11744 --- [er @coroutine#1] o.a.f.lib.MoexISSHistorySaverImpl        : Start Actualize Ticker [irgz] 
2020-10-27 20:32:22.732  INFO 11744 --- [er @coroutine#1] o.a.f.lib.MoexISSHistorySaverImpl        : irgz table exists
2020-10-27 20:32:22.746  INFO 11744 --- [er @coroutine#1] o.a.f.lib.MoexISSHistorySaverImpl        : Already loaded info: AlreadyLoadedInfo(tradeDate=2020-10-26, lastRowNum=1608)
2020-10-27 20:32:22.746  INFO 11744 --- [er @coroutine#1] o.a.f.lib.MoexISSHistoryLoader           : #reqDataForCheckLoaded: ticker=Ticker(value='irgz') | alreadyLoadedInfo=AlreadyLoadedInfo(tradeDate=2020-10-26, lastRowNum=1608)
2020-10-27 20:32:22.746  INFO 11744 --- [er @coroutine#1] o.a.f.lib.MoexISSHistoryLoader           : #loadRecords: ticker=Ticker(value='irgz') | recIdx=1607
2020-10-27 20:32:22.796  INFO 11744 --- [er @coroutine#1] o.a.f.lib.MoexISSHistoryLoader           :                 Start Load Pages
                ticker=Ticker(value='irgz')
                start=1608
                limit=100
2020-10-27 20:32:22.796  INFO 11744 --- [er @coroutine#1] o.a.f.lib.MoexISSHistoryLoader           : #loadPages: offset=1608

##### IRKT #####
2020-10-27 20:32:22.850  INFO 11744 --- [er @coroutine#1] o.a.f.lib.MoexISSHistorySaverImpl        : Start Actualize Ticker [irkt] 
2020-10-27 20:32:22.962  INFO 11744 --- [er @coroutine#1] o.a.f.lib.MoexISSHistorySaverImpl        : irkt table exists
2020-10-27 20:32:22.971  INFO 11744 --- [er @coroutine#1] o.a.f.lib.MoexISSHistorySaverImpl        : Already loaded info: AlreadyLoadedInfo(tradeDate=2020-10-26, lastRowNum=1608)
2020-10-27 20:32:22.971  INFO 11744 --- [er @coroutine#1] o.a.f.lib.MoexISSHistoryLoader           : #reqDataForCheckLoaded: ticker=Ticker(value='irkt') | alreadyLoadedInfo=AlreadyLoadedInfo(tradeDate=2020-10-26, lastRowNum=1608)
2020-10-27 20:32:22.972  INFO 11744 --- [er @coroutine#1] o.a.f.lib.MoexISSHistoryLoader           : #loadRecords: ticker=Ticker(value='irkt') | recIdx=1607
2020-10-27 20:32:23.024  INFO 11744 --- [er @coroutine#1] o.a.f.lib.MoexISSHistoryLoader           :                 Start Load Pages
                ticker=Ticker(value='irkt')
                start=1608
                limit=100
2020-10-27 20:32:23.025  INFO 11744 --- [er @coroutine#1] o.a.f.lib.MoexISSHistoryLoader           : #loadPages: offset=1608

##### ISKJ #####
2020-10-27 20:32:23.075  INFO 11744 --- [er @coroutine#1] o.a.f.lib.MoexISSHistorySaverImpl        : Start Actualize Ticker [iskj] 
2020-10-27 20:32:23.203  INFO 11744 --- [er @coroutine#1] o.a.f.lib.MoexISSHistorySaverImpl        : iskj table exists
2020-10-27 20:32:23.212  INFO 11744 --- [er @coroutine#1] o.a.f.lib.MoexISSHistorySaverImpl        : Already loaded info: AlreadyLoadedInfo(tradeDate=2020-10-26, lastRowNum=1608)
2020-10-27 20:32:23.212  INFO 11744 --- [er @coroutine#1] o.a.f.lib.MoexISSHistoryLoader           : #reqDataForCheckLoaded: ticker=Ticker(value='iskj') | alreadyLoadedInfo=AlreadyLoadedInfo(tradeDate=2020-10-26, lastRowNum=1608)
2020-10-27 20:32:23.212  INFO 11744 --- [er @coroutine#1] o.a.f.lib.MoexISSHistoryLoader           : #loadRecords: ticker=Ticker(value='iskj') | recIdx=1607
2020-10-27 20:32:23.260  INFO 11744 --- [er @coroutine#1] o.a.f.lib.MoexISSHistoryLoader           :                 Start Load Pages
                ticker=Ticker(value='iskj')
                start=1608
                limit=100
2020-10-27 20:32:23.261  INFO 11744 --- [er @coroutine#1] o.a.f.lib.MoexISSHistoryLoader           : #loadPages: offset=1608

##### JNOS #####
2020-10-27 20:32:23.307  INFO 11744 --- [er @coroutine#1] o.a.f.lib.MoexISSHistorySaverImpl        : Start Actualize Ticker [jnos] 
2020-10-27 20:32:23.435  INFO 11744 --- [er @coroutine#1] o.a.f.lib.MoexISSHistorySaverImpl        : jnos table exists
2020-10-27 20:32:23.445  INFO 11744 --- [er @coroutine#1] o.a.f.lib.MoexISSHistorySaverImpl        : Already loaded info: AlreadyLoadedInfo(tradeDate=2020-10-26, lastRowNum=1608)
2020-10-27 20:32:23.445  INFO 11744 --- [er @coroutine#1] o.a.f.lib.MoexISSHistoryLoader           : #reqDataForCheckLoaded: ticker=Ticker(value='jnos') | alreadyLoadedInfo=AlreadyLoadedInfo(tradeDate=2020-10-26, lastRowNum=1608)
2020-10-27 20:32:23.445  INFO 11744 --- [er @coroutine#1] o.a.f.lib.MoexISSHistoryLoader           : #loadRecords: ticker=Ticker(value='jnos') | recIdx=1607
2020-10-27 20:32:23.486  INFO 11744 --- [er @coroutine#1] o.a.f.lib.MoexISSHistoryLoader           :                 Start Load Pages
                ticker=Ticker(value='jnos')
                start=1608
                limit=100
2020-10-27 20:32:23.487  INFO 11744 --- [er @coroutine#1] o.a.f.lib.MoexISSHistoryLoader           : #loadPages: offset=1608

##### JNOSP #####
2020-10-27 20:32:23.543  INFO 11744 --- [er @coroutine#1] o.a.f.lib.MoexISSHistorySaverImpl        : Start Actualize Ticker [jnosp] 
2020-10-27 20:32:23.668  INFO 11744 --- [er @coroutine#1] o.a.f.lib.MoexISSHistorySaverImpl        : jnosp table exists
2020-10-27 20:32:23.680  INFO 11744 --- [er @coroutine#1] o.a.f.lib.MoexISSHistorySaverImpl        : Already loaded info: AlreadyLoadedInfo(tradeDate=2020-10-26, lastRowNum=1608)
2020-10-27 20:32:23.680  INFO 11744 --- [er @coroutine#1] o.a.f.lib.MoexISSHistoryLoader           : #reqDataForCheckLoaded: ticker=Ticker(value='jnosp') | alreadyLoadedInfo=AlreadyLoadedInfo(tradeDate=2020-10-26, lastRowNum=1608)
2020-10-27 20:32:23.680  INFO 11744 --- [er @coroutine#1] o.a.f.lib.MoexISSHistoryLoader           : #loadRecords: ticker=Ticker(value='jnosp') | recIdx=1607
2020-10-27 20:32:23.726  INFO 11744 --- [er @coroutine#1] o.a.f.lib.MoexISSHistoryLoader           :                 Start Load Pages
                ticker=Ticker(value='jnosp')
                start=1608
                limit=100
2020-10-27 20:32:23.726  INFO 11744 --- [er @coroutine#1] o.a.f.lib.MoexISSHistoryLoader           : #loadPages: offset=1608

##### KAZT #####
2020-10-27 20:32:23.775  INFO 11744 --- [er @coroutine#1] o.a.f.lib.MoexISSHistorySaverImpl        : Start Actualize Ticker [kazt] 
2020-10-27 20:32:23.878  INFO 11744 --- [er @coroutine#1] o.a.f.lib.MoexISSHistorySaverImpl        : kazt table exists
2020-10-27 20:32:23.891  INFO 11744 --- [er @coroutine#1] o.a.f.lib.MoexISSHistorySaverImpl        : Already loaded info: AlreadyLoadedInfo(tradeDate=2020-10-26, lastRowNum=1608)
2020-10-27 20:32:23.891  INFO 11744 --- [er @coroutine#1] o.a.f.lib.MoexISSHistoryLoader           : #reqDataForCheckLoaded: ticker=Ticker(value='kazt') | alreadyLoadedInfo=AlreadyLoadedInfo(tradeDate=2020-10-26, lastRowNum=1608)
2020-10-27 20:32:23.891  INFO 11744 --- [er @coroutine#1] o.a.f.lib.MoexISSHistoryLoader           : #loadRecords: ticker=Ticker(value='kazt') | recIdx=1607
2020-10-27 20:32:23.938  INFO 11744 --- [er @coroutine#1] o.a.f.lib.MoexISSHistoryLoader           :                 Start Load Pages
                ticker=Ticker(value='kazt')
                start=1608
                limit=100
2020-10-27 20:32:23.938  INFO 11744 --- [er @coroutine#1] o.a.f.lib.MoexISSHistoryLoader           : #loadPages: offset=1608

##### KAZTP #####
2020-10-27 20:32:23.983  INFO 11744 --- [er @coroutine#1] o.a.f.lib.MoexISSHistorySaverImpl        : Start Actualize Ticker [kaztp] 
2020-10-27 20:32:24.096  INFO 11744 --- [er @coroutine#1] o.a.f.lib.MoexISSHistorySaverImpl        : kaztp table exists
2020-10-27 20:32:24.109  INFO 11744 --- [er @coroutine#1] o.a.f.lib.MoexISSHistorySaverImpl        : Already loaded info: AlreadyLoadedInfo(tradeDate=2020-10-26, lastRowNum=1608)
2020-10-27 20:32:24.109  INFO 11744 --- [er @coroutine#1] o.a.f.lib.MoexISSHistoryLoader           : #reqDataForCheckLoaded: ticker=Ticker(value='kaztp') | alreadyLoadedInfo=AlreadyLoadedInfo(tradeDate=2020-10-26, lastRowNum=1608)
2020-10-27 20:32:24.109  INFO 11744 --- [er @coroutine#1] o.a.f.lib.MoexISSHistoryLoader           : #loadRecords: ticker=Ticker(value='kaztp') | recIdx=1607
2020-10-27 20:32:24.155  INFO 11744 --- [er @coroutine#1] o.a.f.lib.MoexISSHistoryLoader           :                 Start Load Pages
                ticker=Ticker(value='kaztp')
                start=1608
                limit=100
2020-10-27 20:32:24.155  INFO 11744 --- [er @coroutine#1] o.a.f.lib.MoexISSHistoryLoader           : #loadPages: offset=1608

##### KBSB #####
2020-10-27 20:32:24.204  INFO 11744 --- [er @coroutine#1] o.a.f.lib.MoexISSHistorySaverImpl        : Start Actualize Ticker [kbsb] 
2020-10-27 20:32:24.316  INFO 11744 --- [er @coroutine#1] o.a.f.lib.MoexISSHistorySaverImpl        : kbsb table exists
2020-10-27 20:32:24.328  INFO 11744 --- [er @coroutine#1] o.a.f.lib.MoexISSHistorySaverImpl        : Already loaded info: AlreadyLoadedInfo(tradeDate=2020-10-26, lastRowNum=1608)
2020-10-27 20:32:24.328  INFO 11744 --- [er @coroutine#1] o.a.f.lib.MoexISSHistoryLoader           : #reqDataForCheckLoaded: ticker=Ticker(value='kbsb') | alreadyLoadedInfo=AlreadyLoadedInfo(tradeDate=2020-10-26, lastRowNum=1608)
2020-10-27 20:32:24.328  INFO 11744 --- [er @coroutine#1] o.a.f.lib.MoexISSHistoryLoader           : #loadRecords: ticker=Ticker(value='kbsb') | recIdx=1607
2020-10-27 20:32:24.393  INFO 11744 --- [er @coroutine#1] o.a.f.lib.MoexISSHistoryLoader           :                 Start Load Pages
                ticker=Ticker(value='kbsb')
                start=1608
                limit=100
2020-10-27 20:32:24.393  INFO 11744 --- [er @coroutine#1] o.a.f.lib.MoexISSHistoryLoader           : #loadPages: offset=1608

##### KBTK #####
2020-10-27 20:32:24.444  INFO 11744 --- [er @coroutine#1] o.a.f.lib.MoexISSHistorySaverImpl        : Start Actualize Ticker [kbtk] 
2020-10-27 20:32:24.551  INFO 11744 --- [er @coroutine#1] o.a.f.lib.MoexISSHistorySaverImpl        : kbtk table exists
2020-10-27 20:32:24.561  INFO 11744 --- [er @coroutine#1] o.a.f.lib.MoexISSHistorySaverImpl        : Already loaded info: AlreadyLoadedInfo(tradeDate=2020-10-26, lastRowNum=1608)
2020-10-27 20:32:24.561  INFO 11744 --- [er @coroutine#1] o.a.f.lib.MoexISSHistoryLoader           : #reqDataForCheckLoaded: ticker=Ticker(value='kbtk') | alreadyLoadedInfo=AlreadyLoadedInfo(tradeDate=2020-10-26, lastRowNum=1608)
2020-10-27 20:32:24.561  INFO 11744 --- [er @coroutine#1] o.a.f.lib.MoexISSHistoryLoader           : #loadRecords: ticker=Ticker(value='kbtk') | recIdx=1607
2020-10-27 20:32:24.609  INFO 11744 --- [er @coroutine#1] o.a.f.lib.MoexISSHistoryLoader           :                 Start Load Pages
                ticker=Ticker(value='kbtk')
                start=1608
                limit=100
2020-10-27 20:32:24.609  INFO 11744 --- [er @coroutine#1] o.a.f.lib.MoexISSHistoryLoader           : #loadPages: offset=1608

##### KCHE #####
2020-10-27 20:32:24.663  INFO 11744 --- [er @coroutine#1] o.a.f.lib.MoexISSHistorySaverImpl        : Start Actualize Ticker [kche] 
2020-10-27 20:32:24.770  INFO 11744 --- [er @coroutine#1] o.a.f.lib.MoexISSHistorySaverImpl        : kche table exists
2020-10-27 20:32:24.782  INFO 11744 --- [er @coroutine#1] o.a.f.lib.MoexISSHistorySaverImpl        : Already loaded info: AlreadyLoadedInfo(tradeDate=2020-10-26, lastRowNum=1608)
2020-10-27 20:32:24.782  INFO 11744 --- [er @coroutine#1] o.a.f.lib.MoexISSHistoryLoader           : #reqDataForCheckLoaded: ticker=Ticker(value='kche') | alreadyLoadedInfo=AlreadyLoadedInfo(tradeDate=2020-10-26, lastRowNum=1608)
2020-10-27 20:32:24.782  INFO 11744 --- [er @coroutine#1] o.a.f.lib.MoexISSHistoryLoader           : #loadRecords: ticker=Ticker(value='kche') | recIdx=1607
2020-10-27 20:32:24.831  INFO 11744 --- [er @coroutine#1] o.a.f.lib.MoexISSHistoryLoader           :                 Start Load Pages
                ticker=Ticker(value='kche')
                start=1608
                limit=100
2020-10-27 20:32:24.831  INFO 11744 --- [er @coroutine#1] o.a.f.lib.MoexISSHistoryLoader           : #loadPages: offset=1608

##### KCHEP #####
2020-10-27 20:32:24.877  INFO 11744 --- [er @coroutine#1] o.a.f.lib.MoexISSHistorySaverImpl        : Start Actualize Ticker [kchep] 
2020-10-27 20:32:25.100  INFO 11744 --- [er @coroutine#1] o.a.f.lib.MoexISSHistorySaverImpl        : kchep table exists
2020-10-27 20:32:25.112  INFO 11744 --- [er @coroutine#1] o.a.f.lib.MoexISSHistorySaverImpl        : Already loaded info: AlreadyLoadedInfo(tradeDate=2020-10-26, lastRowNum=1608)
2020-10-27 20:32:25.113  INFO 11744 --- [er @coroutine#1] o.a.f.lib.MoexISSHistoryLoader           : #reqDataForCheckLoaded: ticker=Ticker(value='kchep') | alreadyLoadedInfo=AlreadyLoadedInfo(tradeDate=2020-10-26, lastRowNum=1608)
2020-10-27 20:32:25.113  INFO 11744 --- [er @coroutine#1] o.a.f.lib.MoexISSHistoryLoader           : #loadRecords: ticker=Ticker(value='kchep') | recIdx=1607
2020-10-27 20:32:25.155  INFO 11744 --- [er @coroutine#1] o.a.f.lib.MoexISSHistoryLoader           :                 Start Load Pages
                ticker=Ticker(value='kchep')
                start=1608
                limit=100
2020-10-27 20:32:25.155  INFO 11744 --- [er @coroutine#1] o.a.f.lib.MoexISSHistoryLoader           : #loadPages: offset=1608

##### KGKC #####
2020-10-27 20:32:25.205  INFO 11744 --- [er @coroutine#1] o.a.f.lib.MoexISSHistorySaverImpl        : Start Actualize Ticker [kgkc] 
2020-10-27 20:32:25.342  INFO 11744 --- [er @coroutine#1] o.a.f.lib.MoexISSHistorySaverImpl        : kgkc table exists
2020-10-27 20:32:25.356  INFO 11744 --- [er @coroutine#1] o.a.f.lib.MoexISSHistorySaverImpl        : Already loaded info: AlreadyLoadedInfo(tradeDate=2020-10-26, lastRowNum=1608)
2020-10-27 20:32:25.356  INFO 11744 --- [er @coroutine#1] o.a.f.lib.MoexISSHistoryLoader           : #reqDataForCheckLoaded: ticker=Ticker(value='kgkc') | alreadyLoadedInfo=AlreadyLoadedInfo(tradeDate=2020-10-26, lastRowNum=1608)
2020-10-27 20:32:25.356  INFO 11744 --- [er @coroutine#1] o.a.f.lib.MoexISSHistoryLoader           : #loadRecords: ticker=Ticker(value='kgkc') | recIdx=1607
2020-10-27 20:32:25.408  INFO 11744 --- [er @coroutine#1] o.a.f.lib.MoexISSHistoryLoader           :                 Start Load Pages
                ticker=Ticker(value='kgkc')
                start=1608
                limit=100
2020-10-27 20:32:25.408  INFO 11744 --- [er @coroutine#1] o.a.f.lib.MoexISSHistoryLoader           : #loadPages: offset=1608

##### KGKCP #####
2020-10-27 20:32:25.456  INFO 11744 --- [er @coroutine#1] o.a.f.lib.MoexISSHistorySaverImpl        : Start Actualize Ticker [kgkcp] 
2020-10-27 20:32:25.575  INFO 11744 --- [er @coroutine#1] o.a.f.lib.MoexISSHistorySaverImpl        : kgkcp table exists
2020-10-27 20:32:25.585  INFO 11744 --- [er @coroutine#1] o.a.f.lib.MoexISSHistorySaverImpl        : Already loaded info: AlreadyLoadedInfo(tradeDate=2020-10-26, lastRowNum=1608)
2020-10-27 20:32:25.586  INFO 11744 --- [er @coroutine#1] o.a.f.lib.MoexISSHistoryLoader           : #reqDataForCheckLoaded: ticker=Ticker(value='kgkcp') | alreadyLoadedInfo=AlreadyLoadedInfo(tradeDate=2020-10-26, lastRowNum=1608)
2020-10-27 20:32:25.586  INFO 11744 --- [er @coroutine#1] o.a.f.lib.MoexISSHistoryLoader           : #loadRecords: ticker=Ticker(value='kgkcp') | recIdx=1607
2020-10-27 20:32:25.633  INFO 11744 --- [er @coroutine#1] o.a.f.lib.MoexISSHistoryLoader           :                 Start Load Pages
                ticker=Ticker(value='kgkcp')
                start=1608
                limit=100
2020-10-27 20:32:25.633  INFO 11744 --- [er @coroutine#1] o.a.f.lib.MoexISSHistoryLoader           : #loadPages: offset=1608

##### KLSB #####
2020-10-27 20:32:25.685  INFO 11744 --- [er @coroutine#1] o.a.f.lib.MoexISSHistorySaverImpl        : Start Actualize Ticker [klsb] 
2020-10-27 20:32:25.798  INFO 11744 --- [er @coroutine#1] o.a.f.lib.MoexISSHistorySaverImpl        : klsb table exists
2020-10-27 20:32:25.809  INFO 11744 --- [er @coroutine#1] o.a.f.lib.MoexISSHistorySaverImpl        : Already loaded info: AlreadyLoadedInfo(tradeDate=2020-10-26, lastRowNum=1608)
2020-10-27 20:32:25.810  INFO 11744 --- [er @coroutine#1] o.a.f.lib.MoexISSHistoryLoader           : #reqDataForCheckLoaded: ticker=Ticker(value='klsb') | alreadyLoadedInfo=AlreadyLoadedInfo(tradeDate=2020-10-26, lastRowNum=1608)
2020-10-27 20:32:25.810  INFO 11744 --- [er @coroutine#1] o.a.f.lib.MoexISSHistoryLoader           : #loadRecords: ticker=Ticker(value='klsb') | recIdx=1607
2020-10-27 20:32:25.850  INFO 11744 --- [er @coroutine#1] o.a.f.lib.MoexISSHistoryLoader           :                 Start Load Pages
                ticker=Ticker(value='klsb')
                start=1608
                limit=100
2020-10-27 20:32:25.850  INFO 11744 --- [er @coroutine#1] o.a.f.lib.MoexISSHistoryLoader           : #loadPages: offset=1608

##### KMAZ #####
2020-10-27 20:32:25.897  INFO 11744 --- [er @coroutine#1] o.a.f.lib.MoexISSHistorySaverImpl        : Start Actualize Ticker [kmaz] 
2020-10-27 20:32:26.018  INFO 11744 --- [er @coroutine#1] o.a.f.lib.MoexISSHistorySaverImpl        : kmaz table exists
2020-10-27 20:32:26.032  INFO 11744 --- [er @coroutine#1] o.a.f.lib.MoexISSHistorySaverImpl        : Already loaded info: AlreadyLoadedInfo(tradeDate=2020-10-26, lastRowNum=1608)
2020-10-27 20:32:26.032  INFO 11744 --- [er @coroutine#1] o.a.f.lib.MoexISSHistoryLoader           : #reqDataForCheckLoaded: ticker=Ticker(value='kmaz') | alreadyLoadedInfo=AlreadyLoadedInfo(tradeDate=2020-10-26, lastRowNum=1608)
2020-10-27 20:32:26.032  INFO 11744 --- [er @coroutine#1] o.a.f.lib.MoexISSHistoryLoader           : #loadRecords: ticker=Ticker(value='kmaz') | recIdx=1607
2020-10-27 20:32:26.081  INFO 11744 --- [er @coroutine#1] o.a.f.lib.MoexISSHistoryLoader           :                 Start Load Pages
                ticker=Ticker(value='kmaz')
                start=1608
                limit=100
2020-10-27 20:32:26.081  INFO 11744 --- [er @coroutine#1] o.a.f.lib.MoexISSHistoryLoader           : #loadPages: offset=1608

##### KMEZ #####
2020-10-27 20:32:26.134  INFO 11744 --- [er @coroutine#1] o.a.f.lib.MoexISSHistorySaverImpl        : Start Actualize Ticker [kmez] 
2020-10-27 20:32:26.244  INFO 11744 --- [er @coroutine#1] o.a.f.lib.MoexISSHistorySaverImpl        : kmez table exists
2020-10-27 20:32:26.257  INFO 11744 --- [er @coroutine#1] o.a.f.lib.MoexISSHistorySaverImpl        : Already loaded info: AlreadyLoadedInfo(tradeDate=2020-10-26, lastRowNum=1608)
2020-10-27 20:32:26.257  INFO 11744 --- [er @coroutine#1] o.a.f.lib.MoexISSHistoryLoader           : #reqDataForCheckLoaded: ticker=Ticker(value='kmez') | alreadyLoadedInfo=AlreadyLoadedInfo(tradeDate=2020-10-26, lastRowNum=1608)
2020-10-27 20:32:26.257  INFO 11744 --- [er @coroutine#1] o.a.f.lib.MoexISSHistoryLoader           : #loadRecords: ticker=Ticker(value='kmez') | recIdx=1607
2020-10-27 20:32:26.300  INFO 11744 --- [er @coroutine#1] o.a.f.lib.MoexISSHistoryLoader           :                 Start Load Pages
                ticker=Ticker(value='kmez')
                start=1608
                limit=100
2020-10-27 20:32:26.300  INFO 11744 --- [er @coroutine#1] o.a.f.lib.MoexISSHistoryLoader           : #loadPages: offset=1608

##### KMTZ #####
2020-10-27 20:32:26.347  INFO 11744 --- [er @coroutine#1] o.a.f.lib.MoexISSHistorySaverImpl        : Start Actualize Ticker [kmtz] 
2020-10-27 20:32:26.556  INFO 11744 --- [er @coroutine#1] o.a.f.lib.MoexISSHistorySaverImpl        : kmtz table exists
2020-10-27 20:32:26.569  INFO 11744 --- [er @coroutine#1] o.a.f.lib.MoexISSHistorySaverImpl        : Already loaded info: AlreadyLoadedInfo(tradeDate=2020-10-26, lastRowNum=1608)
2020-10-27 20:32:26.570  INFO 11744 --- [er @coroutine#1] o.a.f.lib.MoexISSHistoryLoader           : #reqDataForCheckLoaded: ticker=Ticker(value='kmtz') | alreadyLoadedInfo=AlreadyLoadedInfo(tradeDate=2020-10-26, lastRowNum=1608)
2020-10-27 20:32:26.570  INFO 11744 --- [er @coroutine#1] o.a.f.lib.MoexISSHistoryLoader           : #loadRecords: ticker=Ticker(value='kmtz') | recIdx=1607
2020-10-27 20:32:26.612  INFO 11744 --- [er @coroutine#1] o.a.f.lib.MoexISSHistoryLoader           :                 Start Load Pages
                ticker=Ticker(value='kmtz')
                start=1608
                limit=100
2020-10-27 20:32:26.612  INFO 11744 --- [er @coroutine#1] o.a.f.lib.MoexISSHistoryLoader           : #loadPages: offset=1608

##### KOGK #####
2020-10-27 20:32:26.665  INFO 11744 --- [er @coroutine#1] o.a.f.lib.MoexISSHistorySaverImpl        : Start Actualize Ticker [kogk] 
2020-10-27 20:32:26.772  INFO 11744 --- [er @coroutine#1] o.a.f.lib.MoexISSHistorySaverImpl        : kogk table exists
2020-10-27 20:32:26.785  INFO 11744 --- [er @coroutine#1] o.a.f.lib.MoexISSHistorySaverImpl        : Already loaded info: AlreadyLoadedInfo(tradeDate=2020-10-26, lastRowNum=1608)
2020-10-27 20:32:26.785  INFO 11744 --- [er @coroutine#1] o.a.f.lib.MoexISSHistoryLoader           : #reqDataForCheckLoaded: ticker=Ticker(value='kogk') | alreadyLoadedInfo=AlreadyLoadedInfo(tradeDate=2020-10-26, lastRowNum=1608)
2020-10-27 20:32:26.785  INFO 11744 --- [er @coroutine#1] o.a.f.lib.MoexISSHistoryLoader           : #loadRecords: ticker=Ticker(value='kogk') | recIdx=1607
2020-10-27 20:32:26.836  INFO 11744 --- [er @coroutine#1] o.a.f.lib.MoexISSHistoryLoader           :                 Start Load Pages
                ticker=Ticker(value='kogk')
                start=1608
                limit=100
2020-10-27 20:32:26.836  INFO 11744 --- [er @coroutine#1] o.a.f.lib.MoexISSHistoryLoader           : #loadPages: offset=1608

##### KRKN #####
2020-10-27 20:32:26.891  INFO 11744 --- [er @coroutine#1] o.a.f.lib.MoexISSHistorySaverImpl        : Start Actualize Ticker [krkn] 
2020-10-27 20:32:27.000  INFO 11744 --- [er @coroutine#1] o.a.f.lib.MoexISSHistorySaverImpl        : krkn table exists
2020-10-27 20:32:27.012  INFO 11744 --- [er @coroutine#1] o.a.f.lib.MoexISSHistorySaverImpl        : Already loaded info: AlreadyLoadedInfo(tradeDate=2020-10-26, lastRowNum=1608)
2020-10-27 20:32:27.012  INFO 11744 --- [er @coroutine#1] o.a.f.lib.MoexISSHistoryLoader           : #reqDataForCheckLoaded: ticker=Ticker(value='krkn') | alreadyLoadedInfo=AlreadyLoadedInfo(tradeDate=2020-10-26, lastRowNum=1608)
2020-10-27 20:32:27.012  INFO 11744 --- [er @coroutine#1] o.a.f.lib.MoexISSHistoryLoader           : #loadRecords: ticker=Ticker(value='krkn') | recIdx=1607
2020-10-27 20:32:27.063  INFO 11744 --- [er @coroutine#1] o.a.f.lib.MoexISSHistoryLoader           :                 Start Load Pages
                ticker=Ticker(value='krkn')
                start=1608
                limit=100
2020-10-27 20:32:27.064  INFO 11744 --- [er @coroutine#1] o.a.f.lib.MoexISSHistoryLoader           : #loadPages: offset=1608

##### KRKNP #####
2020-10-27 20:32:27.105  INFO 11744 --- [er @coroutine#1] o.a.f.lib.MoexISSHistorySaverImpl        : Start Actualize Ticker [krknp] 
2020-10-27 20:32:27.213  INFO 11744 --- [er @coroutine#1] o.a.f.lib.MoexISSHistorySaverImpl        : krknp table exists
2020-10-27 20:32:27.226  INFO 11744 --- [er @coroutine#1] o.a.f.lib.MoexISSHistorySaverImpl        : Already loaded info: AlreadyLoadedInfo(tradeDate=2020-10-26, lastRowNum=1608)
2020-10-27 20:32:27.226  INFO 11744 --- [er @coroutine#1] o.a.f.lib.MoexISSHistoryLoader           : #reqDataForCheckLoaded: ticker=Ticker(value='krknp') | alreadyLoadedInfo=AlreadyLoadedInfo(tradeDate=2020-10-26, lastRowNum=1608)
2020-10-27 20:32:27.226  INFO 11744 --- [er @coroutine#1] o.a.f.lib.MoexISSHistoryLoader           : #loadRecords: ticker=Ticker(value='krknp') | recIdx=1607
2020-10-27 20:32:27.278  INFO 11744 --- [er @coroutine#1] o.a.f.lib.MoexISSHistoryLoader           :                 Start Load Pages
                ticker=Ticker(value='krknp')
                start=1608
                limit=100
2020-10-27 20:32:27.278  INFO 11744 --- [er @coroutine#1] o.a.f.lib.MoexISSHistoryLoader           : #loadPages: offset=1608

##### KRKO #####
2020-10-27 20:32:27.329  INFO 11744 --- [er @coroutine#1] o.a.f.lib.MoexISSHistorySaverImpl        : Start Actualize Ticker [krko] 
2020-10-27 20:32:27.442  INFO 11744 --- [er @coroutine#1] o.a.f.lib.MoexISSHistorySaverImpl        : krko table exists
2020-10-27 20:32:27.453  INFO 11744 --- [er @coroutine#1] o.a.f.lib.MoexISSHistorySaverImpl        : Already loaded info: AlreadyLoadedInfo(tradeDate=2020-10-26, lastRowNum=1608)
2020-10-27 20:32:27.453  INFO 11744 --- [er @coroutine#1] o.a.f.lib.MoexISSHistoryLoader           : #reqDataForCheckLoaded: ticker=Ticker(value='krko') | alreadyLoadedInfo=AlreadyLoadedInfo(tradeDate=2020-10-26, lastRowNum=1608)
2020-10-27 20:32:27.453  INFO 11744 --- [er @coroutine#1] o.a.f.lib.MoexISSHistoryLoader           : #loadRecords: ticker=Ticker(value='krko') | recIdx=1607
2020-10-27 20:32:27.505  INFO 11744 --- [er @coroutine#1] o.a.f.lib.MoexISSHistoryLoader           :                 Start Load Pages
                ticker=Ticker(value='krko')
                start=1608
                limit=100
2020-10-27 20:32:27.505  INFO 11744 --- [er @coroutine#1] o.a.f.lib.MoexISSHistoryLoader           : #loadPages: offset=1608

##### KRKOP #####
2020-10-27 20:32:27.553  INFO 11744 --- [er @coroutine#1] o.a.f.lib.MoexISSHistorySaverImpl        : Start Actualize Ticker [krkop] 
2020-10-27 20:32:27.671  INFO 11744 --- [er @coroutine#1] o.a.f.lib.MoexISSHistorySaverImpl        : krkop table exists
2020-10-27 20:32:27.684  INFO 11744 --- [er @coroutine#1] o.a.f.lib.MoexISSHistorySaverImpl        : Already loaded info: AlreadyLoadedInfo(tradeDate=2020-10-26, lastRowNum=1608)
2020-10-27 20:32:27.684  INFO 11744 --- [er @coroutine#1] o.a.f.lib.MoexISSHistoryLoader           : #reqDataForCheckLoaded: ticker=Ticker(value='krkop') | alreadyLoadedInfo=AlreadyLoadedInfo(tradeDate=2020-10-26, lastRowNum=1608)
2020-10-27 20:32:27.684  INFO 11744 --- [er @coroutine#1] o.a.f.lib.MoexISSHistoryLoader           : #loadRecords: ticker=Ticker(value='krkop') | recIdx=1607
2020-10-27 20:32:27.727  INFO 11744 --- [er @coroutine#1] o.a.f.lib.MoexISSHistoryLoader           :                 Start Load Pages
                ticker=Ticker(value='krkop')
                start=1608
                limit=100
2020-10-27 20:32:27.727  INFO 11744 --- [er @coroutine#1] o.a.f.lib.MoexISSHistoryLoader           : #loadPages: offset=1608

##### KROT #####
2020-10-27 20:32:27.773  INFO 11744 --- [er @coroutine#1] o.a.f.lib.MoexISSHistorySaverImpl        : Start Actualize Ticker [krot] 
2020-10-27 20:32:27.877  INFO 11744 --- [er @coroutine#1] o.a.f.lib.MoexISSHistorySaverImpl        : krot table exists
2020-10-27 20:32:27.891  INFO 11744 --- [er @coroutine#1] o.a.f.lib.MoexISSHistorySaverImpl        : Already loaded info: AlreadyLoadedInfo(tradeDate=2020-10-26, lastRowNum=1608)
2020-10-27 20:32:27.891  INFO 11744 --- [er @coroutine#1] o.a.f.lib.MoexISSHistoryLoader           : #reqDataForCheckLoaded: ticker=Ticker(value='krot') | alreadyLoadedInfo=AlreadyLoadedInfo(tradeDate=2020-10-26, lastRowNum=1608)
2020-10-27 20:32:27.891  INFO 11744 --- [er @coroutine#1] o.a.f.lib.MoexISSHistoryLoader           : #loadRecords: ticker=Ticker(value='krot') | recIdx=1607
2020-10-27 20:32:27.942  INFO 11744 --- [er @coroutine#1] o.a.f.lib.MoexISSHistoryLoader           :                 Start Load Pages
                ticker=Ticker(value='krot')
                start=1608
                limit=100
2020-10-27 20:32:27.942  INFO 11744 --- [er @coroutine#1] o.a.f.lib.MoexISSHistoryLoader           : #loadPages: offset=1608

##### KROTP #####
2020-10-27 20:32:27.988  INFO 11744 --- [er @coroutine#1] o.a.f.lib.MoexISSHistorySaverImpl        : Start Actualize Ticker [krotp] 
2020-10-27 20:32:28.100  INFO 11744 --- [er @coroutine#1] o.a.f.lib.MoexISSHistorySaverImpl        : krotp table exists
2020-10-27 20:32:28.113  INFO 11744 --- [er @coroutine#1] o.a.f.lib.MoexISSHistorySaverImpl        : Already loaded info: AlreadyLoadedInfo(tradeDate=2020-10-26, lastRowNum=1608)
2020-10-27 20:32:28.113  INFO 11744 --- [er @coroutine#1] o.a.f.lib.MoexISSHistoryLoader           : #reqDataForCheckLoaded: ticker=Ticker(value='krotp') | alreadyLoadedInfo=AlreadyLoadedInfo(tradeDate=2020-10-26, lastRowNum=1608)
2020-10-27 20:32:28.113  INFO 11744 --- [er @coroutine#1] o.a.f.lib.MoexISSHistoryLoader           : #loadRecords: ticker=Ticker(value='krotp') | recIdx=1607
2020-10-27 20:32:28.160  INFO 11744 --- [er @coroutine#1] o.a.f.lib.MoexISSHistoryLoader           :                 Start Load Pages
                ticker=Ticker(value='krotp')
                start=1608
                limit=100
2020-10-27 20:32:28.160  INFO 11744 --- [er @coroutine#1] o.a.f.lib.MoexISSHistoryLoader           : #loadPages: offset=1608

##### KRSB #####
2020-10-27 20:32:28.216  INFO 11744 --- [er @coroutine#1] o.a.f.lib.MoexISSHistorySaverImpl        : Start Actualize Ticker [krsb] 
2020-10-27 20:32:28.431  INFO 11744 --- [er @coroutine#1] o.a.f.lib.MoexISSHistorySaverImpl        : krsb table exists
2020-10-27 20:32:28.444  INFO 11744 --- [er @coroutine#1] o.a.f.lib.MoexISSHistorySaverImpl        : Already loaded info: AlreadyLoadedInfo(tradeDate=2020-10-26, lastRowNum=1608)
2020-10-27 20:32:28.444  INFO 11744 --- [er @coroutine#1] o.a.f.lib.MoexISSHistoryLoader           : #reqDataForCheckLoaded: ticker=Ticker(value='krsb') | alreadyLoadedInfo=AlreadyLoadedInfo(tradeDate=2020-10-26, lastRowNum=1608)
2020-10-27 20:32:28.444  INFO 11744 --- [er @coroutine#1] o.a.f.lib.MoexISSHistoryLoader           : #loadRecords: ticker=Ticker(value='krsb') | recIdx=1607
2020-10-27 20:32:28.490  INFO 11744 --- [er @coroutine#1] o.a.f.lib.MoexISSHistoryLoader           :                 Start Load Pages
                ticker=Ticker(value='krsb')
                start=1608
                limit=100
2020-10-27 20:32:28.490  INFO 11744 --- [er @coroutine#1] o.a.f.lib.MoexISSHistoryLoader           : #loadPages: offset=1608

##### KRSBP #####
2020-10-27 20:32:28.532  INFO 11744 --- [er @coroutine#1] o.a.f.lib.MoexISSHistorySaverImpl        : Start Actualize Ticker [krsbp] 
2020-10-27 20:32:28.737  INFO 11744 --- [er @coroutine#1] o.a.f.lib.MoexISSHistorySaverImpl        : krsbp table exists
2020-10-27 20:32:28.750  INFO 11744 --- [er @coroutine#1] o.a.f.lib.MoexISSHistorySaverImpl        : Already loaded info: AlreadyLoadedInfo(tradeDate=2020-10-26, lastRowNum=1608)
2020-10-27 20:32:28.750  INFO 11744 --- [er @coroutine#1] o.a.f.lib.MoexISSHistoryLoader           : #reqDataForCheckLoaded: ticker=Ticker(value='krsbp') | alreadyLoadedInfo=AlreadyLoadedInfo(tradeDate=2020-10-26, lastRowNum=1608)
2020-10-27 20:32:28.750  INFO 11744 --- [er @coroutine#1] o.a.f.lib.MoexISSHistoryLoader           : #loadRecords: ticker=Ticker(value='krsbp') | recIdx=1607
2020-10-27 20:32:28.804  INFO 11744 --- [er @coroutine#1] o.a.f.lib.MoexISSHistoryLoader           :                 Start Load Pages
                ticker=Ticker(value='krsbp')
                start=1608
                limit=100
2020-10-27 20:32:28.804  INFO 11744 --- [er @coroutine#1] o.a.f.lib.MoexISSHistoryLoader           : #loadPages: offset=1608

##### KSGR #####
2020-10-27 20:32:28.853  INFO 11744 --- [er @coroutine#1] o.a.f.lib.MoexISSHistorySaverImpl        : Start Actualize Ticker [ksgr] 
2020-10-27 20:32:28.956  INFO 11744 --- [er @coroutine#1] o.a.f.lib.MoexISSHistorySaverImpl        : ksgr table exists
2020-10-27 20:32:28.969  INFO 11744 --- [er @coroutine#1] o.a.f.lib.MoexISSHistorySaverImpl        : Already loaded info: AlreadyLoadedInfo(tradeDate=2020-10-26, lastRowNum=1608)
2020-10-27 20:32:28.969  INFO 11744 --- [er @coroutine#1] o.a.f.lib.MoexISSHistoryLoader           : #reqDataForCheckLoaded: ticker=Ticker(value='ksgr') | alreadyLoadedInfo=AlreadyLoadedInfo(tradeDate=2020-10-26, lastRowNum=1608)
2020-10-27 20:32:28.969  INFO 11744 --- [er @coroutine#1] o.a.f.lib.MoexISSHistoryLoader           : #loadRecords: ticker=Ticker(value='ksgr') | recIdx=1607
2020-10-27 20:32:29.017  INFO 11744 --- [er @coroutine#1] o.a.f.lib.MoexISSHistoryLoader           :                 Start Load Pages
                ticker=Ticker(value='ksgr')
                start=1608
                limit=100
2020-10-27 20:32:29.017  INFO 11744 --- [er @coroutine#1] o.a.f.lib.MoexISSHistoryLoader           : #loadPages: offset=1608

##### KTSB #####
2020-10-27 20:32:29.065  INFO 11744 --- [er @coroutine#1] o.a.f.lib.MoexISSHistorySaverImpl        : Start Actualize Ticker [ktsb] 
2020-10-27 20:32:29.280  INFO 11744 --- [er @coroutine#1] o.a.f.lib.MoexISSHistorySaverImpl        : ktsb table exists
2020-10-27 20:32:29.293  INFO 11744 --- [er @coroutine#1] o.a.f.lib.MoexISSHistorySaverImpl        : Already loaded info: AlreadyLoadedInfo(tradeDate=2020-10-26, lastRowNum=1608)
2020-10-27 20:32:29.293  INFO 11744 --- [er @coroutine#1] o.a.f.lib.MoexISSHistoryLoader           : #reqDataForCheckLoaded: ticker=Ticker(value='ktsb') | alreadyLoadedInfo=AlreadyLoadedInfo(tradeDate=2020-10-26, lastRowNum=1608)
2020-10-27 20:32:29.293  INFO 11744 --- [er @coroutine#1] o.a.f.lib.MoexISSHistoryLoader           : #loadRecords: ticker=Ticker(value='ktsb') | recIdx=1607
2020-10-27 20:32:29.340  INFO 11744 --- [er @coroutine#1] o.a.f.lib.MoexISSHistoryLoader           :                 Start Load Pages
                ticker=Ticker(value='ktsb')
                start=1608
                limit=100
2020-10-27 20:32:29.341  INFO 11744 --- [er @coroutine#1] o.a.f.lib.MoexISSHistoryLoader           : #loadPages: offset=1608

##### KTSBP #####
2020-10-27 20:32:29.389  INFO 11744 --- [er @coroutine#1] o.a.f.lib.MoexISSHistorySaverImpl        : Start Actualize Ticker [ktsbp] 
2020-10-27 20:32:29.522  INFO 11744 --- [er @coroutine#1] o.a.f.lib.MoexISSHistorySaverImpl        : ktsbp table exists
2020-10-27 20:32:29.533  INFO 11744 --- [er @coroutine#1] o.a.f.lib.MoexISSHistorySaverImpl        : Already loaded info: AlreadyLoadedInfo(tradeDate=2020-10-26, lastRowNum=1608)
2020-10-27 20:32:29.533  INFO 11744 --- [er @coroutine#1] o.a.f.lib.MoexISSHistoryLoader           : #reqDataForCheckLoaded: ticker=Ticker(value='ktsbp') | alreadyLoadedInfo=AlreadyLoadedInfo(tradeDate=2020-10-26, lastRowNum=1608)
2020-10-27 20:32:29.533  INFO 11744 --- [er @coroutine#1] o.a.f.lib.MoexISSHistoryLoader           : #loadRecords: ticker=Ticker(value='ktsbp') | recIdx=1607
2020-10-27 20:32:29.584  INFO 11744 --- [er @coroutine#1] o.a.f.lib.MoexISSHistoryLoader           :                 Start Load Pages
                ticker=Ticker(value='ktsbp')
                start=1608
                limit=100
2020-10-27 20:32:29.584  INFO 11744 --- [er @coroutine#1] o.a.f.lib.MoexISSHistoryLoader           : #loadPages: offset=1608

##### KUBE #####
2020-10-27 20:32:29.634  INFO 11744 --- [er @coroutine#1] o.a.f.lib.MoexISSHistorySaverImpl        : Start Actualize Ticker [kube] 
2020-10-27 20:32:29.758  INFO 11744 --- [er @coroutine#1] o.a.f.lib.MoexISSHistorySaverImpl        : kube table exists
2020-10-27 20:32:29.767  INFO 11744 --- [er @coroutine#1] o.a.f.lib.MoexISSHistorySaverImpl        : Already loaded info: AlreadyLoadedInfo(tradeDate=2020-10-26, lastRowNum=1608)
2020-10-27 20:32:29.767  INFO 11744 --- [er @coroutine#1] o.a.f.lib.MoexISSHistoryLoader           : #reqDataForCheckLoaded: ticker=Ticker(value='kube') | alreadyLoadedInfo=AlreadyLoadedInfo(tradeDate=2020-10-26, lastRowNum=1608)
2020-10-27 20:32:29.767  INFO 11744 --- [er @coroutine#1] o.a.f.lib.MoexISSHistoryLoader           : #loadRecords: ticker=Ticker(value='kube') | recIdx=1607
2020-10-27 20:32:29.814  INFO 11744 --- [er @coroutine#1] o.a.f.lib.MoexISSHistoryLoader           :                 Start Load Pages
                ticker=Ticker(value='kube')
                start=1608
                limit=100
2020-10-27 20:32:29.814  INFO 11744 --- [er @coroutine#1] o.a.f.lib.MoexISSHistoryLoader           : #loadPages: offset=1608

##### KUNF #####
2020-10-27 20:32:29.864  INFO 11744 --- [er @coroutine#1] o.a.f.lib.MoexISSHistorySaverImpl        : Start Actualize Ticker [kunf] 
2020-10-27 20:32:29.985  INFO 11744 --- [er @coroutine#1] o.a.f.lib.MoexISSHistorySaverImpl        : kunf table exists
2020-10-27 20:32:29.997  INFO 11744 --- [er @coroutine#1] o.a.f.lib.MoexISSHistorySaverImpl        : Already loaded info: AlreadyLoadedInfo(tradeDate=2020-10-26, lastRowNum=1608)
2020-10-27 20:32:29.998  INFO 11744 --- [er @coroutine#1] o.a.f.lib.MoexISSHistoryLoader           : #reqDataForCheckLoaded: ticker=Ticker(value='kunf') | alreadyLoadedInfo=AlreadyLoadedInfo(tradeDate=2020-10-26, lastRowNum=1608)
2020-10-27 20:32:29.998  INFO 11744 --- [er @coroutine#1] o.a.f.lib.MoexISSHistoryLoader           : #loadRecords: ticker=Ticker(value='kunf') | recIdx=1607
2020-10-27 20:32:30.045  INFO 11744 --- [er @coroutine#1] o.a.f.lib.MoexISSHistoryLoader           :                 Start Load Pages
                ticker=Ticker(value='kunf')
                start=1608
                limit=100
2020-10-27 20:32:30.045  INFO 11744 --- [er @coroutine#1] o.a.f.lib.MoexISSHistoryLoader           : #loadPages: offset=1608

##### KUZB #####
2020-10-27 20:32:30.094  INFO 11744 --- [er @coroutine#1] o.a.f.lib.MoexISSHistorySaverImpl        : Start Actualize Ticker [kuzb] 
2020-10-27 20:32:30.238  INFO 11744 --- [er @coroutine#1] o.a.f.lib.MoexISSHistorySaverImpl        : kuzb table exists
2020-10-27 20:32:30.248  INFO 11744 --- [er @coroutine#1] o.a.f.lib.MoexISSHistorySaverImpl        : Already loaded info: AlreadyLoadedInfo(tradeDate=2020-10-26, lastRowNum=1608)
2020-10-27 20:32:30.248  INFO 11744 --- [er @coroutine#1] o.a.f.lib.MoexISSHistoryLoader           : #reqDataForCheckLoaded: ticker=Ticker(value='kuzb') | alreadyLoadedInfo=AlreadyLoadedInfo(tradeDate=2020-10-26, lastRowNum=1608)
2020-10-27 20:32:30.248  INFO 11744 --- [er @coroutine#1] o.a.f.lib.MoexISSHistoryLoader           : #loadRecords: ticker=Ticker(value='kuzb') | recIdx=1607
2020-10-27 20:32:30.291  INFO 11744 --- [er @coroutine#1] o.a.f.lib.MoexISSHistoryLoader           :                 Start Load Pages
                ticker=Ticker(value='kuzb')
                start=1608
                limit=100
2020-10-27 20:32:30.291  INFO 11744 --- [er @coroutine#1] o.a.f.lib.MoexISSHistoryLoader           : #loadPages: offset=1608

##### KZMS #####
2020-10-27 20:32:30.337  INFO 11744 --- [er @coroutine#1] o.a.f.lib.MoexISSHistorySaverImpl        : Start Actualize Ticker [kzms] 
2020-10-27 20:32:30.448  INFO 11744 --- [er @coroutine#1] o.a.f.lib.MoexISSHistorySaverImpl        : kzms table exists
2020-10-27 20:32:30.458  INFO 11744 --- [er @coroutine#1] o.a.f.lib.MoexISSHistorySaverImpl        : Already loaded info: AlreadyLoadedInfo(tradeDate=2020-10-26, lastRowNum=1608)
2020-10-27 20:32:30.458  INFO 11744 --- [er @coroutine#1] o.a.f.lib.MoexISSHistoryLoader           : #reqDataForCheckLoaded: ticker=Ticker(value='kzms') | alreadyLoadedInfo=AlreadyLoadedInfo(tradeDate=2020-10-26, lastRowNum=1608)
2020-10-27 20:32:30.458  INFO 11744 --- [er @coroutine#1] o.a.f.lib.MoexISSHistoryLoader           : #loadRecords: ticker=Ticker(value='kzms') | recIdx=1607
2020-10-27 20:32:30.505  INFO 11744 --- [er @coroutine#1] o.a.f.lib.MoexISSHistoryLoader           :                 Start Load Pages
                ticker=Ticker(value='kzms')
                start=1608
                limit=100
2020-10-27 20:32:30.505  INFO 11744 --- [er @coroutine#1] o.a.f.lib.MoexISSHistoryLoader           : #loadPages: offset=1608

##### KZOS #####
2020-10-27 20:32:30.560  INFO 11744 --- [er @coroutine#1] o.a.f.lib.MoexISSHistorySaverImpl        : Start Actualize Ticker [kzos] 
2020-10-27 20:32:30.776  INFO 11744 --- [er @coroutine#1] o.a.f.lib.MoexISSHistorySaverImpl        : kzos table exists
2020-10-27 20:32:30.788  INFO 11744 --- [er @coroutine#1] o.a.f.lib.MoexISSHistorySaverImpl        : Already loaded info: AlreadyLoadedInfo(tradeDate=2020-10-26, lastRowNum=1608)
2020-10-27 20:32:30.788  INFO 11744 --- [er @coroutine#1] o.a.f.lib.MoexISSHistoryLoader           : #reqDataForCheckLoaded: ticker=Ticker(value='kzos') | alreadyLoadedInfo=AlreadyLoadedInfo(tradeDate=2020-10-26, lastRowNum=1608)
2020-10-27 20:32:30.788  INFO 11744 --- [er @coroutine#1] o.a.f.lib.MoexISSHistoryLoader           : #loadRecords: ticker=Ticker(value='kzos') | recIdx=1607
2020-10-27 20:32:30.836  INFO 11744 --- [er @coroutine#1] o.a.f.lib.MoexISSHistoryLoader           :                 Start Load Pages
                ticker=Ticker(value='kzos')
                start=1608
                limit=100
2020-10-27 20:32:30.837  INFO 11744 --- [er @coroutine#1] o.a.f.lib.MoexISSHistoryLoader           : #loadPages: offset=1608

##### KZOSP #####
2020-10-27 20:32:30.881  INFO 11744 --- [er @coroutine#1] o.a.f.lib.MoexISSHistorySaverImpl        : Start Actualize Ticker [kzosp] 
2020-10-27 20:32:30.997  INFO 11744 --- [er @coroutine#1] o.a.f.lib.MoexISSHistorySaverImpl        : kzosp table exists
2020-10-27 20:32:31.010  INFO 11744 --- [er @coroutine#1] o.a.f.lib.MoexISSHistorySaverImpl        : Already loaded info: AlreadyLoadedInfo(tradeDate=2020-10-26, lastRowNum=1608)
2020-10-27 20:32:31.010  INFO 11744 --- [er @coroutine#1] o.a.f.lib.MoexISSHistoryLoader           : #reqDataForCheckLoaded: ticker=Ticker(value='kzosp') | alreadyLoadedInfo=AlreadyLoadedInfo(tradeDate=2020-10-26, lastRowNum=1608)
2020-10-27 20:32:31.010  INFO 11744 --- [er @coroutine#1] o.a.f.lib.MoexISSHistoryLoader           : #loadRecords: ticker=Ticker(value='kzosp') | recIdx=1607
2020-10-27 20:32:31.105  INFO 11744 --- [er @coroutine#1] o.a.f.lib.MoexISSHistoryLoader           :                 Start Load Pages
                ticker=Ticker(value='kzosp')
                start=1608
                limit=100
2020-10-27 20:32:31.105  INFO 11744 --- [er @coroutine#1] o.a.f.lib.MoexISSHistoryLoader           : #loadPages: offset=1608

##### LIFE #####
2020-10-27 20:32:31.166  INFO 11744 --- [er @coroutine#1] o.a.f.lib.MoexISSHistorySaverImpl        : Start Actualize Ticker [life] 
2020-10-27 20:32:31.388  INFO 11744 --- [er @coroutine#1] o.a.f.lib.MoexISSHistorySaverImpl        : life table exists
2020-10-27 20:32:31.402  INFO 11744 --- [er @coroutine#1] o.a.f.lib.MoexISSHistorySaverImpl        : Already loaded info: AlreadyLoadedInfo(tradeDate=2020-10-26, lastRowNum=1608)
2020-10-27 20:32:31.402  INFO 11744 --- [er @coroutine#1] o.a.f.lib.MoexISSHistoryLoader           : #reqDataForCheckLoaded: ticker=Ticker(value='life') | alreadyLoadedInfo=AlreadyLoadedInfo(tradeDate=2020-10-26, lastRowNum=1608)
2020-10-27 20:32:31.402  INFO 11744 --- [er @coroutine#1] o.a.f.lib.MoexISSHistoryLoader           : #loadRecords: ticker=Ticker(value='life') | recIdx=1607
2020-10-27 20:32:31.455  INFO 11744 --- [er @coroutine#1] o.a.f.lib.MoexISSHistoryLoader           :                 Start Load Pages
                ticker=Ticker(value='life')
                start=1608
                limit=100
2020-10-27 20:32:31.455  INFO 11744 --- [er @coroutine#1] o.a.f.lib.MoexISSHistoryLoader           : #loadPages: offset=1608

##### LKOH #####
2020-10-27 20:32:31.505  INFO 11744 --- [er @coroutine#1] o.a.f.lib.MoexISSHistorySaverImpl        : Start Actualize Ticker [lkoh] 
2020-10-27 20:32:31.611  INFO 11744 --- [er @coroutine#1] o.a.f.lib.MoexISSHistorySaverImpl        : lkoh table exists
2020-10-27 20:32:31.623  INFO 11744 --- [er @coroutine#1] o.a.f.lib.MoexISSHistorySaverImpl        : Already loaded info: AlreadyLoadedInfo(tradeDate=2020-10-26, lastRowNum=1911)
2020-10-27 20:32:31.623  INFO 11744 --- [er @coroutine#1] o.a.f.lib.MoexISSHistoryLoader           : #reqDataForCheckLoaded: ticker=Ticker(value='lkoh') | alreadyLoadedInfo=AlreadyLoadedInfo(tradeDate=2020-10-26, lastRowNum=1911)
2020-10-27 20:32:31.623  INFO 11744 --- [er @coroutine#1] o.a.f.lib.MoexISSHistoryLoader           : #loadRecords: ticker=Ticker(value='lkoh') | recIdx=1910
2020-10-27 20:32:31.676  INFO 11744 --- [er @coroutine#1] o.a.f.lib.MoexISSHistoryLoader           :                 Start Load Pages
                ticker=Ticker(value='lkoh')
                start=1911
                limit=100
2020-10-27 20:32:31.676  INFO 11744 --- [er @coroutine#1] o.a.f.lib.MoexISSHistoryLoader           : #loadPages: offset=1911

##### LNTA #####
2020-10-27 20:32:31.724  INFO 11744 --- [er @coroutine#1] o.a.f.lib.MoexISSHistorySaverImpl        : Start Actualize Ticker [lnta] 
2020-10-27 20:32:31.836  INFO 11744 --- [er @coroutine#1] o.a.f.lib.MoexISSHistorySaverImpl        : lnta table exists
2020-10-27 20:32:31.849  INFO 11744 --- [er @coroutine#1] o.a.f.lib.MoexISSHistorySaverImpl        : Already loaded info: AlreadyLoadedInfo(tradeDate=2020-10-26, lastRowNum=1608)
2020-10-27 20:32:31.849  INFO 11744 --- [er @coroutine#1] o.a.f.lib.MoexISSHistoryLoader           : #reqDataForCheckLoaded: ticker=Ticker(value='lnta') | alreadyLoadedInfo=AlreadyLoadedInfo(tradeDate=2020-10-26, lastRowNum=1608)
2020-10-27 20:32:31.849  INFO 11744 --- [er @coroutine#1] o.a.f.lib.MoexISSHistoryLoader           : #loadRecords: ticker=Ticker(value='lnta') | recIdx=1607
2020-10-27 20:32:31.899  INFO 11744 --- [er @coroutine#1] o.a.f.lib.MoexISSHistoryLoader           :                 Start Load Pages
                ticker=Ticker(value='lnta')
                start=1608
                limit=100
2020-10-27 20:32:31.899  INFO 11744 --- [er @coroutine#1] o.a.f.lib.MoexISSHistoryLoader           : #loadPages: offset=1608

##### LNZL #####
2020-10-27 20:32:31.948  INFO 11744 --- [er @coroutine#1] o.a.f.lib.MoexISSHistorySaverImpl        : Start Actualize Ticker [lnzl] 
2020-10-27 20:32:32.156  INFO 11744 --- [er @coroutine#1] o.a.f.lib.MoexISSHistorySaverImpl        : lnzl table exists
2020-10-27 20:32:32.169  INFO 11744 --- [er @coroutine#1] o.a.f.lib.MoexISSHistorySaverImpl        : Already loaded info: AlreadyLoadedInfo(tradeDate=2020-10-26, lastRowNum=1608)
2020-10-27 20:32:32.169  INFO 11744 --- [er @coroutine#1] o.a.f.lib.MoexISSHistoryLoader           : #reqDataForCheckLoaded: ticker=Ticker(value='lnzl') | alreadyLoadedInfo=AlreadyLoadedInfo(tradeDate=2020-10-26, lastRowNum=1608)
2020-10-27 20:32:32.169  INFO 11744 --- [er @coroutine#1] o.a.f.lib.MoexISSHistoryLoader           : #loadRecords: ticker=Ticker(value='lnzl') | recIdx=1607
2020-10-27 20:32:32.221  INFO 11744 --- [er @coroutine#1] o.a.f.lib.MoexISSHistoryLoader           :                 Start Load Pages
                ticker=Ticker(value='lnzl')
                start=1608
                limit=100
2020-10-27 20:32:32.221  INFO 11744 --- [er @coroutine#1] o.a.f.lib.MoexISSHistoryLoader           : #loadPages: offset=1608

##### LNZLP #####
2020-10-27 20:32:32.276  INFO 11744 --- [er @coroutine#1] o.a.f.lib.MoexISSHistorySaverImpl        : Start Actualize Ticker [lnzlp] 
2020-10-27 20:32:32.383  INFO 11744 --- [er @coroutine#1] o.a.f.lib.MoexISSHistorySaverImpl        : lnzlp table exists
2020-10-27 20:32:32.396  INFO 11744 --- [er @coroutine#1] o.a.f.lib.MoexISSHistorySaverImpl        : Already loaded info: AlreadyLoadedInfo(tradeDate=2020-10-26, lastRowNum=1608)
2020-10-27 20:32:32.396  INFO 11744 --- [er @coroutine#1] o.a.f.lib.MoexISSHistoryLoader           : #reqDataForCheckLoaded: ticker=Ticker(value='lnzlp') | alreadyLoadedInfo=AlreadyLoadedInfo(tradeDate=2020-10-26, lastRowNum=1608)
2020-10-27 20:32:32.397  INFO 11744 --- [er @coroutine#1] o.a.f.lib.MoexISSHistoryLoader           : #loadRecords: ticker=Ticker(value='lnzlp') | recIdx=1607
2020-10-27 20:32:32.450  INFO 11744 --- [er @coroutine#1] o.a.f.lib.MoexISSHistoryLoader           :                 Start Load Pages
                ticker=Ticker(value='lnzlp')
                start=1608
                limit=100
2020-10-27 20:32:32.450  INFO 11744 --- [er @coroutine#1] o.a.f.lib.MoexISSHistoryLoader           : #loadPages: offset=1608

##### LPSB #####
2020-10-27 20:32:32.500  INFO 11744 --- [er @coroutine#1] o.a.f.lib.MoexISSHistorySaverImpl        : Start Actualize Ticker [lpsb] 
2020-10-27 20:32:32.613  INFO 11744 --- [er @coroutine#1] o.a.f.lib.MoexISSHistorySaverImpl        : lpsb table exists
2020-10-27 20:32:32.626  INFO 11744 --- [er @coroutine#1] o.a.f.lib.MoexISSHistorySaverImpl        : Already loaded info: AlreadyLoadedInfo(tradeDate=2020-10-26, lastRowNum=1608)
2020-10-27 20:32:32.626  INFO 11744 --- [er @coroutine#1] o.a.f.lib.MoexISSHistoryLoader           : #reqDataForCheckLoaded: ticker=Ticker(value='lpsb') | alreadyLoadedInfo=AlreadyLoadedInfo(tradeDate=2020-10-26, lastRowNum=1608)
2020-10-27 20:32:32.626  INFO 11744 --- [er @coroutine#1] o.a.f.lib.MoexISSHistoryLoader           : #loadRecords: ticker=Ticker(value='lpsb') | recIdx=1607
2020-10-27 20:32:32.683  INFO 11744 --- [er @coroutine#1] o.a.f.lib.MoexISSHistoryLoader           :                 Start Load Pages
                ticker=Ticker(value='lpsb')
                start=1608
                limit=100
2020-10-27 20:32:32.684  INFO 11744 --- [er @coroutine#1] o.a.f.lib.MoexISSHistoryLoader           : #loadPages: offset=1608

##### LSNG #####
2020-10-27 20:32:32.738  INFO 11744 --- [er @coroutine#1] o.a.f.lib.MoexISSHistorySaverImpl        : Start Actualize Ticker [lsng] 
2020-10-27 20:32:32.961  INFO 11744 --- [er @coroutine#1] o.a.f.lib.MoexISSHistorySaverImpl        : lsng table exists
2020-10-27 20:32:32.975  INFO 11744 --- [er @coroutine#1] o.a.f.lib.MoexISSHistorySaverImpl        : Already loaded info: AlreadyLoadedInfo(tradeDate=2020-10-26, lastRowNum=1608)
2020-10-27 20:32:32.975  INFO 11744 --- [er @coroutine#1] o.a.f.lib.MoexISSHistoryLoader           : #reqDataForCheckLoaded: ticker=Ticker(value='lsng') | alreadyLoadedInfo=AlreadyLoadedInfo(tradeDate=2020-10-26, lastRowNum=1608)
2020-10-27 20:32:32.976  INFO 11744 --- [er @coroutine#1] o.a.f.lib.MoexISSHistoryLoader           : #loadRecords: ticker=Ticker(value='lsng') | recIdx=1607
2020-10-27 20:32:33.023  INFO 11744 --- [er @coroutine#1] o.a.f.lib.MoexISSHistoryLoader           :                 Start Load Pages
                ticker=Ticker(value='lsng')
                start=1608
                limit=100
2020-10-27 20:32:33.023  INFO 11744 --- [er @coroutine#1] o.a.f.lib.MoexISSHistoryLoader           : #loadPages: offset=1608

##### LSNGP #####
2020-10-27 20:32:33.071  INFO 11744 --- [er @coroutine#1] o.a.f.lib.MoexISSHistorySaverImpl        : Start Actualize Ticker [lsngp] 
2020-10-27 20:32:33.178  INFO 11744 --- [er @coroutine#1] o.a.f.lib.MoexISSHistorySaverImpl        : lsngp table exists
2020-10-27 20:32:33.190  INFO 11744 --- [er @coroutine#1] o.a.f.lib.MoexISSHistorySaverImpl        : Already loaded info: AlreadyLoadedInfo(tradeDate=2020-10-26, lastRowNum=1608)
2020-10-27 20:32:33.190  INFO 11744 --- [er @coroutine#1] o.a.f.lib.MoexISSHistoryLoader           : #reqDataForCheckLoaded: ticker=Ticker(value='lsngp') | alreadyLoadedInfo=AlreadyLoadedInfo(tradeDate=2020-10-26, lastRowNum=1608)
2020-10-27 20:32:33.190  INFO 11744 --- [er @coroutine#1] o.a.f.lib.MoexISSHistoryLoader           : #loadRecords: ticker=Ticker(value='lsngp') | recIdx=1607
2020-10-27 20:32:33.235  INFO 11744 --- [er @coroutine#1] o.a.f.lib.MoexISSHistoryLoader           :                 Start Load Pages
                ticker=Ticker(value='lsngp')
                start=1608
                limit=100
2020-10-27 20:32:33.235  INFO 11744 --- [er @coroutine#1] o.a.f.lib.MoexISSHistoryLoader           : #loadPages: offset=1608

##### LSRG #####
2020-10-27 20:32:33.287  INFO 11744 --- [er @coroutine#1] o.a.f.lib.MoexISSHistorySaverImpl        : Start Actualize Ticker [lsrg] 
2020-10-27 20:32:33.502  INFO 11744 --- [er @coroutine#1] o.a.f.lib.MoexISSHistorySaverImpl        : lsrg table exists
2020-10-27 20:32:33.515  INFO 11744 --- [er @coroutine#1] o.a.f.lib.MoexISSHistorySaverImpl        : Already loaded info: AlreadyLoadedInfo(tradeDate=2020-10-26, lastRowNum=1839)
2020-10-27 20:32:33.515  INFO 11744 --- [er @coroutine#1] o.a.f.lib.MoexISSHistoryLoader           : #reqDataForCheckLoaded: ticker=Ticker(value='lsrg') | alreadyLoadedInfo=AlreadyLoadedInfo(tradeDate=2020-10-26, lastRowNum=1839)
2020-10-27 20:32:33.515  INFO 11744 --- [er @coroutine#1] o.a.f.lib.MoexISSHistoryLoader           : #loadRecords: ticker=Ticker(value='lsrg') | recIdx=1838
2020-10-27 20:32:33.567  INFO 11744 --- [er @coroutine#1] o.a.f.lib.MoexISSHistoryLoader           :                 Start Load Pages
                ticker=Ticker(value='lsrg')
                start=1839
                limit=100
2020-10-27 20:32:33.568  INFO 11744 --- [er @coroutine#1] o.a.f.lib.MoexISSHistoryLoader           : #loadPages: offset=1839

##### LVHK #####
2020-10-27 20:32:33.616  INFO 11744 --- [er @coroutine#1] o.a.f.lib.MoexISSHistorySaverImpl        : Start Actualize Ticker [lvhk] 
2020-10-27 20:32:33.721  INFO 11744 --- [er @coroutine#1] o.a.f.lib.MoexISSHistorySaverImpl        : lvhk table exists
2020-10-27 20:32:33.735  INFO 11744 --- [er @coroutine#1] o.a.f.lib.MoexISSHistorySaverImpl        : Already loaded info: AlreadyLoadedInfo(tradeDate=2020-10-26, lastRowNum=1608)
2020-10-27 20:32:33.735  INFO 11744 --- [er @coroutine#1] o.a.f.lib.MoexISSHistoryLoader           : #reqDataForCheckLoaded: ticker=Ticker(value='lvhk') | alreadyLoadedInfo=AlreadyLoadedInfo(tradeDate=2020-10-26, lastRowNum=1608)
2020-10-27 20:32:33.735  INFO 11744 --- [er @coroutine#1] o.a.f.lib.MoexISSHistoryLoader           : #loadRecords: ticker=Ticker(value='lvhk') | recIdx=1607
2020-10-27 20:32:33.781  INFO 11744 --- [er @coroutine#1] o.a.f.lib.MoexISSHistoryLoader           :                 Start Load Pages
                ticker=Ticker(value='lvhk')
                start=1608
                limit=100
2020-10-27 20:32:33.781  INFO 11744 --- [er @coroutine#1] o.a.f.lib.MoexISSHistoryLoader           : #loadPages: offset=1608

##### MAGE #####
2020-10-27 20:32:33.834  INFO 11744 --- [er @coroutine#1] o.a.f.lib.MoexISSHistorySaverImpl        : Start Actualize Ticker [mage] 
2020-10-27 20:32:33.948  INFO 11744 --- [er @coroutine#1] o.a.f.lib.MoexISSHistorySaverImpl        : mage table exists
2020-10-27 20:32:33.961  INFO 11744 --- [er @coroutine#1] o.a.f.lib.MoexISSHistorySaverImpl        : Already loaded info: AlreadyLoadedInfo(tradeDate=2020-10-26, lastRowNum=1608)
2020-10-27 20:32:33.961  INFO 11744 --- [er @coroutine#1] o.a.f.lib.MoexISSHistoryLoader           : #reqDataForCheckLoaded: ticker=Ticker(value='mage') | alreadyLoadedInfo=AlreadyLoadedInfo(tradeDate=2020-10-26, lastRowNum=1608)
2020-10-27 20:32:33.961  INFO 11744 --- [er @coroutine#1] o.a.f.lib.MoexISSHistoryLoader           : #loadRecords: ticker=Ticker(value='mage') | recIdx=1607
2020-10-27 20:32:34.011  INFO 11744 --- [er @coroutine#1] o.a.f.lib.MoexISSHistoryLoader           :                 Start Load Pages
                ticker=Ticker(value='mage')
                start=1608
                limit=100
2020-10-27 20:32:34.011  INFO 11744 --- [er @coroutine#1] o.a.f.lib.MoexISSHistoryLoader           : #loadPages: offset=1608

##### MAGEP #####
2020-10-27 20:32:34.079  INFO 11744 --- [er @coroutine#1] o.a.f.lib.MoexISSHistorySaverImpl        : Start Actualize Ticker [magep] 
2020-10-27 20:32:34.192  INFO 11744 --- [er @coroutine#1] o.a.f.lib.MoexISSHistorySaverImpl        : magep table exists
2020-10-27 20:32:34.207  INFO 11744 --- [er @coroutine#1] o.a.f.lib.MoexISSHistorySaverImpl        : Already loaded info: AlreadyLoadedInfo(tradeDate=2020-10-26, lastRowNum=1608)
2020-10-27 20:32:34.207  INFO 11744 --- [er @coroutine#1] o.a.f.lib.MoexISSHistoryLoader           : #reqDataForCheckLoaded: ticker=Ticker(value='magep') | alreadyLoadedInfo=AlreadyLoadedInfo(tradeDate=2020-10-26, lastRowNum=1608)
2020-10-27 20:32:34.207  INFO 11744 --- [er @coroutine#1] o.a.f.lib.MoexISSHistoryLoader           : #loadRecords: ticker=Ticker(value='magep') | recIdx=1607
2020-10-27 20:32:34.253  INFO 11744 --- [er @coroutine#1] o.a.f.lib.MoexISSHistoryLoader           :                 Start Load Pages
                ticker=Ticker(value='magep')
                start=1608
                limit=100
2020-10-27 20:32:34.253  INFO 11744 --- [er @coroutine#1] o.a.f.lib.MoexISSHistoryLoader           : #loadPages: offset=1608

##### MAGN #####
2020-10-27 20:32:34.304  INFO 11744 --- [er @coroutine#1] o.a.f.lib.MoexISSHistorySaverImpl        : Start Actualize Ticker [magn] 
2020-10-27 20:32:34.416  INFO 11744 --- [er @coroutine#1] o.a.f.lib.MoexISSHistorySaverImpl        : magn table exists
2020-10-27 20:32:34.428  INFO 11744 --- [er @coroutine#1] o.a.f.lib.MoexISSHistorySaverImpl        : Already loaded info: AlreadyLoadedInfo(tradeDate=2020-10-26, lastRowNum=1608)
2020-10-27 20:32:34.428  INFO 11744 --- [er @coroutine#1] o.a.f.lib.MoexISSHistoryLoader           : #reqDataForCheckLoaded: ticker=Ticker(value='magn') | alreadyLoadedInfo=AlreadyLoadedInfo(tradeDate=2020-10-26, lastRowNum=1608)
2020-10-27 20:32:34.428  INFO 11744 --- [er @coroutine#1] o.a.f.lib.MoexISSHistoryLoader           : #loadRecords: ticker=Ticker(value='magn') | recIdx=1607
2020-10-27 20:32:34.476  INFO 11744 --- [er @coroutine#1] o.a.f.lib.MoexISSHistoryLoader           :                 Start Load Pages
                ticker=Ticker(value='magn')
                start=1608
                limit=100
2020-10-27 20:32:34.476  INFO 11744 --- [er @coroutine#1] o.a.f.lib.MoexISSHistoryLoader           : #loadPages: offset=1608

##### MAIL #####
2020-10-27 20:32:34.527  INFO 11744 --- [er @coroutine#1] o.a.f.lib.MoexISSHistorySaverImpl        : Start Actualize Ticker [mail] 
2020-10-27 20:32:34.631  INFO 11744 --- [er @coroutine#1] o.a.f.lib.MoexISSHistorySaverImpl        : mail table exists
2020-10-27 20:32:34.644  INFO 11744 --- [er @coroutine#1] o.a.f.lib.MoexISSHistorySaverImpl        : Already loaded info: AlreadyLoadedInfo(tradeDate=2020-10-26, lastRowNum=83)
2020-10-27 20:32:34.644  INFO 11744 --- [er @coroutine#1] o.a.f.lib.MoexISSHistoryLoader           : #reqDataForCheckLoaded: ticker=Ticker(value='mail') | alreadyLoadedInfo=AlreadyLoadedInfo(tradeDate=2020-10-26, lastRowNum=83)
2020-10-27 20:32:34.644  INFO 11744 --- [er @coroutine#1] o.a.f.lib.MoexISSHistoryLoader           : #loadRecords: ticker=Ticker(value='mail') | recIdx=82
2020-10-27 20:32:34.675  INFO 11744 --- [er @coroutine#1] o.a.f.lib.MoexISSHistoryLoader           :                 Start Load Pages
                ticker=Ticker(value='mail')
                start=83
                limit=100
2020-10-27 20:32:34.675  INFO 11744 --- [er @coroutine#1] o.a.f.lib.MoexISSHistoryLoader           : #loadPages: offset=83

##### MFGS #####
2020-10-27 20:32:34.713  INFO 11744 --- [er @coroutine#1] o.a.f.lib.MoexISSHistorySaverImpl        : Start Actualize Ticker [mfgs] 
2020-10-27 20:32:34.921  INFO 11744 --- [er @coroutine#1] o.a.f.lib.MoexISSHistorySaverImpl        : mfgs table exists
2020-10-27 20:32:34.935  INFO 11744 --- [er @coroutine#1] o.a.f.lib.MoexISSHistorySaverImpl        : Already loaded info: AlreadyLoadedInfo(tradeDate=2020-10-26, lastRowNum=1608)
2020-10-27 20:32:34.935  INFO 11744 --- [er @coroutine#1] o.a.f.lib.MoexISSHistoryLoader           : #reqDataForCheckLoaded: ticker=Ticker(value='mfgs') | alreadyLoadedInfo=AlreadyLoadedInfo(tradeDate=2020-10-26, lastRowNum=1608)
2020-10-27 20:32:34.935  INFO 11744 --- [er @coroutine#1] o.a.f.lib.MoexISSHistoryLoader           : #loadRecords: ticker=Ticker(value='mfgs') | recIdx=1607
2020-10-27 20:32:34.986  INFO 11744 --- [er @coroutine#1] o.a.f.lib.MoexISSHistoryLoader           :                 Start Load Pages
                ticker=Ticker(value='mfgs')
                start=1608
                limit=100
2020-10-27 20:32:34.986  INFO 11744 --- [er @coroutine#1] o.a.f.lib.MoexISSHistoryLoader           : #loadPages: offset=1608

##### MFGSP #####
2020-10-27 20:32:35.038  INFO 11744 --- [er @coroutine#1] o.a.f.lib.MoexISSHistorySaverImpl        : Start Actualize Ticker [mfgsp] 
2020-10-27 20:32:35.153  INFO 11744 --- [er @coroutine#1] o.a.f.lib.MoexISSHistorySaverImpl        : mfgsp table exists
2020-10-27 20:32:35.166  INFO 11744 --- [er @coroutine#1] o.a.f.lib.MoexISSHistorySaverImpl        : Already loaded info: AlreadyLoadedInfo(tradeDate=2020-10-26, lastRowNum=1608)
2020-10-27 20:32:35.166  INFO 11744 --- [er @coroutine#1] o.a.f.lib.MoexISSHistoryLoader           : #reqDataForCheckLoaded: ticker=Ticker(value='mfgsp') | alreadyLoadedInfo=AlreadyLoadedInfo(tradeDate=2020-10-26, lastRowNum=1608)
2020-10-27 20:32:35.166  INFO 11744 --- [er @coroutine#1] o.a.f.lib.MoexISSHistoryLoader           : #loadRecords: ticker=Ticker(value='mfgsp') | recIdx=1607
2020-10-27 20:32:35.212  INFO 11744 --- [er @coroutine#1] o.a.f.lib.MoexISSHistoryLoader           :                 Start Load Pages
                ticker=Ticker(value='mfgsp')
                start=1608
                limit=100
2020-10-27 20:32:35.212  INFO 11744 --- [er @coroutine#1] o.a.f.lib.MoexISSHistoryLoader           : #loadPages: offset=1608

##### MFON #####
2020-10-27 20:32:35.268  INFO 11744 --- [er @coroutine#1] o.a.f.lib.MoexISSHistorySaverImpl        : Start Actualize Ticker [mfon] 
2020-10-27 20:32:35.489  INFO 11744 --- [er @coroutine#1] o.a.f.lib.MoexISSHistorySaverImpl        : mfon table exists
2020-10-27 20:32:35.502  INFO 11744 --- [er @coroutine#1] o.a.f.lib.MoexISSHistorySaverImpl        : Already loaded info: AlreadyLoadedInfo(tradeDate=2020-10-26, lastRowNum=1608)
2020-10-27 20:32:35.502  INFO 11744 --- [er @coroutine#1] o.a.f.lib.MoexISSHistoryLoader           : #reqDataForCheckLoaded: ticker=Ticker(value='mfon') | alreadyLoadedInfo=AlreadyLoadedInfo(tradeDate=2020-10-26, lastRowNum=1608)
2020-10-27 20:32:35.502  INFO 11744 --- [er @coroutine#1] o.a.f.lib.MoexISSHistoryLoader           : #loadRecords: ticker=Ticker(value='mfon') | recIdx=1607
2020-10-27 20:32:35.549  INFO 11744 --- [er @coroutine#1] o.a.f.lib.MoexISSHistoryLoader           :                 Start Load Pages
                ticker=Ticker(value='mfon')
                start=1608
                limit=100
2020-10-27 20:32:35.549  INFO 11744 --- [er @coroutine#1] o.a.f.lib.MoexISSHistoryLoader           : #loadPages: offset=1608

##### MGNT #####
2020-10-27 20:32:35.597  INFO 11744 --- [er @coroutine#1] o.a.f.lib.MoexISSHistorySaverImpl        : Start Actualize Ticker [mgnt] 
2020-10-27 20:32:35.817  INFO 11744 --- [er @coroutine#1] o.a.f.lib.MoexISSHistorySaverImpl        : mgnt table exists
2020-10-27 20:32:35.831  INFO 11744 --- [er @coroutine#1] o.a.f.lib.MoexISSHistorySaverImpl        : Already loaded info: AlreadyLoadedInfo(tradeDate=2020-10-26, lastRowNum=1839)
2020-10-27 20:32:35.831  INFO 11744 --- [er @coroutine#1] o.a.f.lib.MoexISSHistoryLoader           : #reqDataForCheckLoaded: ticker=Ticker(value='mgnt') | alreadyLoadedInfo=AlreadyLoadedInfo(tradeDate=2020-10-26, lastRowNum=1839)
2020-10-27 20:32:35.831  INFO 11744 --- [er @coroutine#1] o.a.f.lib.MoexISSHistoryLoader           : #loadRecords: ticker=Ticker(value='mgnt') | recIdx=1838
2020-10-27 20:32:35.881  INFO 11744 --- [er @coroutine#1] o.a.f.lib.MoexISSHistoryLoader           :                 Start Load Pages
                ticker=Ticker(value='mgnt')
                start=1839
                limit=100
2020-10-27 20:32:35.881  INFO 11744 --- [er @coroutine#1] o.a.f.lib.MoexISSHistoryLoader           : #loadPages: offset=1839

##### MGNZ #####
2020-10-27 20:32:35.927  INFO 11744 --- [er @coroutine#1] o.a.f.lib.MoexISSHistorySaverImpl        : Start Actualize Ticker [mgnz] 
2020-10-27 20:32:36.032  INFO 11744 --- [er @coroutine#1] o.a.f.lib.MoexISSHistorySaverImpl        : mgnz table exists
2020-10-27 20:32:36.045  INFO 11744 --- [er @coroutine#1] o.a.f.lib.MoexISSHistorySaverImpl        : Already loaded info: AlreadyLoadedInfo(tradeDate=2020-10-26, lastRowNum=1608)
2020-10-27 20:32:36.045  INFO 11744 --- [er @coroutine#1] o.a.f.lib.MoexISSHistoryLoader           : #reqDataForCheckLoaded: ticker=Ticker(value='mgnz') | alreadyLoadedInfo=AlreadyLoadedInfo(tradeDate=2020-10-26, lastRowNum=1608)
2020-10-27 20:32:36.045  INFO 11744 --- [er @coroutine#1] o.a.f.lib.MoexISSHistoryLoader           : #loadRecords: ticker=Ticker(value='mgnz') | recIdx=1607
2020-10-27 20:32:36.092  INFO 11744 --- [er @coroutine#1] o.a.f.lib.MoexISSHistoryLoader           :                 Start Load Pages
                ticker=Ticker(value='mgnz')
                start=1608
                limit=100
2020-10-27 20:32:36.092  INFO 11744 --- [er @coroutine#1] o.a.f.lib.MoexISSHistoryLoader           : #loadPages: offset=1608

##### MGTS #####
2020-10-27 20:32:36.147  INFO 11744 --- [er @coroutine#1] o.a.f.lib.MoexISSHistorySaverImpl        : Start Actualize Ticker [mgts] 
2020-10-27 20:32:36.368  INFO 11744 --- [er @coroutine#1] o.a.f.lib.MoexISSHistorySaverImpl        : mgts table exists
2020-10-27 20:32:36.380  INFO 11744 --- [er @coroutine#1] o.a.f.lib.MoexISSHistorySaverImpl        : Already loaded info: AlreadyLoadedInfo(tradeDate=2020-10-26, lastRowNum=1608)
2020-10-27 20:32:36.380  INFO 11744 --- [er @coroutine#1] o.a.f.lib.MoexISSHistoryLoader           : #reqDataForCheckLoaded: ticker=Ticker(value='mgts') | alreadyLoadedInfo=AlreadyLoadedInfo(tradeDate=2020-10-26, lastRowNum=1608)
2020-10-27 20:32:36.380  INFO 11744 --- [er @coroutine#1] o.a.f.lib.MoexISSHistoryLoader           : #loadRecords: ticker=Ticker(value='mgts') | recIdx=1607
2020-10-27 20:32:36.423  INFO 11744 --- [er @coroutine#1] o.a.f.lib.MoexISSHistoryLoader           :                 Start Load Pages
                ticker=Ticker(value='mgts')
                start=1608
                limit=100
2020-10-27 20:32:36.423  INFO 11744 --- [er @coroutine#1] o.a.f.lib.MoexISSHistoryLoader           : #loadPages: offset=1608

##### MGTSP #####
2020-10-27 20:32:36.469  INFO 11744 --- [er @coroutine#1] o.a.f.lib.MoexISSHistorySaverImpl        : Start Actualize Ticker [mgtsp] 
2020-10-27 20:32:36.689  INFO 11744 --- [er @coroutine#1] o.a.f.lib.MoexISSHistorySaverImpl        : mgtsp table exists
2020-10-27 20:32:36.702  INFO 11744 --- [er @coroutine#1] o.a.f.lib.MoexISSHistorySaverImpl        : Already loaded info: AlreadyLoadedInfo(tradeDate=2020-10-26, lastRowNum=1608)
2020-10-27 20:32:36.702  INFO 11744 --- [er @coroutine#1] o.a.f.lib.MoexISSHistoryLoader           : #reqDataForCheckLoaded: ticker=Ticker(value='mgtsp') | alreadyLoadedInfo=AlreadyLoadedInfo(tradeDate=2020-10-26, lastRowNum=1608)
2020-10-27 20:32:36.702  INFO 11744 --- [er @coroutine#1] o.a.f.lib.MoexISSHistoryLoader           : #loadRecords: ticker=Ticker(value='mgtsp') | recIdx=1607
2020-10-27 20:32:36.750  INFO 11744 --- [er @coroutine#1] o.a.f.lib.MoexISSHistoryLoader           :                 Start Load Pages
                ticker=Ticker(value='mgtsp')
                start=1608
                limit=100
2020-10-27 20:32:36.750  INFO 11744 --- [er @coroutine#1] o.a.f.lib.MoexISSHistoryLoader           : #loadPages: offset=1608

##### MISB #####
2020-10-27 20:32:36.843  INFO 11744 --- [er @coroutine#1] o.a.f.lib.MoexISSHistorySaverImpl        : Start Actualize Ticker [misb] 
2020-10-27 20:32:36.949  INFO 11744 --- [er @coroutine#1] o.a.f.lib.MoexISSHistorySaverImpl        : misb table exists
2020-10-27 20:32:36.962  INFO 11744 --- [er @coroutine#1] o.a.f.lib.MoexISSHistorySaverImpl        : Already loaded info: AlreadyLoadedInfo(tradeDate=2020-10-26, lastRowNum=1608)
2020-10-27 20:32:36.962  INFO 11744 --- [er @coroutine#1] o.a.f.lib.MoexISSHistoryLoader           : #reqDataForCheckLoaded: ticker=Ticker(value='misb') | alreadyLoadedInfo=AlreadyLoadedInfo(tradeDate=2020-10-26, lastRowNum=1608)
2020-10-27 20:32:36.962  INFO 11744 --- [er @coroutine#1] o.a.f.lib.MoexISSHistoryLoader           : #loadRecords: ticker=Ticker(value='misb') | recIdx=1607
2020-10-27 20:32:37.022  INFO 11744 --- [er @coroutine#1] o.a.f.lib.MoexISSHistoryLoader           :                 Start Load Pages
                ticker=Ticker(value='misb')
                start=1608
                limit=100
2020-10-27 20:32:37.022  INFO 11744 --- [er @coroutine#1] o.a.f.lib.MoexISSHistoryLoader           : #loadPages: offset=1608

##### MISBP #####
2020-10-27 20:32:37.077  INFO 11744 --- [er @coroutine#1] o.a.f.lib.MoexISSHistorySaverImpl        : Start Actualize Ticker [misbp] 
2020-10-27 20:32:37.180  INFO 11744 --- [er @coroutine#1] o.a.f.lib.MoexISSHistorySaverImpl        : misbp table exists
2020-10-27 20:32:37.193  INFO 11744 --- [er @coroutine#1] o.a.f.lib.MoexISSHistorySaverImpl        : Already loaded info: AlreadyLoadedInfo(tradeDate=2020-10-26, lastRowNum=1608)
2020-10-27 20:32:37.193  INFO 11744 --- [er @coroutine#1] o.a.f.lib.MoexISSHistoryLoader           : #reqDataForCheckLoaded: ticker=Ticker(value='misbp') | alreadyLoadedInfo=AlreadyLoadedInfo(tradeDate=2020-10-26, lastRowNum=1608)
2020-10-27 20:32:37.193  INFO 11744 --- [er @coroutine#1] o.a.f.lib.MoexISSHistoryLoader           : #loadRecords: ticker=Ticker(value='misbp') | recIdx=1607
2020-10-27 20:32:37.252  INFO 11744 --- [er @coroutine#1] o.a.f.lib.MoexISSHistoryLoader           :                 Start Load Pages
                ticker=Ticker(value='misbp')
                start=1608
                limit=100
2020-10-27 20:32:37.252  INFO 11744 --- [er @coroutine#1] o.a.f.lib.MoexISSHistoryLoader           : #loadPages: offset=1608

##### MOBB #####
2020-10-27 20:32:37.306  INFO 11744 --- [er @coroutine#1] o.a.f.lib.MoexISSHistorySaverImpl        : Start Actualize Ticker [mobb] 
2020-10-27 20:32:37.519  INFO 11744 --- [er @coroutine#1] o.a.f.lib.MoexISSHistorySaverImpl        : mobb table exists
2020-10-27 20:32:37.533  INFO 11744 --- [er @coroutine#1] o.a.f.lib.MoexISSHistorySaverImpl        : Already loaded info: AlreadyLoadedInfo(tradeDate=2020-10-26, lastRowNum=1608)
2020-10-27 20:32:37.533  INFO 11744 --- [er @coroutine#1] o.a.f.lib.MoexISSHistoryLoader           : #reqDataForCheckLoaded: ticker=Ticker(value='mobb') | alreadyLoadedInfo=AlreadyLoadedInfo(tradeDate=2020-10-26, lastRowNum=1608)
2020-10-27 20:32:37.533  INFO 11744 --- [er @coroutine#1] o.a.f.lib.MoexISSHistoryLoader           : #loadRecords: ticker=Ticker(value='mobb') | recIdx=1607
2020-10-27 20:32:37.576  INFO 11744 --- [er @coroutine#1] o.a.f.lib.MoexISSHistoryLoader           :                 Start Load Pages
                ticker=Ticker(value='mobb')
                start=1608
                limit=100
2020-10-27 20:32:37.576  INFO 11744 --- [er @coroutine#1] o.a.f.lib.MoexISSHistoryLoader           : #loadPages: offset=1608

##### MOEX #####
2020-10-27 20:32:37.626  INFO 11744 --- [er @coroutine#1] o.a.f.lib.MoexISSHistorySaverImpl        : Start Actualize Ticker [moex] 
2020-10-27 20:32:37.728  INFO 11744 --- [er @coroutine#1] o.a.f.lib.MoexISSHistorySaverImpl        : moex table exists
2020-10-27 20:32:37.741  INFO 11744 --- [er @coroutine#1] o.a.f.lib.MoexISSHistorySaverImpl        : Already loaded info: AlreadyLoadedInfo(tradeDate=2020-10-26, lastRowNum=1903)
2020-10-27 20:32:37.741  INFO 11744 --- [er @coroutine#1] o.a.f.lib.MoexISSHistoryLoader           : #reqDataForCheckLoaded: ticker=Ticker(value='moex') | alreadyLoadedInfo=AlreadyLoadedInfo(tradeDate=2020-10-26, lastRowNum=1903)
2020-10-27 20:32:37.741  INFO 11744 --- [er @coroutine#1] o.a.f.lib.MoexISSHistoryLoader           : #loadRecords: ticker=Ticker(value='moex') | recIdx=1902
2020-10-27 20:32:37.797  INFO 11744 --- [er @coroutine#1] o.a.f.lib.MoexISSHistoryLoader           :                 Start Load Pages
                ticker=Ticker(value='moex')
                start=1903
                limit=100
2020-10-27 20:32:37.797  INFO 11744 --- [er @coroutine#1] o.a.f.lib.MoexISSHistoryLoader           : #loadPages: offset=1903

##### MORI #####
2020-10-27 20:32:37.852  INFO 11744 --- [er @coroutine#1] o.a.f.lib.MoexISSHistorySaverImpl        : Start Actualize Ticker [mori] 
2020-10-27 20:32:38.074  INFO 11744 --- [er @coroutine#1] o.a.f.lib.MoexISSHistorySaverImpl        : mori table exists
2020-10-27 20:32:38.088  INFO 11744 --- [er @coroutine#1] o.a.f.lib.MoexISSHistorySaverImpl        : Already loaded info: AlreadyLoadedInfo(tradeDate=2020-10-26, lastRowNum=1608)
2020-10-27 20:32:38.088  INFO 11744 --- [er @coroutine#1] o.a.f.lib.MoexISSHistoryLoader           : #reqDataForCheckLoaded: ticker=Ticker(value='mori') | alreadyLoadedInfo=AlreadyLoadedInfo(tradeDate=2020-10-26, lastRowNum=1608)
2020-10-27 20:32:38.088  INFO 11744 --- [er @coroutine#1] o.a.f.lib.MoexISSHistoryLoader           : #loadRecords: ticker=Ticker(value='mori') | recIdx=1607
2020-10-27 20:32:38.150  INFO 11744 --- [er @coroutine#1] o.a.f.lib.MoexISSHistoryLoader           :                 Start Load Pages
                ticker=Ticker(value='mori')
                start=1608
                limit=100
2020-10-27 20:32:38.150  INFO 11744 --- [er @coroutine#1] o.a.f.lib.MoexISSHistoryLoader           : #loadPages: offset=1608

##### MRKC #####
2020-10-27 20:32:38.204  INFO 11744 --- [er @coroutine#1] o.a.f.lib.MoexISSHistorySaverImpl        : Start Actualize Ticker [mrkc] 
2020-10-27 20:32:38.314  INFO 11744 --- [er @coroutine#1] o.a.f.lib.MoexISSHistorySaverImpl        : mrkc table exists
2020-10-27 20:32:38.326  INFO 11744 --- [er @coroutine#1] o.a.f.lib.MoexISSHistorySaverImpl        : Already loaded info: AlreadyLoadedInfo(tradeDate=2020-10-26, lastRowNum=1799)
2020-10-27 20:32:38.326  INFO 11744 --- [er @coroutine#1] o.a.f.lib.MoexISSHistoryLoader           : #reqDataForCheckLoaded: ticker=Ticker(value='mrkc') | alreadyLoadedInfo=AlreadyLoadedInfo(tradeDate=2020-10-26, lastRowNum=1799)
2020-10-27 20:32:38.326  INFO 11744 --- [er @coroutine#1] o.a.f.lib.MoexISSHistoryLoader           : #loadRecords: ticker=Ticker(value='mrkc') | recIdx=1798
2020-10-27 20:32:38.377  INFO 11744 --- [er @coroutine#1] o.a.f.lib.MoexISSHistoryLoader           :                 Start Load Pages
                ticker=Ticker(value='mrkc')
                start=1799
                limit=100
2020-10-27 20:32:38.377  INFO 11744 --- [er @coroutine#1] o.a.f.lib.MoexISSHistoryLoader           : #loadPages: offset=1799

##### MRKK #####
2020-10-27 20:32:38.435  INFO 11744 --- [er @coroutine#1] o.a.f.lib.MoexISSHistorySaverImpl        : Start Actualize Ticker [mrkk] 
2020-10-27 20:32:38.536  INFO 11744 --- [er @coroutine#1] o.a.f.lib.MoexISSHistorySaverImpl        : mrkk table exists
2020-10-27 20:32:38.547  INFO 11744 --- [er @coroutine#1] o.a.f.lib.MoexISSHistorySaverImpl        : Already loaded info: AlreadyLoadedInfo(tradeDate=2020-10-26, lastRowNum=1608)
2020-10-27 20:32:38.547  INFO 11744 --- [er @coroutine#1] o.a.f.lib.MoexISSHistoryLoader           : #reqDataForCheckLoaded: ticker=Ticker(value='mrkk') | alreadyLoadedInfo=AlreadyLoadedInfo(tradeDate=2020-10-26, lastRowNum=1608)
2020-10-27 20:32:38.547  INFO 11744 --- [er @coroutine#1] o.a.f.lib.MoexISSHistoryLoader           : #loadRecords: ticker=Ticker(value='mrkk') | recIdx=1607
2020-10-27 20:32:38.589  INFO 11744 --- [er @coroutine#1] o.a.f.lib.MoexISSHistoryLoader           :                 Start Load Pages
                ticker=Ticker(value='mrkk')
                start=1608
                limit=100
2020-10-27 20:32:38.589  INFO 11744 --- [er @coroutine#1] o.a.f.lib.MoexISSHistoryLoader           : #loadPages: offset=1608

##### MRKP #####
2020-10-27 20:32:38.650  INFO 11744 --- [er @coroutine#1] o.a.f.lib.MoexISSHistorySaverImpl        : Start Actualize Ticker [mrkp] 
2020-10-27 20:32:38.762  INFO 11744 --- [er @coroutine#1] o.a.f.lib.MoexISSHistorySaverImpl        : mrkp table exists
2020-10-27 20:32:38.773  INFO 11744 --- [er @coroutine#1] o.a.f.lib.MoexISSHistorySaverImpl        : Already loaded info: AlreadyLoadedInfo(tradeDate=2020-10-26, lastRowNum=1757)
2020-10-27 20:32:38.773  INFO 11744 --- [er @coroutine#1] o.a.f.lib.MoexISSHistoryLoader           : #reqDataForCheckLoaded: ticker=Ticker(value='mrkp') | alreadyLoadedInfo=AlreadyLoadedInfo(tradeDate=2020-10-26, lastRowNum=1757)
2020-10-27 20:32:38.773  INFO 11744 --- [er @coroutine#1] o.a.f.lib.MoexISSHistoryLoader           : #loadRecords: ticker=Ticker(value='mrkp') | recIdx=1756
2020-10-27 20:32:38.830  INFO 11744 --- [er @coroutine#1] o.a.f.lib.MoexISSHistoryLoader           :                 Start Load Pages
                ticker=Ticker(value='mrkp')
                start=1757
                limit=100
2020-10-27 20:32:38.830  INFO 11744 --- [er @coroutine#1] o.a.f.lib.MoexISSHistoryLoader           : #loadPages: offset=1757

##### MRKS #####
2020-10-27 20:32:38.875  INFO 11744 --- [er @coroutine#1] o.a.f.lib.MoexISSHistorySaverImpl        : Start Actualize Ticker [mrks] 
2020-10-27 20:32:39.087  INFO 11744 --- [er @coroutine#1] o.a.f.lib.MoexISSHistorySaverImpl        : mrks table exists
2020-10-27 20:32:39.099  INFO 11744 --- [er @coroutine#1] o.a.f.lib.MoexISSHistorySaverImpl        : Already loaded info: AlreadyLoadedInfo(tradeDate=2020-10-26, lastRowNum=1608)
2020-10-27 20:32:39.099  INFO 11744 --- [er @coroutine#1] o.a.f.lib.MoexISSHistoryLoader           : #reqDataForCheckLoaded: ticker=Ticker(value='mrks') | alreadyLoadedInfo=AlreadyLoadedInfo(tradeDate=2020-10-26, lastRowNum=1608)
2020-10-27 20:32:39.099  INFO 11744 --- [er @coroutine#1] o.a.f.lib.MoexISSHistoryLoader           : #loadRecords: ticker=Ticker(value='mrks') | recIdx=1607
2020-10-27 20:32:39.154  INFO 11744 --- [er @coroutine#1] o.a.f.lib.MoexISSHistoryLoader           :                 Start Load Pages
                ticker=Ticker(value='mrks')
                start=1608
                limit=100
2020-10-27 20:32:39.154  INFO 11744 --- [er @coroutine#1] o.a.f.lib.MoexISSHistoryLoader           : #loadPages: offset=1608

##### MRKU #####
2020-10-27 20:32:39.208  INFO 11744 --- [er @coroutine#1] o.a.f.lib.MoexISSHistorySaverImpl        : Start Actualize Ticker [mrku] 
2020-10-27 20:32:39.316  INFO 11744 --- [er @coroutine#1] o.a.f.lib.MoexISSHistorySaverImpl        : mrku table exists
2020-10-27 20:32:39.330  INFO 11744 --- [er @coroutine#1] o.a.f.lib.MoexISSHistorySaverImpl        : Already loaded info: AlreadyLoadedInfo(tradeDate=2020-10-26, lastRowNum=1608)
2020-10-27 20:32:39.330  INFO 11744 --- [er @coroutine#1] o.a.f.lib.MoexISSHistoryLoader           : #reqDataForCheckLoaded: ticker=Ticker(value='mrku') | alreadyLoadedInfo=AlreadyLoadedInfo(tradeDate=2020-10-26, lastRowNum=1608)
2020-10-27 20:32:39.330  INFO 11744 --- [er @coroutine#1] o.a.f.lib.MoexISSHistoryLoader           : #loadRecords: ticker=Ticker(value='mrku') | recIdx=1607
2020-10-27 20:32:39.378  INFO 11744 --- [er @coroutine#1] o.a.f.lib.MoexISSHistoryLoader           :                 Start Load Pages
                ticker=Ticker(value='mrku')
                start=1608
                limit=100
2020-10-27 20:32:39.378  INFO 11744 --- [er @coroutine#1] o.a.f.lib.MoexISSHistoryLoader           : #loadPages: offset=1608

##### MRKV #####
2020-10-27 20:32:39.424  INFO 11744 --- [er @coroutine#1] o.a.f.lib.MoexISSHistorySaverImpl        : Start Actualize Ticker [mrkv] 
2020-10-27 20:32:39.536  INFO 11744 --- [er @coroutine#1] o.a.f.lib.MoexISSHistorySaverImpl        : mrkv table exists
2020-10-27 20:32:39.548  INFO 11744 --- [er @coroutine#1] o.a.f.lib.MoexISSHistorySaverImpl        : Already loaded info: AlreadyLoadedInfo(tradeDate=2020-10-26, lastRowNum=1608)
2020-10-27 20:32:39.548  INFO 11744 --- [er @coroutine#1] o.a.f.lib.MoexISSHistoryLoader           : #reqDataForCheckLoaded: ticker=Ticker(value='mrkv') | alreadyLoadedInfo=AlreadyLoadedInfo(tradeDate=2020-10-26, lastRowNum=1608)
2020-10-27 20:32:39.548  INFO 11744 --- [er @coroutine#1] o.a.f.lib.MoexISSHistoryLoader           : #loadRecords: ticker=Ticker(value='mrkv') | recIdx=1607
2020-10-27 20:32:39.593  INFO 11744 --- [er @coroutine#1] o.a.f.lib.MoexISSHistoryLoader           :                 Start Load Pages
                ticker=Ticker(value='mrkv')
                start=1608
                limit=100
2020-10-27 20:32:39.593  INFO 11744 --- [er @coroutine#1] o.a.f.lib.MoexISSHistoryLoader           : #loadPages: offset=1608

##### MRKY #####
2020-10-27 20:32:39.651  INFO 11744 --- [er @coroutine#1] o.a.f.lib.MoexISSHistorySaverImpl        : Start Actualize Ticker [mrky] 
2020-10-27 20:32:39.867  INFO 11744 --- [er @coroutine#1] o.a.f.lib.MoexISSHistorySaverImpl        : mrky table exists
2020-10-27 20:32:39.881  INFO 11744 --- [er @coroutine#1] o.a.f.lib.MoexISSHistorySaverImpl        : Already loaded info: AlreadyLoadedInfo(tradeDate=2020-10-26, lastRowNum=1608)
2020-10-27 20:32:39.881  INFO 11744 --- [er @coroutine#1] o.a.f.lib.MoexISSHistoryLoader           : #reqDataForCheckLoaded: ticker=Ticker(value='mrky') | alreadyLoadedInfo=AlreadyLoadedInfo(tradeDate=2020-10-26, lastRowNum=1608)
2020-10-27 20:32:39.882  INFO 11744 --- [er @coroutine#1] o.a.f.lib.MoexISSHistoryLoader           : #loadRecords: ticker=Ticker(value='mrky') | recIdx=1607
2020-10-27 20:32:39.932  INFO 11744 --- [er @coroutine#1] o.a.f.lib.MoexISSHistoryLoader           :                 Start Load Pages
                ticker=Ticker(value='mrky')
                start=1608
                limit=100
2020-10-27 20:32:39.932  INFO 11744 --- [er @coroutine#1] o.a.f.lib.MoexISSHistoryLoader           : #loadPages: offset=1608

##### MRKZ #####
2020-10-27 20:32:39.987  INFO 11744 --- [er @coroutine#1] o.a.f.lib.MoexISSHistorySaverImpl        : Start Actualize Ticker [mrkz] 
2020-10-27 20:32:40.089  INFO 11744 --- [er @coroutine#1] o.a.f.lib.MoexISSHistorySaverImpl        : mrkz table exists
2020-10-27 20:32:40.102  INFO 11744 --- [er @coroutine#1] o.a.f.lib.MoexISSHistorySaverImpl        : Already loaded info: AlreadyLoadedInfo(tradeDate=2020-10-26, lastRowNum=1608)
2020-10-27 20:32:40.102  INFO 11744 --- [er @coroutine#1] o.a.f.lib.MoexISSHistoryLoader           : #reqDataForCheckLoaded: ticker=Ticker(value='mrkz') | alreadyLoadedInfo=AlreadyLoadedInfo(tradeDate=2020-10-26, lastRowNum=1608)
2020-10-27 20:32:40.102  INFO 11744 --- [er @coroutine#1] o.a.f.lib.MoexISSHistoryLoader           : #loadRecords: ticker=Ticker(value='mrkz') | recIdx=1607
2020-10-27 20:32:40.155  INFO 11744 --- [er @coroutine#1] o.a.f.lib.MoexISSHistoryLoader           :                 Start Load Pages
                ticker=Ticker(value='mrkz')
                start=1608
                limit=100
2020-10-27 20:32:40.155  INFO 11744 --- [er @coroutine#1] o.a.f.lib.MoexISSHistoryLoader           : #loadPages: offset=1608

##### MRSB #####
2020-10-27 20:32:40.201  INFO 11744 --- [er @coroutine#1] o.a.f.lib.MoexISSHistorySaverImpl        : Start Actualize Ticker [mrsb] 
2020-10-27 20:32:40.304  INFO 11744 --- [er @coroutine#1] o.a.f.lib.MoexISSHistorySaverImpl        : mrsb table exists
2020-10-27 20:32:40.316  INFO 11744 --- [er @coroutine#1] o.a.f.lib.MoexISSHistorySaverImpl        : Already loaded info: AlreadyLoadedInfo(tradeDate=2020-10-26, lastRowNum=1608)
2020-10-27 20:32:40.316  INFO 11744 --- [er @coroutine#1] o.a.f.lib.MoexISSHistoryLoader           : #reqDataForCheckLoaded: ticker=Ticker(value='mrsb') | alreadyLoadedInfo=AlreadyLoadedInfo(tradeDate=2020-10-26, lastRowNum=1608)
2020-10-27 20:32:40.316  INFO 11744 --- [er @coroutine#1] o.a.f.lib.MoexISSHistoryLoader           : #loadRecords: ticker=Ticker(value='mrsb') | recIdx=1607
2020-10-27 20:32:40.366  INFO 11744 --- [er @coroutine#1] o.a.f.lib.MoexISSHistoryLoader           :                 Start Load Pages
                ticker=Ticker(value='mrsb')
                start=1608
                limit=100
2020-10-27 20:32:40.366  INFO 11744 --- [er @coroutine#1] o.a.f.lib.MoexISSHistoryLoader           : #loadPages: offset=1608

##### MSNG #####
2020-10-27 20:32:40.417  INFO 11744 --- [er @coroutine#1] o.a.f.lib.MoexISSHistorySaverImpl        : Start Actualize Ticker [msng] 
2020-10-27 20:32:40.529  INFO 11744 --- [er @coroutine#1] o.a.f.lib.MoexISSHistorySaverImpl        : msng table exists
2020-10-27 20:32:40.540  INFO 11744 --- [er @coroutine#1] o.a.f.lib.MoexISSHistorySaverImpl        : Already loaded info: AlreadyLoadedInfo(tradeDate=2020-10-26, lastRowNum=1839)
2020-10-27 20:32:40.540  INFO 11744 --- [er @coroutine#1] o.a.f.lib.MoexISSHistoryLoader           : #reqDataForCheckLoaded: ticker=Ticker(value='msng') | alreadyLoadedInfo=AlreadyLoadedInfo(tradeDate=2020-10-26, lastRowNum=1839)
2020-10-27 20:32:40.540  INFO 11744 --- [er @coroutine#1] o.a.f.lib.MoexISSHistoryLoader           : #loadRecords: ticker=Ticker(value='msng') | recIdx=1838
2020-10-27 20:32:40.593  INFO 11744 --- [er @coroutine#1] o.a.f.lib.MoexISSHistoryLoader           :                 Start Load Pages
                ticker=Ticker(value='msng')
                start=1839
                limit=100
2020-10-27 20:32:40.593  INFO 11744 --- [er @coroutine#1] o.a.f.lib.MoexISSHistoryLoader           : #loadPages: offset=1839

##### MSRS #####
2020-10-27 20:32:40.646  INFO 11744 --- [er @coroutine#1] o.a.f.lib.MoexISSHistorySaverImpl        : Start Actualize Ticker [msrs] 
2020-10-27 20:32:40.758  INFO 11744 --- [er @coroutine#1] o.a.f.lib.MoexISSHistorySaverImpl        : msrs table exists
2020-10-27 20:32:40.770  INFO 11744 --- [er @coroutine#1] o.a.f.lib.MoexISSHistorySaverImpl        : Already loaded info: AlreadyLoadedInfo(tradeDate=2020-10-26, lastRowNum=1839)
2020-10-27 20:32:40.770  INFO 11744 --- [er @coroutine#1] o.a.f.lib.MoexISSHistoryLoader           : #reqDataForCheckLoaded: ticker=Ticker(value='msrs') | alreadyLoadedInfo=AlreadyLoadedInfo(tradeDate=2020-10-26, lastRowNum=1839)
2020-10-27 20:32:40.770  INFO 11744 --- [er @coroutine#1] o.a.f.lib.MoexISSHistoryLoader           : #loadRecords: ticker=Ticker(value='msrs') | recIdx=1838
2020-10-27 20:32:40.825  INFO 11744 --- [er @coroutine#1] o.a.f.lib.MoexISSHistoryLoader           :                 Start Load Pages
                ticker=Ticker(value='msrs')
                start=1839
                limit=100
2020-10-27 20:32:40.825  INFO 11744 --- [er @coroutine#1] o.a.f.lib.MoexISSHistoryLoader           : #loadPages: offset=1839

##### MSTT #####
2020-10-27 20:32:40.874  INFO 11744 --- [er @coroutine#1] o.a.f.lib.MoexISSHistorySaverImpl        : Start Actualize Ticker [mstt] 
2020-10-27 20:32:41.074  INFO 11744 --- [er @coroutine#1] o.a.f.lib.MoexISSHistorySaverImpl        : mstt table exists
2020-10-27 20:32:41.088  INFO 11744 --- [er @coroutine#1] o.a.f.lib.MoexISSHistorySaverImpl        : Already loaded info: AlreadyLoadedInfo(tradeDate=2020-10-26, lastRowNum=1608)
2020-10-27 20:32:41.088  INFO 11744 --- [er @coroutine#1] o.a.f.lib.MoexISSHistoryLoader           : #reqDataForCheckLoaded: ticker=Ticker(value='mstt') | alreadyLoadedInfo=AlreadyLoadedInfo(tradeDate=2020-10-26, lastRowNum=1608)
2020-10-27 20:32:41.088  INFO 11744 --- [er @coroutine#1] o.a.f.lib.MoexISSHistoryLoader           : #loadRecords: ticker=Ticker(value='mstt') | recIdx=1607
2020-10-27 20:32:41.135  INFO 11744 --- [er @coroutine#1] o.a.f.lib.MoexISSHistoryLoader           :                 Start Load Pages
                ticker=Ticker(value='mstt')
                start=1608
                limit=100
2020-10-27 20:32:41.135  INFO 11744 --- [er @coroutine#1] o.a.f.lib.MoexISSHistoryLoader           : #loadPages: offset=1608

##### MTLR #####
2020-10-27 20:32:41.186  INFO 11744 --- [er @coroutine#1] o.a.f.lib.MoexISSHistorySaverImpl        : Start Actualize Ticker [mtlr] 
2020-10-27 20:32:41.299  INFO 11744 --- [er @coroutine#1] o.a.f.lib.MoexISSHistorySaverImpl        : mtlr table exists
2020-10-27 20:32:41.312  INFO 11744 --- [er @coroutine#1] o.a.f.lib.MoexISSHistorySaverImpl        : Already loaded info: AlreadyLoadedInfo(tradeDate=2020-10-26, lastRowNum=1839)
2020-10-27 20:32:41.312  INFO 11744 --- [er @coroutine#1] o.a.f.lib.MoexISSHistoryLoader           : #reqDataForCheckLoaded: ticker=Ticker(value='mtlr') | alreadyLoadedInfo=AlreadyLoadedInfo(tradeDate=2020-10-26, lastRowNum=1839)
2020-10-27 20:32:41.312  INFO 11744 --- [er @coroutine#1] o.a.f.lib.MoexISSHistoryLoader           : #loadRecords: ticker=Ticker(value='mtlr') | recIdx=1838
2020-10-27 20:32:41.360  INFO 11744 --- [er @coroutine#1] o.a.f.lib.MoexISSHistoryLoader           :                 Start Load Pages
                ticker=Ticker(value='mtlr')
                start=1839
                limit=100
2020-10-27 20:32:41.360  INFO 11744 --- [er @coroutine#1] o.a.f.lib.MoexISSHistoryLoader           : #loadPages: offset=1839

##### MTLRP #####
2020-10-27 20:32:41.414  INFO 11744 --- [er @coroutine#1] o.a.f.lib.MoexISSHistorySaverImpl        : Start Actualize Ticker [mtlrp] 
2020-10-27 20:32:41.533  INFO 11744 --- [er @coroutine#1] o.a.f.lib.MoexISSHistorySaverImpl        : mtlrp table exists
2020-10-27 20:32:41.544  INFO 11744 --- [er @coroutine#1] o.a.f.lib.MoexISSHistorySaverImpl        : Already loaded info: AlreadyLoadedInfo(tradeDate=2020-10-26, lastRowNum=1839)
2020-10-27 20:32:41.544  INFO 11744 --- [er @coroutine#1] o.a.f.lib.MoexISSHistoryLoader           : #reqDataForCheckLoaded: ticker=Ticker(value='mtlrp') | alreadyLoadedInfo=AlreadyLoadedInfo(tradeDate=2020-10-26, lastRowNum=1839)
2020-10-27 20:32:41.544  INFO 11744 --- [er @coroutine#1] o.a.f.lib.MoexISSHistoryLoader           : #loadRecords: ticker=Ticker(value='mtlrp') | recIdx=1838
2020-10-27 20:32:41.596  INFO 11744 --- [er @coroutine#1] o.a.f.lib.MoexISSHistoryLoader           :                 Start Load Pages
                ticker=Ticker(value='mtlrp')
                start=1839
                limit=100
2020-10-27 20:32:41.596  INFO 11744 --- [er @coroutine#1] o.a.f.lib.MoexISSHistoryLoader           : #loadPages: offset=1839

##### MTSS #####
2020-10-27 20:32:41.651  INFO 11744 --- [er @coroutine#1] o.a.f.lib.MoexISSHistorySaverImpl        : Start Actualize Ticker [mtss] 
2020-10-27 20:32:41.761  INFO 11744 --- [er @coroutine#1] o.a.f.lib.MoexISSHistorySaverImpl        : mtss table exists
2020-10-27 20:32:41.775  INFO 11744 --- [er @coroutine#1] o.a.f.lib.MoexISSHistorySaverImpl        : Already loaded info: AlreadyLoadedInfo(tradeDate=2020-10-26, lastRowNum=1839)
2020-10-27 20:32:41.775  INFO 11744 --- [er @coroutine#1] o.a.f.lib.MoexISSHistoryLoader           : #reqDataForCheckLoaded: ticker=Ticker(value='mtss') | alreadyLoadedInfo=AlreadyLoadedInfo(tradeDate=2020-10-26, lastRowNum=1839)
2020-10-27 20:32:41.775  INFO 11744 --- [er @coroutine#1] o.a.f.lib.MoexISSHistoryLoader           : #loadRecords: ticker=Ticker(value='mtss') | recIdx=1838
2020-10-27 20:32:41.827  INFO 11744 --- [er @coroutine#1] o.a.f.lib.MoexISSHistoryLoader           :                 Start Load Pages
                ticker=Ticker(value='mtss')
                start=1839
                limit=100
2020-10-27 20:32:41.827  INFO 11744 --- [er @coroutine#1] o.a.f.lib.MoexISSHistoryLoader           : #loadPages: offset=1839

##### MVID #####
2020-10-27 20:32:41.876  INFO 11744 --- [er @coroutine#1] o.a.f.lib.MoexISSHistorySaverImpl        : Start Actualize Ticker [mvid] 
2020-10-27 20:32:41.976  INFO 11744 --- [er @coroutine#1] o.a.f.lib.MoexISSHistorySaverImpl        : mvid table exists
2020-10-27 20:32:41.988  INFO 11744 --- [er @coroutine#1] o.a.f.lib.MoexISSHistorySaverImpl        : Already loaded info: AlreadyLoadedInfo(tradeDate=2020-10-26, lastRowNum=1608)
2020-10-27 20:32:41.988  INFO 11744 --- [er @coroutine#1] o.a.f.lib.MoexISSHistoryLoader           : #reqDataForCheckLoaded: ticker=Ticker(value='mvid') | alreadyLoadedInfo=AlreadyLoadedInfo(tradeDate=2020-10-26, lastRowNum=1608)
2020-10-27 20:32:41.988  INFO 11744 --- [er @coroutine#1] o.a.f.lib.MoexISSHistoryLoader           : #loadRecords: ticker=Ticker(value='mvid') | recIdx=1607
2020-10-27 20:32:42.037  INFO 11744 --- [er @coroutine#1] o.a.f.lib.MoexISSHistoryLoader           :                 Start Load Pages
                ticker=Ticker(value='mvid')
                start=1608
                limit=100
2020-10-27 20:32:42.037  INFO 11744 --- [er @coroutine#1] o.a.f.lib.MoexISSHistoryLoader           : #loadPages: offset=1608

##### NAUK #####
2020-10-27 20:32:42.093  INFO 11744 --- [er @coroutine#1] o.a.f.lib.MoexISSHistorySaverImpl        : Start Actualize Ticker [nauk] 
2020-10-27 20:32:42.204  INFO 11744 --- [er @coroutine#1] o.a.f.lib.MoexISSHistorySaverImpl        : nauk table exists
2020-10-27 20:32:42.215  INFO 11744 --- [er @coroutine#1] o.a.f.lib.MoexISSHistorySaverImpl        : Already loaded info: AlreadyLoadedInfo(tradeDate=2020-10-26, lastRowNum=1608)
2020-10-27 20:32:42.215  INFO 11744 --- [er @coroutine#1] o.a.f.lib.MoexISSHistoryLoader           : #reqDataForCheckLoaded: ticker=Ticker(value='nauk') | alreadyLoadedInfo=AlreadyLoadedInfo(tradeDate=2020-10-26, lastRowNum=1608)
2020-10-27 20:32:42.215  INFO 11744 --- [er @coroutine#1] o.a.f.lib.MoexISSHistoryLoader           : #loadRecords: ticker=Ticker(value='nauk') | recIdx=1607
2020-10-27 20:32:42.263  INFO 11744 --- [er @coroutine#1] o.a.f.lib.MoexISSHistoryLoader           :                 Start Load Pages
                ticker=Ticker(value='nauk')
                start=1608
                limit=100
2020-10-27 20:32:42.263  INFO 11744 --- [er @coroutine#1] o.a.f.lib.MoexISSHistoryLoader           : #loadPages: offset=1608

##### NFAZ #####
2020-10-27 20:32:42.312  INFO 11744 --- [er @coroutine#1] o.a.f.lib.MoexISSHistorySaverImpl        : Start Actualize Ticker [nfaz] 
2020-10-27 20:32:42.436  INFO 11744 --- [er @coroutine#1] o.a.f.lib.MoexISSHistorySaverImpl        : nfaz table exists
2020-10-27 20:32:42.449  INFO 11744 --- [er @coroutine#1] o.a.f.lib.MoexISSHistorySaverImpl        : Already loaded info: AlreadyLoadedInfo(tradeDate=2020-10-26, lastRowNum=1608)
2020-10-27 20:32:42.449  INFO 11744 --- [er @coroutine#1] o.a.f.lib.MoexISSHistoryLoader           : #reqDataForCheckLoaded: ticker=Ticker(value='nfaz') | alreadyLoadedInfo=AlreadyLoadedInfo(tradeDate=2020-10-26, lastRowNum=1608)
2020-10-27 20:32:42.450  INFO 11744 --- [er @coroutine#1] o.a.f.lib.MoexISSHistoryLoader           : #loadRecords: ticker=Ticker(value='nfaz') | recIdx=1607
2020-10-27 20:32:42.495  INFO 11744 --- [er @coroutine#1] o.a.f.lib.MoexISSHistoryLoader           :                 Start Load Pages
                ticker=Ticker(value='nfaz')
                start=1608
                limit=100
2020-10-27 20:32:42.495  INFO 11744 --- [er @coroutine#1] o.a.f.lib.MoexISSHistoryLoader           : #loadPages: offset=1608

##### NKHP #####
2020-10-27 20:32:42.544  INFO 11744 --- [er @coroutine#1] o.a.f.lib.MoexISSHistorySaverImpl        : Start Actualize Ticker [nkhp] 
2020-10-27 20:32:42.657  INFO 11744 --- [er @coroutine#1] o.a.f.lib.MoexISSHistorySaverImpl        : nkhp table exists
2020-10-27 20:32:42.671  INFO 11744 --- [er @coroutine#1] o.a.f.lib.MoexISSHistorySaverImpl        : Already loaded info: AlreadyLoadedInfo(tradeDate=2020-10-26, lastRowNum=1246)
2020-10-27 20:32:42.672  INFO 11744 --- [er @coroutine#1] o.a.f.lib.MoexISSHistoryLoader           : #reqDataForCheckLoaded: ticker=Ticker(value='nkhp') | alreadyLoadedInfo=AlreadyLoadedInfo(tradeDate=2020-10-26, lastRowNum=1246)
2020-10-27 20:32:42.672  INFO 11744 --- [er @coroutine#1] o.a.f.lib.MoexISSHistoryLoader           : #loadRecords: ticker=Ticker(value='nkhp') | recIdx=1245
2020-10-27 20:32:42.726  INFO 11744 --- [er @coroutine#1] o.a.f.lib.MoexISSHistoryLoader           :                 Start Load Pages
                ticker=Ticker(value='nkhp')
                start=1246
                limit=100
2020-10-27 20:32:42.726  INFO 11744 --- [er @coroutine#1] o.a.f.lib.MoexISSHistoryLoader           : #loadPages: offset=1246

##### NKNC #####
2020-10-27 20:32:42.776  INFO 11744 --- [er @coroutine#1] o.a.f.lib.MoexISSHistorySaverImpl        : Start Actualize Ticker [nknc] 
2020-10-27 20:32:42.885  INFO 11744 --- [er @coroutine#1] o.a.f.lib.MoexISSHistorySaverImpl        : nknc table exists
2020-10-27 20:32:42.898  INFO 11744 --- [er @coroutine#1] o.a.f.lib.MoexISSHistorySaverImpl        : Already loaded info: AlreadyLoadedInfo(tradeDate=2020-10-26, lastRowNum=1608)
2020-10-27 20:32:42.898  INFO 11744 --- [er @coroutine#1] o.a.f.lib.MoexISSHistoryLoader           : #reqDataForCheckLoaded: ticker=Ticker(value='nknc') | alreadyLoadedInfo=AlreadyLoadedInfo(tradeDate=2020-10-26, lastRowNum=1608)
2020-10-27 20:32:42.898  INFO 11744 --- [er @coroutine#1] o.a.f.lib.MoexISSHistoryLoader           : #loadRecords: ticker=Ticker(value='nknc') | recIdx=1607
2020-10-27 20:32:42.946  INFO 11744 --- [er @coroutine#1] o.a.f.lib.MoexISSHistoryLoader           :                 Start Load Pages
                ticker=Ticker(value='nknc')
                start=1608
                limit=100
2020-10-27 20:32:42.946  INFO 11744 --- [er @coroutine#1] o.a.f.lib.MoexISSHistoryLoader           : #loadPages: offset=1608

##### NKNCP #####
2020-10-27 20:32:42.999  INFO 11744 --- [er @coroutine#1] o.a.f.lib.MoexISSHistorySaverImpl        : Start Actualize Ticker [nkncp] 
2020-10-27 20:32:43.110  INFO 11744 --- [er @coroutine#1] o.a.f.lib.MoexISSHistorySaverImpl        : nkncp table exists
2020-10-27 20:32:43.124  INFO 11744 --- [er @coroutine#1] o.a.f.lib.MoexISSHistorySaverImpl        : Already loaded info: AlreadyLoadedInfo(tradeDate=2020-10-26, lastRowNum=1608)
2020-10-27 20:32:43.124  INFO 11744 --- [er @coroutine#1] o.a.f.lib.MoexISSHistoryLoader           : #reqDataForCheckLoaded: ticker=Ticker(value='nkncp') | alreadyLoadedInfo=AlreadyLoadedInfo(tradeDate=2020-10-26, lastRowNum=1608)
2020-10-27 20:32:43.124  INFO 11744 --- [er @coroutine#1] o.a.f.lib.MoexISSHistoryLoader           : #loadRecords: ticker=Ticker(value='nkncp') | recIdx=1607
2020-10-27 20:32:43.166  INFO 11744 --- [er @coroutine#1] o.a.f.lib.MoexISSHistoryLoader           :                 Start Load Pages
                ticker=Ticker(value='nkncp')
                start=1608
                limit=100
2020-10-27 20:32:43.166  INFO 11744 --- [er @coroutine#1] o.a.f.lib.MoexISSHistoryLoader           : #loadPages: offset=1608

##### NKSH #####
2020-10-27 20:32:43.214  INFO 11744 --- [er @coroutine#1] o.a.f.lib.MoexISSHistorySaverImpl        : Start Actualize Ticker [nksh] 
2020-10-27 20:32:43.318  INFO 11744 --- [er @coroutine#1] o.a.f.lib.MoexISSHistorySaverImpl        : nksh table exists
2020-10-27 20:32:43.331  INFO 11744 --- [er @coroutine#1] o.a.f.lib.MoexISSHistorySaverImpl        : Already loaded info: AlreadyLoadedInfo(tradeDate=2020-10-26, lastRowNum=1608)
2020-10-27 20:32:43.331  INFO 11744 --- [er @coroutine#1] o.a.f.lib.MoexISSHistoryLoader           : #reqDataForCheckLoaded: ticker=Ticker(value='nksh') | alreadyLoadedInfo=AlreadyLoadedInfo(tradeDate=2020-10-26, lastRowNum=1608)
2020-10-27 20:32:43.331  INFO 11744 --- [er @coroutine#1] o.a.f.lib.MoexISSHistoryLoader           : #loadRecords: ticker=Ticker(value='nksh') | recIdx=1607
2020-10-27 20:32:43.379  INFO 11744 --- [er @coroutine#1] o.a.f.lib.MoexISSHistoryLoader           :                 Start Load Pages
                ticker=Ticker(value='nksh')
                start=1608
                limit=100
2020-10-27 20:32:43.379  INFO 11744 --- [er @coroutine#1] o.a.f.lib.MoexISSHistoryLoader           : #loadPages: offset=1608

##### NLMK #####
2020-10-27 20:32:43.435  INFO 11744 --- [er @coroutine#1] o.a.f.lib.MoexISSHistorySaverImpl        : Start Actualize Ticker [nlmk] 
2020-10-27 20:32:43.550  INFO 11744 --- [er @coroutine#1] o.a.f.lib.MoexISSHistorySaverImpl        : nlmk table exists
2020-10-27 20:32:43.563  INFO 11744 --- [er @coroutine#1] o.a.f.lib.MoexISSHistorySaverImpl        : Already loaded info: AlreadyLoadedInfo(tradeDate=2020-10-26, lastRowNum=1608)
2020-10-27 20:32:43.563  INFO 11744 --- [er @coroutine#1] o.a.f.lib.MoexISSHistoryLoader           : #reqDataForCheckLoaded: ticker=Ticker(value='nlmk') | alreadyLoadedInfo=AlreadyLoadedInfo(tradeDate=2020-10-26, lastRowNum=1608)
2020-10-27 20:32:43.563  INFO 11744 --- [er @coroutine#1] o.a.f.lib.MoexISSHistoryLoader           : #loadRecords: ticker=Ticker(value='nlmk') | recIdx=1607
2020-10-27 20:32:43.611  INFO 11744 --- [er @coroutine#1] o.a.f.lib.MoexISSHistoryLoader           :                 Start Load Pages
                ticker=Ticker(value='nlmk')
                start=1608
                limit=100
2020-10-27 20:32:43.611  INFO 11744 --- [er @coroutine#1] o.a.f.lib.MoexISSHistoryLoader           : #loadPages: offset=1608

##### NMTP #####
2020-10-27 20:32:43.665  INFO 11744 --- [er @coroutine#1] o.a.f.lib.MoexISSHistorySaverImpl        : Start Actualize Ticker [nmtp] 
2020-10-27 20:32:43.892  INFO 11744 --- [er @coroutine#1] o.a.f.lib.MoexISSHistorySaverImpl        : nmtp table exists
2020-10-27 20:32:43.907  INFO 11744 --- [er @coroutine#1] o.a.f.lib.MoexISSHistorySaverImpl        : Already loaded info: AlreadyLoadedInfo(tradeDate=2020-10-26, lastRowNum=1608)
2020-10-27 20:32:43.907  INFO 11744 --- [er @coroutine#1] o.a.f.lib.MoexISSHistoryLoader           : #reqDataForCheckLoaded: ticker=Ticker(value='nmtp') | alreadyLoadedInfo=AlreadyLoadedInfo(tradeDate=2020-10-26, lastRowNum=1608)
2020-10-27 20:32:43.907  INFO 11744 --- [er @coroutine#1] o.a.f.lib.MoexISSHistoryLoader           : #loadRecords: ticker=Ticker(value='nmtp') | recIdx=1607
2020-10-27 20:32:43.972  INFO 11744 --- [er @coroutine#1] o.a.f.lib.MoexISSHistoryLoader           :                 Start Load Pages
                ticker=Ticker(value='nmtp')
                start=1608
                limit=100
2020-10-27 20:32:43.972  INFO 11744 --- [er @coroutine#1] o.a.f.lib.MoexISSHistoryLoader           : #loadPages: offset=1608

##### NNSB #####
2020-10-27 20:32:44.027  INFO 11744 --- [er @coroutine#1] o.a.f.lib.MoexISSHistorySaverImpl        : Start Actualize Ticker [nnsb] 
2020-10-27 20:32:44.129  INFO 11744 --- [er @coroutine#1] o.a.f.lib.MoexISSHistorySaverImpl        : nnsb table exists
2020-10-27 20:32:44.143  INFO 11744 --- [er @coroutine#1] o.a.f.lib.MoexISSHistorySaverImpl        : Already loaded info: AlreadyLoadedInfo(tradeDate=2020-10-26, lastRowNum=1608)
2020-10-27 20:32:44.143  INFO 11744 --- [er @coroutine#1] o.a.f.lib.MoexISSHistoryLoader           : #reqDataForCheckLoaded: ticker=Ticker(value='nnsb') | alreadyLoadedInfo=AlreadyLoadedInfo(tradeDate=2020-10-26, lastRowNum=1608)
2020-10-27 20:32:44.143  INFO 11744 --- [er @coroutine#1] o.a.f.lib.MoexISSHistoryLoader           : #loadRecords: ticker=Ticker(value='nnsb') | recIdx=1607
2020-10-27 20:32:44.187  INFO 11744 --- [er @coroutine#1] o.a.f.lib.MoexISSHistoryLoader           :                 Start Load Pages
                ticker=Ticker(value='nnsb')
                start=1608
                limit=100
2020-10-27 20:32:44.188  INFO 11744 --- [er @coroutine#1] o.a.f.lib.MoexISSHistoryLoader           : #loadPages: offset=1608

##### NNSBP #####
2020-10-27 20:32:44.242  INFO 11744 --- [er @coroutine#1] o.a.f.lib.MoexISSHistorySaverImpl        : Start Actualize Ticker [nnsbp] 
2020-10-27 20:32:44.350  INFO 11744 --- [er @coroutine#1] o.a.f.lib.MoexISSHistorySaverImpl        : nnsbp table exists
2020-10-27 20:32:44.363  INFO 11744 --- [er @coroutine#1] o.a.f.lib.MoexISSHistorySaverImpl        : Already loaded info: AlreadyLoadedInfo(tradeDate=2020-10-26, lastRowNum=1608)
2020-10-27 20:32:44.363  INFO 11744 --- [er @coroutine#1] o.a.f.lib.MoexISSHistoryLoader           : #reqDataForCheckLoaded: ticker=Ticker(value='nnsbp') | alreadyLoadedInfo=AlreadyLoadedInfo(tradeDate=2020-10-26, lastRowNum=1608)
2020-10-27 20:32:44.363  INFO 11744 --- [er @coroutine#1] o.a.f.lib.MoexISSHistoryLoader           : #loadRecords: ticker=Ticker(value='nnsbp') | recIdx=1607
2020-10-27 20:32:44.416  INFO 11744 --- [er @coroutine#1] o.a.f.lib.MoexISSHistoryLoader           :                 Start Load Pages
                ticker=Ticker(value='nnsbp')
                start=1608
                limit=100
2020-10-27 20:32:44.416  INFO 11744 --- [er @coroutine#1] o.a.f.lib.MoexISSHistoryLoader           : #loadPages: offset=1608

##### NPOF #####
2020-10-27 20:32:44.464  INFO 11744 --- [er @coroutine#1] o.a.f.lib.MoexISSHistorySaverImpl        : Start Actualize Ticker [npof] 
2020-10-27 20:32:44.697  INFO 11744 --- [er @coroutine#1] o.a.f.lib.MoexISSHistorySaverImpl        : npof table exists
2020-10-27 20:32:44.709  INFO 11744 --- [er @coroutine#1] o.a.f.lib.MoexISSHistorySaverImpl        : Already loaded info: AlreadyLoadedInfo(tradeDate=2020-10-26, lastRowNum=1608)
2020-10-27 20:32:44.709  INFO 11744 --- [er @coroutine#1] o.a.f.lib.MoexISSHistoryLoader           : #reqDataForCheckLoaded: ticker=Ticker(value='npof') | alreadyLoadedInfo=AlreadyLoadedInfo(tradeDate=2020-10-26, lastRowNum=1608)
2020-10-27 20:32:44.709  INFO 11744 --- [er @coroutine#1] o.a.f.lib.MoexISSHistoryLoader           : #loadRecords: ticker=Ticker(value='npof') | recIdx=1607
2020-10-27 20:32:44.757  INFO 11744 --- [er @coroutine#1] o.a.f.lib.MoexISSHistoryLoader           :                 Start Load Pages
                ticker=Ticker(value='npof')
                start=1608
                limit=100
2020-10-27 20:32:44.757  INFO 11744 --- [er @coroutine#1] o.a.f.lib.MoexISSHistoryLoader           : #loadPages: offset=1608

##### NSVZ #####
2020-10-27 20:32:44.816  INFO 11744 --- [er @coroutine#1] o.a.f.lib.MoexISSHistorySaverImpl        : Start Actualize Ticker [nsvz] 
2020-10-27 20:32:44.919  INFO 11744 --- [er @coroutine#1] o.a.f.lib.MoexISSHistorySaverImpl        : nsvz table exists
2020-10-27 20:32:44.932  INFO 11744 --- [er @coroutine#1] o.a.f.lib.MoexISSHistorySaverImpl        : Already loaded info: AlreadyLoadedInfo(tradeDate=2020-10-26, lastRowNum=1608)
2020-10-27 20:32:44.932  INFO 11744 --- [er @coroutine#1] o.a.f.lib.MoexISSHistoryLoader           : #reqDataForCheckLoaded: ticker=Ticker(value='nsvz') | alreadyLoadedInfo=AlreadyLoadedInfo(tradeDate=2020-10-26, lastRowNum=1608)
2020-10-27 20:32:44.932  INFO 11744 --- [er @coroutine#1] o.a.f.lib.MoexISSHistoryLoader           : #loadRecords: ticker=Ticker(value='nsvz') | recIdx=1607
2020-10-27 20:32:44.984  INFO 11744 --- [er @coroutine#1] o.a.f.lib.MoexISSHistoryLoader           :                 Start Load Pages
                ticker=Ticker(value='nsvz')
                start=1608
                limit=100
2020-10-27 20:32:44.984  INFO 11744 --- [er @coroutine#1] o.a.f.lib.MoexISSHistoryLoader           : #loadPages: offset=1608

##### NVTK #####
2020-10-27 20:32:45.037  INFO 11744 --- [er @coroutine#1] o.a.f.lib.MoexISSHistorySaverImpl        : Start Actualize Ticker [nvtk] 
2020-10-27 20:32:45.141  INFO 11744 --- [er @coroutine#1] o.a.f.lib.MoexISSHistorySaverImpl        : nvtk table exists
2020-10-27 20:32:45.155  INFO 11744 --- [er @coroutine#1] o.a.f.lib.MoexISSHistorySaverImpl        : Already loaded info: AlreadyLoadedInfo(tradeDate=2020-10-26, lastRowNum=1911)
2020-10-27 20:32:45.155  INFO 11744 --- [er @coroutine#1] o.a.f.lib.MoexISSHistoryLoader           : #reqDataForCheckLoaded: ticker=Ticker(value='nvtk') | alreadyLoadedInfo=AlreadyLoadedInfo(tradeDate=2020-10-26, lastRowNum=1911)
2020-10-27 20:32:45.155  INFO 11744 --- [er @coroutine#1] o.a.f.lib.MoexISSHistoryLoader           : #loadRecords: ticker=Ticker(value='nvtk') | recIdx=1910
2020-10-27 20:32:45.208  INFO 11744 --- [er @coroutine#1] o.a.f.lib.MoexISSHistoryLoader           :                 Start Load Pages
                ticker=Ticker(value='nvtk')
                start=1911
                limit=100
2020-10-27 20:32:45.208  INFO 11744 --- [er @coroutine#1] o.a.f.lib.MoexISSHistoryLoader           : #loadPages: offset=1911

##### OBUV #####
2020-10-27 20:32:45.256  INFO 11744 --- [er @coroutine#1] o.a.f.lib.MoexISSHistorySaverImpl        : Start Actualize Ticker [obuv] 
2020-10-27 20:32:45.476  INFO 11744 --- [er @coroutine#1] o.a.f.lib.MoexISSHistorySaverImpl        : obuv table exists
2020-10-27 20:32:45.487  INFO 11744 --- [er @coroutine#1] o.a.f.lib.MoexISSHistorySaverImpl        : Already loaded info: AlreadyLoadedInfo(tradeDate=2020-10-26, lastRowNum=769)
2020-10-27 20:32:45.487  INFO 11744 --- [er @coroutine#1] o.a.f.lib.MoexISSHistoryLoader           : #reqDataForCheckLoaded: ticker=Ticker(value='obuv') | alreadyLoadedInfo=AlreadyLoadedInfo(tradeDate=2020-10-26, lastRowNum=769)
2020-10-27 20:32:45.487  INFO 11744 --- [er @coroutine#1] o.a.f.lib.MoexISSHistoryLoader           : #loadRecords: ticker=Ticker(value='obuv') | recIdx=768
2020-10-27 20:32:45.540  INFO 11744 --- [er @coroutine#1] o.a.f.lib.MoexISSHistoryLoader           :                 Start Load Pages
                ticker=Ticker(value='obuv')
                start=769
                limit=100
2020-10-27 20:32:45.540  INFO 11744 --- [er @coroutine#1] o.a.f.lib.MoexISSHistoryLoader           : #loadPages: offset=769

##### OGKB #####
2020-10-27 20:32:45.587  INFO 11744 --- [er @coroutine#1] o.a.f.lib.MoexISSHistorySaverImpl        : Start Actualize Ticker [ogkb] 
2020-10-27 20:32:45.689  INFO 11744 --- [er @coroutine#1] o.a.f.lib.MoexISSHistorySaverImpl        : ogkb table exists
2020-10-27 20:32:45.702  INFO 11744 --- [er @coroutine#1] o.a.f.lib.MoexISSHistorySaverImpl        : Already loaded info: AlreadyLoadedInfo(tradeDate=2020-10-26, lastRowNum=1608)
2020-10-27 20:32:45.702  INFO 11744 --- [er @coroutine#1] o.a.f.lib.MoexISSHistoryLoader           : #reqDataForCheckLoaded: ticker=Ticker(value='ogkb') | alreadyLoadedInfo=AlreadyLoadedInfo(tradeDate=2020-10-26, lastRowNum=1608)
2020-10-27 20:32:45.702  INFO 11744 --- [er @coroutine#1] o.a.f.lib.MoexISSHistoryLoader           : #loadRecords: ticker=Ticker(value='ogkb') | recIdx=1607
2020-10-27 20:32:45.756  INFO 11744 --- [er @coroutine#1] o.a.f.lib.MoexISSHistoryLoader           :                 Start Load Pages
                ticker=Ticker(value='ogkb')
                start=1608
                limit=100
2020-10-27 20:32:45.756  INFO 11744 --- [er @coroutine#1] o.a.f.lib.MoexISSHistoryLoader           : #loadPages: offset=1608

##### OMZZP #####
2020-10-27 20:32:45.801  INFO 11744 --- [er @coroutine#1] o.a.f.lib.MoexISSHistorySaverImpl        : Start Actualize Ticker [omzzp] 
2020-10-27 20:32:45.906  INFO 11744 --- [er @coroutine#1] o.a.f.lib.MoexISSHistorySaverImpl        : omzzp table exists
2020-10-27 20:32:45.917  INFO 11744 --- [er @coroutine#1] o.a.f.lib.MoexISSHistorySaverImpl        : Already loaded info: AlreadyLoadedInfo(tradeDate=2020-10-26, lastRowNum=1608)
2020-10-27 20:32:45.917  INFO 11744 --- [er @coroutine#1] o.a.f.lib.MoexISSHistoryLoader           : #reqDataForCheckLoaded: ticker=Ticker(value='omzzp') | alreadyLoadedInfo=AlreadyLoadedInfo(tradeDate=2020-10-26, lastRowNum=1608)
2020-10-27 20:32:45.917  INFO 11744 --- [er @coroutine#1] o.a.f.lib.MoexISSHistoryLoader           : #loadRecords: ticker=Ticker(value='omzzp') | recIdx=1607
2020-10-27 20:32:45.970  INFO 11744 --- [er @coroutine#1] o.a.f.lib.MoexISSHistoryLoader           :                 Start Load Pages
                ticker=Ticker(value='omzzp')
                start=1608
                limit=100
2020-10-27 20:32:45.970  INFO 11744 --- [er @coroutine#1] o.a.f.lib.MoexISSHistoryLoader           : #loadPages: offset=1608

##### PAZA #####
2020-10-27 20:32:46.012  INFO 11744 --- [er @coroutine#1] o.a.f.lib.MoexISSHistorySaverImpl        : Start Actualize Ticker [paza] 
2020-10-27 20:32:46.126  INFO 11744 --- [er @coroutine#1] o.a.f.lib.MoexISSHistorySaverImpl        : paza table exists
2020-10-27 20:32:46.139  INFO 11744 --- [er @coroutine#1] o.a.f.lib.MoexISSHistorySaverImpl        : Already loaded info: AlreadyLoadedInfo(tradeDate=2020-10-26, lastRowNum=1608)
2020-10-27 20:32:46.139  INFO 11744 --- [er @coroutine#1] o.a.f.lib.MoexISSHistoryLoader           : #reqDataForCheckLoaded: ticker=Ticker(value='paza') | alreadyLoadedInfo=AlreadyLoadedInfo(tradeDate=2020-10-26, lastRowNum=1608)
2020-10-27 20:32:46.139  INFO 11744 --- [er @coroutine#1] o.a.f.lib.MoexISSHistoryLoader           : #loadRecords: ticker=Ticker(value='paza') | recIdx=1607
2020-10-27 20:32:46.188  INFO 11744 --- [er @coroutine#1] o.a.f.lib.MoexISSHistoryLoader           :                 Start Load Pages
                ticker=Ticker(value='paza')
                start=1608
                limit=100
2020-10-27 20:32:46.188  INFO 11744 --- [er @coroutine#1] o.a.f.lib.MoexISSHistoryLoader           : #loadPages: offset=1608

##### PHOR #####
2020-10-27 20:32:46.238  INFO 11744 --- [er @coroutine#1] o.a.f.lib.MoexISSHistorySaverImpl        : Start Actualize Ticker [phor] 
2020-10-27 20:32:46.341  INFO 11744 --- [er @coroutine#1] o.a.f.lib.MoexISSHistorySaverImpl        : phor table exists
2020-10-27 20:32:46.355  INFO 11744 --- [er @coroutine#1] o.a.f.lib.MoexISSHistorySaverImpl        : Already loaded info: AlreadyLoadedInfo(tradeDate=2020-10-26, lastRowNum=1839)
2020-10-27 20:32:46.355  INFO 11744 --- [er @coroutine#1] o.a.f.lib.MoexISSHistoryLoader           : #reqDataForCheckLoaded: ticker=Ticker(value='phor') | alreadyLoadedInfo=AlreadyLoadedInfo(tradeDate=2020-10-26, lastRowNum=1839)
2020-10-27 20:32:46.355  INFO 11744 --- [er @coroutine#1] o.a.f.lib.MoexISSHistoryLoader           : #loadRecords: ticker=Ticker(value='phor') | recIdx=1838
2020-10-27 20:32:46.403  INFO 11744 --- [er @coroutine#1] o.a.f.lib.MoexISSHistoryLoader           :                 Start Load Pages
                ticker=Ticker(value='phor')
                start=1839
                limit=100
2020-10-27 20:32:46.403  INFO 11744 --- [er @coroutine#1] o.a.f.lib.MoexISSHistoryLoader           : #loadPages: offset=1839

##### PIKK #####
2020-10-27 20:32:46.655  INFO 11744 --- [er @coroutine#1] o.a.f.lib.MoexISSHistorySaverImpl        : Start Actualize Ticker [pikk] 
2020-10-27 20:32:46.756  INFO 11744 --- [er @coroutine#1] o.a.f.lib.MoexISSHistorySaverImpl        : pikk table exists
2020-10-27 20:32:46.768  INFO 11744 --- [er @coroutine#1] o.a.f.lib.MoexISSHistorySaverImpl        : Already loaded info: AlreadyLoadedInfo(tradeDate=2020-10-26, lastRowNum=1839)
2020-10-27 20:32:46.768  INFO 11744 --- [er @coroutine#1] o.a.f.lib.MoexISSHistoryLoader           : #reqDataForCheckLoaded: ticker=Ticker(value='pikk') | alreadyLoadedInfo=AlreadyLoadedInfo(tradeDate=2020-10-26, lastRowNum=1839)
2020-10-27 20:32:46.768  INFO 11744 --- [er @coroutine#1] o.a.f.lib.MoexISSHistoryLoader           : #loadRecords: ticker=Ticker(value='pikk') | recIdx=1838
2020-10-27 20:32:46.821  INFO 11744 --- [er @coroutine#1] o.a.f.lib.MoexISSHistoryLoader           :                 Start Load Pages
                ticker=Ticker(value='pikk')
                start=1839
                limit=100
2020-10-27 20:32:46.821  INFO 11744 --- [er @coroutine#1] o.a.f.lib.MoexISSHistoryLoader           : #loadPages: offset=1839

##### PLZL #####
2020-10-27 20:32:46.876  INFO 11744 --- [er @coroutine#1] o.a.f.lib.MoexISSHistorySaverImpl        : Start Actualize Ticker [plzl] 
2020-10-27 20:32:46.985  INFO 11744 --- [er @coroutine#1] o.a.f.lib.MoexISSHistorySaverImpl        : plzl table exists
2020-10-27 20:32:46.998  INFO 11744 --- [er @coroutine#1] o.a.f.lib.MoexISSHistorySaverImpl        : Already loaded info: AlreadyLoadedInfo(tradeDate=2020-10-26, lastRowNum=1608)
2020-10-27 20:32:46.998  INFO 11744 --- [er @coroutine#1] o.a.f.lib.MoexISSHistoryLoader           : #reqDataForCheckLoaded: ticker=Ticker(value='plzl') | alreadyLoadedInfo=AlreadyLoadedInfo(tradeDate=2020-10-26, lastRowNum=1608)
2020-10-27 20:32:46.998  INFO 11744 --- [er @coroutine#1] o.a.f.lib.MoexISSHistoryLoader           : #loadRecords: ticker=Ticker(value='plzl') | recIdx=1607
2020-10-27 20:32:47.046  INFO 11744 --- [er @coroutine#1] o.a.f.lib.MoexISSHistoryLoader           :                 Start Load Pages
                ticker=Ticker(value='plzl')
                start=1608
                limit=100
2020-10-27 20:32:47.046  INFO 11744 --- [er @coroutine#1] o.a.f.lib.MoexISSHistoryLoader           : #loadPages: offset=1608

##### PMSB #####
2020-10-27 20:32:47.097  INFO 11744 --- [er @coroutine#1] o.a.f.lib.MoexISSHistorySaverImpl        : Start Actualize Ticker [pmsb] 
2020-10-27 20:32:47.215  INFO 11744 --- [er @coroutine#1] o.a.f.lib.MoexISSHistorySaverImpl        : pmsb table exists
2020-10-27 20:32:47.229  INFO 11744 --- [er @coroutine#1] o.a.f.lib.MoexISSHistorySaverImpl        : Already loaded info: AlreadyLoadedInfo(tradeDate=2020-10-26, lastRowNum=1608)
2020-10-27 20:32:47.229  INFO 11744 --- [er @coroutine#1] o.a.f.lib.MoexISSHistoryLoader           : #reqDataForCheckLoaded: ticker=Ticker(value='pmsb') | alreadyLoadedInfo=AlreadyLoadedInfo(tradeDate=2020-10-26, lastRowNum=1608)
2020-10-27 20:32:47.229  INFO 11744 --- [er @coroutine#1] o.a.f.lib.MoexISSHistoryLoader           : #loadRecords: ticker=Ticker(value='pmsb') | recIdx=1607
2020-10-27 20:32:47.275  INFO 11744 --- [er @coroutine#1] o.a.f.lib.MoexISSHistoryLoader           :                 Start Load Pages
                ticker=Ticker(value='pmsb')
                start=1608
                limit=100
2020-10-27 20:32:47.275  INFO 11744 --- [er @coroutine#1] o.a.f.lib.MoexISSHistoryLoader           : #loadPages: offset=1608

##### PMSBP #####
2020-10-27 20:32:47.321  INFO 11744 --- [er @coroutine#1] o.a.f.lib.MoexISSHistorySaverImpl        : Start Actualize Ticker [pmsbp] 
2020-10-27 20:32:47.435  INFO 11744 --- [er @coroutine#1] o.a.f.lib.MoexISSHistorySaverImpl        : pmsbp table exists
2020-10-27 20:32:47.448  INFO 11744 --- [er @coroutine#1] o.a.f.lib.MoexISSHistorySaverImpl        : Already loaded info: AlreadyLoadedInfo(tradeDate=2020-10-26, lastRowNum=1608)
2020-10-27 20:32:47.448  INFO 11744 --- [er @coroutine#1] o.a.f.lib.MoexISSHistoryLoader           : #reqDataForCheckLoaded: ticker=Ticker(value='pmsbp') | alreadyLoadedInfo=AlreadyLoadedInfo(tradeDate=2020-10-26, lastRowNum=1608)
2020-10-27 20:32:47.448  INFO 11744 --- [er @coroutine#1] o.a.f.lib.MoexISSHistoryLoader           : #loadRecords: ticker=Ticker(value='pmsbp') | recIdx=1607
2020-10-27 20:32:47.500  INFO 11744 --- [er @coroutine#1] o.a.f.lib.MoexISSHistoryLoader           :                 Start Load Pages
                ticker=Ticker(value='pmsbp')
                start=1608
                limit=100
2020-10-27 20:32:47.500  INFO 11744 --- [er @coroutine#1] o.a.f.lib.MoexISSHistoryLoader           : #loadPages: offset=1608

##### POGR #####
2020-10-27 20:32:47.551  INFO 11744 --- [er @coroutine#1] o.a.f.lib.MoexISSHistorySaverImpl        : Start Actualize Ticker [pogr] 
2020-10-27 20:32:47.666  INFO 11744 --- [er @coroutine#1] o.a.f.lib.MoexISSHistorySaverImpl        : pogr table exists
2020-10-27 20:32:47.679  INFO 11744 --- [er @coroutine#1] o.a.f.lib.MoexISSHistorySaverImpl        : Already loaded info: AlreadyLoadedInfo(tradeDate=2020-10-26, lastRowNum=87)
2020-10-27 20:32:47.679  INFO 11744 --- [er @coroutine#1] o.a.f.lib.MoexISSHistoryLoader           : #reqDataForCheckLoaded: ticker=Ticker(value='pogr') | alreadyLoadedInfo=AlreadyLoadedInfo(tradeDate=2020-10-26, lastRowNum=87)
2020-10-27 20:32:47.679  INFO 11744 --- [er @coroutine#1] o.a.f.lib.MoexISSHistoryLoader           : #loadRecords: ticker=Ticker(value='pogr') | recIdx=86
2020-10-27 20:32:47.712  INFO 11744 --- [er @coroutine#1] o.a.f.lib.MoexISSHistoryLoader           :                 Start Load Pages
                ticker=Ticker(value='pogr')
                start=87
                limit=100
2020-10-27 20:32:47.712  INFO 11744 --- [er @coroutine#1] o.a.f.lib.MoexISSHistoryLoader           : #loadPages: offset=87

##### POLY #####
2020-10-27 20:32:47.746  INFO 11744 --- [er @coroutine#1] o.a.f.lib.MoexISSHistorySaverImpl        : Start Actualize Ticker [poly] 
2020-10-27 20:32:47.855  INFO 11744 --- [er @coroutine#1] o.a.f.lib.MoexISSHistorySaverImpl        : poly table exists
2020-10-27 20:32:47.867  INFO 11744 --- [er @coroutine#1] o.a.f.lib.MoexISSHistorySaverImpl        : Already loaded info: AlreadyLoadedInfo(tradeDate=2020-10-26, lastRowNum=1799)
2020-10-27 20:32:47.867  INFO 11744 --- [er @coroutine#1] o.a.f.lib.MoexISSHistoryLoader           : #reqDataForCheckLoaded: ticker=Ticker(value='poly') | alreadyLoadedInfo=AlreadyLoadedInfo(tradeDate=2020-10-26, lastRowNum=1799)
2020-10-27 20:32:47.867  INFO 11744 --- [er @coroutine#1] o.a.f.lib.MoexISSHistoryLoader           : #loadRecords: ticker=Ticker(value='poly') | recIdx=1798
2020-10-27 20:32:47.922  INFO 11744 --- [er @coroutine#1] o.a.f.lib.MoexISSHistoryLoader           :                 Start Load Pages
                ticker=Ticker(value='poly')
                start=1799
                limit=100
2020-10-27 20:32:47.922  INFO 11744 --- [er @coroutine#1] o.a.f.lib.MoexISSHistoryLoader           : #loadPages: offset=1799

##### PRMB #####
2020-10-27 20:32:47.968  INFO 11744 --- [er @coroutine#1] o.a.f.lib.MoexISSHistorySaverImpl        : Start Actualize Ticker [prmb] 
2020-10-27 20:32:48.073  INFO 11744 --- [er @coroutine#1] o.a.f.lib.MoexISSHistorySaverImpl        : prmb table exists
2020-10-27 20:32:48.086  INFO 11744 --- [er @coroutine#1] o.a.f.lib.MoexISSHistorySaverImpl        : Already loaded info: AlreadyLoadedInfo(tradeDate=2020-10-26, lastRowNum=1608)
2020-10-27 20:32:48.086  INFO 11744 --- [er @coroutine#1] o.a.f.lib.MoexISSHistoryLoader           : #reqDataForCheckLoaded: ticker=Ticker(value='prmb') | alreadyLoadedInfo=AlreadyLoadedInfo(tradeDate=2020-10-26, lastRowNum=1608)
2020-10-27 20:32:48.086  INFO 11744 --- [er @coroutine#1] o.a.f.lib.MoexISSHistoryLoader           : #loadRecords: ticker=Ticker(value='prmb') | recIdx=1607
2020-10-27 20:32:48.133  INFO 11744 --- [er @coroutine#1] o.a.f.lib.MoexISSHistoryLoader           :                 Start Load Pages
                ticker=Ticker(value='prmb')
                start=1608
                limit=100
2020-10-27 20:32:48.133  INFO 11744 --- [er @coroutine#1] o.a.f.lib.MoexISSHistoryLoader           : #loadPages: offset=1608

##### PRTK #####
2020-10-27 20:32:48.184  INFO 11744 --- [er @coroutine#1] o.a.f.lib.MoexISSHistorySaverImpl        : Start Actualize Ticker [prtk] 
2020-10-27 20:32:48.296  INFO 11744 --- [er @coroutine#1] o.a.f.lib.MoexISSHistorySaverImpl        : prtk table exists
2020-10-27 20:32:48.309  INFO 11744 --- [er @coroutine#1] o.a.f.lib.MoexISSHistorySaverImpl        : Already loaded info: AlreadyLoadedInfo(tradeDate=2020-10-26, lastRowNum=1608)
2020-10-27 20:32:48.309  INFO 11744 --- [er @coroutine#1] o.a.f.lib.MoexISSHistoryLoader           : #reqDataForCheckLoaded: ticker=Ticker(value='prtk') | alreadyLoadedInfo=AlreadyLoadedInfo(tradeDate=2020-10-26, lastRowNum=1608)
2020-10-27 20:32:48.309  INFO 11744 --- [er @coroutine#1] o.a.f.lib.MoexISSHistoryLoader           : #loadRecords: ticker=Ticker(value='prtk') | recIdx=1607
2020-10-27 20:32:48.368  INFO 11744 --- [er @coroutine#1] o.a.f.lib.MoexISSHistoryLoader           :                 Start Load Pages
                ticker=Ticker(value='prtk')
                start=1608
                limit=100
2020-10-27 20:32:48.368  INFO 11744 --- [er @coroutine#1] o.a.f.lib.MoexISSHistoryLoader           : #loadPages: offset=1608

##### QIWI #####
2020-10-27 20:32:48.429  INFO 11744 --- [er @coroutine#1] o.a.f.lib.MoexISSHistorySaverImpl        : Start Actualize Ticker [qiwi] 
2020-10-27 20:32:48.647  INFO 11744 --- [er @coroutine#1] o.a.f.lib.MoexISSHistorySaverImpl        : qiwi table exists
2020-10-27 20:32:48.661  INFO 11744 --- [er @coroutine#1] o.a.f.lib.MoexISSHistorySaverImpl        : Already loaded info: AlreadyLoadedInfo(tradeDate=2020-10-26, lastRowNum=1609)
2020-10-27 20:32:48.661  INFO 11744 --- [er @coroutine#1] o.a.f.lib.MoexISSHistoryLoader           : #reqDataForCheckLoaded: ticker=Ticker(value='qiwi') | alreadyLoadedInfo=AlreadyLoadedInfo(tradeDate=2020-10-26, lastRowNum=1609)
2020-10-27 20:32:48.661  INFO 11744 --- [er @coroutine#1] o.a.f.lib.MoexISSHistoryLoader           : #loadRecords: ticker=Ticker(value='qiwi') | recIdx=1608
2020-10-27 20:32:48.708  INFO 11744 --- [er @coroutine#1] o.a.f.lib.MoexISSHistoryLoader           :                 Start Load Pages
                ticker=Ticker(value='qiwi')
                start=1609
                limit=100
2020-10-27 20:32:48.708  INFO 11744 --- [er @coroutine#1] o.a.f.lib.MoexISSHistoryLoader           : #loadPages: offset=1609

##### RASP #####
2020-10-27 20:32:48.762  INFO 11744 --- [er @coroutine#1] o.a.f.lib.MoexISSHistorySaverImpl        : Start Actualize Ticker [rasp] 
2020-10-27 20:32:48.988  INFO 11744 --- [er @coroutine#1] o.a.f.lib.MoexISSHistorySaverImpl        : rasp table exists
2020-10-27 20:32:49.002  INFO 11744 --- [er @coroutine#1] o.a.f.lib.MoexISSHistorySaverImpl        : Already loaded info: AlreadyLoadedInfo(tradeDate=2020-10-26, lastRowNum=1608)
2020-10-27 20:32:49.002  INFO 11744 --- [er @coroutine#1] o.a.f.lib.MoexISSHistoryLoader           : #reqDataForCheckLoaded: ticker=Ticker(value='rasp') | alreadyLoadedInfo=AlreadyLoadedInfo(tradeDate=2020-10-26, lastRowNum=1608)
2020-10-27 20:32:49.002  INFO 11744 --- [er @coroutine#1] o.a.f.lib.MoexISSHistoryLoader           : #loadRecords: ticker=Ticker(value='rasp') | recIdx=1607
2020-10-27 20:32:49.053  INFO 11744 --- [er @coroutine#1] o.a.f.lib.MoexISSHistoryLoader           :                 Start Load Pages
                ticker=Ticker(value='rasp')
                start=1608
                limit=100
2020-10-27 20:32:49.053  INFO 11744 --- [er @coroutine#1] o.a.f.lib.MoexISSHistoryLoader           : #loadPages: offset=1608

##### RAVN #####
2020-10-27 20:32:49.102  INFO 11744 --- [er @coroutine#1] o.a.f.lib.MoexISSHistorySaverImpl        : Start Actualize Ticker [ravn] 
2020-10-27 20:32:49.208  INFO 11744 --- [er @coroutine#1] o.a.f.lib.MoexISSHistorySaverImpl        : ravn table exists
2020-10-27 20:32:49.221  INFO 11744 --- [er @coroutine#1] o.a.f.lib.MoexISSHistorySaverImpl        : Already loaded info: AlreadyLoadedInfo(tradeDate=2020-10-26, lastRowNum=519)
2020-10-27 20:32:49.221  INFO 11744 --- [er @coroutine#1] o.a.f.lib.MoexISSHistoryLoader           : #reqDataForCheckLoaded: ticker=Ticker(value='ravn') | alreadyLoadedInfo=AlreadyLoadedInfo(tradeDate=2020-10-26, lastRowNum=519)
2020-10-27 20:32:49.221  INFO 11744 --- [er @coroutine#1] o.a.f.lib.MoexISSHistoryLoader           : #loadRecords: ticker=Ticker(value='ravn') | recIdx=518
2020-10-27 20:32:49.258  INFO 11744 --- [er @coroutine#1] o.a.f.lib.MoexISSHistoryLoader           :                 Start Load Pages
                ticker=Ticker(value='ravn')
                start=519
                limit=100
2020-10-27 20:32:49.258  INFO 11744 --- [er @coroutine#1] o.a.f.lib.MoexISSHistoryLoader           : #loadPages: offset=519

##### RBCM #####
2020-10-27 20:32:49.294  INFO 11744 --- [er @coroutine#1] o.a.f.lib.MoexISSHistorySaverImpl        : Start Actualize Ticker [rbcm] 
2020-10-27 20:32:49.515  INFO 11744 --- [er @coroutine#1] o.a.f.lib.MoexISSHistorySaverImpl        : rbcm table exists
2020-10-27 20:32:49.528  INFO 11744 --- [er @coroutine#1] o.a.f.lib.MoexISSHistorySaverImpl        : Already loaded info: AlreadyLoadedInfo(tradeDate=2020-10-26, lastRowNum=1608)
2020-10-27 20:32:49.528  INFO 11744 --- [er @coroutine#1] o.a.f.lib.MoexISSHistoryLoader           : #reqDataForCheckLoaded: ticker=Ticker(value='rbcm') | alreadyLoadedInfo=AlreadyLoadedInfo(tradeDate=2020-10-26, lastRowNum=1608)
2020-10-27 20:32:49.528  INFO 11744 --- [er @coroutine#1] o.a.f.lib.MoexISSHistoryLoader           : #loadRecords: ticker=Ticker(value='rbcm') | recIdx=1607
2020-10-27 20:32:49.581  INFO 11744 --- [er @coroutine#1] o.a.f.lib.MoexISSHistoryLoader           :                 Start Load Pages
                ticker=Ticker(value='rbcm')
                start=1608
                limit=100
2020-10-27 20:32:49.581  INFO 11744 --- [er @coroutine#1] o.a.f.lib.MoexISSHistoryLoader           : #loadPages: offset=1608

##### RDRB #####
2020-10-27 20:32:49.620  INFO 11744 --- [er @coroutine#1] o.a.f.lib.MoexISSHistorySaverImpl        : Start Actualize Ticker [rdrb] 
2020-10-27 20:32:49.726  INFO 11744 --- [er @coroutine#1] o.a.f.lib.MoexISSHistorySaverImpl        : rdrb table exists
2020-10-27 20:32:49.740  INFO 11744 --- [er @coroutine#1] o.a.f.lib.MoexISSHistorySaverImpl        : Already loaded info: AlreadyLoadedInfo(tradeDate=2020-10-26, lastRowNum=1608)
2020-10-27 20:32:49.740  INFO 11744 --- [er @coroutine#1] o.a.f.lib.MoexISSHistoryLoader           : #reqDataForCheckLoaded: ticker=Ticker(value='rdrb') | alreadyLoadedInfo=AlreadyLoadedInfo(tradeDate=2020-10-26, lastRowNum=1608)
2020-10-27 20:32:49.740  INFO 11744 --- [er @coroutine#1] o.a.f.lib.MoexISSHistoryLoader           : #loadRecords: ticker=Ticker(value='rdrb') | recIdx=1607
2020-10-27 20:32:49.786  INFO 11744 --- [er @coroutine#1] o.a.f.lib.MoexISSHistoryLoader           :                 Start Load Pages
                ticker=Ticker(value='rdrb')
                start=1608
                limit=100
2020-10-27 20:32:49.786  INFO 11744 --- [er @coroutine#1] o.a.f.lib.MoexISSHistoryLoader           : #loadPages: offset=1608

##### RGSS #####
2020-10-27 20:32:49.837  INFO 11744 --- [er @coroutine#1] o.a.f.lib.MoexISSHistorySaverImpl        : Start Actualize Ticker [rgss] 
2020-10-27 20:32:50.050  INFO 11744 --- [er @coroutine#1] o.a.f.lib.MoexISSHistorySaverImpl        : rgss table exists
2020-10-27 20:32:50.062  INFO 11744 --- [er @coroutine#1] o.a.f.lib.MoexISSHistorySaverImpl        : Already loaded info: AlreadyLoadedInfo(tradeDate=2020-10-26, lastRowNum=1717)
2020-10-27 20:32:50.062  INFO 11744 --- [er @coroutine#1] o.a.f.lib.MoexISSHistoryLoader           : #reqDataForCheckLoaded: ticker=Ticker(value='rgss') | alreadyLoadedInfo=AlreadyLoadedInfo(tradeDate=2020-10-26, lastRowNum=1717)
2020-10-27 20:32:50.062  INFO 11744 --- [er @coroutine#1] o.a.f.lib.MoexISSHistoryLoader           : #loadRecords: ticker=Ticker(value='rgss') | recIdx=1716
2020-10-27 20:32:50.109  INFO 11744 --- [er @coroutine#1] o.a.f.lib.MoexISSHistoryLoader           :                 Start Load Pages
                ticker=Ticker(value='rgss')
                start=1717
                limit=100
2020-10-27 20:32:50.109  INFO 11744 --- [er @coroutine#1] o.a.f.lib.MoexISSHistoryLoader           : #loadPages: offset=1717

##### RKKE #####
2020-10-27 20:32:50.164  INFO 11744 --- [er @coroutine#1] o.a.f.lib.MoexISSHistorySaverImpl        : Start Actualize Ticker [rkke] 
2020-10-27 20:32:50.275  INFO 11744 --- [er @coroutine#1] o.a.f.lib.MoexISSHistorySaverImpl        : rkke table exists
2020-10-27 20:32:50.286  INFO 11744 --- [er @coroutine#1] o.a.f.lib.MoexISSHistorySaverImpl        : Already loaded info: AlreadyLoadedInfo(tradeDate=2020-10-26, lastRowNum=1608)
2020-10-27 20:32:50.286  INFO 11744 --- [er @coroutine#1] o.a.f.lib.MoexISSHistoryLoader           : #reqDataForCheckLoaded: ticker=Ticker(value='rkke') | alreadyLoadedInfo=AlreadyLoadedInfo(tradeDate=2020-10-26, lastRowNum=1608)
2020-10-27 20:32:50.286  INFO 11744 --- [er @coroutine#1] o.a.f.lib.MoexISSHistoryLoader           : #loadRecords: ticker=Ticker(value='rkke') | recIdx=1607
2020-10-27 20:32:50.338  INFO 11744 --- [er @coroutine#1] o.a.f.lib.MoexISSHistoryLoader           :                 Start Load Pages
                ticker=Ticker(value='rkke')
                start=1608
                limit=100
2020-10-27 20:32:50.338  INFO 11744 --- [er @coroutine#1] o.a.f.lib.MoexISSHistoryLoader           : #loadPages: offset=1608

##### RLMN #####
2020-10-27 20:32:50.399  INFO 11744 --- [er @coroutine#1] o.a.f.lib.MoexISSHistorySaverImpl        : Start Actualize Ticker [rlmn] 
2020-10-27 20:32:50.519  INFO 11744 --- [er @coroutine#1] o.a.f.lib.MoexISSHistorySaverImpl        : rlmn table exists
2020-10-27 20:32:50.530  INFO 11744 --- [er @coroutine#1] o.a.f.lib.MoexISSHistorySaverImpl        : Already loaded info: AlreadyLoadedInfo(tradeDate=2020-10-26, lastRowNum=1608)
2020-10-27 20:32:50.530  INFO 11744 --- [er @coroutine#1] o.a.f.lib.MoexISSHistoryLoader           : #reqDataForCheckLoaded: ticker=Ticker(value='rlmn') | alreadyLoadedInfo=AlreadyLoadedInfo(tradeDate=2020-10-26, lastRowNum=1608)
2020-10-27 20:32:50.530  INFO 11744 --- [er @coroutine#1] o.a.f.lib.MoexISSHistoryLoader           : #loadRecords: ticker=Ticker(value='rlmn') | recIdx=1607
2020-10-27 20:32:50.580  INFO 11744 --- [er @coroutine#1] o.a.f.lib.MoexISSHistoryLoader           :                 Start Load Pages
                ticker=Ticker(value='rlmn')
                start=1608
                limit=100
2020-10-27 20:32:50.580  INFO 11744 --- [er @coroutine#1] o.a.f.lib.MoexISSHistoryLoader           : #loadPages: offset=1608

##### RLMNP #####
2020-10-27 20:32:50.864  INFO 11744 --- [er @coroutine#1] o.a.f.lib.MoexISSHistorySaverImpl        : Start Actualize Ticker [rlmnp] 
2020-10-27 20:32:50.973  INFO 11744 --- [er @coroutine#1] o.a.f.lib.MoexISSHistorySaverImpl        : rlmnp table exists
2020-10-27 20:32:50.986  INFO 11744 --- [er @coroutine#1] o.a.f.lib.MoexISSHistorySaverImpl        : Already loaded info: AlreadyLoadedInfo(tradeDate=2020-10-26, lastRowNum=1608)
2020-10-27 20:32:50.986  INFO 11744 --- [er @coroutine#1] o.a.f.lib.MoexISSHistoryLoader           : #reqDataForCheckLoaded: ticker=Ticker(value='rlmnp') | alreadyLoadedInfo=AlreadyLoadedInfo(tradeDate=2020-10-26, lastRowNum=1608)
2020-10-27 20:32:50.986  INFO 11744 --- [er @coroutine#1] o.a.f.lib.MoexISSHistoryLoader           : #loadRecords: ticker=Ticker(value='rlmnp') | recIdx=1607
2020-10-27 20:32:51.033  INFO 11744 --- [er @coroutine#1] o.a.f.lib.MoexISSHistoryLoader           :                 Start Load Pages
                ticker=Ticker(value='rlmnp')
                start=1608
                limit=100
2020-10-27 20:32:51.033  INFO 11744 --- [er @coroutine#1] o.a.f.lib.MoexISSHistoryLoader           : #loadPages: offset=1608

##### RNFT #####
2020-10-27 20:32:51.074  INFO 11744 --- [er @coroutine#1] o.a.f.lib.MoexISSHistorySaverImpl        : Start Actualize Ticker [rnft] 
2020-10-27 20:32:51.188  INFO 11744 --- [er @coroutine#1] o.a.f.lib.MoexISSHistorySaverImpl        : rnft table exists
2020-10-27 20:32:51.201  INFO 11744 --- [er @coroutine#1] o.a.f.lib.MoexISSHistorySaverImpl        : Already loaded info: AlreadyLoadedInfo(tradeDate=2020-10-26, lastRowNum=993)
2020-10-27 20:32:51.201  INFO 11744 --- [er @coroutine#1] o.a.f.lib.MoexISSHistoryLoader           : #reqDataForCheckLoaded: ticker=Ticker(value='rnft') | alreadyLoadedInfo=AlreadyLoadedInfo(tradeDate=2020-10-26, lastRowNum=993)
2020-10-27 20:32:51.201  INFO 11744 --- [er @coroutine#1] o.a.f.lib.MoexISSHistoryLoader           : #loadRecords: ticker=Ticker(value='rnft') | recIdx=992
2020-10-27 20:32:51.242  INFO 11744 --- [er @coroutine#1] o.a.f.lib.MoexISSHistoryLoader           :                 Start Load Pages
                ticker=Ticker(value='rnft')
                start=993
                limit=100
2020-10-27 20:32:51.242  INFO 11744 --- [er @coroutine#1] o.a.f.lib.MoexISSHistoryLoader           : #loadPages: offset=993

##### ROLO #####
2020-10-27 20:32:51.291  INFO 11744 --- [er @coroutine#1] o.a.f.lib.MoexISSHistorySaverImpl        : Start Actualize Ticker [rolo] 
2020-10-27 20:32:51.396  INFO 11744 --- [er @coroutine#1] o.a.f.lib.MoexISSHistorySaverImpl        : rolo table exists
2020-10-27 20:32:51.408  INFO 11744 --- [er @coroutine#1] o.a.f.lib.MoexISSHistorySaverImpl        : Already loaded info: AlreadyLoadedInfo(tradeDate=2020-10-26, lastRowNum=1608)
2020-10-27 20:32:51.408  INFO 11744 --- [er @coroutine#1] o.a.f.lib.MoexISSHistoryLoader           : #reqDataForCheckLoaded: ticker=Ticker(value='rolo') | alreadyLoadedInfo=AlreadyLoadedInfo(tradeDate=2020-10-26, lastRowNum=1608)
2020-10-27 20:32:51.408  INFO 11744 --- [er @coroutine#1] o.a.f.lib.MoexISSHistoryLoader           : #loadRecords: ticker=Ticker(value='rolo') | recIdx=1607
2020-10-27 20:32:51.457  INFO 11744 --- [er @coroutine#1] o.a.f.lib.MoexISSHistoryLoader           :                 Start Load Pages
                ticker=Ticker(value='rolo')
                start=1608
                limit=100
2020-10-27 20:32:51.457  INFO 11744 --- [er @coroutine#1] o.a.f.lib.MoexISSHistoryLoader           : #loadPages: offset=1608

##### ROSB #####
2020-10-27 20:32:51.561  INFO 11744 --- [er @coroutine#1] o.a.f.lib.MoexISSHistorySaverImpl        : Start Actualize Ticker [rosb] 
2020-10-27 20:32:51.662  INFO 11744 --- [er @coroutine#1] o.a.f.lib.MoexISSHistorySaverImpl        : rosb table exists
2020-10-27 20:32:51.676  INFO 11744 --- [er @coroutine#1] o.a.f.lib.MoexISSHistorySaverImpl        : Already loaded info: AlreadyLoadedInfo(tradeDate=2020-10-26, lastRowNum=1608)
2020-10-27 20:32:51.676  INFO 11744 --- [er @coroutine#1] o.a.f.lib.MoexISSHistoryLoader           : #reqDataForCheckLoaded: ticker=Ticker(value='rosb') | alreadyLoadedInfo=AlreadyLoadedInfo(tradeDate=2020-10-26, lastRowNum=1608)
2020-10-27 20:32:51.676  INFO 11744 --- [er @coroutine#1] o.a.f.lib.MoexISSHistoryLoader           : #loadRecords: ticker=Ticker(value='rosb') | recIdx=1607
2020-10-27 20:32:51.743  INFO 11744 --- [er @coroutine#1] o.a.f.lib.MoexISSHistoryLoader           :                 Start Load Pages
                ticker=Ticker(value='rosb')
                start=1608
                limit=100
2020-10-27 20:32:51.743  INFO 11744 --- [er @coroutine#1] o.a.f.lib.MoexISSHistoryLoader           : #loadPages: offset=1608

##### ROSN #####
2020-10-27 20:32:51.802  INFO 11744 --- [er @coroutine#1] o.a.f.lib.MoexISSHistorySaverImpl        : Start Actualize Ticker [rosn] 
2020-10-27 20:32:51.910  INFO 11744 --- [er @coroutine#1] o.a.f.lib.MoexISSHistorySaverImpl        : rosn table exists
2020-10-27 20:32:51.924  INFO 11744 --- [er @coroutine#1] o.a.f.lib.MoexISSHistorySaverImpl        : Already loaded info: AlreadyLoadedInfo(tradeDate=2020-10-26, lastRowNum=1608)
2020-10-27 20:32:51.924  INFO 11744 --- [er @coroutine#1] o.a.f.lib.MoexISSHistoryLoader           : #reqDataForCheckLoaded: ticker=Ticker(value='rosn') | alreadyLoadedInfo=AlreadyLoadedInfo(tradeDate=2020-10-26, lastRowNum=1608)
2020-10-27 20:32:51.924  INFO 11744 --- [er @coroutine#1] o.a.f.lib.MoexISSHistoryLoader           : #loadRecords: ticker=Ticker(value='rosn') | recIdx=1607
2020-10-27 20:32:51.972  INFO 11744 --- [er @coroutine#1] o.a.f.lib.MoexISSHistoryLoader           :                 Start Load Pages
                ticker=Ticker(value='rosn')
                start=1608
                limit=100
2020-10-27 20:32:51.972  INFO 11744 --- [er @coroutine#1] o.a.f.lib.MoexISSHistoryLoader           : #loadPages: offset=1608

##### ROST #####
2020-10-27 20:32:52.034  INFO 11744 --- [er @coroutine#1] o.a.f.lib.MoexISSHistorySaverImpl        : Start Actualize Ticker [rost] 
2020-10-27 20:32:52.134  INFO 11744 --- [er @coroutine#1] o.a.f.lib.MoexISSHistorySaverImpl        : rost table exists
2020-10-27 20:32:52.148  INFO 11744 --- [er @coroutine#1] o.a.f.lib.MoexISSHistorySaverImpl        : Already loaded info: AlreadyLoadedInfo(tradeDate=2020-10-26, lastRowNum=1608)
2020-10-27 20:32:52.148  INFO 11744 --- [er @coroutine#1] o.a.f.lib.MoexISSHistoryLoader           : #reqDataForCheckLoaded: ticker=Ticker(value='rost') | alreadyLoadedInfo=AlreadyLoadedInfo(tradeDate=2020-10-26, lastRowNum=1608)
2020-10-27 20:32:52.148  INFO 11744 --- [er @coroutine#1] o.a.f.lib.MoexISSHistoryLoader           : #loadRecords: ticker=Ticker(value='rost') | recIdx=1607
2020-10-27 20:32:52.195  INFO 11744 --- [er @coroutine#1] o.a.f.lib.MoexISSHistoryLoader           :                 Start Load Pages
                ticker=Ticker(value='rost')
                start=1608
                limit=100
2020-10-27 20:32:52.195  INFO 11744 --- [er @coroutine#1] o.a.f.lib.MoexISSHistoryLoader           : #loadPages: offset=1608

##### RSTI #####
2020-10-27 20:32:52.250  INFO 11744 --- [er @coroutine#1] o.a.f.lib.MoexISSHistorySaverImpl        : Start Actualize Ticker [rsti] 
2020-10-27 20:32:52.480  INFO 11744 --- [er @coroutine#1] o.a.f.lib.MoexISSHistorySaverImpl        : rsti table exists
2020-10-27 20:32:52.491  INFO 11744 --- [er @coroutine#1] o.a.f.lib.MoexISSHistorySaverImpl        : Already loaded info: AlreadyLoadedInfo(tradeDate=2020-10-26, lastRowNum=1608)
2020-10-27 20:32:52.491  INFO 11744 --- [er @coroutine#1] o.a.f.lib.MoexISSHistoryLoader           : #reqDataForCheckLoaded: ticker=Ticker(value='rsti') | alreadyLoadedInfo=AlreadyLoadedInfo(tradeDate=2020-10-26, lastRowNum=1608)
2020-10-27 20:32:52.491  INFO 11744 --- [er @coroutine#1] o.a.f.lib.MoexISSHistoryLoader           : #loadRecords: ticker=Ticker(value='rsti') | recIdx=1607
2020-10-27 20:32:52.535  INFO 11744 --- [er @coroutine#1] o.a.f.lib.MoexISSHistoryLoader           :                 Start Load Pages
                ticker=Ticker(value='rsti')
                start=1608
                limit=100
2020-10-27 20:32:52.535  INFO 11744 --- [er @coroutine#1] o.a.f.lib.MoexISSHistoryLoader           : #loadPages: offset=1608

##### RSTIP #####
2020-10-27 20:32:52.828  INFO 11744 --- [er @coroutine#1] o.a.f.lib.MoexISSHistorySaverImpl        : Start Actualize Ticker [rstip] 
2020-10-27 20:32:52.928  INFO 11744 --- [er @coroutine#1] o.a.f.lib.MoexISSHistorySaverImpl        : rstip table exists
2020-10-27 20:32:52.941  INFO 11744 --- [er @coroutine#1] o.a.f.lib.MoexISSHistorySaverImpl        : Already loaded info: AlreadyLoadedInfo(tradeDate=2020-10-26, lastRowNum=1608)
2020-10-27 20:32:52.941  INFO 11744 --- [er @coroutine#1] o.a.f.lib.MoexISSHistoryLoader           : #reqDataForCheckLoaded: ticker=Ticker(value='rstip') | alreadyLoadedInfo=AlreadyLoadedInfo(tradeDate=2020-10-26, lastRowNum=1608)
2020-10-27 20:32:52.941  INFO 11744 --- [er @coroutine#1] o.a.f.lib.MoexISSHistoryLoader           : #loadRecords: ticker=Ticker(value='rstip') | recIdx=1607
2020-10-27 20:32:52.997  INFO 11744 --- [er @coroutine#1] o.a.f.lib.MoexISSHistoryLoader           :                 Start Load Pages
                ticker=Ticker(value='rstip')
                start=1608
                limit=100
2020-10-27 20:32:52.997  INFO 11744 --- [er @coroutine#1] o.a.f.lib.MoexISSHistoryLoader           : #loadPages: offset=1608

##### RTGZ #####
2020-10-27 20:32:53.049  INFO 11744 --- [er @coroutine#1] o.a.f.lib.MoexISSHistorySaverImpl        : Start Actualize Ticker [rtgz] 
2020-10-27 20:32:53.154  INFO 11744 --- [er @coroutine#1] o.a.f.lib.MoexISSHistorySaverImpl        : rtgz table exists
2020-10-27 20:32:53.168  INFO 11744 --- [er @coroutine#1] o.a.f.lib.MoexISSHistorySaverImpl        : Already loaded info: AlreadyLoadedInfo(tradeDate=2020-10-26, lastRowNum=1608)
2020-10-27 20:32:53.168  INFO 11744 --- [er @coroutine#1] o.a.f.lib.MoexISSHistoryLoader           : #reqDataForCheckLoaded: ticker=Ticker(value='rtgz') | alreadyLoadedInfo=AlreadyLoadedInfo(tradeDate=2020-10-26, lastRowNum=1608)
2020-10-27 20:32:53.168  INFO 11744 --- [er @coroutine#1] o.a.f.lib.MoexISSHistoryLoader           : #loadRecords: ticker=Ticker(value='rtgz') | recIdx=1607
2020-10-27 20:32:53.236  INFO 11744 --- [er @coroutine#1] o.a.f.lib.MoexISSHistoryLoader           :                 Start Load Pages
                ticker=Ticker(value='rtgz')
                start=1608
                limit=100
2020-10-27 20:32:53.236  INFO 11744 --- [er @coroutine#1] o.a.f.lib.MoexISSHistoryLoader           : #loadPages: offset=1608

##### RTKM #####
2020-10-27 20:32:53.284  INFO 11744 --- [er @coroutine#1] o.a.f.lib.MoexISSHistorySaverImpl        : Start Actualize Ticker [rtkm] 
2020-10-27 20:32:53.385  INFO 11744 --- [er @coroutine#1] o.a.f.lib.MoexISSHistorySaverImpl        : rtkm table exists
2020-10-27 20:32:53.398  INFO 11744 --- [er @coroutine#1] o.a.f.lib.MoexISSHistorySaverImpl        : Already loaded info: AlreadyLoadedInfo(tradeDate=2020-10-26, lastRowNum=1839)
2020-10-27 20:32:53.398  INFO 11744 --- [er @coroutine#1] o.a.f.lib.MoexISSHistoryLoader           : #reqDataForCheckLoaded: ticker=Ticker(value='rtkm') | alreadyLoadedInfo=AlreadyLoadedInfo(tradeDate=2020-10-26, lastRowNum=1839)
2020-10-27 20:32:53.398  INFO 11744 --- [er @coroutine#1] o.a.f.lib.MoexISSHistoryLoader           : #loadRecords: ticker=Ticker(value='rtkm') | recIdx=1838
2020-10-27 20:32:53.448  INFO 11744 --- [er @coroutine#1] o.a.f.lib.MoexISSHistoryLoader           :                 Start Load Pages
                ticker=Ticker(value='rtkm')
                start=1839
                limit=100
2020-10-27 20:32:53.448  INFO 11744 --- [er @coroutine#1] o.a.f.lib.MoexISSHistoryLoader           : #loadPages: offset=1839

##### RTKMP #####
2020-10-27 20:32:53.506  INFO 11744 --- [er @coroutine#1] o.a.f.lib.MoexISSHistorySaverImpl        : Start Actualize Ticker [rtkmp] 
2020-10-27 20:32:53.610  INFO 11744 --- [er @coroutine#1] o.a.f.lib.MoexISSHistorySaverImpl        : rtkmp table exists
2020-10-27 20:32:53.622  INFO 11744 --- [er @coroutine#1] o.a.f.lib.MoexISSHistorySaverImpl        : Already loaded info: AlreadyLoadedInfo(tradeDate=2020-10-26, lastRowNum=1839)
2020-10-27 20:32:53.623  INFO 11744 --- [er @coroutine#1] o.a.f.lib.MoexISSHistoryLoader           : #reqDataForCheckLoaded: ticker=Ticker(value='rtkmp') | alreadyLoadedInfo=AlreadyLoadedInfo(tradeDate=2020-10-26, lastRowNum=1839)
2020-10-27 20:32:53.623  INFO 11744 --- [er @coroutine#1] o.a.f.lib.MoexISSHistoryLoader           : #loadRecords: ticker=Ticker(value='rtkmp') | recIdx=1838
2020-10-27 20:32:53.670  INFO 11744 --- [er @coroutine#1] o.a.f.lib.MoexISSHistoryLoader           :                 Start Load Pages
                ticker=Ticker(value='rtkmp')
                start=1839
                limit=100
2020-10-27 20:32:53.670  INFO 11744 --- [er @coroutine#1] o.a.f.lib.MoexISSHistoryLoader           : #loadPages: offset=1839

##### RTSB #####
2020-10-27 20:32:53.728  INFO 11744 --- [er @coroutine#1] o.a.f.lib.MoexISSHistorySaverImpl        : Start Actualize Ticker [rtsb] 
2020-10-27 20:32:53.841  INFO 11744 --- [er @coroutine#1] o.a.f.lib.MoexISSHistorySaverImpl        : rtsb table exists
2020-10-27 20:32:53.855  INFO 11744 --- [er @coroutine#1] o.a.f.lib.MoexISSHistorySaverImpl        : Already loaded info: AlreadyLoadedInfo(tradeDate=2020-10-26, lastRowNum=1608)
2020-10-27 20:32:53.855  INFO 11744 --- [er @coroutine#1] o.a.f.lib.MoexISSHistoryLoader           : #reqDataForCheckLoaded: ticker=Ticker(value='rtsb') | alreadyLoadedInfo=AlreadyLoadedInfo(tradeDate=2020-10-26, lastRowNum=1608)
2020-10-27 20:32:53.855  INFO 11744 --- [er @coroutine#1] o.a.f.lib.MoexISSHistoryLoader           : #loadRecords: ticker=Ticker(value='rtsb') | recIdx=1607
2020-10-27 20:32:53.899  INFO 11744 --- [er @coroutine#1] o.a.f.lib.MoexISSHistoryLoader           :                 Start Load Pages
                ticker=Ticker(value='rtsb')
                start=1608
                limit=100
2020-10-27 20:32:53.899  INFO 11744 --- [er @coroutine#1] o.a.f.lib.MoexISSHistoryLoader           : #loadPages: offset=1608

##### RTSBP #####
2020-10-27 20:32:53.949  INFO 11744 --- [er @coroutine#1] o.a.f.lib.MoexISSHistorySaverImpl        : Start Actualize Ticker [rtsbp] 
2020-10-27 20:32:54.052  INFO 11744 --- [er @coroutine#1] o.a.f.lib.MoexISSHistorySaverImpl        : rtsbp table exists
2020-10-27 20:32:54.065  INFO 11744 --- [er @coroutine#1] o.a.f.lib.MoexISSHistorySaverImpl        : Already loaded info: AlreadyLoadedInfo(tradeDate=2020-10-26, lastRowNum=1608)
2020-10-27 20:32:54.066  INFO 11744 --- [er @coroutine#1] o.a.f.lib.MoexISSHistoryLoader           : #reqDataForCheckLoaded: ticker=Ticker(value='rtsbp') | alreadyLoadedInfo=AlreadyLoadedInfo(tradeDate=2020-10-26, lastRowNum=1608)
2020-10-27 20:32:54.066  INFO 11744 --- [er @coroutine#1] o.a.f.lib.MoexISSHistoryLoader           : #loadRecords: ticker=Ticker(value='rtsbp') | recIdx=1607
2020-10-27 20:32:54.116  INFO 11744 --- [er @coroutine#1] o.a.f.lib.MoexISSHistoryLoader           :                 Start Load Pages
                ticker=Ticker(value='rtsbp')
                start=1608
                limit=100
2020-10-27 20:32:54.116  INFO 11744 --- [er @coroutine#1] o.a.f.lib.MoexISSHistoryLoader           : #loadPages: offset=1608

##### RUAL #####
2020-10-27 20:32:54.156  INFO 11744 --- [er @coroutine#1] o.a.f.lib.MoexISSHistorySaverImpl        : Start Actualize Ticker [rual] 
2020-10-27 20:32:54.260  INFO 11744 --- [er @coroutine#1] o.a.f.lib.MoexISSHistorySaverImpl        : rual table exists
2020-10-27 20:32:54.273  INFO 11744 --- [er @coroutine#1] o.a.f.lib.MoexISSHistorySaverImpl        : Already loaded info: AlreadyLoadedInfo(tradeDate=2020-10-26, lastRowNum=1407)
2020-10-27 20:32:54.273  INFO 11744 --- [er @coroutine#1] o.a.f.lib.MoexISSHistoryLoader           : #reqDataForCheckLoaded: ticker=Ticker(value='rual') | alreadyLoadedInfo=AlreadyLoadedInfo(tradeDate=2020-10-26, lastRowNum=1407)
2020-10-27 20:32:54.273  INFO 11744 --- [er @coroutine#1] o.a.f.lib.MoexISSHistoryLoader           : #loadRecords: ticker=Ticker(value='rual') | recIdx=1406
2020-10-27 20:32:54.319  INFO 11744 --- [er @coroutine#1] o.a.f.lib.MoexISSHistoryLoader           :                 Start Load Pages
                ticker=Ticker(value='rual')
                start=1407
                limit=100
2020-10-27 20:32:54.319  INFO 11744 --- [er @coroutine#1] o.a.f.lib.MoexISSHistoryLoader           : #loadPages: offset=1407

##### RUGR #####
2020-10-27 20:32:54.374  INFO 11744 --- [er @coroutine#1] o.a.f.lib.MoexISSHistorySaverImpl        : Start Actualize Ticker [rugr] 
2020-10-27 20:32:54.493  INFO 11744 --- [er @coroutine#1] o.a.f.lib.MoexISSHistorySaverImpl        : rugr table exists
2020-10-27 20:32:54.506  INFO 11744 --- [er @coroutine#1] o.a.f.lib.MoexISSHistorySaverImpl        : Already loaded info: AlreadyLoadedInfo(tradeDate=2020-10-26, lastRowNum=1608)
2020-10-27 20:32:54.506  INFO 11744 --- [er @coroutine#1] o.a.f.lib.MoexISSHistoryLoader           : #reqDataForCheckLoaded: ticker=Ticker(value='rugr') | alreadyLoadedInfo=AlreadyLoadedInfo(tradeDate=2020-10-26, lastRowNum=1608)
2020-10-27 20:32:54.506  INFO 11744 --- [er @coroutine#1] o.a.f.lib.MoexISSHistoryLoader           : #loadRecords: ticker=Ticker(value='rugr') | recIdx=1607
2020-10-27 20:32:54.555  INFO 11744 --- [er @coroutine#1] o.a.f.lib.MoexISSHistoryLoader           :                 Start Load Pages
                ticker=Ticker(value='rugr')
                start=1608
                limit=100
2020-10-27 20:32:54.555  INFO 11744 --- [er @coroutine#1] o.a.f.lib.MoexISSHistoryLoader           : #loadPages: offset=1608

##### RUSI #####
2020-10-27 20:32:54.606  INFO 11744 --- [er @coroutine#1] o.a.f.lib.MoexISSHistorySaverImpl        : Start Actualize Ticker [rusi] 
2020-10-27 20:32:54.735  INFO 11744 --- [er @coroutine#1] o.a.f.lib.MoexISSHistorySaverImpl        : rusi table exists
2020-10-27 20:32:54.745  INFO 11744 --- [er @coroutine#1] o.a.f.lib.MoexISSHistorySaverImpl        : Already loaded info: AlreadyLoadedInfo(tradeDate=2020-10-26, lastRowNum=1608)
2020-10-27 20:32:54.745  INFO 11744 --- [er @coroutine#1] o.a.f.lib.MoexISSHistoryLoader           : #reqDataForCheckLoaded: ticker=Ticker(value='rusi') | alreadyLoadedInfo=AlreadyLoadedInfo(tradeDate=2020-10-26, lastRowNum=1608)
2020-10-27 20:32:54.745  INFO 11744 --- [er @coroutine#1] o.a.f.lib.MoexISSHistoryLoader           : #loadRecords: ticker=Ticker(value='rusi') | recIdx=1607
2020-10-27 20:32:54.800  INFO 11744 --- [er @coroutine#1] o.a.f.lib.MoexISSHistoryLoader           :                 Start Load Pages
                ticker=Ticker(value='rusi')
                start=1608
                limit=100
2020-10-27 20:32:54.800  INFO 11744 --- [er @coroutine#1] o.a.f.lib.MoexISSHistoryLoader           : #loadPages: offset=1608

##### RUSP #####
2020-10-27 20:32:54.847  INFO 11744 --- [er @coroutine#1] o.a.f.lib.MoexISSHistorySaverImpl        : Start Actualize Ticker [rusp] 
2020-10-27 20:32:54.953  INFO 11744 --- [er @coroutine#1] o.a.f.lib.MoexISSHistorySaverImpl        : rusp table exists
2020-10-27 20:32:54.965  INFO 11744 --- [er @coroutine#1] o.a.f.lib.MoexISSHistorySaverImpl        : Already loaded info: AlreadyLoadedInfo(tradeDate=2020-10-26, lastRowNum=1608)
2020-10-27 20:32:54.965  INFO 11744 --- [er @coroutine#1] o.a.f.lib.MoexISSHistoryLoader           : #reqDataForCheckLoaded: ticker=Ticker(value='rusp') | alreadyLoadedInfo=AlreadyLoadedInfo(tradeDate=2020-10-26, lastRowNum=1608)
2020-10-27 20:32:54.965  INFO 11744 --- [er @coroutine#1] o.a.f.lib.MoexISSHistoryLoader           : #loadRecords: ticker=Ticker(value='rusp') | recIdx=1607
2020-10-27 20:32:55.027  INFO 11744 --- [er @coroutine#1] o.a.f.lib.MoexISSHistoryLoader           :                 Start Load Pages
                ticker=Ticker(value='rusp')
                start=1608
                limit=100
2020-10-27 20:32:55.027  INFO 11744 --- [er @coroutine#1] o.a.f.lib.MoexISSHistoryLoader           : #loadPages: offset=1608

##### RZSB #####
2020-10-27 20:32:55.073  INFO 11744 --- [er @coroutine#1] o.a.f.lib.MoexISSHistorySaverImpl        : Start Actualize Ticker [rzsb] 
2020-10-27 20:32:55.292  INFO 11744 --- [er @coroutine#1] o.a.f.lib.MoexISSHistorySaverImpl        : rzsb table exists
2020-10-27 20:32:55.304  INFO 11744 --- [er @coroutine#1] o.a.f.lib.MoexISSHistorySaverImpl        : Already loaded info: AlreadyLoadedInfo(tradeDate=2020-10-26, lastRowNum=1608)
2020-10-27 20:32:55.304  INFO 11744 --- [er @coroutine#1] o.a.f.lib.MoexISSHistoryLoader           : #reqDataForCheckLoaded: ticker=Ticker(value='rzsb') | alreadyLoadedInfo=AlreadyLoadedInfo(tradeDate=2020-10-26, lastRowNum=1608)
2020-10-27 20:32:55.305  INFO 11744 --- [er @coroutine#1] o.a.f.lib.MoexISSHistoryLoader           : #loadRecords: ticker=Ticker(value='rzsb') | recIdx=1607
2020-10-27 20:32:55.356  INFO 11744 --- [er @coroutine#1] o.a.f.lib.MoexISSHistoryLoader           :                 Start Load Pages
                ticker=Ticker(value='rzsb')
                start=1608
                limit=100
2020-10-27 20:32:55.356  INFO 11744 --- [er @coroutine#1] o.a.f.lib.MoexISSHistoryLoader           : #loadPages: offset=1608

##### SAGO #####
2020-10-27 20:32:55.408  INFO 11744 --- [er @coroutine#1] o.a.f.lib.MoexISSHistorySaverImpl        : Start Actualize Ticker [sago] 
2020-10-27 20:32:55.519  INFO 11744 --- [er @coroutine#1] o.a.f.lib.MoexISSHistorySaverImpl        : sago table exists
2020-10-27 20:32:55.532  INFO 11744 --- [er @coroutine#1] o.a.f.lib.MoexISSHistorySaverImpl        : Already loaded info: AlreadyLoadedInfo(tradeDate=2020-10-26, lastRowNum=1608)
2020-10-27 20:32:55.532  INFO 11744 --- [er @coroutine#1] o.a.f.lib.MoexISSHistoryLoader           : #reqDataForCheckLoaded: ticker=Ticker(value='sago') | alreadyLoadedInfo=AlreadyLoadedInfo(tradeDate=2020-10-26, lastRowNum=1608)
2020-10-27 20:32:55.532  INFO 11744 --- [er @coroutine#1] o.a.f.lib.MoexISSHistoryLoader           : #loadRecords: ticker=Ticker(value='sago') | recIdx=1607
2020-10-27 20:32:55.584  INFO 11744 --- [er @coroutine#1] o.a.f.lib.MoexISSHistoryLoader           :                 Start Load Pages
                ticker=Ticker(value='sago')
                start=1608
                limit=100
2020-10-27 20:32:55.584  INFO 11744 --- [er @coroutine#1] o.a.f.lib.MoexISSHistoryLoader           : #loadPages: offset=1608

##### SAGOP #####
2020-10-27 20:32:55.654  INFO 11744 --- [er @coroutine#1] o.a.f.lib.MoexISSHistorySaverImpl        : Start Actualize Ticker [sagop] 
2020-10-27 20:32:55.766  INFO 11744 --- [er @coroutine#1] o.a.f.lib.MoexISSHistorySaverImpl        : sagop table exists
2020-10-27 20:32:55.778  INFO 11744 --- [er @coroutine#1] o.a.f.lib.MoexISSHistorySaverImpl        : Already loaded info: AlreadyLoadedInfo(tradeDate=2020-10-26, lastRowNum=1608)
2020-10-27 20:32:55.778  INFO 11744 --- [er @coroutine#1] o.a.f.lib.MoexISSHistoryLoader           : #reqDataForCheckLoaded: ticker=Ticker(value='sagop') | alreadyLoadedInfo=AlreadyLoadedInfo(tradeDate=2020-10-26, lastRowNum=1608)
2020-10-27 20:32:55.778  INFO 11744 --- [er @coroutine#1] o.a.f.lib.MoexISSHistoryLoader           : #loadRecords: ticker=Ticker(value='sagop') | recIdx=1607
2020-10-27 20:32:55.827  INFO 11744 --- [er @coroutine#1] o.a.f.lib.MoexISSHistoryLoader           :                 Start Load Pages
                ticker=Ticker(value='sagop')
                start=1608
                limit=100
2020-10-27 20:32:55.827  INFO 11744 --- [er @coroutine#1] o.a.f.lib.MoexISSHistoryLoader           : #loadPages: offset=1608

##### SARE #####
2020-10-27 20:32:55.872  INFO 11744 --- [er @coroutine#1] o.a.f.lib.MoexISSHistorySaverImpl        : Start Actualize Ticker [sare] 
2020-10-27 20:32:55.980  INFO 11744 --- [er @coroutine#1] o.a.f.lib.MoexISSHistorySaverImpl        : sare table exists
2020-10-27 20:32:55.993  INFO 11744 --- [er @coroutine#1] o.a.f.lib.MoexISSHistorySaverImpl        : Already loaded info: AlreadyLoadedInfo(tradeDate=2020-10-26, lastRowNum=1608)
2020-10-27 20:32:55.993  INFO 11744 --- [er @coroutine#1] o.a.f.lib.MoexISSHistoryLoader           : #reqDataForCheckLoaded: ticker=Ticker(value='sare') | alreadyLoadedInfo=AlreadyLoadedInfo(tradeDate=2020-10-26, lastRowNum=1608)
2020-10-27 20:32:55.993  INFO 11744 --- [er @coroutine#1] o.a.f.lib.MoexISSHistoryLoader           : #loadRecords: ticker=Ticker(value='sare') | recIdx=1607
2020-10-27 20:32:56.038  INFO 11744 --- [er @coroutine#1] o.a.f.lib.MoexISSHistoryLoader           :                 Start Load Pages
                ticker=Ticker(value='sare')
                start=1608
                limit=100
2020-10-27 20:32:56.039  INFO 11744 --- [er @coroutine#1] o.a.f.lib.MoexISSHistoryLoader           : #loadPages: offset=1608

##### SAREP #####
2020-10-27 20:32:56.084  INFO 11744 --- [er @coroutine#1] o.a.f.lib.MoexISSHistorySaverImpl        : Start Actualize Ticker [sarep] 
2020-10-27 20:32:56.189  INFO 11744 --- [er @coroutine#1] o.a.f.lib.MoexISSHistorySaverImpl        : sarep table exists
2020-10-27 20:32:56.202  INFO 11744 --- [er @coroutine#1] o.a.f.lib.MoexISSHistorySaverImpl        : Already loaded info: AlreadyLoadedInfo(tradeDate=2020-10-26, lastRowNum=1608)
2020-10-27 20:32:56.202  INFO 11744 --- [er @coroutine#1] o.a.f.lib.MoexISSHistoryLoader           : #reqDataForCheckLoaded: ticker=Ticker(value='sarep') | alreadyLoadedInfo=AlreadyLoadedInfo(tradeDate=2020-10-26, lastRowNum=1608)
2020-10-27 20:32:56.202  INFO 11744 --- [er @coroutine#1] o.a.f.lib.MoexISSHistoryLoader           : #loadRecords: ticker=Ticker(value='sarep') | recIdx=1607
2020-10-27 20:32:56.245  INFO 11744 --- [er @coroutine#1] o.a.f.lib.MoexISSHistoryLoader           :                 Start Load Pages
                ticker=Ticker(value='sarep')
                start=1608
                limit=100
2020-10-27 20:32:56.245  INFO 11744 --- [er @coroutine#1] o.a.f.lib.MoexISSHistoryLoader           : #loadPages: offset=1608

##### SBER #####
2020-10-27 20:32:56.296  INFO 11744 --- [er @coroutine#1] o.a.f.lib.MoexISSHistorySaverImpl        : Start Actualize Ticker [sber] 
2020-10-27 20:32:56.512  INFO 11744 --- [er @coroutine#1] o.a.f.lib.MoexISSHistorySaverImpl        : sber table exists
2020-10-27 20:32:56.525  INFO 11744 --- [er @coroutine#1] o.a.f.lib.MoexISSHistorySaverImpl        : Already loaded info: AlreadyLoadedInfo(tradeDate=2020-10-26, lastRowNum=1911)
2020-10-27 20:32:56.526  INFO 11744 --- [er @coroutine#1] o.a.f.lib.MoexISSHistoryLoader           : #reqDataForCheckLoaded: ticker=Ticker(value='sber') | alreadyLoadedInfo=AlreadyLoadedInfo(tradeDate=2020-10-26, lastRowNum=1911)
2020-10-27 20:32:56.526  INFO 11744 --- [er @coroutine#1] o.a.f.lib.MoexISSHistoryLoader           : #loadRecords: ticker=Ticker(value='sber') | recIdx=1910
2020-10-27 20:32:56.574  INFO 11744 --- [er @coroutine#1] o.a.f.lib.MoexISSHistoryLoader           :                 Start Load Pages
                ticker=Ticker(value='sber')
                start=1911
                limit=100
2020-10-27 20:32:56.574  INFO 11744 --- [er @coroutine#1] o.a.f.lib.MoexISSHistoryLoader           : #loadPages: offset=1911

##### SBERP #####
2020-10-27 20:32:56.622  INFO 11744 --- [er @coroutine#1] o.a.f.lib.MoexISSHistorySaverImpl        : Start Actualize Ticker [sberp] 
2020-10-27 20:32:56.724  INFO 11744 --- [er @coroutine#1] o.a.f.lib.MoexISSHistorySaverImpl        : sberp table exists
2020-10-27 20:32:56.736  INFO 11744 --- [er @coroutine#1] o.a.f.lib.MoexISSHistorySaverImpl        : Already loaded info: AlreadyLoadedInfo(tradeDate=2020-10-26, lastRowNum=1911)
2020-10-27 20:32:56.736  INFO 11744 --- [er @coroutine#1] o.a.f.lib.MoexISSHistoryLoader           : #reqDataForCheckLoaded: ticker=Ticker(value='sberp') | alreadyLoadedInfo=AlreadyLoadedInfo(tradeDate=2020-10-26, lastRowNum=1911)
2020-10-27 20:32:56.737  INFO 11744 --- [er @coroutine#1] o.a.f.lib.MoexISSHistoryLoader           : #loadRecords: ticker=Ticker(value='sberp') | recIdx=1910
2020-10-27 20:32:56.811  INFO 11744 --- [er @coroutine#1] o.a.f.lib.MoexISSHistoryLoader           :                 Start Load Pages
                ticker=Ticker(value='sberp')
                start=1911
                limit=100
2020-10-27 20:32:56.812  INFO 11744 --- [er @coroutine#1] o.a.f.lib.MoexISSHistoryLoader           : #loadPages: offset=1911

##### SELG #####
2020-10-27 20:32:56.879  INFO 11744 --- [er @coroutine#1] o.a.f.lib.MoexISSHistorySaverImpl        : Start Actualize Ticker [selg] 
2020-10-27 20:32:56.983  INFO 11744 --- [er @coroutine#1] o.a.f.lib.MoexISSHistorySaverImpl        : selg table exists
2020-10-27 20:32:56.996  INFO 11744 --- [er @coroutine#1] o.a.f.lib.MoexISSHistorySaverImpl        : Already loaded info: AlreadyLoadedInfo(tradeDate=2020-10-26, lastRowNum=1608)
2020-10-27 20:32:56.996  INFO 11744 --- [er @coroutine#1] o.a.f.lib.MoexISSHistoryLoader           : #reqDataForCheckLoaded: ticker=Ticker(value='selg') | alreadyLoadedInfo=AlreadyLoadedInfo(tradeDate=2020-10-26, lastRowNum=1608)
2020-10-27 20:32:56.996  INFO 11744 --- [er @coroutine#1] o.a.f.lib.MoexISSHistoryLoader           : #loadRecords: ticker=Ticker(value='selg') | recIdx=1607
2020-10-27 20:32:57.054  INFO 11744 --- [er @coroutine#1] o.a.f.lib.MoexISSHistoryLoader           :                 Start Load Pages
                ticker=Ticker(value='selg')
                start=1608
                limit=100
2020-10-27 20:32:57.054  INFO 11744 --- [er @coroutine#1] o.a.f.lib.MoexISSHistoryLoader           : #loadPages: offset=1608

##### SELGP #####
2020-10-27 20:32:57.118  INFO 11744 --- [er @coroutine#1] o.a.f.lib.MoexISSHistorySaverImpl        : Start Actualize Ticker [selgp] 
2020-10-27 20:32:57.234  INFO 11744 --- [er @coroutine#1] o.a.f.lib.MoexISSHistorySaverImpl        : selgp table exists
2020-10-27 20:32:57.248  INFO 11744 --- [er @coroutine#1] o.a.f.lib.MoexISSHistorySaverImpl        : Already loaded info: AlreadyLoadedInfo(tradeDate=2020-10-26, lastRowNum=1799)
2020-10-27 20:32:57.248  INFO 11744 --- [er @coroutine#1] o.a.f.lib.MoexISSHistoryLoader           : #reqDataForCheckLoaded: ticker=Ticker(value='selgp') | alreadyLoadedInfo=AlreadyLoadedInfo(tradeDate=2020-10-26, lastRowNum=1799)
2020-10-27 20:32:57.248  INFO 11744 --- [er @coroutine#1] o.a.f.lib.MoexISSHistoryLoader           : #loadRecords: ticker=Ticker(value='selgp') | recIdx=1798
2020-10-27 20:32:57.307  INFO 11744 --- [er @coroutine#1] o.a.f.lib.MoexISSHistoryLoader           :                 Start Load Pages
                ticker=Ticker(value='selgp')
                start=1799
                limit=100
2020-10-27 20:32:57.307  INFO 11744 --- [er @coroutine#1] o.a.f.lib.MoexISSHistoryLoader           : #loadPages: offset=1799

##### SFIN #####
2020-10-27 20:32:57.356  INFO 11744 --- [er @coroutine#1] o.a.f.lib.MoexISSHistorySaverImpl        : Start Actualize Ticker [sfin] 
2020-10-27 20:32:57.478  INFO 11744 --- [er @coroutine#1] o.a.f.lib.MoexISSHistorySaverImpl        : sfin table exists
2020-10-27 20:32:57.490  INFO 11744 --- [er @coroutine#1] o.a.f.lib.MoexISSHistorySaverImpl        : Already loaded info: AlreadyLoadedInfo(tradeDate=2020-10-26, lastRowNum=710)
2020-10-27 20:32:57.490  INFO 11744 --- [er @coroutine#1] o.a.f.lib.MoexISSHistoryLoader           : #reqDataForCheckLoaded: ticker=Ticker(value='sfin') | alreadyLoadedInfo=AlreadyLoadedInfo(tradeDate=2020-10-26, lastRowNum=710)
2020-10-27 20:32:57.490  INFO 11744 --- [er @coroutine#1] o.a.f.lib.MoexISSHistoryLoader           : #loadRecords: ticker=Ticker(value='sfin') | recIdx=709
2020-10-27 20:32:57.534  INFO 11744 --- [er @coroutine#1] o.a.f.lib.MoexISSHistoryLoader           :                 Start Load Pages
                ticker=Ticker(value='sfin')
                start=710
                limit=100
2020-10-27 20:32:57.534  INFO 11744 --- [er @coroutine#1] o.a.f.lib.MoexISSHistoryLoader           : #loadPages: offset=710

##### SIBN #####
2020-10-27 20:32:57.577  INFO 11744 --- [er @coroutine#1] o.a.f.lib.MoexISSHistorySaverImpl        : Start Actualize Ticker [sibn] 
2020-10-27 20:32:57.682  INFO 11744 --- [er @coroutine#1] o.a.f.lib.MoexISSHistorySaverImpl        : sibn table exists
2020-10-27 20:32:57.695  INFO 11744 --- [er @coroutine#1] o.a.f.lib.MoexISSHistorySaverImpl        : Already loaded info: AlreadyLoadedInfo(tradeDate=2020-10-26, lastRowNum=1608)
2020-10-27 20:32:57.695  INFO 11744 --- [er @coroutine#1] o.a.f.lib.MoexISSHistoryLoader           : #reqDataForCheckLoaded: ticker=Ticker(value='sibn') | alreadyLoadedInfo=AlreadyLoadedInfo(tradeDate=2020-10-26, lastRowNum=1608)
2020-10-27 20:32:57.695  INFO 11744 --- [er @coroutine#1] o.a.f.lib.MoexISSHistoryLoader           : #loadRecords: ticker=Ticker(value='sibn') | recIdx=1607
2020-10-27 20:32:57.747  INFO 11744 --- [er @coroutine#1] o.a.f.lib.MoexISSHistoryLoader           :                 Start Load Pages
                ticker=Ticker(value='sibn')
                start=1608
                limit=100
2020-10-27 20:32:57.747  INFO 11744 --- [er @coroutine#1] o.a.f.lib.MoexISSHistoryLoader           : #loadPages: offset=1608

##### SLEN #####
2020-10-27 20:32:57.806  INFO 11744 --- [er @coroutine#1] o.a.f.lib.MoexISSHistorySaverImpl        : Start Actualize Ticker [slen] 
2020-10-27 20:32:57.909  INFO 11744 --- [er @coroutine#1] o.a.f.lib.MoexISSHistorySaverImpl        : slen table exists
2020-10-27 20:32:57.922  INFO 11744 --- [er @coroutine#1] o.a.f.lib.MoexISSHistorySaverImpl        : Already loaded info: AlreadyLoadedInfo(tradeDate=2020-10-26, lastRowNum=938)
2020-10-27 20:32:57.922  INFO 11744 --- [er @coroutine#1] o.a.f.lib.MoexISSHistoryLoader           : #reqDataForCheckLoaded: ticker=Ticker(value='slen') | alreadyLoadedInfo=AlreadyLoadedInfo(tradeDate=2020-10-26, lastRowNum=938)
2020-10-27 20:32:57.922  INFO 11744 --- [er @coroutine#1] o.a.f.lib.MoexISSHistoryLoader           : #loadRecords: ticker=Ticker(value='slen') | recIdx=937
2020-10-27 20:32:57.968  INFO 11744 --- [er @coroutine#1] o.a.f.lib.MoexISSHistoryLoader           :                 Start Load Pages
                ticker=Ticker(value='slen')
                start=938
                limit=100
2020-10-27 20:32:57.968  INFO 11744 --- [er @coroutine#1] o.a.f.lib.MoexISSHistoryLoader           : #loadPages: offset=938

##### SNGS #####
2020-10-27 20:32:58.010  INFO 11744 --- [er @coroutine#1] o.a.f.lib.MoexISSHistorySaverImpl        : Start Actualize Ticker [sngs] 
2020-10-27 20:32:58.216  INFO 11744 --- [er @coroutine#1] o.a.f.lib.MoexISSHistorySaverImpl        : sngs table exists
2020-10-27 20:32:58.230  INFO 11744 --- [er @coroutine#1] o.a.f.lib.MoexISSHistorySaverImpl        : Already loaded info: AlreadyLoadedInfo(tradeDate=2020-10-26, lastRowNum=1608)
2020-10-27 20:32:58.230  INFO 11744 --- [er @coroutine#1] o.a.f.lib.MoexISSHistoryLoader           : #reqDataForCheckLoaded: ticker=Ticker(value='sngs') | alreadyLoadedInfo=AlreadyLoadedInfo(tradeDate=2020-10-26, lastRowNum=1608)
2020-10-27 20:32:58.230  INFO 11744 --- [er @coroutine#1] o.a.f.lib.MoexISSHistoryLoader           : #loadRecords: ticker=Ticker(value='sngs') | recIdx=1607
2020-10-27 20:32:58.283  INFO 11744 --- [er @coroutine#1] o.a.f.lib.MoexISSHistoryLoader           :                 Start Load Pages
                ticker=Ticker(value='sngs')
                start=1608
                limit=100
2020-10-27 20:32:58.283  INFO 11744 --- [er @coroutine#1] o.a.f.lib.MoexISSHistoryLoader           : #loadPages: offset=1608

##### SNGSP #####
2020-10-27 20:32:58.329  INFO 11744 --- [er @coroutine#1] o.a.f.lib.MoexISSHistorySaverImpl        : Start Actualize Ticker [sngsp] 
2020-10-27 20:32:58.438  INFO 11744 --- [er @coroutine#1] o.a.f.lib.MoexISSHistorySaverImpl        : sngsp table exists
2020-10-27 20:32:58.450  INFO 11744 --- [er @coroutine#1] o.a.f.lib.MoexISSHistorySaverImpl        : Already loaded info: AlreadyLoadedInfo(tradeDate=2020-10-26, lastRowNum=1608)
2020-10-27 20:32:58.450  INFO 11744 --- [er @coroutine#1] o.a.f.lib.MoexISSHistoryLoader           : #reqDataForCheckLoaded: ticker=Ticker(value='sngsp') | alreadyLoadedInfo=AlreadyLoadedInfo(tradeDate=2020-10-26, lastRowNum=1608)
2020-10-27 20:32:58.450  INFO 11744 --- [er @coroutine#1] o.a.f.lib.MoexISSHistoryLoader           : #loadRecords: ticker=Ticker(value='sngsp') | recIdx=1607
2020-10-27 20:32:58.495  INFO 11744 --- [er @coroutine#1] o.a.f.lib.MoexISSHistoryLoader           :                 Start Load Pages
                ticker=Ticker(value='sngsp')
                start=1608
                limit=100
2020-10-27 20:32:58.495  INFO 11744 --- [er @coroutine#1] o.a.f.lib.MoexISSHistoryLoader           : #loadPages: offset=1608

##### STSB #####
2020-10-27 20:32:58.549  INFO 11744 --- [er @coroutine#1] o.a.f.lib.MoexISSHistorySaverImpl        : Start Actualize Ticker [stsb] 
2020-10-27 20:32:58.661  INFO 11744 --- [er @coroutine#1] o.a.f.lib.MoexISSHistorySaverImpl        : stsb table exists
2020-10-27 20:32:58.673  INFO 11744 --- [er @coroutine#1] o.a.f.lib.MoexISSHistorySaverImpl        : Already loaded info: AlreadyLoadedInfo(tradeDate=2020-10-26, lastRowNum=1608)
2020-10-27 20:32:58.673  INFO 11744 --- [er @coroutine#1] o.a.f.lib.MoexISSHistoryLoader           : #reqDataForCheckLoaded: ticker=Ticker(value='stsb') | alreadyLoadedInfo=AlreadyLoadedInfo(tradeDate=2020-10-26, lastRowNum=1608)
2020-10-27 20:32:58.673  INFO 11744 --- [er @coroutine#1] o.a.f.lib.MoexISSHistoryLoader           : #loadRecords: ticker=Ticker(value='stsb') | recIdx=1607
2020-10-27 20:32:58.720  INFO 11744 --- [er @coroutine#1] o.a.f.lib.MoexISSHistoryLoader           :                 Start Load Pages
                ticker=Ticker(value='stsb')
                start=1608
                limit=100
2020-10-27 20:32:58.720  INFO 11744 --- [er @coroutine#1] o.a.f.lib.MoexISSHistoryLoader           : #loadPages: offset=1608

##### STSBP #####
2020-10-27 20:32:58.770  INFO 11744 --- [er @coroutine#1] o.a.f.lib.MoexISSHistorySaverImpl        : Start Actualize Ticker [stsbp] 
2020-10-27 20:32:58.878  INFO 11744 --- [er @coroutine#1] o.a.f.lib.MoexISSHistorySaverImpl        : stsbp table exists
2020-10-27 20:32:58.892  INFO 11744 --- [er @coroutine#1] o.a.f.lib.MoexISSHistorySaverImpl        : Already loaded info: AlreadyLoadedInfo(tradeDate=2020-10-26, lastRowNum=1608)
2020-10-27 20:32:58.892  INFO 11744 --- [er @coroutine#1] o.a.f.lib.MoexISSHistoryLoader           : #reqDataForCheckLoaded: ticker=Ticker(value='stsbp') | alreadyLoadedInfo=AlreadyLoadedInfo(tradeDate=2020-10-26, lastRowNum=1608)
2020-10-27 20:32:58.892  INFO 11744 --- [er @coroutine#1] o.a.f.lib.MoexISSHistoryLoader           : #loadRecords: ticker=Ticker(value='stsbp') | recIdx=1607
2020-10-27 20:32:58.941  INFO 11744 --- [er @coroutine#1] o.a.f.lib.MoexISSHistoryLoader           :                 Start Load Pages
                ticker=Ticker(value='stsbp')
                start=1608
                limit=100
2020-10-27 20:32:58.941  INFO 11744 --- [er @coroutine#1] o.a.f.lib.MoexISSHistoryLoader           : #loadPages: offset=1608

##### SVAV #####
2020-10-27 20:32:58.989  INFO 11744 --- [er @coroutine#1] o.a.f.lib.MoexISSHistorySaverImpl        : Start Actualize Ticker [svav] 
2020-10-27 20:32:59.100  INFO 11744 --- [er @coroutine#1] o.a.f.lib.MoexISSHistorySaverImpl        : svav table exists
2020-10-27 20:32:59.114  INFO 11744 --- [er @coroutine#1] o.a.f.lib.MoexISSHistorySaverImpl        : Already loaded info: AlreadyLoadedInfo(tradeDate=2020-10-26, lastRowNum=1608)
2020-10-27 20:32:59.114  INFO 11744 --- [er @coroutine#1] o.a.f.lib.MoexISSHistoryLoader           : #reqDataForCheckLoaded: ticker=Ticker(value='svav') | alreadyLoadedInfo=AlreadyLoadedInfo(tradeDate=2020-10-26, lastRowNum=1608)
2020-10-27 20:32:59.114  INFO 11744 --- [er @coroutine#1] o.a.f.lib.MoexISSHistoryLoader           : #loadRecords: ticker=Ticker(value='svav') | recIdx=1607
2020-10-27 20:32:59.156  INFO 11744 --- [er @coroutine#1] o.a.f.lib.MoexISSHistoryLoader           :                 Start Load Pages
                ticker=Ticker(value='svav')
                start=1608
                limit=100
2020-10-27 20:32:59.156  INFO 11744 --- [er @coroutine#1] o.a.f.lib.MoexISSHistoryLoader           : #loadPages: offset=1608

##### TASB #####
2020-10-27 20:32:59.204  INFO 11744 --- [er @coroutine#1] o.a.f.lib.MoexISSHistorySaverImpl        : Start Actualize Ticker [tasb] 
2020-10-27 20:32:59.314  INFO 11744 --- [er @coroutine#1] o.a.f.lib.MoexISSHistorySaverImpl        : tasb table exists
2020-10-27 20:32:59.328  INFO 11744 --- [er @coroutine#1] o.a.f.lib.MoexISSHistorySaverImpl        : Already loaded info: AlreadyLoadedInfo(tradeDate=2020-10-26, lastRowNum=1608)
2020-10-27 20:32:59.328  INFO 11744 --- [er @coroutine#1] o.a.f.lib.MoexISSHistoryLoader           : #reqDataForCheckLoaded: ticker=Ticker(value='tasb') | alreadyLoadedInfo=AlreadyLoadedInfo(tradeDate=2020-10-26, lastRowNum=1608)
2020-10-27 20:32:59.328  INFO 11744 --- [er @coroutine#1] o.a.f.lib.MoexISSHistoryLoader           : #loadRecords: ticker=Ticker(value='tasb') | recIdx=1607
2020-10-27 20:32:59.378  INFO 11744 --- [er @coroutine#1] o.a.f.lib.MoexISSHistoryLoader           :                 Start Load Pages
                ticker=Ticker(value='tasb')
                start=1608
                limit=100
2020-10-27 20:32:59.378  INFO 11744 --- [er @coroutine#1] o.a.f.lib.MoexISSHistoryLoader           : #loadPages: offset=1608

##### TASBP #####
2020-10-27 20:32:59.430  INFO 11744 --- [er @coroutine#1] o.a.f.lib.MoexISSHistorySaverImpl        : Start Actualize Ticker [tasbp] 
2020-10-27 20:32:59.534  INFO 11744 --- [er @coroutine#1] o.a.f.lib.MoexISSHistorySaverImpl        : tasbp table exists
2020-10-27 20:32:59.548  INFO 11744 --- [er @coroutine#1] o.a.f.lib.MoexISSHistorySaverImpl        : Already loaded info: AlreadyLoadedInfo(tradeDate=2020-10-26, lastRowNum=1608)
2020-10-27 20:32:59.548  INFO 11744 --- [er @coroutine#1] o.a.f.lib.MoexISSHistoryLoader           : #reqDataForCheckLoaded: ticker=Ticker(value='tasbp') | alreadyLoadedInfo=AlreadyLoadedInfo(tradeDate=2020-10-26, lastRowNum=1608)
2020-10-27 20:32:59.548  INFO 11744 --- [er @coroutine#1] o.a.f.lib.MoexISSHistoryLoader           : #loadRecords: ticker=Ticker(value='tasbp') | recIdx=1607
2020-10-27 20:32:59.595  INFO 11744 --- [er @coroutine#1] o.a.f.lib.MoexISSHistoryLoader           :                 Start Load Pages
                ticker=Ticker(value='tasbp')
                start=1608
                limit=100
2020-10-27 20:32:59.595  INFO 11744 --- [er @coroutine#1] o.a.f.lib.MoexISSHistoryLoader           : #loadPages: offset=1608

##### TATN #####
2020-10-27 20:32:59.648  INFO 11744 --- [er @coroutine#1] o.a.f.lib.MoexISSHistorySaverImpl        : Start Actualize Ticker [tatn] 
2020-10-27 20:32:59.756  INFO 11744 --- [er @coroutine#1] o.a.f.lib.MoexISSHistorySaverImpl        : tatn table exists
2020-10-27 20:32:59.770  INFO 11744 --- [er @coroutine#1] o.a.f.lib.MoexISSHistorySaverImpl        : Already loaded info: AlreadyLoadedInfo(tradeDate=2020-10-26, lastRowNum=1839)
2020-10-27 20:32:59.770  INFO 11744 --- [er @coroutine#1] o.a.f.lib.MoexISSHistoryLoader           : #reqDataForCheckLoaded: ticker=Ticker(value='tatn') | alreadyLoadedInfo=AlreadyLoadedInfo(tradeDate=2020-10-26, lastRowNum=1839)
2020-10-27 20:32:59.770  INFO 11744 --- [er @coroutine#1] o.a.f.lib.MoexISSHistoryLoader           : #loadRecords: ticker=Ticker(value='tatn') | recIdx=1838
2020-10-27 20:32:59.821  INFO 11744 --- [er @coroutine#1] o.a.f.lib.MoexISSHistoryLoader           :                 Start Load Pages
                ticker=Ticker(value='tatn')
                start=1839
                limit=100
2020-10-27 20:32:59.821  INFO 11744 --- [er @coroutine#1] o.a.f.lib.MoexISSHistoryLoader           : #loadPages: offset=1839

##### TATNP #####
2020-10-27 20:32:59.870  INFO 11744 --- [er @coroutine#1] o.a.f.lib.MoexISSHistorySaverImpl        : Start Actualize Ticker [tatnp] 
2020-10-27 20:32:59.983  INFO 11744 --- [er @coroutine#1] o.a.f.lib.MoexISSHistorySaverImpl        : tatnp table exists
2020-10-27 20:32:59.997  INFO 11744 --- [er @coroutine#1] o.a.f.lib.MoexISSHistorySaverImpl        : Already loaded info: AlreadyLoadedInfo(tradeDate=2020-10-26, lastRowNum=1839)
2020-10-27 20:32:59.997  INFO 11744 --- [er @coroutine#1] o.a.f.lib.MoexISSHistoryLoader           : #reqDataForCheckLoaded: ticker=Ticker(value='tatnp') | alreadyLoadedInfo=AlreadyLoadedInfo(tradeDate=2020-10-26, lastRowNum=1839)
2020-10-27 20:32:59.997  INFO 11744 --- [er @coroutine#1] o.a.f.lib.MoexISSHistoryLoader           : #loadRecords: ticker=Ticker(value='tatnp') | recIdx=1838
2020-10-27 20:33:00.047  INFO 11744 --- [er @coroutine#1] o.a.f.lib.MoexISSHistoryLoader           :                 Start Load Pages
                ticker=Ticker(value='tatnp')
                start=1839
                limit=100
2020-10-27 20:33:00.047  INFO 11744 --- [er @coroutine#1] o.a.f.lib.MoexISSHistoryLoader           : #loadPages: offset=1839

##### TCSG #####
2020-10-27 20:33:00.106  INFO 11744 --- [er @coroutine#1] o.a.f.lib.MoexISSHistorySaverImpl        : Start Actualize Ticker [tcsg] 
2020-10-27 20:33:00.225  INFO 11744 --- [er @coroutine#1] o.a.f.lib.MoexISSHistorySaverImpl        : tcsg table exists
2020-10-27 20:33:00.236  INFO 11744 --- [er @coroutine#1] o.a.f.lib.MoexISSHistorySaverImpl        : Already loaded info: AlreadyLoadedInfo(tradeDate=2020-10-26, lastRowNum=249)
2020-10-27 20:33:00.236  INFO 11744 --- [er @coroutine#1] o.a.f.lib.MoexISSHistoryLoader           : #reqDataForCheckLoaded: ticker=Ticker(value='tcsg') | alreadyLoadedInfo=AlreadyLoadedInfo(tradeDate=2020-10-26, lastRowNum=249)
2020-10-27 20:33:00.236  INFO 11744 --- [er @coroutine#1] o.a.f.lib.MoexISSHistoryLoader           : #loadRecords: ticker=Ticker(value='tcsg') | recIdx=248
2020-10-27 20:33:00.272  INFO 11744 --- [er @coroutine#1] o.a.f.lib.MoexISSHistoryLoader           :                 Start Load Pages
                ticker=Ticker(value='tcsg')
                start=249
                limit=100
2020-10-27 20:33:00.272  INFO 11744 --- [er @coroutine#1] o.a.f.lib.MoexISSHistoryLoader           : #loadPages: offset=249

##### TGKA #####
2020-10-27 20:33:00.305  INFO 11744 --- [er @coroutine#1] o.a.f.lib.MoexISSHistorySaverImpl        : Start Actualize Ticker [tgka] 
2020-10-27 20:33:00.417  INFO 11744 --- [er @coroutine#1] o.a.f.lib.MoexISSHistorySaverImpl        : tgka table exists
2020-10-27 20:33:00.430  INFO 11744 --- [er @coroutine#1] o.a.f.lib.MoexISSHistorySaverImpl        : Already loaded info: AlreadyLoadedInfo(tradeDate=2020-10-26, lastRowNum=1799)
2020-10-27 20:33:00.430  INFO 11744 --- [er @coroutine#1] o.a.f.lib.MoexISSHistoryLoader           : #reqDataForCheckLoaded: ticker=Ticker(value='tgka') | alreadyLoadedInfo=AlreadyLoadedInfo(tradeDate=2020-10-26, lastRowNum=1799)
2020-10-27 20:33:00.430  INFO 11744 --- [er @coroutine#1] o.a.f.lib.MoexISSHistoryLoader           : #loadRecords: ticker=Ticker(value='tgka') | recIdx=1798
2020-10-27 20:33:00.478  INFO 11744 --- [er @coroutine#1] o.a.f.lib.MoexISSHistoryLoader           :                 Start Load Pages
                ticker=Ticker(value='tgka')
                start=1799
                limit=100
2020-10-27 20:33:00.478  INFO 11744 --- [er @coroutine#1] o.a.f.lib.MoexISSHistoryLoader           : #loadPages: offset=1799

##### TGKB #####
2020-10-27 20:33:00.526  INFO 11744 --- [er @coroutine#1] o.a.f.lib.MoexISSHistorySaverImpl        : Start Actualize Ticker [tgkb] 
2020-10-27 20:33:00.643  INFO 11744 --- [er @coroutine#1] o.a.f.lib.MoexISSHistorySaverImpl        : tgkb table exists
2020-10-27 20:33:00.656  INFO 11744 --- [er @coroutine#1] o.a.f.lib.MoexISSHistorySaverImpl        : Already loaded info: AlreadyLoadedInfo(tradeDate=2020-10-26, lastRowNum=1608)
2020-10-27 20:33:00.656  INFO 11744 --- [er @coroutine#1] o.a.f.lib.MoexISSHistoryLoader           : #reqDataForCheckLoaded: ticker=Ticker(value='tgkb') | alreadyLoadedInfo=AlreadyLoadedInfo(tradeDate=2020-10-26, lastRowNum=1608)
2020-10-27 20:33:00.656  INFO 11744 --- [er @coroutine#1] o.a.f.lib.MoexISSHistoryLoader           : #loadRecords: ticker=Ticker(value='tgkb') | recIdx=1607
2020-10-27 20:33:00.706  INFO 11744 --- [er @coroutine#1] o.a.f.lib.MoexISSHistoryLoader           :                 Start Load Pages
                ticker=Ticker(value='tgkb')
                start=1608
                limit=100
2020-10-27 20:33:00.706  INFO 11744 --- [er @coroutine#1] o.a.f.lib.MoexISSHistoryLoader           : #loadPages: offset=1608

##### TGKBP #####
2020-10-27 20:33:00.755  INFO 11744 --- [er @coroutine#1] o.a.f.lib.MoexISSHistorySaverImpl        : Start Actualize Ticker [tgkbp] 
2020-10-27 20:33:00.863  INFO 11744 --- [er @coroutine#1] o.a.f.lib.MoexISSHistorySaverImpl        : tgkbp table exists
2020-10-27 20:33:00.875  INFO 11744 --- [er @coroutine#1] o.a.f.lib.MoexISSHistorySaverImpl        : Already loaded info: AlreadyLoadedInfo(tradeDate=2020-10-26, lastRowNum=1608)
2020-10-27 20:33:00.875  INFO 11744 --- [er @coroutine#1] o.a.f.lib.MoexISSHistoryLoader           : #reqDataForCheckLoaded: ticker=Ticker(value='tgkbp') | alreadyLoadedInfo=AlreadyLoadedInfo(tradeDate=2020-10-26, lastRowNum=1608)
2020-10-27 20:33:00.875  INFO 11744 --- [er @coroutine#1] o.a.f.lib.MoexISSHistoryLoader           : #loadRecords: ticker=Ticker(value='tgkbp') | recIdx=1607
2020-10-27 20:33:00.919  INFO 11744 --- [er @coroutine#1] o.a.f.lib.MoexISSHistoryLoader           :                 Start Load Pages
                ticker=Ticker(value='tgkbp')
                start=1608
                limit=100
2020-10-27 20:33:00.919  INFO 11744 --- [er @coroutine#1] o.a.f.lib.MoexISSHistoryLoader           : #loadPages: offset=1608

##### TGKD #####
2020-10-27 20:33:00.967  INFO 11744 --- [er @coroutine#1] o.a.f.lib.MoexISSHistorySaverImpl        : Start Actualize Ticker [tgkd] 
2020-10-27 20:33:01.073  INFO 11744 --- [er @coroutine#1] o.a.f.lib.MoexISSHistorySaverImpl        : tgkd table exists
2020-10-27 20:33:01.086  INFO 11744 --- [er @coroutine#1] o.a.f.lib.MoexISSHistorySaverImpl        : Already loaded info: AlreadyLoadedInfo(tradeDate=2020-10-26, lastRowNum=1608)
2020-10-27 20:33:01.086  INFO 11744 --- [er @coroutine#1] o.a.f.lib.MoexISSHistoryLoader           : #reqDataForCheckLoaded: ticker=Ticker(value='tgkd') | alreadyLoadedInfo=AlreadyLoadedInfo(tradeDate=2020-10-26, lastRowNum=1608)
2020-10-27 20:33:01.086  INFO 11744 --- [er @coroutine#1] o.a.f.lib.MoexISSHistoryLoader           : #loadRecords: ticker=Ticker(value='tgkd') | recIdx=1607
2020-10-27 20:33:01.137  INFO 11744 --- [er @coroutine#1] o.a.f.lib.MoexISSHistoryLoader           :                 Start Load Pages
                ticker=Ticker(value='tgkd')
                start=1608
                limit=100
2020-10-27 20:33:01.137  INFO 11744 --- [er @coroutine#1] o.a.f.lib.MoexISSHistoryLoader           : #loadPages: offset=1608

##### TGKDP #####
2020-10-27 20:33:01.189  INFO 11744 --- [er @coroutine#1] o.a.f.lib.MoexISSHistorySaverImpl        : Start Actualize Ticker [tgkdp] 
2020-10-27 20:33:01.298  INFO 11744 --- [er @coroutine#1] o.a.f.lib.MoexISSHistorySaverImpl        : tgkdp table exists
2020-10-27 20:33:01.311  INFO 11744 --- [er @coroutine#1] o.a.f.lib.MoexISSHistorySaverImpl        : Already loaded info: AlreadyLoadedInfo(tradeDate=2020-10-26, lastRowNum=1608)
2020-10-27 20:33:01.311  INFO 11744 --- [er @coroutine#1] o.a.f.lib.MoexISSHistoryLoader           : #reqDataForCheckLoaded: ticker=Ticker(value='tgkdp') | alreadyLoadedInfo=AlreadyLoadedInfo(tradeDate=2020-10-26, lastRowNum=1608)
2020-10-27 20:33:01.311  INFO 11744 --- [er @coroutine#1] o.a.f.lib.MoexISSHistoryLoader           : #loadRecords: ticker=Ticker(value='tgkdp') | recIdx=1607
2020-10-27 20:33:01.360  INFO 11744 --- [er @coroutine#1] o.a.f.lib.MoexISSHistoryLoader           :                 Start Load Pages
                ticker=Ticker(value='tgkdp')
                start=1608
                limit=100
2020-10-27 20:33:01.360  INFO 11744 --- [er @coroutine#1] o.a.f.lib.MoexISSHistoryLoader           : #loadPages: offset=1608

##### TGKN #####
2020-10-27 20:33:01.411  INFO 11744 --- [er @coroutine#1] o.a.f.lib.MoexISSHistorySaverImpl        : Start Actualize Ticker [tgkn] 
2020-10-27 20:33:01.529  INFO 11744 --- [er @coroutine#1] o.a.f.lib.MoexISSHistorySaverImpl        : tgkn table exists
2020-10-27 20:33:01.542  INFO 11744 --- [er @coroutine#1] o.a.f.lib.MoexISSHistorySaverImpl        : Already loaded info: AlreadyLoadedInfo(tradeDate=2020-10-26, lastRowNum=1608)
2020-10-27 20:33:01.542  INFO 11744 --- [er @coroutine#1] o.a.f.lib.MoexISSHistoryLoader           : #reqDataForCheckLoaded: ticker=Ticker(value='tgkn') | alreadyLoadedInfo=AlreadyLoadedInfo(tradeDate=2020-10-26, lastRowNum=1608)
2020-10-27 20:33:01.542  INFO 11744 --- [er @coroutine#1] o.a.f.lib.MoexISSHistoryLoader           : #loadRecords: ticker=Ticker(value='tgkn') | recIdx=1607
2020-10-27 20:33:01.596  INFO 11744 --- [er @coroutine#1] o.a.f.lib.MoexISSHistoryLoader           :                 Start Load Pages
                ticker=Ticker(value='tgkn')
                start=1608
                limit=100
2020-10-27 20:33:01.596  INFO 11744 --- [er @coroutine#1] o.a.f.lib.MoexISSHistoryLoader           : #loadPages: offset=1608

##### TNSE #####
2020-10-27 20:33:01.642  INFO 11744 --- [er @coroutine#1] o.a.f.lib.MoexISSHistorySaverImpl        : Start Actualize Ticker [tnse] 
2020-10-27 20:33:01.745  INFO 11744 --- [er @coroutine#1] o.a.f.lib.MoexISSHistorySaverImpl        : tnse table exists
2020-10-27 20:33:01.760  INFO 11744 --- [er @coroutine#1] o.a.f.lib.MoexISSHistorySaverImpl        : Already loaded info: AlreadyLoadedInfo(tradeDate=2020-10-26, lastRowNum=1354)
2020-10-27 20:33:01.760  INFO 11744 --- [er @coroutine#1] o.a.f.lib.MoexISSHistoryLoader           : #reqDataForCheckLoaded: ticker=Ticker(value='tnse') | alreadyLoadedInfo=AlreadyLoadedInfo(tradeDate=2020-10-26, lastRowNum=1354)
2020-10-27 20:33:01.760  INFO 11744 --- [er @coroutine#1] o.a.f.lib.MoexISSHistoryLoader           : #loadRecords: ticker=Ticker(value='tnse') | recIdx=1353
2020-10-27 20:33:01.817  INFO 11744 --- [er @coroutine#1] o.a.f.lib.MoexISSHistoryLoader           :                 Start Load Pages
                ticker=Ticker(value='tnse')
                start=1354
                limit=100
2020-10-27 20:33:01.817  INFO 11744 --- [er @coroutine#1] o.a.f.lib.MoexISSHistoryLoader           : #loadPages: offset=1354

##### TORS #####
2020-10-27 20:33:01.868  INFO 11744 --- [er @coroutine#1] o.a.f.lib.MoexISSHistorySaverImpl        : Start Actualize Ticker [tors] 
2020-10-27 20:33:02.077  INFO 11744 --- [er @coroutine#1] o.a.f.lib.MoexISSHistorySaverImpl        : tors table exists
2020-10-27 20:33:02.090  INFO 11744 --- [er @coroutine#1] o.a.f.lib.MoexISSHistorySaverImpl        : Already loaded info: AlreadyLoadedInfo(tradeDate=2020-10-26, lastRowNum=1608)
2020-10-27 20:33:02.090  INFO 11744 --- [er @coroutine#1] o.a.f.lib.MoexISSHistoryLoader           : #reqDataForCheckLoaded: ticker=Ticker(value='tors') | alreadyLoadedInfo=AlreadyLoadedInfo(tradeDate=2020-10-26, lastRowNum=1608)
2020-10-27 20:33:02.090  INFO 11744 --- [er @coroutine#1] o.a.f.lib.MoexISSHistoryLoader           : #loadRecords: ticker=Ticker(value='tors') | recIdx=1607
2020-10-27 20:33:02.134  INFO 11744 --- [er @coroutine#1] o.a.f.lib.MoexISSHistoryLoader           :                 Start Load Pages
                ticker=Ticker(value='tors')
                start=1608
                limit=100
2020-10-27 20:33:02.135  INFO 11744 --- [er @coroutine#1] o.a.f.lib.MoexISSHistoryLoader           : #loadPages: offset=1608

##### TORSP #####
2020-10-27 20:33:02.183  INFO 11744 --- [er @coroutine#1] o.a.f.lib.MoexISSHistorySaverImpl        : Start Actualize Ticker [torsp] 
2020-10-27 20:33:02.293  INFO 11744 --- [er @coroutine#1] o.a.f.lib.MoexISSHistorySaverImpl        : torsp table exists
2020-10-27 20:33:02.306  INFO 11744 --- [er @coroutine#1] o.a.f.lib.MoexISSHistorySaverImpl        : Already loaded info: AlreadyLoadedInfo(tradeDate=2020-10-26, lastRowNum=1608)
2020-10-27 20:33:02.306  INFO 11744 --- [er @coroutine#1] o.a.f.lib.MoexISSHistoryLoader           : #reqDataForCheckLoaded: ticker=Ticker(value='torsp') | alreadyLoadedInfo=AlreadyLoadedInfo(tradeDate=2020-10-26, lastRowNum=1608)
2020-10-27 20:33:02.306  INFO 11744 --- [er @coroutine#1] o.a.f.lib.MoexISSHistoryLoader           : #loadRecords: ticker=Ticker(value='torsp') | recIdx=1607
2020-10-27 20:33:02.357  INFO 11744 --- [er @coroutine#1] o.a.f.lib.MoexISSHistoryLoader           :                 Start Load Pages
                ticker=Ticker(value='torsp')
                start=1608
                limit=100
2020-10-27 20:33:02.357  INFO 11744 --- [er @coroutine#1] o.a.f.lib.MoexISSHistoryLoader           : #loadPages: offset=1608

##### TRCN #####
2020-10-27 20:33:02.400  INFO 11744 --- [er @coroutine#1] o.a.f.lib.MoexISSHistorySaverImpl        : Start Actualize Ticker [trcn] 
2020-10-27 20:33:02.521  INFO 11744 --- [er @coroutine#1] o.a.f.lib.MoexISSHistorySaverImpl        : trcn table exists
2020-10-27 20:33:02.535  INFO 11744 --- [er @coroutine#1] o.a.f.lib.MoexISSHistorySaverImpl        : Already loaded info: AlreadyLoadedInfo(tradeDate=2020-10-26, lastRowNum=1608)
2020-10-27 20:33:02.535  INFO 11744 --- [er @coroutine#1] o.a.f.lib.MoexISSHistoryLoader           : #reqDataForCheckLoaded: ticker=Ticker(value='trcn') | alreadyLoadedInfo=AlreadyLoadedInfo(tradeDate=2020-10-26, lastRowNum=1608)
2020-10-27 20:33:02.535  INFO 11744 --- [er @coroutine#1] o.a.f.lib.MoexISSHistoryLoader           : #loadRecords: ticker=Ticker(value='trcn') | recIdx=1607
2020-10-27 20:33:02.583  INFO 11744 --- [er @coroutine#1] o.a.f.lib.MoexISSHistoryLoader           :                 Start Load Pages
                ticker=Ticker(value='trcn')
                start=1608
                limit=100
2020-10-27 20:33:02.583  INFO 11744 --- [er @coroutine#1] o.a.f.lib.MoexISSHistoryLoader           : #loadPages: offset=1608

##### TRFM #####
2020-10-27 20:33:02.630  INFO 11744 --- [er @coroutine#1] o.a.f.lib.MoexISSHistorySaverImpl        : Start Actualize Ticker [trfm] 
2020-10-27 20:33:02.734  INFO 11744 --- [er @coroutine#1] o.a.f.lib.MoexISSHistorySaverImpl        : trfm table exists
2020-10-27 20:33:02.745  INFO 11744 --- [er @coroutine#1] o.a.f.lib.MoexISSHistorySaverImpl        : Already loaded info: AlreadyLoadedInfo(tradeDate=2020-10-26, lastRowNum=554)
2020-10-27 20:33:02.746  INFO 11744 --- [er @coroutine#1] o.a.f.lib.MoexISSHistoryLoader           : #reqDataForCheckLoaded: ticker=Ticker(value='trfm') | alreadyLoadedInfo=AlreadyLoadedInfo(tradeDate=2020-10-26, lastRowNum=554)
2020-10-27 20:33:02.746  INFO 11744 --- [er @coroutine#1] o.a.f.lib.MoexISSHistoryLoader           : #loadRecords: ticker=Ticker(value='trfm') | recIdx=553
2020-10-27 20:33:02.796  INFO 11744 --- [er @coroutine#1] o.a.f.lib.MoexISSHistoryLoader           :                 Start Load Pages
                ticker=Ticker(value='trfm')
                start=554
                limit=100
2020-10-27 20:33:02.796  INFO 11744 --- [er @coroutine#1] o.a.f.lib.MoexISSHistoryLoader           : #loadPages: offset=554

##### TRMK #####
2020-10-27 20:33:02.830  INFO 11744 --- [er @coroutine#1] o.a.f.lib.MoexISSHistorySaverImpl        : Start Actualize Ticker [trmk] 
2020-10-27 20:33:02.943  INFO 11744 --- [er @coroutine#1] o.a.f.lib.MoexISSHistorySaverImpl        : trmk table exists
2020-10-27 20:33:02.956  INFO 11744 --- [er @coroutine#1] o.a.f.lib.MoexISSHistorySaverImpl        : Already loaded info: AlreadyLoadedInfo(tradeDate=2020-10-26, lastRowNum=1825)
2020-10-27 20:33:02.956  INFO 11744 --- [er @coroutine#1] o.a.f.lib.MoexISSHistoryLoader           : #reqDataForCheckLoaded: ticker=Ticker(value='trmk') | alreadyLoadedInfo=AlreadyLoadedInfo(tradeDate=2020-10-26, lastRowNum=1825)
2020-10-27 20:33:02.956  INFO 11744 --- [er @coroutine#1] o.a.f.lib.MoexISSHistoryLoader           : #loadRecords: ticker=Ticker(value='trmk') | recIdx=1824
2020-10-27 20:33:03.003  INFO 11744 --- [er @coroutine#1] o.a.f.lib.MoexISSHistoryLoader           :                 Start Load Pages
                ticker=Ticker(value='trmk')
                start=1825
                limit=100
2020-10-27 20:33:03.003  INFO 11744 --- [er @coroutine#1] o.a.f.lib.MoexISSHistoryLoader           : #loadPages: offset=1825

##### TRNFP #####
2020-10-27 20:33:03.054  INFO 11744 --- [er @coroutine#1] o.a.f.lib.MoexISSHistorySaverImpl        : Start Actualize Ticker [trnfp] 
2020-10-27 20:33:03.165  INFO 11744 --- [er @coroutine#1] o.a.f.lib.MoexISSHistorySaverImpl        : trnfp table exists
2020-10-27 20:33:03.179  INFO 11744 --- [er @coroutine#1] o.a.f.lib.MoexISSHistorySaverImpl        : Already loaded info: AlreadyLoadedInfo(tradeDate=2020-10-26, lastRowNum=1725)
2020-10-27 20:33:03.179  INFO 11744 --- [er @coroutine#1] o.a.f.lib.MoexISSHistoryLoader           : #reqDataForCheckLoaded: ticker=Ticker(value='trnfp') | alreadyLoadedInfo=AlreadyLoadedInfo(tradeDate=2020-10-26, lastRowNum=1725)
2020-10-27 20:33:03.179  INFO 11744 --- [er @coroutine#1] o.a.f.lib.MoexISSHistoryLoader           : #loadRecords: ticker=Ticker(value='trnfp') | recIdx=1724
2020-10-27 20:33:03.226  INFO 11744 --- [er @coroutine#1] o.a.f.lib.MoexISSHistoryLoader           :                 Start Load Pages
                ticker=Ticker(value='trnfp')
                start=1725
                limit=100
2020-10-27 20:33:03.226  INFO 11744 --- [er @coroutine#1] o.a.f.lib.MoexISSHistoryLoader           : #loadPages: offset=1725

##### TTLK #####
2020-10-27 20:33:03.273  INFO 11744 --- [er @coroutine#1] o.a.f.lib.MoexISSHistorySaverImpl        : Start Actualize Ticker [ttlk] 
2020-10-27 20:33:03.378  INFO 11744 --- [er @coroutine#1] o.a.f.lib.MoexISSHistorySaverImpl        : ttlk table exists
2020-10-27 20:33:03.392  INFO 11744 --- [er @coroutine#1] o.a.f.lib.MoexISSHistorySaverImpl        : Already loaded info: AlreadyLoadedInfo(tradeDate=2020-10-26, lastRowNum=1608)
2020-10-27 20:33:03.392  INFO 11744 --- [er @coroutine#1] o.a.f.lib.MoexISSHistoryLoader           : #reqDataForCheckLoaded: ticker=Ticker(value='ttlk') | alreadyLoadedInfo=AlreadyLoadedInfo(tradeDate=2020-10-26, lastRowNum=1608)
2020-10-27 20:33:03.392  INFO 11744 --- [er @coroutine#1] o.a.f.lib.MoexISSHistoryLoader           : #loadRecords: ticker=Ticker(value='ttlk') | recIdx=1607
2020-10-27 20:33:03.443  INFO 11744 --- [er @coroutine#1] o.a.f.lib.MoexISSHistoryLoader           :                 Start Load Pages
                ticker=Ticker(value='ttlk')
                start=1608
                limit=100
2020-10-27 20:33:03.443  INFO 11744 --- [er @coroutine#1] o.a.f.lib.MoexISSHistoryLoader           : #loadPages: offset=1608

##### TUZA #####
2020-10-27 20:33:03.486  INFO 11744 --- [er @coroutine#1] o.a.f.lib.MoexISSHistorySaverImpl        : Start Actualize Ticker [tuza] 
2020-10-27 20:33:03.587  INFO 11744 --- [er @coroutine#1] o.a.f.lib.MoexISSHistorySaverImpl        : tuza table exists
2020-10-27 20:33:03.601  INFO 11744 --- [er @coroutine#1] o.a.f.lib.MoexISSHistorySaverImpl        : Already loaded info: AlreadyLoadedInfo(tradeDate=2020-10-26, lastRowNum=1608)
2020-10-27 20:33:03.601  INFO 11744 --- [er @coroutine#1] o.a.f.lib.MoexISSHistoryLoader           : #reqDataForCheckLoaded: ticker=Ticker(value='tuza') | alreadyLoadedInfo=AlreadyLoadedInfo(tradeDate=2020-10-26, lastRowNum=1608)
2020-10-27 20:33:03.601  INFO 11744 --- [er @coroutine#1] o.a.f.lib.MoexISSHistoryLoader           : #loadRecords: ticker=Ticker(value='tuza') | recIdx=1607
2020-10-27 20:33:03.649  INFO 11744 --- [er @coroutine#1] o.a.f.lib.MoexISSHistoryLoader           :                 Start Load Pages
                ticker=Ticker(value='tuza')
                start=1608
                limit=100
2020-10-27 20:33:03.649  INFO 11744 --- [er @coroutine#1] o.a.f.lib.MoexISSHistoryLoader           : #loadPages: offset=1608

##### UCSS #####
2020-10-27 20:33:03.701  INFO 11744 --- [er @coroutine#1] o.a.f.lib.MoexISSHistorySaverImpl        : Start Actualize Ticker [ucss] 
2020-10-27 20:33:03.923  INFO 11744 --- [er @coroutine#1] o.a.f.lib.MoexISSHistorySaverImpl        : ucss table exists
2020-10-27 20:33:03.935  INFO 11744 --- [er @coroutine#1] o.a.f.lib.MoexISSHistorySaverImpl        : Already loaded info: AlreadyLoadedInfo(tradeDate=2020-10-26, lastRowNum=1608)
2020-10-27 20:33:03.935  INFO 11744 --- [er @coroutine#1] o.a.f.lib.MoexISSHistoryLoader           : #reqDataForCheckLoaded: ticker=Ticker(value='ucss') | alreadyLoadedInfo=AlreadyLoadedInfo(tradeDate=2020-10-26, lastRowNum=1608)
2020-10-27 20:33:03.935  INFO 11744 --- [er @coroutine#1] o.a.f.lib.MoexISSHistoryLoader           : #loadRecords: ticker=Ticker(value='ucss') | recIdx=1607
2020-10-27 20:33:03.983  INFO 11744 --- [er @coroutine#1] o.a.f.lib.MoexISSHistoryLoader           :                 Start Load Pages
                ticker=Ticker(value='ucss')
                start=1608
                limit=100
2020-10-27 20:33:03.983  INFO 11744 --- [er @coroutine#1] o.a.f.lib.MoexISSHistoryLoader           : #loadPages: offset=1608

##### UKUZ #####
2020-10-27 20:33:04.044  INFO 11744 --- [er @coroutine#1] o.a.f.lib.MoexISSHistorySaverImpl        : Start Actualize Ticker [ukuz] 
2020-10-27 20:33:04.265  INFO 11744 --- [er @coroutine#1] o.a.f.lib.MoexISSHistorySaverImpl        : ukuz table exists
2020-10-27 20:33:04.279  INFO 11744 --- [er @coroutine#1] o.a.f.lib.MoexISSHistorySaverImpl        : Already loaded info: AlreadyLoadedInfo(tradeDate=2020-10-26, lastRowNum=1608)
2020-10-27 20:33:04.279  INFO 11744 --- [er @coroutine#1] o.a.f.lib.MoexISSHistoryLoader           : #reqDataForCheckLoaded: ticker=Ticker(value='ukuz') | alreadyLoadedInfo=AlreadyLoadedInfo(tradeDate=2020-10-26, lastRowNum=1608)
2020-10-27 20:33:04.279  INFO 11744 --- [er @coroutine#1] o.a.f.lib.MoexISSHistoryLoader           : #loadRecords: ticker=Ticker(value='ukuz') | recIdx=1607
2020-10-27 20:33:04.327  INFO 11744 --- [er @coroutine#1] o.a.f.lib.MoexISSHistoryLoader           :                 Start Load Pages
                ticker=Ticker(value='ukuz')
                start=1608
                limit=100
2020-10-27 20:33:04.327  INFO 11744 --- [er @coroutine#1] o.a.f.lib.MoexISSHistoryLoader           : #loadPages: offset=1608

##### UNAC #####
2020-10-27 20:33:04.372  INFO 11744 --- [er @coroutine#1] o.a.f.lib.MoexISSHistorySaverImpl        : Start Actualize Ticker [unac] 
2020-10-27 20:33:04.485  INFO 11744 --- [er @coroutine#1] o.a.f.lib.MoexISSHistorySaverImpl        : unac table exists
2020-10-27 20:33:04.496  INFO 11744 --- [er @coroutine#1] o.a.f.lib.MoexISSHistorySaverImpl        : Already loaded info: AlreadyLoadedInfo(tradeDate=2020-10-26, lastRowNum=1608)
2020-10-27 20:33:04.497  INFO 11744 --- [er @coroutine#1] o.a.f.lib.MoexISSHistoryLoader           : #reqDataForCheckLoaded: ticker=Ticker(value='unac') | alreadyLoadedInfo=AlreadyLoadedInfo(tradeDate=2020-10-26, lastRowNum=1608)
2020-10-27 20:33:04.497  INFO 11744 --- [er @coroutine#1] o.a.f.lib.MoexISSHistoryLoader           : #loadRecords: ticker=Ticker(value='unac') | recIdx=1607
2020-10-27 20:33:04.541  INFO 11744 --- [er @coroutine#1] o.a.f.lib.MoexISSHistoryLoader           :                 Start Load Pages
                ticker=Ticker(value='unac')
                start=1608
                limit=100
2020-10-27 20:33:04.541  INFO 11744 --- [er @coroutine#1] o.a.f.lib.MoexISSHistoryLoader           : #loadPages: offset=1608

##### UNKL #####
2020-10-27 20:33:04.587  INFO 11744 --- [er @coroutine#1] o.a.f.lib.MoexISSHistorySaverImpl        : Start Actualize Ticker [unkl] 
2020-10-27 20:33:04.698  INFO 11744 --- [er @coroutine#1] o.a.f.lib.MoexISSHistorySaverImpl        : unkl table exists
2020-10-27 20:33:04.710  INFO 11744 --- [er @coroutine#1] o.a.f.lib.MoexISSHistorySaverImpl        : Already loaded info: AlreadyLoadedInfo(tradeDate=2020-10-26, lastRowNum=1608)
2020-10-27 20:33:04.710  INFO 11744 --- [er @coroutine#1] o.a.f.lib.MoexISSHistoryLoader           : #reqDataForCheckLoaded: ticker=Ticker(value='unkl') | alreadyLoadedInfo=AlreadyLoadedInfo(tradeDate=2020-10-26, lastRowNum=1608)
2020-10-27 20:33:04.710  INFO 11744 --- [er @coroutine#1] o.a.f.lib.MoexISSHistoryLoader           : #loadRecords: ticker=Ticker(value='unkl') | recIdx=1607
2020-10-27 20:33:04.756  INFO 11744 --- [er @coroutine#1] o.a.f.lib.MoexISSHistoryLoader           :                 Start Load Pages
                ticker=Ticker(value='unkl')
                start=1608
                limit=100
2020-10-27 20:33:04.756  INFO 11744 --- [er @coroutine#1] o.a.f.lib.MoexISSHistoryLoader           : #loadPages: offset=1608

##### UPRO #####
2020-10-27 20:33:04.806  INFO 11744 --- [er @coroutine#1] o.a.f.lib.MoexISSHistorySaverImpl        : Start Actualize Ticker [upro] 
2020-10-27 20:33:05.126  INFO 11744 --- [er @coroutine#1] o.a.f.lib.MoexISSHistorySaverImpl        : upro table exists
2020-10-27 20:33:05.139  INFO 11744 --- [er @coroutine#1] o.a.f.lib.MoexISSHistorySaverImpl        : Already loaded info: AlreadyLoadedInfo(tradeDate=2020-10-26, lastRowNum=1092)
2020-10-27 20:33:05.139  INFO 11744 --- [er @coroutine#1] o.a.f.lib.MoexISSHistoryLoader           : #reqDataForCheckLoaded: ticker=Ticker(value='upro') | alreadyLoadedInfo=AlreadyLoadedInfo(tradeDate=2020-10-26, lastRowNum=1092)
2020-10-27 20:33:05.139  INFO 11744 --- [er @coroutine#1] o.a.f.lib.MoexISSHistoryLoader           : #loadRecords: ticker=Ticker(value='upro') | recIdx=1091
2020-10-27 20:33:05.187  INFO 11744 --- [er @coroutine#1] o.a.f.lib.MoexISSHistoryLoader           :                 Start Load Pages
                ticker=Ticker(value='upro')
                start=1092
                limit=100
2020-10-27 20:33:05.187  INFO 11744 --- [er @coroutine#1] o.a.f.lib.MoexISSHistoryLoader           : #loadPages: offset=1092

##### URKA #####
2020-10-27 20:33:05.229  INFO 11744 --- [er @coroutine#1] o.a.f.lib.MoexISSHistorySaverImpl        : Start Actualize Ticker [urka] 
2020-10-27 20:33:05.332  INFO 11744 --- [er @coroutine#1] o.a.f.lib.MoexISSHistorySaverImpl        : urka table exists
2020-10-27 20:33:05.344  INFO 11744 --- [er @coroutine#1] o.a.f.lib.MoexISSHistorySaverImpl        : Already loaded info: AlreadyLoadedInfo(tradeDate=2020-10-26, lastRowNum=1911)
2020-10-27 20:33:05.344  INFO 11744 --- [er @coroutine#1] o.a.f.lib.MoexISSHistoryLoader           : #reqDataForCheckLoaded: ticker=Ticker(value='urka') | alreadyLoadedInfo=AlreadyLoadedInfo(tradeDate=2020-10-26, lastRowNum=1911)
2020-10-27 20:33:05.344  INFO 11744 --- [er @coroutine#1] o.a.f.lib.MoexISSHistoryLoader           : #loadRecords: ticker=Ticker(value='urka') | recIdx=1910
2020-10-27 20:33:05.405  INFO 11744 --- [er @coroutine#1] o.a.f.lib.MoexISSHistoryLoader           :                 Start Load Pages
                ticker=Ticker(value='urka')
                start=1911
                limit=100
2020-10-27 20:33:05.406  INFO 11744 --- [er @coroutine#1] o.a.f.lib.MoexISSHistoryLoader           : #loadPages: offset=1911

##### URKZ #####
2020-10-27 20:33:05.460  INFO 11744 --- [er @coroutine#1] o.a.f.lib.MoexISSHistorySaverImpl        : Start Actualize Ticker [urkz] 
2020-10-27 20:33:05.673  INFO 11744 --- [er @coroutine#1] o.a.f.lib.MoexISSHistorySaverImpl        : urkz table exists
2020-10-27 20:33:05.686  INFO 11744 --- [er @coroutine#1] o.a.f.lib.MoexISSHistorySaverImpl        : Already loaded info: AlreadyLoadedInfo(tradeDate=2020-10-26, lastRowNum=1608)
2020-10-27 20:33:05.686  INFO 11744 --- [er @coroutine#1] o.a.f.lib.MoexISSHistoryLoader           : #reqDataForCheckLoaded: ticker=Ticker(value='urkz') | alreadyLoadedInfo=AlreadyLoadedInfo(tradeDate=2020-10-26, lastRowNum=1608)
2020-10-27 20:33:05.686  INFO 11744 --- [er @coroutine#1] o.a.f.lib.MoexISSHistoryLoader           : #loadRecords: ticker=Ticker(value='urkz') | recIdx=1607
2020-10-27 20:33:05.737  INFO 11744 --- [er @coroutine#1] o.a.f.lib.MoexISSHistoryLoader           :                 Start Load Pages
                ticker=Ticker(value='urkz')
                start=1608
                limit=100
2020-10-27 20:33:05.737  INFO 11744 --- [er @coroutine#1] o.a.f.lib.MoexISSHistoryLoader           : #loadPages: offset=1608

##### USBN #####
2020-10-27 20:33:05.788  INFO 11744 --- [er @coroutine#1] o.a.f.lib.MoexISSHistorySaverImpl        : Start Actualize Ticker [usbn] 
2020-10-27 20:33:05.890  INFO 11744 --- [er @coroutine#1] o.a.f.lib.MoexISSHistorySaverImpl        : usbn table exists
2020-10-27 20:33:05.903  INFO 11744 --- [er @coroutine#1] o.a.f.lib.MoexISSHistorySaverImpl        : Already loaded info: AlreadyLoadedInfo(tradeDate=2020-10-26, lastRowNum=1608)
2020-10-27 20:33:05.903  INFO 11744 --- [er @coroutine#1] o.a.f.lib.MoexISSHistoryLoader           : #reqDataForCheckLoaded: ticker=Ticker(value='usbn') | alreadyLoadedInfo=AlreadyLoadedInfo(tradeDate=2020-10-26, lastRowNum=1608)
2020-10-27 20:33:05.903  INFO 11744 --- [er @coroutine#1] o.a.f.lib.MoexISSHistoryLoader           : #loadRecords: ticker=Ticker(value='usbn') | recIdx=1607
2020-10-27 20:33:05.952  INFO 11744 --- [er @coroutine#1] o.a.f.lib.MoexISSHistoryLoader           :                 Start Load Pages
                ticker=Ticker(value='usbn')
                start=1608
                limit=100
2020-10-27 20:33:05.952  INFO 11744 --- [er @coroutine#1] o.a.f.lib.MoexISSHistoryLoader           : #loadPages: offset=1608

##### UTAR #####
2020-10-27 20:33:06.008  INFO 11744 --- [er @coroutine#1] o.a.f.lib.MoexISSHistorySaverImpl        : Start Actualize Ticker [utar] 
2020-10-27 20:33:06.115  INFO 11744 --- [er @coroutine#1] o.a.f.lib.MoexISSHistorySaverImpl        : utar table exists
2020-10-27 20:33:06.128  INFO 11744 --- [er @coroutine#1] o.a.f.lib.MoexISSHistorySaverImpl        : Already loaded info: AlreadyLoadedInfo(tradeDate=2020-10-26, lastRowNum=1785)
2020-10-27 20:33:06.128  INFO 11744 --- [er @coroutine#1] o.a.f.lib.MoexISSHistoryLoader           : #reqDataForCheckLoaded: ticker=Ticker(value='utar') | alreadyLoadedInfo=AlreadyLoadedInfo(tradeDate=2020-10-26, lastRowNum=1785)
2020-10-27 20:33:06.128  INFO 11744 --- [er @coroutine#1] o.a.f.lib.MoexISSHistoryLoader           : #loadRecords: ticker=Ticker(value='utar') | recIdx=1784
2020-10-27 20:33:06.180  INFO 11744 --- [er @coroutine#1] o.a.f.lib.MoexISSHistoryLoader           :                 Start Load Pages
                ticker=Ticker(value='utar')
                start=1785
                limit=100
2020-10-27 20:33:06.180  INFO 11744 --- [er @coroutine#1] o.a.f.lib.MoexISSHistoryLoader           : #loadPages: offset=1785

##### UWGN #####
2020-10-27 20:33:06.231  INFO 11744 --- [er @coroutine#1] o.a.f.lib.MoexISSHistorySaverImpl        : Start Actualize Ticker [uwgn] 
2020-10-27 20:33:06.342  INFO 11744 --- [er @coroutine#1] o.a.f.lib.MoexISSHistorySaverImpl        : uwgn table exists
2020-10-27 20:33:06.355  INFO 11744 --- [er @coroutine#1] o.a.f.lib.MoexISSHistorySaverImpl        : Already loaded info: AlreadyLoadedInfo(tradeDate=2020-10-26, lastRowNum=1385)
2020-10-27 20:33:06.355  INFO 11744 --- [er @coroutine#1] o.a.f.lib.MoexISSHistoryLoader           : #reqDataForCheckLoaded: ticker=Ticker(value='uwgn') | alreadyLoadedInfo=AlreadyLoadedInfo(tradeDate=2020-10-26, lastRowNum=1385)
2020-10-27 20:33:06.355  INFO 11744 --- [er @coroutine#1] o.a.f.lib.MoexISSHistoryLoader           : #loadRecords: ticker=Ticker(value='uwgn') | recIdx=1384
2020-10-27 20:33:06.400  INFO 11744 --- [er @coroutine#1] o.a.f.lib.MoexISSHistoryLoader           :                 Start Load Pages
                ticker=Ticker(value='uwgn')
                start=1385
                limit=100
2020-10-27 20:33:06.400  INFO 11744 --- [er @coroutine#1] o.a.f.lib.MoexISSHistoryLoader           : #loadPages: offset=1385

##### VGSB #####
2020-10-27 20:33:06.445  INFO 11744 --- [er @coroutine#1] o.a.f.lib.MoexISSHistorySaverImpl        : Start Actualize Ticker [vgsb] 
2020-10-27 20:33:06.551  INFO 11744 --- [er @coroutine#1] o.a.f.lib.MoexISSHistorySaverImpl        : vgsb table exists
2020-10-27 20:33:06.563  INFO 11744 --- [er @coroutine#1] o.a.f.lib.MoexISSHistorySaverImpl        : Already loaded info: AlreadyLoadedInfo(tradeDate=2020-10-26, lastRowNum=1608)
2020-10-27 20:33:06.563  INFO 11744 --- [er @coroutine#1] o.a.f.lib.MoexISSHistoryLoader           : #reqDataForCheckLoaded: ticker=Ticker(value='vgsb') | alreadyLoadedInfo=AlreadyLoadedInfo(tradeDate=2020-10-26, lastRowNum=1608)
2020-10-27 20:33:06.563  INFO 11744 --- [er @coroutine#1] o.a.f.lib.MoexISSHistoryLoader           : #loadRecords: ticker=Ticker(value='vgsb') | recIdx=1607
2020-10-27 20:33:06.612  INFO 11744 --- [er @coroutine#1] o.a.f.lib.MoexISSHistoryLoader           :                 Start Load Pages
                ticker=Ticker(value='vgsb')
                start=1608
                limit=100
2020-10-27 20:33:06.612  INFO 11744 --- [er @coroutine#1] o.a.f.lib.MoexISSHistoryLoader           : #loadPages: offset=1608

##### VGSBP #####
2020-10-27 20:33:06.671  INFO 11744 --- [er @coroutine#1] o.a.f.lib.MoexISSHistorySaverImpl        : Start Actualize Ticker [vgsbp] 
2020-10-27 20:33:06.772  INFO 11744 --- [er @coroutine#1] o.a.f.lib.MoexISSHistorySaverImpl        : vgsbp table exists
2020-10-27 20:33:06.782  INFO 11744 --- [er @coroutine#1] o.a.f.lib.MoexISSHistorySaverImpl        : Already loaded info: AlreadyLoadedInfo(tradeDate=2020-10-26, lastRowNum=1608)
2020-10-27 20:33:06.783  INFO 11744 --- [er @coroutine#1] o.a.f.lib.MoexISSHistoryLoader           : #reqDataForCheckLoaded: ticker=Ticker(value='vgsbp') | alreadyLoadedInfo=AlreadyLoadedInfo(tradeDate=2020-10-26, lastRowNum=1608)
2020-10-27 20:33:06.783  INFO 11744 --- [er @coroutine#1] o.a.f.lib.MoexISSHistoryLoader           : #loadRecords: ticker=Ticker(value='vgsbp') | recIdx=1607
2020-10-27 20:33:06.827  INFO 11744 --- [er @coroutine#1] o.a.f.lib.MoexISSHistoryLoader           :                 Start Load Pages
                ticker=Ticker(value='vgsbp')
                start=1608
                limit=100
2020-10-27 20:33:06.827  INFO 11744 --- [er @coroutine#1] o.a.f.lib.MoexISSHistoryLoader           : #loadPages: offset=1608

##### VJGZ #####
2020-10-27 20:33:06.879  INFO 11744 --- [er @coroutine#1] o.a.f.lib.MoexISSHistorySaverImpl        : Start Actualize Ticker [vjgz] 
2020-10-27 20:33:06.987  INFO 11744 --- [er @coroutine#1] o.a.f.lib.MoexISSHistorySaverImpl        : vjgz table exists
2020-10-27 20:33:07.000  INFO 11744 --- [er @coroutine#1] o.a.f.lib.MoexISSHistorySaverImpl        : Already loaded info: AlreadyLoadedInfo(tradeDate=2020-10-26, lastRowNum=1608)
2020-10-27 20:33:07.000  INFO 11744 --- [er @coroutine#1] o.a.f.lib.MoexISSHistoryLoader           : #reqDataForCheckLoaded: ticker=Ticker(value='vjgz') | alreadyLoadedInfo=AlreadyLoadedInfo(tradeDate=2020-10-26, lastRowNum=1608)
2020-10-27 20:33:07.000  INFO 11744 --- [er @coroutine#1] o.a.f.lib.MoexISSHistoryLoader           : #loadRecords: ticker=Ticker(value='vjgz') | recIdx=1607
2020-10-27 20:33:07.051  INFO 11744 --- [er @coroutine#1] o.a.f.lib.MoexISSHistoryLoader           :                 Start Load Pages
                ticker=Ticker(value='vjgz')
                start=1608
                limit=100
2020-10-27 20:33:07.051  INFO 11744 --- [er @coroutine#1] o.a.f.lib.MoexISSHistoryLoader           : #loadPages: offset=1608

##### VJGZP #####
2020-10-27 20:33:07.093  INFO 11744 --- [er @coroutine#1] o.a.f.lib.MoexISSHistorySaverImpl        : Start Actualize Ticker [vjgzp] 
2020-10-27 20:33:07.209  INFO 11744 --- [er @coroutine#1] o.a.f.lib.MoexISSHistorySaverImpl        : vjgzp table exists
2020-10-27 20:33:07.224  INFO 11744 --- [er @coroutine#1] o.a.f.lib.MoexISSHistorySaverImpl        : Already loaded info: AlreadyLoadedInfo(tradeDate=2020-10-26, lastRowNum=1608)
2020-10-27 20:33:07.224  INFO 11744 --- [er @coroutine#1] o.a.f.lib.MoexISSHistoryLoader           : #reqDataForCheckLoaded: ticker=Ticker(value='vjgzp') | alreadyLoadedInfo=AlreadyLoadedInfo(tradeDate=2020-10-26, lastRowNum=1608)
2020-10-27 20:33:07.224  INFO 11744 --- [er @coroutine#1] o.a.f.lib.MoexISSHistoryLoader           : #loadRecords: ticker=Ticker(value='vjgzp') | recIdx=1607
2020-10-27 20:33:07.278  INFO 11744 --- [er @coroutine#1] o.a.f.lib.MoexISSHistoryLoader           :                 Start Load Pages
                ticker=Ticker(value='vjgzp')
                start=1608
                limit=100
2020-10-27 20:33:07.278  INFO 11744 --- [er @coroutine#1] o.a.f.lib.MoexISSHistoryLoader           : #loadPages: offset=1608

##### VLHZ #####
2020-10-27 20:33:07.332  INFO 11744 --- [er @coroutine#1] o.a.f.lib.MoexISSHistorySaverImpl        : Start Actualize Ticker [vlhz] 
2020-10-27 20:33:07.551  INFO 11744 --- [er @coroutine#1] o.a.f.lib.MoexISSHistorySaverImpl        : vlhz table exists
2020-10-27 20:33:07.562  INFO 11744 --- [er @coroutine#1] o.a.f.lib.MoexISSHistorySaverImpl        : Already loaded info: AlreadyLoadedInfo(tradeDate=2020-10-26, lastRowNum=1608)
2020-10-27 20:33:07.562  INFO 11744 --- [er @coroutine#1] o.a.f.lib.MoexISSHistoryLoader           : #reqDataForCheckLoaded: ticker=Ticker(value='vlhz') | alreadyLoadedInfo=AlreadyLoadedInfo(tradeDate=2020-10-26, lastRowNum=1608)
2020-10-27 20:33:07.562  INFO 11744 --- [er @coroutine#1] o.a.f.lib.MoexISSHistoryLoader           : #loadRecords: ticker=Ticker(value='vlhz') | recIdx=1607
2020-10-27 20:33:07.610  INFO 11744 --- [er @coroutine#1] o.a.f.lib.MoexISSHistoryLoader           :                 Start Load Pages
                ticker=Ticker(value='vlhz')
                start=1608
                limit=100
2020-10-27 20:33:07.610  INFO 11744 --- [er @coroutine#1] o.a.f.lib.MoexISSHistoryLoader           : #loadPages: offset=1608

##### VRSB #####
2020-10-27 20:33:07.659  INFO 11744 --- [er @coroutine#1] o.a.f.lib.MoexISSHistorySaverImpl        : Start Actualize Ticker [vrsb] 
2020-10-27 20:33:07.774  INFO 11744 --- [er @coroutine#1] o.a.f.lib.MoexISSHistorySaverImpl        : vrsb table exists
2020-10-27 20:33:07.786  INFO 11744 --- [er @coroutine#1] o.a.f.lib.MoexISSHistorySaverImpl        : Already loaded info: AlreadyLoadedInfo(tradeDate=2020-10-26, lastRowNum=1608)
2020-10-27 20:33:07.786  INFO 11744 --- [er @coroutine#1] o.a.f.lib.MoexISSHistoryLoader           : #reqDataForCheckLoaded: ticker=Ticker(value='vrsb') | alreadyLoadedInfo=AlreadyLoadedInfo(tradeDate=2020-10-26, lastRowNum=1608)
2020-10-27 20:33:07.786  INFO 11744 --- [er @coroutine#1] o.a.f.lib.MoexISSHistoryLoader           : #loadRecords: ticker=Ticker(value='vrsb') | recIdx=1607
2020-10-27 20:33:07.834  INFO 11744 --- [er @coroutine#1] o.a.f.lib.MoexISSHistoryLoader           :                 Start Load Pages
                ticker=Ticker(value='vrsb')
                start=1608
                limit=100
2020-10-27 20:33:07.835  INFO 11744 --- [er @coroutine#1] o.a.f.lib.MoexISSHistoryLoader           : #loadPages: offset=1608

##### VRSBP #####
2020-10-27 20:33:07.874  INFO 11744 --- [er @coroutine#1] o.a.f.lib.MoexISSHistorySaverImpl        : Start Actualize Ticker [vrsbp] 
2020-10-27 20:33:07.985  INFO 11744 --- [er @coroutine#1] o.a.f.lib.MoexISSHistorySaverImpl        : vrsbp table exists
2020-10-27 20:33:07.999  INFO 11744 --- [er @coroutine#1] o.a.f.lib.MoexISSHistorySaverImpl        : Already loaded info: AlreadyLoadedInfo(tradeDate=2020-10-26, lastRowNum=1608)
2020-10-27 20:33:07.999  INFO 11744 --- [er @coroutine#1] o.a.f.lib.MoexISSHistoryLoader           : #reqDataForCheckLoaded: ticker=Ticker(value='vrsbp') | alreadyLoadedInfo=AlreadyLoadedInfo(tradeDate=2020-10-26, lastRowNum=1608)
2020-10-27 20:33:07.999  INFO 11744 --- [er @coroutine#1] o.a.f.lib.MoexISSHistoryLoader           : #loadRecords: ticker=Ticker(value='vrsbp') | recIdx=1607
2020-10-27 20:33:08.043  INFO 11744 --- [er @coroutine#1] o.a.f.lib.MoexISSHistoryLoader           :                 Start Load Pages
                ticker=Ticker(value='vrsbp')
                start=1608
                limit=100
2020-10-27 20:33:08.043  INFO 11744 --- [er @coroutine#1] o.a.f.lib.MoexISSHistoryLoader           : #loadPages: offset=1608

##### VSMO #####
2020-10-27 20:33:08.099  INFO 11744 --- [er @coroutine#1] o.a.f.lib.MoexISSHistorySaverImpl        : Start Actualize Ticker [vsmo] 
2020-10-27 20:33:08.204  INFO 11744 --- [er @coroutine#1] o.a.f.lib.MoexISSHistorySaverImpl        : vsmo table exists
2020-10-27 20:33:08.217  INFO 11744 --- [er @coroutine#1] o.a.f.lib.MoexISSHistorySaverImpl        : Already loaded info: AlreadyLoadedInfo(tradeDate=2020-10-26, lastRowNum=1608)
2020-10-27 20:33:08.217  INFO 11744 --- [er @coroutine#1] o.a.f.lib.MoexISSHistoryLoader           : #reqDataForCheckLoaded: ticker=Ticker(value='vsmo') | alreadyLoadedInfo=AlreadyLoadedInfo(tradeDate=2020-10-26, lastRowNum=1608)
2020-10-27 20:33:08.217  INFO 11744 --- [er @coroutine#1] o.a.f.lib.MoexISSHistoryLoader           : #loadRecords: ticker=Ticker(value='vsmo') | recIdx=1607
2020-10-27 20:33:08.260  INFO 11744 --- [er @coroutine#1] o.a.f.lib.MoexISSHistoryLoader           :                 Start Load Pages
                ticker=Ticker(value='vsmo')
                start=1608
                limit=100
2020-10-27 20:33:08.260  INFO 11744 --- [er @coroutine#1] o.a.f.lib.MoexISSHistoryLoader           : #loadPages: offset=1608

##### VSYD #####
2020-10-27 20:33:08.312  INFO 11744 --- [er @coroutine#1] o.a.f.lib.MoexISSHistorySaverImpl        : Start Actualize Ticker [vsyd] 
2020-10-27 20:33:08.422  INFO 11744 --- [er @coroutine#1] o.a.f.lib.MoexISSHistorySaverImpl        : vsyd table exists
2020-10-27 20:33:08.435  INFO 11744 --- [er @coroutine#1] o.a.f.lib.MoexISSHistorySaverImpl        : Already loaded info: AlreadyLoadedInfo(tradeDate=2020-10-26, lastRowNum=1608)
2020-10-27 20:33:08.435  INFO 11744 --- [er @coroutine#1] o.a.f.lib.MoexISSHistoryLoader           : #reqDataForCheckLoaded: ticker=Ticker(value='vsyd') | alreadyLoadedInfo=AlreadyLoadedInfo(tradeDate=2020-10-26, lastRowNum=1608)
2020-10-27 20:33:08.436  INFO 11744 --- [er @coroutine#1] o.a.f.lib.MoexISSHistoryLoader           : #loadRecords: ticker=Ticker(value='vsyd') | recIdx=1607
2020-10-27 20:33:08.479  INFO 11744 --- [er @coroutine#1] o.a.f.lib.MoexISSHistoryLoader           :                 Start Load Pages
                ticker=Ticker(value='vsyd')
                start=1608
                limit=100
2020-10-27 20:33:08.479  INFO 11744 --- [er @coroutine#1] o.a.f.lib.MoexISSHistoryLoader           : #loadPages: offset=1608

##### VSYDP #####
2020-10-27 20:33:08.527  INFO 11744 --- [er @coroutine#1] o.a.f.lib.MoexISSHistorySaverImpl        : Start Actualize Ticker [vsydp] 
2020-10-27 20:33:08.638  INFO 11744 --- [er @coroutine#1] o.a.f.lib.MoexISSHistorySaverImpl        : vsydp table exists
2020-10-27 20:33:08.652  INFO 11744 --- [er @coroutine#1] o.a.f.lib.MoexISSHistorySaverImpl        : Already loaded info: AlreadyLoadedInfo(tradeDate=2020-10-26, lastRowNum=1608)
2020-10-27 20:33:08.652  INFO 11744 --- [er @coroutine#1] o.a.f.lib.MoexISSHistoryLoader           : #reqDataForCheckLoaded: ticker=Ticker(value='vsydp') | alreadyLoadedInfo=AlreadyLoadedInfo(tradeDate=2020-10-26, lastRowNum=1608)
2020-10-27 20:33:08.652  INFO 11744 --- [er @coroutine#1] o.a.f.lib.MoexISSHistoryLoader           : #loadRecords: ticker=Ticker(value='vsydp') | recIdx=1607
2020-10-27 20:33:08.725  INFO 11744 --- [er @coroutine#1] o.a.f.lib.MoexISSHistoryLoader           :                 Start Load Pages
                ticker=Ticker(value='vsydp')
                start=1608
                limit=100
2020-10-27 20:33:08.725  INFO 11744 --- [er @coroutine#1] o.a.f.lib.MoexISSHistoryLoader           : #loadPages: offset=1608

##### VTBR #####
2020-10-27 20:33:08.783  INFO 11744 --- [er @coroutine#1] o.a.f.lib.MoexISSHistorySaverImpl        : Start Actualize Ticker [vtbr] 
2020-10-27 20:33:08.889  INFO 11744 --- [er @coroutine#1] o.a.f.lib.MoexISSHistorySaverImpl        : vtbr table exists
2020-10-27 20:33:08.903  INFO 11744 --- [er @coroutine#1] o.a.f.lib.MoexISSHistorySaverImpl        : Already loaded info: AlreadyLoadedInfo(tradeDate=2020-10-26, lastRowNum=1911)
2020-10-27 20:33:08.903  INFO 11744 --- [er @coroutine#1] o.a.f.lib.MoexISSHistoryLoader           : #reqDataForCheckLoaded: ticker=Ticker(value='vtbr') | alreadyLoadedInfo=AlreadyLoadedInfo(tradeDate=2020-10-26, lastRowNum=1911)
2020-10-27 20:33:08.903  INFO 11744 --- [er @coroutine#1] o.a.f.lib.MoexISSHistoryLoader           : #loadRecords: ticker=Ticker(value='vtbr') | recIdx=1910
2020-10-27 20:33:08.960  INFO 11744 --- [er @coroutine#1] o.a.f.lib.MoexISSHistoryLoader           :                 Start Load Pages
                ticker=Ticker(value='vtbr')
                start=1911
                limit=100
2020-10-27 20:33:08.960  INFO 11744 --- [er @coroutine#1] o.a.f.lib.MoexISSHistoryLoader           : #loadPages: offset=1911

##### VZRZ #####
2020-10-27 20:33:09.019  INFO 11744 --- [er @coroutine#1] o.a.f.lib.MoexISSHistorySaverImpl        : Start Actualize Ticker [vzrz] 
2020-10-27 20:33:09.133  INFO 11744 --- [er @coroutine#1] o.a.f.lib.MoexISSHistorySaverImpl        : vzrz table exists
2020-10-27 20:33:09.147  INFO 11744 --- [er @coroutine#1] o.a.f.lib.MoexISSHistorySaverImpl        : Already loaded info: AlreadyLoadedInfo(tradeDate=2020-10-26, lastRowNum=1799)
2020-10-27 20:33:09.147  INFO 11744 --- [er @coroutine#1] o.a.f.lib.MoexISSHistoryLoader           : #reqDataForCheckLoaded: ticker=Ticker(value='vzrz') | alreadyLoadedInfo=AlreadyLoadedInfo(tradeDate=2020-10-26, lastRowNum=1799)
2020-10-27 20:33:09.147  INFO 11744 --- [er @coroutine#1] o.a.f.lib.MoexISSHistoryLoader           : #loadRecords: ticker=Ticker(value='vzrz') | recIdx=1798
2020-10-27 20:33:09.198  INFO 11744 --- [er @coroutine#1] o.a.f.lib.MoexISSHistoryLoader           :                 Start Load Pages
                ticker=Ticker(value='vzrz')
                start=1799
                limit=100
2020-10-27 20:33:09.198  INFO 11744 --- [er @coroutine#1] o.a.f.lib.MoexISSHistoryLoader           : #loadPages: offset=1799

##### VZRZP #####
2020-10-27 20:33:09.257  INFO 11744 --- [er @coroutine#1] o.a.f.lib.MoexISSHistorySaverImpl        : Start Actualize Ticker [vzrzp] 
2020-10-27 20:33:09.365  INFO 11744 --- [er @coroutine#1] o.a.f.lib.MoexISSHistorySaverImpl        : vzrzp table exists
2020-10-27 20:33:09.376  INFO 11744 --- [er @coroutine#1] o.a.f.lib.MoexISSHistorySaverImpl        : Already loaded info: AlreadyLoadedInfo(tradeDate=2020-10-26, lastRowNum=1608)
2020-10-27 20:33:09.376  INFO 11744 --- [er @coroutine#1] o.a.f.lib.MoexISSHistoryLoader           : #reqDataForCheckLoaded: ticker=Ticker(value='vzrzp') | alreadyLoadedInfo=AlreadyLoadedInfo(tradeDate=2020-10-26, lastRowNum=1608)
2020-10-27 20:33:09.377  INFO 11744 --- [er @coroutine#1] o.a.f.lib.MoexISSHistoryLoader           : #loadRecords: ticker=Ticker(value='vzrzp') | recIdx=1607
2020-10-27 20:33:09.423  INFO 11744 --- [er @coroutine#1] o.a.f.lib.MoexISSHistoryLoader           :                 Start Load Pages
                ticker=Ticker(value='vzrzp')
                start=1608
                limit=100
2020-10-27 20:33:09.424  INFO 11744 --- [er @coroutine#1] o.a.f.lib.MoexISSHistoryLoader           : #loadPages: offset=1608

##### WTCM #####
2020-10-27 20:33:09.473  INFO 11744 --- [er @coroutine#1] o.a.f.lib.MoexISSHistorySaverImpl        : Start Actualize Ticker [wtcm] 
2020-10-27 20:33:09.571  INFO 11744 --- [er @coroutine#1] o.a.f.lib.MoexISSHistorySaverImpl        : wtcm table exists
2020-10-27 20:33:09.584  INFO 11744 --- [er @coroutine#1] o.a.f.lib.MoexISSHistorySaverImpl        : Already loaded info: AlreadyLoadedInfo(tradeDate=2020-10-26, lastRowNum=1608)
2020-10-27 20:33:09.585  INFO 11744 --- [er @coroutine#1] o.a.f.lib.MoexISSHistoryLoader           : #reqDataForCheckLoaded: ticker=Ticker(value='wtcm') | alreadyLoadedInfo=AlreadyLoadedInfo(tradeDate=2020-10-26, lastRowNum=1608)
2020-10-27 20:33:09.585  INFO 11744 --- [er @coroutine#1] o.a.f.lib.MoexISSHistoryLoader           : #loadRecords: ticker=Ticker(value='wtcm') | recIdx=1607
2020-10-27 20:33:09.631  INFO 11744 --- [er @coroutine#1] o.a.f.lib.MoexISSHistoryLoader           :                 Start Load Pages
                ticker=Ticker(value='wtcm')
                start=1608
                limit=100
2020-10-27 20:33:09.631  INFO 11744 --- [er @coroutine#1] o.a.f.lib.MoexISSHistoryLoader           : #loadPages: offset=1608

##### WTCMP #####
2020-10-27 20:33:09.685  INFO 11744 --- [er @coroutine#1] o.a.f.lib.MoexISSHistorySaverImpl        : Start Actualize Ticker [wtcmp] 
2020-10-27 20:33:09.801  INFO 11744 --- [er @coroutine#1] o.a.f.lib.MoexISSHistorySaverImpl        : wtcmp table exists
2020-10-27 20:33:09.812  INFO 11744 --- [er @coroutine#1] o.a.f.lib.MoexISSHistorySaverImpl        : Already loaded info: AlreadyLoadedInfo(tradeDate=2020-10-26, lastRowNum=1608)
2020-10-27 20:33:09.813  INFO 11744 --- [er @coroutine#1] o.a.f.lib.MoexISSHistoryLoader           : #reqDataForCheckLoaded: ticker=Ticker(value='wtcmp') | alreadyLoadedInfo=AlreadyLoadedInfo(tradeDate=2020-10-26, lastRowNum=1608)
2020-10-27 20:33:09.813  INFO 11744 --- [er @coroutine#1] o.a.f.lib.MoexISSHistoryLoader           : #loadRecords: ticker=Ticker(value='wtcmp') | recIdx=1607
2020-10-27 20:33:09.862  INFO 11744 --- [er @coroutine#1] o.a.f.lib.MoexISSHistoryLoader           :                 Start Load Pages
                ticker=Ticker(value='wtcmp')
                start=1608
                limit=100
2020-10-27 20:33:09.862  INFO 11744 --- [er @coroutine#1] o.a.f.lib.MoexISSHistoryLoader           : #loadPages: offset=1608

##### YAKG #####
2020-10-27 20:33:09.906  INFO 11744 --- [er @coroutine#1] o.a.f.lib.MoexISSHistorySaverImpl        : Start Actualize Ticker [yakg] 
2020-10-27 20:33:10.009  INFO 11744 --- [er @coroutine#1] o.a.f.lib.MoexISSHistorySaverImpl        : yakg table exists
2020-10-27 20:33:10.022  INFO 11744 --- [er @coroutine#1] o.a.f.lib.MoexISSHistorySaverImpl        : Already loaded info: AlreadyLoadedInfo(tradeDate=2020-10-26, lastRowNum=1608)
2020-10-27 20:33:10.022  INFO 11744 --- [er @coroutine#1] o.a.f.lib.MoexISSHistoryLoader           : #reqDataForCheckLoaded: ticker=Ticker(value='yakg') | alreadyLoadedInfo=AlreadyLoadedInfo(tradeDate=2020-10-26, lastRowNum=1608)
2020-10-27 20:33:10.022  INFO 11744 --- [er @coroutine#1] o.a.f.lib.MoexISSHistoryLoader           : #loadRecords: ticker=Ticker(value='yakg') | recIdx=1607
2020-10-27 20:33:10.076  INFO 11744 --- [er @coroutine#1] o.a.f.lib.MoexISSHistoryLoader           :                 Start Load Pages
                ticker=Ticker(value='yakg')
                start=1608
                limit=100
2020-10-27 20:33:10.076  INFO 11744 --- [er @coroutine#1] o.a.f.lib.MoexISSHistoryLoader           : #loadPages: offset=1608

##### YKEN #####
2020-10-27 20:33:10.126  INFO 11744 --- [er @coroutine#1] o.a.f.lib.MoexISSHistorySaverImpl        : Start Actualize Ticker [yken] 
2020-10-27 20:33:10.330  INFO 11744 --- [er @coroutine#1] o.a.f.lib.MoexISSHistorySaverImpl        : yken table exists
2020-10-27 20:33:10.342  INFO 11744 --- [er @coroutine#1] o.a.f.lib.MoexISSHistorySaverImpl        : Already loaded info: AlreadyLoadedInfo(tradeDate=2020-10-26, lastRowNum=1608)
2020-10-27 20:33:10.342  INFO 11744 --- [er @coroutine#1] o.a.f.lib.MoexISSHistoryLoader           : #reqDataForCheckLoaded: ticker=Ticker(value='yken') | alreadyLoadedInfo=AlreadyLoadedInfo(tradeDate=2020-10-26, lastRowNum=1608)
2020-10-27 20:33:10.342  INFO 11744 --- [er @coroutine#1] o.a.f.lib.MoexISSHistoryLoader           : #loadRecords: ticker=Ticker(value='yken') | recIdx=1607
2020-10-27 20:33:10.409  INFO 11744 --- [er @coroutine#1] o.a.f.lib.MoexISSHistoryLoader           :                 Start Load Pages
                ticker=Ticker(value='yken')
                start=1608
                limit=100
2020-10-27 20:33:10.409  INFO 11744 --- [er @coroutine#1] o.a.f.lib.MoexISSHistoryLoader           : #loadPages: offset=1608

##### YKENP #####
2020-10-27 20:33:10.460  INFO 11744 --- [er @coroutine#1] o.a.f.lib.MoexISSHistorySaverImpl        : Start Actualize Ticker [ykenp] 
2020-10-27 20:33:10.569  INFO 11744 --- [er @coroutine#1] o.a.f.lib.MoexISSHistorySaverImpl        : ykenp table exists
2020-10-27 20:33:10.581  INFO 11744 --- [er @coroutine#1] o.a.f.lib.MoexISSHistorySaverImpl        : Already loaded info: AlreadyLoadedInfo(tradeDate=2020-10-26, lastRowNum=1608)
2020-10-27 20:33:10.581  INFO 11744 --- [er @coroutine#1] o.a.f.lib.MoexISSHistoryLoader           : #reqDataForCheckLoaded: ticker=Ticker(value='ykenp') | alreadyLoadedInfo=AlreadyLoadedInfo(tradeDate=2020-10-26, lastRowNum=1608)
2020-10-27 20:33:10.581  INFO 11744 --- [er @coroutine#1] o.a.f.lib.MoexISSHistoryLoader           : #loadRecords: ticker=Ticker(value='ykenp') | recIdx=1607
2020-10-27 20:33:10.626  INFO 11744 --- [er @coroutine#1] o.a.f.lib.MoexISSHistoryLoader           :                 Start Load Pages
                ticker=Ticker(value='ykenp')
                start=1608
                limit=100
2020-10-27 20:33:10.627  INFO 11744 --- [er @coroutine#1] o.a.f.lib.MoexISSHistoryLoader           : #loadPages: offset=1608

##### YNDX #####
2020-10-27 20:33:10.681  INFO 11744 --- [er @coroutine#1] o.a.f.lib.MoexISSHistorySaverImpl        : Start Actualize Ticker [yndx] 
2020-10-27 20:33:10.792  INFO 11744 --- [er @coroutine#1] o.a.f.lib.MoexISSHistorySaverImpl        : yndx table exists
2020-10-27 20:33:10.807  INFO 11744 --- [er @coroutine#1] o.a.f.lib.MoexISSHistorySaverImpl        : Already loaded info: AlreadyLoadedInfo(tradeDate=2020-10-26, lastRowNum=1611)
2020-10-27 20:33:10.807  INFO 11744 --- [er @coroutine#1] o.a.f.lib.MoexISSHistoryLoader           : #reqDataForCheckLoaded: ticker=Ticker(value='yndx') | alreadyLoadedInfo=AlreadyLoadedInfo(tradeDate=2020-10-26, lastRowNum=1611)
2020-10-27 20:33:10.807  INFO 11744 --- [er @coroutine#1] o.a.f.lib.MoexISSHistoryLoader           : #loadRecords: ticker=Ticker(value='yndx') | recIdx=1610
2020-10-27 20:33:10.853  INFO 11744 --- [er @coroutine#1] o.a.f.lib.MoexISSHistoryLoader           :                 Start Load Pages
                ticker=Ticker(value='yndx')
                start=1611
                limit=100
2020-10-27 20:33:10.853  INFO 11744 --- [er @coroutine#1] o.a.f.lib.MoexISSHistoryLoader           : #loadPages: offset=1611

##### YRSB #####
2020-10-27 20:33:10.908  INFO 11744 --- [er @coroutine#1] o.a.f.lib.MoexISSHistorySaverImpl        : Start Actualize Ticker [yrsb] 
2020-10-27 20:33:11.026  INFO 11744 --- [er @coroutine#1] o.a.f.lib.MoexISSHistorySaverImpl        : yrsb table exists
2020-10-27 20:33:11.039  INFO 11744 --- [er @coroutine#1] o.a.f.lib.MoexISSHistorySaverImpl        : Already loaded info: AlreadyLoadedInfo(tradeDate=2020-10-26, lastRowNum=1608)
2020-10-27 20:33:11.039  INFO 11744 --- [er @coroutine#1] o.a.f.lib.MoexISSHistoryLoader           : #reqDataForCheckLoaded: ticker=Ticker(value='yrsb') | alreadyLoadedInfo=AlreadyLoadedInfo(tradeDate=2020-10-26, lastRowNum=1608)
2020-10-27 20:33:11.039  INFO 11744 --- [er @coroutine#1] o.a.f.lib.MoexISSHistoryLoader           : #loadRecords: ticker=Ticker(value='yrsb') | recIdx=1607
2020-10-27 20:33:11.079  INFO 11744 --- [er @coroutine#1] o.a.f.lib.MoexISSHistoryLoader           :                 Start Load Pages
                ticker=Ticker(value='yrsb')
                start=1608
                limit=100
2020-10-27 20:33:11.079  INFO 11744 --- [er @coroutine#1] o.a.f.lib.MoexISSHistoryLoader           : #loadPages: offset=1608

##### YRSBP #####
2020-10-27 20:33:11.127  INFO 11744 --- [er @coroutine#1] o.a.f.lib.MoexISSHistorySaverImpl        : Start Actualize Ticker [yrsbp] 
2020-10-27 20:33:11.344  INFO 11744 --- [er @coroutine#1] o.a.f.lib.MoexISSHistorySaverImpl        : yrsbp table exists
2020-10-27 20:33:11.356  INFO 11744 --- [er @coroutine#1] o.a.f.lib.MoexISSHistorySaverImpl        : Already loaded info: AlreadyLoadedInfo(tradeDate=2020-10-26, lastRowNum=1608)
2020-10-27 20:33:11.356  INFO 11744 --- [er @coroutine#1] o.a.f.lib.MoexISSHistoryLoader           : #reqDataForCheckLoaded: ticker=Ticker(value='yrsbp') | alreadyLoadedInfo=AlreadyLoadedInfo(tradeDate=2020-10-26, lastRowNum=1608)
2020-10-27 20:33:11.356  INFO 11744 --- [er @coroutine#1] o.a.f.lib.MoexISSHistoryLoader           : #loadRecords: ticker=Ticker(value='yrsbp') | recIdx=1607
2020-10-27 20:33:11.409  INFO 11744 --- [er @coroutine#1] o.a.f.lib.MoexISSHistoryLoader           :                 Start Load Pages
                ticker=Ticker(value='yrsbp')
                start=1608
                limit=100
2020-10-27 20:33:11.410  INFO 11744 --- [er @coroutine#1] o.a.f.lib.MoexISSHistoryLoader           : #loadPages: offset=1608

##### ZILL #####
2020-10-27 20:33:11.459  INFO 11744 --- [er @coroutine#1] o.a.f.lib.MoexISSHistorySaverImpl        : Start Actualize Ticker [zill] 
2020-10-27 20:33:11.562  INFO 11744 --- [er @coroutine#1] o.a.f.lib.MoexISSHistorySaverImpl        : zill table exists
2020-10-27 20:33:11.573  INFO 11744 --- [er @coroutine#1] o.a.f.lib.MoexISSHistorySaverImpl        : Already loaded info: AlreadyLoadedInfo(tradeDate=2020-10-26, lastRowNum=1608)
2020-10-27 20:33:11.573  INFO 11744 --- [er @coroutine#1] o.a.f.lib.MoexISSHistoryLoader           : #reqDataForCheckLoaded: ticker=Ticker(value='zill') | alreadyLoadedInfo=AlreadyLoadedInfo(tradeDate=2020-10-26, lastRowNum=1608)
2020-10-27 20:33:11.573  INFO 11744 --- [er @coroutine#1] o.a.f.lib.MoexISSHistoryLoader           : #loadRecords: ticker=Ticker(value='zill') | recIdx=1607
2020-10-27 20:33:11.623  INFO 11744 --- [er @coroutine#1] o.a.f.lib.MoexISSHistoryLoader           :                 Start Load Pages
                ticker=Ticker(value='zill')
                start=1608
                limit=100
2020-10-27 20:33:11.623  INFO 11744 --- [er @coroutine#1] o.a.f.lib.MoexISSHistoryLoader           : #loadPages: offset=1608

##### ZVEZ #####
2020-10-27 20:33:11.666  INFO 11744 --- [er @coroutine#1] o.a.f.lib.MoexISSHistorySaverImpl        : Start Actualize Ticker [zvez] 
2020-10-27 20:33:11.785  INFO 11744 --- [er @coroutine#1] o.a.f.lib.MoexISSHistorySaverImpl        : zvez table exists
2020-10-27 20:33:11.796  INFO 11744 --- [er @coroutine#1] o.a.f.lib.MoexISSHistorySaverImpl        : Already loaded info: AlreadyLoadedInfo(tradeDate=2020-10-26, lastRowNum=1608)
2020-10-27 20:33:11.796  INFO 11744 --- [er @coroutine#1] o.a.f.lib.MoexISSHistoryLoader           : #reqDataForCheckLoaded: ticker=Ticker(value='zvez') | alreadyLoadedInfo=AlreadyLoadedInfo(tradeDate=2020-10-26, lastRowNum=1608)
2020-10-27 20:33:11.796  INFO 11744 --- [er @coroutine#1] o.a.f.lib.MoexISSHistoryLoader           : #loadRecords: ticker=Ticker(value='zvez') | recIdx=1607
2020-10-27 20:33:11.854  INFO 11744 --- [er @coroutine#1] o.a.f.lib.MoexISSHistoryLoader           :                 Start Load Pages
                ticker=Ticker(value='zvez')
                start=1608
                limit=100
2020-10-27 20:33:11.854  INFO 11744 --- [er @coroutine#1] o.a.f.lib.MoexISSHistoryLoader           : #loadPages: offset=1608
]]></system-out>
  <system-err><![CDATA[]]></system-err>
</testsuite>
